[2022-12-13 16:22:33] [INFO   ] cannot read configuration file config.properties trying from resources.
[2022-12-13 16:22:33] [INFO   ] configuration file was loaded from resources directory.
[2022-12-13 16:22:34] [INFO   ] Thread dealer starting.
[2022-12-13 16:22:34] [INFO   ] Thread 0starting.
[2022-12-13 16:22:34] [INFO   ] Thread 1starting.
[2022-12-13 16:22:34] [SEVERE ] placing card 58 in slot 0
[2022-12-13 16:22:34] [SEVERE ] placing card 2 in slot 1
[2022-12-13 16:22:34] [SEVERE ] placing card 78 in slot 2
[2022-12-13 16:22:35] [SEVERE ] placing card 24 in slot 3
[2022-12-13 16:22:35] [SEVERE ] placing card 40 in slot 4
[2022-12-13 16:22:35] [SEVERE ] placing card 48 in slot 5
[2022-12-13 16:22:35] [SEVERE ] placing card 15 in slot 6
[2022-12-13 16:22:35] [SEVERE ] placing card 76 in slot 7
[2022-12-13 16:22:35] [SEVERE ] placing card 79 in slot 8
[2022-12-13 16:22:35] [SEVERE ] placing card 36 in slot 9
[2022-12-13 16:22:35] [SEVERE ] placing card 31 in slot 10
[2022-12-13 16:22:35] [SEVERE ] placing card 26 in slot 11
[2022-12-13 16:22:41] [SEVERE ] Key 81 was pressed by player 0
[2022-12-13 16:22:41] [SEVERE ] player 0 placing token on slot 0
[2022-12-13 16:22:42] [SEVERE ] Key 81 was pressed by player 0
[2022-12-13 16:22:42] [SEVERE ] removing player 0 token from slot 0
[2022-12-13 16:22:43] [SEVERE ] Key 87 was pressed by player 0
[2022-12-13 16:22:43] [SEVERE ] player 0 placing token on slot 1
[2022-12-13 16:22:44] [SEVERE ] Key 87 was pressed by player 0
[2022-12-13 16:22:44] [SEVERE ] removing player 0 token from slot 1
[2022-12-13 16:22:48] [SEVERE ] Key 65 was pressed by player 0
[2022-12-13 16:22:48] [SEVERE ] player 0 placing token on slot 4
[2022-12-13 16:22:49] [SEVERE ] Key 65 was pressed by player 0
[2022-12-13 16:22:49] [SEVERE ] removing player 0 token from slot 4
[2022-12-13 16:22:49] [SEVERE ] Key 65 was pressed by player 0
[2022-12-13 16:22:49] [SEVERE ] player 0 placing token on slot 4
[2022-12-13 16:22:50] [SEVERE ] Key 65 was pressed by player 0
[2022-12-13 16:22:50] [SEVERE ] removing player 0 token from slot 4
[2022-12-13 16:22:50] [SEVERE ] Key 83 was pressed by player 0
[2022-12-13 16:22:50] [SEVERE ] player 0 placing token on slot 5
[2022-12-13 16:22:51] [SEVERE ] Key 83 was pressed by player 0
[2022-12-13 16:22:51] [SEVERE ] removing player 0 token from slot 5
[2022-12-13 16:22:51] [SEVERE ] Key 83 was pressed by player 0
[2022-12-13 16:22:51] [SEVERE ] player 0 placing token on slot 5
[2022-12-13 16:22:52] [SEVERE ] Key 83 was pressed by player 0
[2022-12-13 16:22:52] [SEVERE ] removing player 0 token from slot 5
[2022-12-13 16:22:52] [SEVERE ] Key 83 was pressed by player 0
[2022-12-13 16:22:52] [SEVERE ] player 0 placing token on slot 5
[2022-12-13 16:22:53] [SEVERE ] Key 87 was pressed by player 0
[2022-12-13 16:22:53] [SEVERE ] player 0 placing token on slot 1
[2022-12-13 16:22:54] [SEVERE ] Key 81 was pressed by player 0
[2022-12-13 16:22:54] [SEVERE ] player 0 placing token on slot 0
[2022-12-13 16:22:54] [INFO   ] Thread main terminated.
