[2022-12-13 19:18:03] [INFO   ] cannot read configuration file config.properties trying from resources.
[2022-12-13 19:18:03] [INFO   ] configuration file was loaded from resources directory.
[2022-12-13 19:18:04] [INFO   ] Thread dealer starting.
[2022-12-13 19:18:04] [INFO   ] Thread 1starting.
[2022-12-13 19:18:04] [INFO   ] Thread 0starting.
[2022-12-13 19:18:04] [SEVERE ] placing card 18 in slot 0
[2022-12-13 19:18:04] [SEVERE ] placing card 49 in slot 1
[2022-12-13 19:18:04] [SEVERE ] placing card 30 in slot 2
[2022-12-13 19:18:04] [SEVERE ] placing card 53 in slot 3
[2022-12-13 19:18:05] [SEVERE ] placing card 0 in slot 4
[2022-12-13 19:18:05] [SEVERE ] placing card 14 in slot 5
[2022-12-13 19:18:05] [SEVERE ] placing card 48 in slot 6
[2022-12-13 19:18:05] [SEVERE ] placing card 11 in slot 7
[2022-12-13 19:18:05] [SEVERE ] placing card 39 in slot 8
[2022-12-13 19:18:05] [SEVERE ] placing card 2 in slot 9
[2022-12-13 19:18:05] [SEVERE ] placing card 12 in slot 10
[2022-12-13 19:18:05] [SEVERE ] placing card 21 in slot 11
[2022-12-13 19:18:08] [SEVERE ] Key 87 was pressed by player 0
[2022-12-13 19:18:08] [SEVERE ] player 0 placing token on slot 1
[2022-12-13 19:18:10] [SEVERE ] Key 69 was pressed by player 0
[2022-12-13 19:18:10] [SEVERE ] player 0 placing token on slot 2
[2022-12-13 19:18:11] [SEVERE ] Key 69 was pressed by player 0
[2022-12-13 19:18:11] [SEVERE ] removing player 0 token from slot 2
[2022-12-13 19:18:12] [SEVERE ] Key 69 was pressed by player 0
[2022-12-13 19:18:12] [SEVERE ] player 0 placing token on slot 2
[2022-12-13 19:18:14] [SEVERE ] Key 79 was pressed by player 1
[2022-12-13 19:18:14] [SEVERE ] player 1 placing token on slot 2
[2022-12-13 19:18:17] [SEVERE ] Key 85 was pressed by player 1
[2022-12-13 19:18:17] [SEVERE ] player 1 placing token on slot 0
[2022-12-13 19:18:18] [SEVERE ] Key 85 was pressed by player 1
[2022-12-13 19:18:18] [SEVERE ] removing player 1 token from slot 0
[2022-12-13 19:18:19] [SEVERE ] Key 85 was pressed by player 1
[2022-12-13 19:18:19] [SEVERE ] player 1 placing token on slot 0
[2022-12-13 19:18:20] [SEVERE ] Key 76 was pressed by player 1
[2022-12-13 19:18:20] [SEVERE ] player 1 placing token on slot 6
[2022-12-13 19:18:38] [SEVERE ] Key 80 was pressed by player 1
[2022-12-13 19:18:39] [SEVERE ] Key 80 was pressed by player 1
[2022-12-13 19:18:39] [SEVERE ] Key 80 was pressed by player 1
[2022-12-13 19:18:39] [SEVERE ] Key 80 was pressed by player 1
[2022-12-13 19:18:39] [SEVERE ] Key 80 was pressed by player 1
[2022-12-13 19:18:40] [SEVERE ] Key 75 was pressed by player 1
[2022-12-13 19:18:40] [SEVERE ] Key 90 was pressed by player 0
[2022-12-13 19:18:40] [SEVERE ] player 0 placing token on slot 8
[2022-12-13 19:18:40] [SEVERE ] Key 68 was pressed by player 0
[2022-12-13 19:18:41] [SEVERE ] Key 83 was pressed by player 0
[2022-12-13 19:18:41] [SEVERE ] Key 88 was pressed by player 0
[2022-12-13 19:18:42] [SEVERE ] Key 70 was pressed by player 0
[2022-12-13 19:18:42] [SEVERE ] Key 68 was pressed by player 0
[2022-12-13 19:18:42] [SEVERE ] Key 83 was pressed by player 0
