[2022-12-12 12:52:38] [INFO   ] cannot read configuration file config.properties trying from resources.
[2022-12-12 12:52:38] [INFO   ] configuration file was loaded from resources directory.
[2022-12-12 12:52:39] [INFO   ] Thread dealer starting.
[2022-12-12 12:52:39] [SEVERE ] placing card 48 in slot 0
[2022-12-12 12:52:39] [SEVERE ] placing card 53 in slot 1
[2022-12-12 12:52:39] [SEVERE ] placing card 50 in slot 2
[2022-12-12 12:52:39] [SEVERE ] placing card 52 in slot 3
[2022-12-12 12:52:40] [SEVERE ] placing card 49 in slot 4
[2022-12-12 12:52:40] [SEVERE ] placing card 46 in slot 5
[2022-12-12 12:52:40] [SEVERE ] placing card 68 in slot 6
[2022-12-12 12:52:40] [SEVERE ] placing card 75 in slot 7
[2022-12-12 12:52:40] [SEVERE ] placing card 72 in slot 8
[2022-12-12 12:52:40] [SEVERE ] placing card 54 in slot 9
[2022-12-12 12:52:40] [SEVERE ] placing card 42 in slot 10
[2022-12-12 12:52:40] [SEVERE ] placing card 25 in slot 11
[2022-12-12 12:53:40] [SEVERE ] removing card from slot 0
[2022-12-12 12:53:41] [SEVERE ] removing card from slot 1
[2022-12-12 12:53:41] [SEVERE ] removing card from slot 2
[2022-12-12 12:53:41] [SEVERE ] removing card from slot 3
[2022-12-12 12:53:41] [SEVERE ] removing card from slot 4
[2022-12-12 12:53:41] [SEVERE ] removing card from slot 5
[2022-12-12 12:53:41] [SEVERE ] removing card from slot 6
[2022-12-12 12:53:41] [SEVERE ] removing card from slot 7
[2022-12-12 12:53:41] [SEVERE ] removing card from slot 8
[2022-12-12 12:53:41] [SEVERE ] removing card from slot 9
[2022-12-12 12:53:41] [SEVERE ] removing card from slot 10
[2022-12-12 12:53:42] [SEVERE ] removing card from slot 11
[2022-12-12 12:53:42] [SEVERE ] placing card 13 in slot 0
[2022-12-12 12:53:42] [SEVERE ] placing card 78 in slot 1
[2022-12-12 12:53:42] [SEVERE ] placing card 51 in slot 2
[2022-12-12 12:53:42] [SEVERE ] placing card 3 in slot 3
[2022-12-12 12:53:42] [SEVERE ] placing card 41 in slot 4
[2022-12-12 12:53:42] [SEVERE ] placing card 34 in slot 5
[2022-12-12 12:53:42] [SEVERE ] placing card 4 in slot 6
[2022-12-12 12:53:42] [SEVERE ] placing card 44 in slot 7
[2022-12-12 12:53:43] [SEVERE ] placing card 20 in slot 8
[2022-12-12 12:53:43] [SEVERE ] placing card 48 in slot 9
[2022-12-12 12:53:43] [SEVERE ] placing card 12 in slot 10
[2022-12-12 12:53:43] [SEVERE ] placing card 57 in slot 11
