[2022-12-17 21:38:56] [INFO   ] cannot read configuration file config.properties trying from resources.
[2022-12-17 21:38:56] [INFO   ] configuration file was loaded from resources directory.
[2022-12-17 21:38:57] [INFO   ] Thread dealer starting.
[2022-12-17 21:38:57] [INFO   ] Thread 0starting.
[2022-12-17 21:38:57] [INFO   ] Thread 1starting.
[2022-12-17 21:38:57] [SEVERE ] placing card 15 in slot 0
[2022-12-17 21:38:57] [SEVERE ] placing card 73 in slot 1
[2022-12-17 21:38:57] [SEVERE ] placing card 51 in slot 2
[2022-12-17 21:38:57] [SEVERE ] placing card 1 in slot 3
[2022-12-17 21:38:57] [SEVERE ] placing card 11 in slot 4
[2022-12-17 21:38:57] [SEVERE ] placing card 12 in slot 5
[2022-12-17 21:38:58] [SEVERE ] placing card 35 in slot 6
[2022-12-17 21:38:58] [SEVERE ] placing card 14 in slot 7
[2022-12-17 21:38:58] [SEVERE ] placing card 3 in slot 8
[2022-12-17 21:38:58] [SEVERE ] placing card 8 in slot 9
[2022-12-17 21:38:58] [SEVERE ] placing card 16 in slot 10
[2022-12-17 21:38:58] [SEVERE ] placing card 45 in slot 11
[2022-12-17 21:38:59] [SEVERE ] Key 81 was pressed by player 0
[2022-12-17 21:38:59] [SEVERE ] player 0 placing token on slot 0
[2022-12-17 21:38:59] [SEVERE ] Key 87 was pressed by player 0
[2022-12-17 21:38:59] [SEVERE ] player 0 placing token on slot 1
[2022-12-17 21:39:00] [SEVERE ] Key 69 was pressed by player 0
[2022-12-17 21:39:00] [SEVERE ] player 0 placing token on slot 2
[2022-12-17 21:39:04] [SEVERE ] Key 81 was pressed by player 0
[2022-12-17 21:39:04] [SEVERE ] removing player 0 token from slot 0
[2022-12-17 21:39:04] [SEVERE ] Key 87 was pressed by player 0
[2022-12-17 21:39:04] [SEVERE ] removing player 0 token from slot 1
[2022-12-17 21:39:04] [SEVERE ] Key 69 was pressed by player 0
[2022-12-17 21:39:04] [SEVERE ] removing player 0 token from slot 2
[2022-12-17 21:39:05] [SEVERE ] Key 82 was pressed by player 0
[2022-12-17 21:39:05] [SEVERE ] player 0 placing token on slot 3
[2022-12-17 21:39:05] [SEVERE ] Key 69 was pressed by player 0
[2022-12-17 21:39:05] [SEVERE ] player 0 placing token on slot 2
[2022-12-17 21:39:05] [SEVERE ] Key 87 was pressed by player 0
[2022-12-17 21:39:05] [SEVERE ] player 0 placing token on slot 1
[2022-12-17 21:39:05] [SEVERE ] setting player 0 freeze to 3000
[2022-12-17 21:39:06] [SEVERE ] setting player 0 freeze to 2043
[2022-12-17 21:39:07] [SEVERE ] setting player 0 freeze to 1090
[2022-12-17 21:39:08] [SEVERE ] setting player 0 freeze to 129
[2022-12-17 21:39:09] [SEVERE ] setting player 0 freeze to 0
