[2022-12-18 11:20:44] [INFO   ] cannot read configuration file config.properties trying from resources.
[2022-12-18 11:20:44] [INFO   ] configuration file was loaded from resources directory.
[2022-12-18 11:20:45] [INFO   ] Thread dealer starting.
[2022-12-18 11:20:45] [INFO   ] Thread 0starting.
[2022-12-18 11:20:45] [INFO   ] Thread 1starting.
[2022-12-18 11:20:45] [INFO   ] Thread computer-1 starting.
[2022-12-18 11:20:45] [SEVERE ] placing card 14 in slot 0
[2022-12-18 11:20:45] [SEVERE ] placing card 75 in slot 1
[2022-12-18 11:20:45] [SEVERE ] placing card 12 in slot 2
[2022-12-18 11:20:45] [SEVERE ] placing card 22 in slot 3
[2022-12-18 11:20:46] [SEVERE ] placing card 55 in slot 4
[2022-12-18 11:20:46] [SEVERE ] placing card 67 in slot 5
[2022-12-18 11:20:46] [SEVERE ] placing card 9 in slot 6
[2022-12-18 11:20:46] [SEVERE ] placing card 27 in slot 7
[2022-12-18 11:20:46] [SEVERE ] placing card 26 in slot 8
[2022-12-18 11:20:46] [SEVERE ] placing card 48 in slot 9
[2022-12-18 11:20:46] [SEVERE ] placing card 32 in slot 10
[2022-12-18 11:20:46] [SEVERE ] placing card 35 in slot 11
[2022-12-18 11:20:47] [SEVERE ] player 1 placing token on slot 6
[2022-12-18 11:20:47] [SEVERE ] player 1 placing token on slot 11
[2022-12-18 11:20:47] [SEVERE ] player 1 placing token on slot 10
[2022-12-18 11:20:47] [SEVERE ] setting player 1 freeze to 3000
[2022-12-18 11:20:47] [SEVERE ] setting player 1 freeze to 2037
[2022-12-18 11:20:48] [SEVERE ] setting player 1 freeze to 1086
[2022-12-18 11:20:49] [SEVERE ] setting player 1 freeze to 120
[2022-12-18 11:20:50] [SEVERE ] setting player 1 freeze to 0
[2022-12-18 11:20:52] [SEVERE ] removing player 1 token from slot 11
[2022-12-18 11:20:52] [SEVERE ] player 1 placing token on slot 3
[2022-12-18 11:20:52] [SEVERE ] setting player 1 freeze to 3000
[2022-12-18 11:20:53] [SEVERE ] setting player 1 freeze to 2043
[2022-12-18 11:20:54] [SEVERE ] setting player 1 freeze to 1090
[2022-12-18 11:20:55] [SEVERE ] setting player 1 freeze to 136
[2022-12-18 11:20:56] [SEVERE ] setting player 1 freeze to 0
[2022-12-18 11:20:56] [SEVERE ] removing player 1 token from slot 6
[2022-12-18 11:20:57] [SEVERE ] player 1 placing token on slot 9
[2022-12-18 11:20:57] [SEVERE ] setting player 1 freeze to 3000
[2022-12-18 11:20:58] [SEVERE ] setting player 1 freeze to 2035
[2022-12-18 11:20:59] [SEVERE ] setting player 1 freeze to 1081
[2022-12-18 11:20:59] [SEVERE ] setting player 1 freeze to 130
[2022-12-18 11:21:00] [SEVERE ] setting player 1 freeze to 0
[2022-12-18 11:21:02] [SEVERE ] removing player 1 token from slot 3
[2022-12-18 11:21:03] [SEVERE ] player 1 placing token on slot 4
[2022-12-18 11:21:03] [SEVERE ] setting player 1 freeze to 3000
[2022-12-18 11:21:03] [SEVERE ] setting player 1 freeze to 2045
[2022-12-18 11:21:04] [SEVERE ] setting player 1 freeze to 1093
[2022-12-18 11:21:05] [SEVERE ] setting player 1 freeze to 142
[2022-12-18 11:21:06] [SEVERE ] setting player 1 freeze to 0
[2022-12-18 11:21:07] [SEVERE ] removing player 1 token from slot 4
[2022-12-18 11:21:07] [SEVERE ] player 1 placing token on slot 2
[2022-12-18 11:21:07] [SEVERE ] setting player 1 freeze to 3000
[2022-12-18 11:21:08] [SEVERE ] setting player 1 freeze to 2043
[2022-12-18 11:21:09] [SEVERE ] setting player 1 freeze to 1087
[2022-12-18 11:21:10] [SEVERE ] setting player 1 freeze to 130
[2022-12-18 11:21:11] [SEVERE ] setting player 1 freeze to 0
[2022-12-18 11:21:12] [SEVERE ] removing player 1 token from slot 9
[2022-12-18 11:21:12] [SEVERE ] player 1 placing token on slot 11
[2022-12-18 11:21:12] [SEVERE ] setting player 1 freeze to 3000
[2022-12-18 11:21:13] [SEVERE ] setting player 1 freeze to 2048
[2022-12-18 11:21:14] [SEVERE ] setting player 1 freeze to 1086
[2022-12-18 11:21:15] [SEVERE ] setting player 1 freeze to 133
[2022-12-18 11:21:16] [SEVERE ] setting player 1 freeze to 0
[2022-12-18 11:21:17] [SEVERE ] removing player 1 token from slot 2
[2022-12-18 11:21:17] [SEVERE ] player 1 placing token on slot 7
[2022-12-18 11:21:17] [SEVERE ] setting player 1 freeze to 3000
[2022-12-18 11:21:18] [SEVERE ] setting player 1 freeze to 2049
[2022-12-18 11:21:19] [SEVERE ] setting player 1 freeze to 1083
[2022-12-18 11:21:20] [SEVERE ] setting player 1 freeze to 132
[2022-12-18 11:21:21] [SEVERE ] setting player 1 freeze to 0
[2022-12-18 11:21:22] [SEVERE ] removing player 1 token from slot 7
[2022-12-18 11:21:22] [SEVERE ] player 1 placing token on slot 7
[2022-12-18 11:21:22] [SEVERE ] setting player 1 freeze to 3000
[2022-12-18 11:21:23] [SEVERE ] setting player 1 freeze to 2046
[2022-12-18 11:21:24] [SEVERE ] setting player 1 freeze to 1093
[2022-12-18 11:21:25] [SEVERE ] setting player 1 freeze to 143
[2022-12-18 11:21:26] [SEVERE ] setting player 1 freeze to 0
[2022-12-18 11:21:27] [SEVERE ] removing player 1 token from slot 11
[2022-12-18 11:21:27] [SEVERE ] removing player 1 token from slot 7
[2022-12-18 11:21:28] [SEVERE ] player 1 placing token on slot 8
[2022-12-18 11:21:28] [SEVERE ] player 1 placing token on slot 4
[2022-12-18 11:21:28] [SEVERE ] setting player 1 freeze to 3000
[2022-12-18 11:21:29] [SEVERE ] setting player 1 freeze to 2036
[2022-12-18 11:21:30] [SEVERE ] setting player 1 freeze to 1084
[2022-12-18 11:21:31] [SEVERE ] setting player 1 freeze to 127
[2022-12-18 11:21:31] [SEVERE ] setting player 1 freeze to 0
[2022-12-18 11:21:32] [SEVERE ] removing player 1 token from slot 4
[2022-12-18 11:21:32] [SEVERE ] player 1 placing token on slot 7
[2022-12-18 11:21:32] [SEVERE ] setting player 1 freeze to 3000
[2022-12-18 11:21:33] [SEVERE ] setting player 1 freeze to 2035
[2022-12-18 11:21:34] [SEVERE ] setting player 1 freeze to 1070
[2022-12-18 11:21:35] [SEVERE ] setting player 1 freeze to 117
[2022-12-18 11:21:36] [SEVERE ] setting player 1 freeze to 0
[2022-12-18 11:21:36] [SEVERE ] removing player 1 token from slot 10
[2022-12-18 11:21:36] [SEVERE ] player 1 placing token on slot 2
[2022-12-18 11:21:36] [SEVERE ] setting player 1 freeze to 3000
[2022-12-18 11:21:37] [SEVERE ] setting player 1 freeze to 2049
[2022-12-18 11:21:38] [SEVERE ] setting player 1 freeze to 1094
[2022-12-18 11:21:39] [SEVERE ] setting player 1 freeze to 132
[2022-12-18 11:21:40] [SEVERE ] setting player 1 freeze to 0
[2022-12-18 11:21:40] [SEVERE ] removing player 1 token from slot 2
[2022-12-18 11:21:40] [SEVERE ] player 1 placing token on slot 9
[2022-12-18 11:21:40] [SEVERE ] setting player 1 freeze to 3000
[2022-12-18 11:21:41] [SEVERE ] setting player 1 freeze to 2045
[2022-12-18 11:21:42] [SEVERE ] setting player 1 freeze to 1089
[2022-12-18 11:21:43] [SEVERE ] setting player 1 freeze to 132
[2022-12-18 11:21:44] [SEVERE ] setting player 1 freeze to 0
[2022-12-18 11:21:45] [SEVERE ] removing player 1 token from slot 9
[2022-12-18 11:21:45] [SEVERE ] player 1 placing token on slot 9
[2022-12-18 11:21:45] [SEVERE ] setting player 1 freeze to 3000
[2022-12-18 11:21:46] [SEVERE ] setting player 1 freeze to 2050
[2022-12-18 11:21:46] [SEVERE ] removing player 1 token from slot 8
[2022-12-18 11:21:46] [SEVERE ] removing player 1 token from slot 7
[2022-12-18 11:21:46] [SEVERE ] removing player 1 token from slot 9
[2022-12-18 11:21:46] [SEVERE ] removing card from slot 0
[2022-12-18 11:21:47] [SEVERE ] removing card from slot 1
[2022-12-18 11:21:47] [SEVERE ] removing card from slot 2
[2022-12-18 11:21:47] [SEVERE ] removing card from slot 3
[2022-12-18 11:21:47] [SEVERE ] removing card from slot 4
[2022-12-18 11:21:47] [SEVERE ] setting player 1 freeze to 1100
[2022-12-18 11:21:47] [SEVERE ] removing card from slot 5
[2022-12-18 11:21:47] [SEVERE ] removing card from slot 6
[2022-12-18 11:21:47] [SEVERE ] removing card from slot 7
[2022-12-18 11:21:47] [SEVERE ] removing card from slot 8
[2022-12-18 11:21:47] [SEVERE ] removing card from slot 9
[2022-12-18 11:21:48] [SEVERE ] removing card from slot 10
[2022-12-18 11:21:48] [SEVERE ] removing card from slot 11
[2022-12-18 11:21:48] [SEVERE ] placing card 23 in slot 0
[2022-12-18 11:21:48] [SEVERE ] setting player 1 freeze to 149
[2022-12-18 11:21:48] [SEVERE ] placing card 68 in slot 1
[2022-12-18 11:21:48] [SEVERE ] placing card 70 in slot 2
[2022-12-18 11:21:48] [SEVERE ] placing card 41 in slot 3
[2022-12-18 11:21:48] [SEVERE ] placing card 49 in slot 4
[2022-12-18 11:21:48] [SEVERE ] placing card 2 in slot 5
[2022-12-18 11:21:48] [SEVERE ] placing card 80 in slot 6
[2022-12-18 11:21:49] [SEVERE ] placing card 14 in slot 7
[2022-12-18 11:21:49] [SEVERE ] placing card 6 in slot 8
[2022-12-18 11:21:49] [SEVERE ] placing card 32 in slot 9
[2022-12-18 11:21:49] [SEVERE ] setting player 1 freeze to 0
[2022-12-18 11:21:49] [SEVERE ] player 1 placing token on slot 3
[2022-12-18 11:21:49] [SEVERE ] placing card 17 in slot 10
[2022-12-18 11:21:49] [SEVERE ] placing card 16 in slot 11
[2022-12-18 11:21:49] [SEVERE ] player 1 placing token on slot 0
[2022-12-18 11:21:49] [SEVERE ] player 1 placing token on slot 1
[2022-12-18 11:21:49] [SEVERE ] setting player 1 freeze to 3000
[2022-12-18 11:21:50] [SEVERE ] setting player 1 freeze to 2049
[2022-12-18 11:21:51] [SEVERE ] setting player 1 freeze to 1084
[2022-12-18 11:21:52] [SEVERE ] setting player 1 freeze to 128
[2022-12-18 11:21:53] [SEVERE ] setting player 1 freeze to 0
[2022-12-18 11:21:53] [SEVERE ] removing player 1 token from slot 1
[2022-12-18 11:21:53] [SEVERE ] player 1 placing token on slot 4
[2022-12-18 11:21:53] [SEVERE ] setting player 1 freeze to 3000
[2022-12-18 11:21:54] [SEVERE ] setting player 1 freeze to 2036
[2022-12-18 11:21:55] [SEVERE ] setting player 1 freeze to 1072
[2022-12-18 11:21:56] [SEVERE ] Exit button pressed
[2022-12-18 11:21:56] [SEVERE ] removing player 1 token from slot 3
[2022-12-18 11:21:56] [SEVERE ] removing player 1 token from slot 0
[2022-12-18 11:21:56] [SEVERE ] removing player 1 token from slot 4
[2022-12-18 11:21:56] [SEVERE ] removing card from slot 0
[2022-12-18 11:21:56] [SEVERE ] setting player 1 freeze to 116
[2022-12-18 11:21:56] [SEVERE ] removing card from slot 1
[2022-12-18 11:21:56] [SEVERE ] removing card from slot 2
[2022-12-18 11:21:57] [SEVERE ] removing card from slot 3
[2022-12-18 11:21:57] [SEVERE ] removing card from slot 4
[2022-12-18 11:21:57] [SEVERE ] removing card from slot 5
[2022-12-18 11:21:57] [SEVERE ] removing card from slot 6
[2022-12-18 11:21:57] [SEVERE ] removing card from slot 7
[2022-12-18 11:21:57] [SEVERE ] removing card from slot 8
[2022-12-18 11:21:57] [SEVERE ] removing card from slot 9
[2022-12-18 11:21:57] [SEVERE ] setting player 1 freeze to 0
[2022-12-18 11:21:57] [SEVERE ] removing card from slot 10
[2022-12-18 11:21:57] [SEVERE ] removing card from slot 11
[2022-12-18 11:21:57] [SEVERE ] player 1 placing token on slot 7
[2022-12-18 11:21:57] [SEVERE ] announcing winners: [0, 1]
[2022-12-18 11:21:57] [INFO   ] Thread dealer terminated.
[2022-12-18 11:21:57] [INFO   ] Thread main terminated.
