[2022-12-13 11:28:27] [INFO   ] cannot read configuration file config.properties trying from resources.
[2022-12-13 11:28:27] [INFO   ] configuration file was loaded from resources directory.
[2022-12-13 11:28:27] [INFO   ] Thread dealer starting.
[2022-12-13 11:28:27] [SEVERE ] placing card 50 in slot 0
[2022-12-13 11:28:27] [SEVERE ] placing card 63 in slot 1
[2022-12-13 11:28:28] [SEVERE ] placing card 0 in slot 2
[2022-12-13 11:28:28] [SEVERE ] placing card 21 in slot 3
[2022-12-13 11:28:28] [SEVERE ] placing card 22 in slot 4
[2022-12-13 11:28:28] [SEVERE ] placing card 15 in slot 5
[2022-12-13 11:28:28] [SEVERE ] placing card 59 in slot 6
[2022-12-13 11:28:28] [SEVERE ] placing card 80 in slot 7
[2022-12-13 11:28:28] [SEVERE ] placing card 61 in slot 8
[2022-12-13 11:28:28] [SEVERE ] placing card 76 in slot 9
[2022-12-13 11:28:28] [SEVERE ] placing card 30 in slot 10
[2022-12-13 11:28:28] [SEVERE ] placing card 73 in slot 11
[2022-12-13 11:28:30] [SEVERE ] Key 80 was pressed by player 1
[2022-12-13 11:28:30] [SEVERE ] player 1 placing token on slot 3
[2022-12-13 11:28:31] [SEVERE ] Key 79 was pressed by player 1
[2022-12-13 11:28:31] [SEVERE ] player 1 placing token on slot 2
[2022-12-13 11:28:32] [SEVERE ] Key 73 was pressed by player 1
[2022-12-13 11:28:32] [SEVERE ] player 1 placing token on slot 1
[2022-12-13 11:28:38] [SEVERE ] Key 75 was pressed by player 1
[2022-12-13 11:28:39] [SEVERE ] Key 73 was pressed by player 1
[2022-12-13 11:28:39] [SEVERE ] removing player 1 token from slot 1
[2022-12-13 11:28:40] [SEVERE ] Key 79 was pressed by player 1
[2022-12-13 11:28:40] [SEVERE ] removing player 1 token from slot 2
[2022-12-13 11:28:41] [SEVERE ] Key 75 was pressed by player 1
[2022-12-13 11:28:41] [SEVERE ] player 1 placing token on slot 5
[2022-12-13 11:28:41] [SEVERE ] Key 75 was pressed by player 1
[2022-12-13 11:28:41] [SEVERE ] removing player 1 token from slot 5
[2022-12-13 11:28:41] [SEVERE ] Key 75 was pressed by player 1
[2022-12-13 11:28:41] [SEVERE ] player 1 placing token on slot 5
[2022-12-13 11:28:43] [SEVERE ] Key 73 was pressed by player 1
[2022-12-13 11:28:43] [SEVERE ] player 1 placing token on slot 1
[2022-12-13 11:28:43] [SEVERE ] Key 73 was pressed by player 1
[2022-12-13 11:28:43] [SEVERE ] removing player 1 token from slot 1
[2022-12-13 11:28:44] [SEVERE ] Key 73 was pressed by player 1
[2022-12-13 11:28:44] [SEVERE ] player 1 placing token on slot 1
[2022-12-13 11:28:44] [SEVERE ] Key 79 was pressed by player 1
[2022-12-13 11:28:45] [SEVERE ] Key 79 was pressed by player 1
[2022-12-13 11:28:45] [SEVERE ] Key 79 was pressed by player 1
[2022-12-13 11:28:45] [SEVERE ] Key 79 was pressed by player 1
[2022-12-13 11:28:45] [SEVERE ] Key 79 was pressed by player 1
[2022-12-13 11:28:46] [SEVERE ] Key 79 was pressed by player 1
[2022-12-13 11:28:46] [SEVERE ] Key 79 was pressed by player 1
[2022-12-13 11:28:46] [SEVERE ] Key 79 was pressed by player 1
[2022-12-13 11:28:46] [SEVERE ] Key 79 was pressed by player 1
[2022-12-13 11:28:47] [SEVERE ] Key 73 was pressed by player 1
[2022-12-13 11:28:47] [SEVERE ] removing player 1 token from slot 1
[2022-12-13 11:28:48] [SEVERE ] Key 79 was pressed by player 1
[2022-12-13 11:28:48] [SEVERE ] player 1 placing token on slot 2
[2022-12-13 11:28:48] [SEVERE ] Key 79 was pressed by player 1
[2022-12-13 11:28:48] [SEVERE ] removing player 1 token from slot 2
[2022-12-13 11:28:49] [SEVERE ] Key 80 was pressed by player 1
[2022-12-13 11:28:49] [SEVERE ] removing player 1 token from slot 3
[2022-12-13 11:28:49] [SEVERE ] Key 80 was pressed by player 1
[2022-12-13 11:28:49] [SEVERE ] player 1 placing token on slot 3
[2022-12-13 11:28:49] [SEVERE ] Key 79 was pressed by player 1
[2022-12-13 11:28:49] [SEVERE ] player 1 placing token on slot 2
[2022-12-13 11:28:50] [SEVERE ] Key 79 was pressed by player 1
[2022-12-13 11:28:50] [SEVERE ] removing player 1 token from slot 2
[2022-12-13 11:28:50] [SEVERE ] Key 80 was pressed by player 1
[2022-12-13 11:28:50] [SEVERE ] removing player 1 token from slot 3
[2022-12-13 11:28:51] [SEVERE ] Key 79 was pressed by player 1
[2022-12-13 11:28:51] [SEVERE ] player 1 placing token on slot 2
[2022-12-13 11:28:51] [SEVERE ] Key 79 was pressed by player 1
[2022-12-13 11:28:51] [SEVERE ] removing player 1 token from slot 2
[2022-12-13 11:28:51] [SEVERE ] Key 80 was pressed by player 1
[2022-12-13 11:28:51] [SEVERE ] player 1 placing token on slot 3
[2022-12-13 11:28:51] [SEVERE ] Key 79 was pressed by player 1
[2022-12-13 11:28:51] [SEVERE ] player 1 placing token on slot 2
[2022-12-13 11:28:52] [SEVERE ] Key 73 was pressed by player 1
[2022-12-13 11:28:52] [SEVERE ] Key 79 was pressed by player 1
[2022-12-13 11:28:52] [SEVERE ] removing player 1 token from slot 2
[2022-12-13 11:28:53] [SEVERE ] Key 73 was pressed by player 1
[2022-12-13 11:28:53] [SEVERE ] player 1 placing token on slot 1
[2022-12-13 11:28:54] [SEVERE ] Key 73 was pressed by player 1
[2022-12-13 11:28:54] [SEVERE ] removing player 1 token from slot 1
[2022-12-13 11:28:55] [SEVERE ] Key 74 was pressed by player 1
[2022-12-13 11:28:55] [SEVERE ] player 1 placing token on slot 4
[2022-12-13 11:28:56] [SEVERE ] Key 74 was pressed by player 1
[2022-12-13 11:28:56] [SEVERE ] removing player 1 token from slot 4
[2022-12-13 11:28:56] [SEVERE ] Key 74 was pressed by player 1
[2022-12-13 11:28:56] [SEVERE ] player 1 placing token on slot 4
[2022-12-13 11:28:56] [SEVERE ] Key 74 was pressed by player 1
[2022-12-13 11:28:56] [SEVERE ] removing player 1 token from slot 4
[2022-12-13 11:28:57] [SEVERE ] Key 73 was pressed by player 1
[2022-12-13 11:28:57] [SEVERE ] player 1 placing token on slot 1
