[2022-12-17 16:24:39] [INFO   ] cannot read configuration file config.properties trying from resources.
[2022-12-17 16:24:39] [INFO   ] configuration file was loaded from resources directory.
[2022-12-17 16:24:40] [INFO   ] Thread dealer starting.
[2022-12-17 16:24:40] [INFO   ] Thread 0starting.
[2022-12-17 16:24:40] [INFO   ] Thread computer-0 starting.
[2022-12-17 16:24:40] [SEVERE ] placing card 42 in slot 0
[2022-12-17 16:24:40] [SEVERE ] placing card 60 in slot 1
[2022-12-17 16:24:40] [SEVERE ] placing card 29 in slot 2
[2022-12-17 16:24:40] [SEVERE ] placing card 0 in slot 3
[2022-12-17 16:24:40] [SEVERE ] placing card 24 in slot 4
[2022-12-17 16:24:40] [SEVERE ] placing card 22 in slot 5
[2022-12-17 16:24:40] [SEVERE ] placing card 23 in slot 6
[2022-12-17 16:24:41] [SEVERE ] placing card 3 in slot 7
[2022-12-17 16:24:41] [SEVERE ] placing card 48 in slot 8
[2022-12-17 16:24:41] [SEVERE ] placing card 62 in slot 9
[2022-12-17 16:24:41] [SEVERE ] placing card 19 in slot 10
[2022-12-17 16:24:41] [SEVERE ] placing card 59 in slot 11
[2022-12-17 16:24:41] [SEVERE ] player 0 placing token on slot 5
[2022-12-17 16:24:41] [SEVERE ] player 0 placing token on slot 8
[2022-12-17 16:24:41] [SEVERE ] player 0 placing token on slot 7
[2022-12-17 16:24:41] [SEVERE ] setting player 0 freeze to 3000
[2022-12-17 16:24:42] [SEVERE ] setting player 0 freeze to 2041
[2022-12-17 16:24:43] [SEVERE ] setting player 0 freeze to 1083
[2022-12-17 16:24:44] [SEVERE ] setting player 0 freeze to 124
[2022-12-17 16:24:45] [SEVERE ] setting player 0 freeze to 0
[2022-12-17 16:24:45] [SEVERE ] removing player 0 token from slot 8
[2022-12-17 16:24:45] [SEVERE ] removing player 0 token from slot 7
[2022-12-17 16:24:45] [SEVERE ] player 0 placing token on slot 0
[2022-12-17 16:24:45] [SEVERE ] player 0 placing token on slot 8
[2022-12-17 16:24:45] [SEVERE ] setting player 0 freeze to 3000
[2022-12-17 16:24:46] [SEVERE ] setting player 0 freeze to 2036
[2022-12-17 16:24:47] [SEVERE ] setting player 0 freeze to 1081
[2022-12-17 16:24:48] [SEVERE ] setting player 0 freeze to 124
[2022-12-17 16:24:49] [SEVERE ] setting player 0 freeze to 0
[2022-12-17 16:24:49] [SEVERE ] removing player 0 token from slot 0
[2022-12-17 16:24:49] [SEVERE ] player 0 placing token on slot 7
[2022-12-17 16:24:49] [SEVERE ] removing player 0 token from slot 8
[2022-12-17 16:24:49] [SEVERE ] player 0 placing token on slot 8
[2022-12-17 16:24:49] [SEVERE ] setting player 0 freeze to 3000
[2022-12-17 16:24:50] [SEVERE ] setting player 0 freeze to 2039
