[2022-12-14 19:35:44] [INFO   ] cannot read configuration file config.properties trying from resources.
[2022-12-14 19:35:44] [INFO   ] configuration file was loaded from resources directory.
[2022-12-14 19:35:44] [INFO   ] Thread dealer starting.
[2022-12-14 19:35:44] [INFO   ] Thread 0starting.
[2022-12-14 19:35:44] [INFO   ] Thread 1starting.
[2022-12-14 19:35:44] [SEVERE ] placing card 67 in slot 0
[2022-12-14 19:35:44] [SEVERE ] placing card 47 in slot 1
[2022-12-14 19:35:45] [SEVERE ] placing card 55 in slot 2
[2022-12-14 19:35:45] [SEVERE ] placing card 3 in slot 3
[2022-12-14 19:35:45] [SEVERE ] placing card 54 in slot 4
[2022-12-14 19:35:45] [SEVERE ] placing card 18 in slot 5
[2022-12-14 19:35:45] [SEVERE ] placing card 52 in slot 6
[2022-12-14 19:35:45] [SEVERE ] placing card 48 in slot 7
[2022-12-14 19:35:45] [SEVERE ] placing card 5 in slot 8
[2022-12-14 19:35:45] [SEVERE ] placing card 35 in slot 9
[2022-12-14 19:35:45] [SEVERE ] placing card 8 in slot 10
[2022-12-14 19:35:46] [SEVERE ] placing card 64 in slot 11
[2022-12-14 19:35:51] [SEVERE ] Key 85 was pressed by player 1
[2022-12-14 19:35:51] [SEVERE ] player 1 placing token on slot 0
[2022-12-14 19:35:52] [SEVERE ] Key 75 was pressed by player 1
[2022-12-14 19:35:52] [SEVERE ] player 1 placing token on slot 5
[2022-12-14 19:35:54] [SEVERE ] Key 44 was pressed by player 1
[2022-12-14 19:35:54] [SEVERE ] player 1 placing token on slot 9
[2022-12-14 19:35:54] [SEVERE ] removing player 1 token from slot 0
[2022-12-14 19:35:54] [SEVERE ] removing player 1 token from slot 5
[2022-12-14 19:35:54] [SEVERE ] removing player 1 token from slot 9
[2022-12-14 19:35:54] [SEVERE ] setting player 1 score to 1
[2022-12-14 19:35:55] [SEVERE ] setting player 1 freeze to 1000
[2022-12-14 19:35:56] [SEVERE ] setting player 1 freeze to 45
[2022-12-14 19:35:57] [SEVERE ] setting player 1 freeze to 0
[2022-12-14 19:35:57] [INFO   ] Thread main terminated.
