[2022-12-17 15:35:47] [INFO   ] cannot read configuration file config.properties trying from resources.
[2022-12-17 15:35:47] [INFO   ] configuration file was loaded from resources directory.
[2022-12-17 15:35:48] [INFO   ] Thread dealer starting.
[2022-12-17 15:35:48] [INFO   ] Thread 0starting.
[2022-12-17 15:35:48] [INFO   ] Thread computer-0 starting.
[2022-12-17 15:35:48] [SEVERE ] player 0 placing token on slot 3
[2022-12-17 15:35:48] [SEVERE ] placing card 70 in slot 0
[2022-12-17 15:35:48] [SEVERE ] player 0 placing token on slot 9
[2022-12-17 15:35:48] [SEVERE ] placing card 12 in slot 1
[2022-12-17 15:35:48] [SEVERE ] player 0 placing token on slot 2
[2022-12-17 15:35:48] [SEVERE ] placing card 26 in slot 2
[2022-12-17 15:35:48] [SEVERE ] placing card 56 in slot 3
[2022-12-17 15:35:48] [SEVERE ] placing card 34 in slot 4
[2022-12-17 15:35:48] [SEVERE ] placing card 31 in slot 5
[2022-12-17 15:35:48] [SEVERE ] placing card 23 in slot 6
[2022-12-17 15:35:49] [SEVERE ] placing card 17 in slot 7
[2022-12-17 15:35:49] [SEVERE ] placing card 72 in slot 8
[2022-12-17 15:35:49] [SEVERE ] placing card 68 in slot 9
[2022-12-17 15:35:49] [SEVERE ] placing card 28 in slot 10
[2022-12-17 15:35:49] [SEVERE ] placing card 19 in slot 11
[2022-12-17 15:35:49] [SEVERE ] setting player 0 freeze to 3000
[2022-12-17 15:35:50] [SEVERE ] setting player 0 freeze to 2035
[2022-12-17 15:35:51] [SEVERE ] setting player 0 freeze to 1083
[2022-12-17 15:35:52] [SEVERE ] setting player 0 freeze to 118
[2022-12-17 15:35:53] [SEVERE ] setting player 0 freeze to 0
[2022-12-17 15:35:53] [SEVERE ] removing player 0 token from slot 3
[2022-12-17 15:35:53] [SEVERE ] player 0 placing token on slot 5
[2022-12-17 15:35:53] [SEVERE ] removing player 0 token from slot 5
[2022-12-17 15:35:53] [SEVERE ] player 0 placing token on slot 4
