[2022-12-18 10:26:16] [INFO   ] cannot read configuration file config.properties trying from resources.
[2022-12-18 10:26:16] [INFO   ] configuration file was loaded from resources directory.
[2022-12-18 10:26:17] [INFO   ] Thread dealer starting.
[2022-12-18 10:26:17] [INFO   ] Thread 0starting.
[2022-12-18 10:26:17] [SEVERE ] placing card 1 in slot 0
[2022-12-18 10:26:17] [SEVERE ] placing card 65 in slot 1
[2022-12-18 10:26:18] [SEVERE ] placing card 18 in slot 2
[2022-12-18 10:26:18] [SEVERE ] placing card 60 in slot 3
[2022-12-18 10:26:18] [SEVERE ] placing card 9 in slot 4
[2022-12-18 10:26:18] [SEVERE ] placing card 31 in slot 5
[2022-12-18 10:26:18] [SEVERE ] placing card 21 in slot 6
[2022-12-18 10:26:18] [SEVERE ] placing card 10 in slot 7
[2022-12-18 10:26:18] [SEVERE ] placing card 37 in slot 8
[2022-12-18 10:26:18] [SEVERE ] placing card 56 in slot 9
[2022-12-18 10:26:18] [SEVERE ] placing card 55 in slot 10
[2022-12-18 10:26:19] [SEVERE ] placing card 69 in slot 11
[2022-12-18 10:26:22] [SEVERE ] Key 87 was pressed by player 0
[2022-12-18 10:26:22] [SEVERE ] player 0 placing token on slot 1
[2022-12-18 10:26:25] [SEVERE ] Key 65 was pressed by player 0
[2022-12-18 10:26:25] [SEVERE ] player 0 placing token on slot 4
[2022-12-18 10:26:29] [SEVERE ] Key 90 was pressed by player 0
[2022-12-18 10:26:29] [SEVERE ] player 0 placing token on slot 8
[2022-12-18 10:26:38] [SEVERE ] removing player 0 token from slot 1
[2022-12-18 10:26:38] [SEVERE ] removing player 0 token from slot 4
[2022-12-18 10:26:38] [SEVERE ] removing player 0 token from slot 8
[2022-12-18 10:26:39] [SEVERE ] placing card 35 in slot 1
[2022-12-18 10:26:48] [SEVERE ] placing card 59 in slot 4
[2022-12-18 10:26:55] [SEVERE ] setting player 0 score to 1
[2022-12-18 10:26:55] [SEVERE ] placing card 73 in slot 8
[2022-12-18 10:26:56] [SEVERE ] setting player 0 freeze to 1000
[2022-12-18 10:26:57] [SEVERE ] setting player 0 freeze to 41
