[2022-12-17 20:36:55] [INFO   ] cannot read configuration file config.properties trying from resources.
[2022-12-17 20:36:55] [INFO   ] configuration file was loaded from resources directory.
[2022-12-17 20:36:56] [INFO   ] Thread dealer starting.
[2022-12-17 20:36:56] [INFO   ] Thread 1starting.
[2022-12-17 20:36:56] [INFO   ] Thread 0starting.
[2022-12-17 20:36:56] [SEVERE ] placing card 29 in slot 0
[2022-12-17 20:36:56] [SEVERE ] placing card 73 in slot 1
[2022-12-17 20:36:56] [SEVERE ] placing card 65 in slot 2
[2022-12-17 20:36:57] [SEVERE ] placing card 22 in slot 3
[2022-12-17 20:36:57] [SEVERE ] placing card 63 in slot 4
[2022-12-17 20:36:57] [SEVERE ] placing card 25 in slot 5
[2022-12-17 20:36:57] [SEVERE ] placing card 62 in slot 6
[2022-12-17 20:36:57] [SEVERE ] placing card 64 in slot 7
[2022-12-17 20:36:57] [SEVERE ] placing card 0 in slot 8
[2022-12-17 20:36:57] [SEVERE ] placing card 71 in slot 9
[2022-12-17 20:36:57] [SEVERE ] placing card 24 in slot 10
[2022-12-17 20:36:57] [SEVERE ] placing card 59 in slot 11
[2022-12-17 20:36:58] [SEVERE ] Key 69 was pressed by player 0
[2022-12-17 20:36:58] [SEVERE ] player 0 placing token on slot 2
[2022-12-17 20:36:58] [SEVERE ] Key 87 was pressed by player 0
[2022-12-17 20:36:58] [SEVERE ] player 0 placing token on slot 1
[2022-12-17 20:36:59] [SEVERE ] Key 83 was pressed by player 0
[2022-12-17 20:36:59] [SEVERE ] player 0 placing token on slot 5
[2022-12-17 20:36:59] [SEVERE ] setting player 0 freeze to 3000
[2022-12-17 20:37:00] [SEVERE ] setting player 0 freeze to 2048
[2022-12-17 20:37:01] [SEVERE ] setting player 0 freeze to 1090
[2022-12-17 20:37:02] [SEVERE ] setting player 0 freeze to 125
[2022-12-17 20:37:03] [SEVERE ] setting player 0 freeze to 0
