[2022-12-14 18:23:21] [INFO   ] cannot read configuration file config.properties trying from resources.
[2022-12-14 18:23:21] [INFO   ] configuration file was loaded from resources directory.
[2022-12-14 18:23:22] [INFO   ] Thread dealer starting.
[2022-12-14 18:23:22] [INFO   ] Thread 0starting.
[2022-12-14 18:23:22] [INFO   ] Thread 1starting.
[2022-12-14 18:23:22] [SEVERE ] placing card 69 in slot 0
[2022-12-14 18:23:22] [SEVERE ] placing card 34 in slot 1
[2022-12-14 18:23:22] [SEVERE ] placing card 40 in slot 2
[2022-12-14 18:23:22] [SEVERE ] placing card 49 in slot 3
[2022-12-14 18:23:22] [SEVERE ] placing card 15 in slot 4
[2022-12-14 18:23:22] [SEVERE ] placing card 43 in slot 5
[2022-12-14 18:23:22] [SEVERE ] placing card 30 in slot 6
[2022-12-14 18:23:22] [SEVERE ] placing card 28 in slot 7
[2022-12-14 18:23:23] [SEVERE ] placing card 0 in slot 8
[2022-12-14 18:23:23] [SEVERE ] placing card 12 in slot 9
[2022-12-14 18:23:23] [SEVERE ] placing card 13 in slot 10
[2022-12-14 18:23:23] [SEVERE ] placing card 44 in slot 11
[2022-12-14 18:23:25] [SEVERE ] Key 82 was pressed by player 0
[2022-12-14 18:23:25] [SEVERE ] player 0 placing token on slot 3
[2022-12-14 18:23:25] [SEVERE ] Key 82 was pressed by player 0
[2022-12-14 18:23:25] [SEVERE ] removing player 0 token from slot 3
[2022-12-14 18:23:27] [SEVERE ] Key 73 was pressed by player 1
[2022-12-14 18:23:27] [SEVERE ] player 1 placing token on slot 1
[2022-12-14 18:23:27] [SEVERE ] Key 75 was pressed by player 1
[2022-12-14 18:23:27] [SEVERE ] player 1 placing token on slot 5
[2022-12-14 18:23:28] [SEVERE ] Key 74 was pressed by player 1
[2022-12-14 18:23:28] [SEVERE ] player 1 placing token on slot 4
[2022-12-14 18:23:28] [SEVERE ] setting player 1 freeze to 3000
[2022-12-14 18:23:28] [SEVERE ] setting player 1 freeze to 2039
[2022-12-14 18:23:29] [SEVERE ] Key 86 was pressed by player 0
[2022-12-14 18:23:29] [SEVERE ] player 0 placing token on slot 11
[2022-12-14 18:23:29] [SEVERE ] setting player 1 freeze to 1087
[2022-12-14 18:23:30] [SEVERE ] Key 67 was pressed by player 0
[2022-12-14 18:23:30] [SEVERE ] player 0 placing token on slot 10
[2022-12-14 18:23:30] [SEVERE ] Key 68 was pressed by player 0
[2022-12-14 18:23:30] [SEVERE ] player 0 placing token on slot 6
[2022-12-14 18:23:30] [INFO   ] Thread main terminated.
