[2022-12-17 15:07:47] [INFO   ] cannot read configuration file config.properties trying from resources.
[2022-12-17 15:07:47] [INFO   ] configuration file was loaded from resources directory.
[2022-12-17 15:07:48] [INFO   ] Thread dealer starting.
[2022-12-17 15:07:48] [INFO   ] Thread 0starting.
[2022-12-17 15:07:48] [INFO   ] Thread computer-0 starting.
[2022-12-17 15:07:48] [SEVERE ] player 0 placing token on slot 8
[2022-12-17 15:07:48] [SEVERE ] player 0 placing token on slot 4
[2022-12-17 15:07:48] [SEVERE ] placing card 77 in slot 0
[2022-12-17 15:07:48] [SEVERE ] player 0 placing token on slot 0
[2022-12-17 15:07:48] [SEVERE ] placing card 60 in slot 1
[2022-12-17 15:07:48] [SEVERE ] placing card 45 in slot 2
[2022-12-17 15:07:48] [SEVERE ] placing card 37 in slot 3
[2022-12-17 15:07:49] [SEVERE ] placing card 23 in slot 4
[2022-12-17 15:07:49] [SEVERE ] placing card 41 in slot 5
[2022-12-17 15:07:49] [SEVERE ] placing card 15 in slot 6
[2022-12-17 15:07:49] [SEVERE ] placing card 38 in slot 7
[2022-12-17 15:07:49] [SEVERE ] placing card 17 in slot 8
[2022-12-17 15:07:49] [SEVERE ] placing card 29 in slot 9
[2022-12-17 15:07:49] [SEVERE ] placing card 70 in slot 10
[2022-12-17 15:07:49] [SEVERE ] placing card 46 in slot 11
[2022-12-17 15:07:49] [SEVERE ] setting player 0 freeze to 3000
[2022-12-17 15:07:50] [SEVERE ] setting player 0 freeze to 2043
[2022-12-17 15:07:51] [SEVERE ] setting player 0 freeze to 1084
[2022-12-17 15:07:52] [SEVERE ] setting player 0 freeze to 131
[2022-12-17 15:07:53] [SEVERE ] setting player 0 freeze to 0
[2022-12-17 15:07:53] [SEVERE ] removing player 0 token from slot 4
[2022-12-17 15:07:53] [SEVERE ] player 0 placing token on slot 7
[2022-12-17 15:07:54] [SEVERE ] removing player 0 token from slot 8
