[2022-12-11 20:14:01] [INFO   ] cannot read configuration file config.properties trying from resources.
[2022-12-11 20:14:01] [INFO   ] configuration file was loaded from resources directory.
[2022-12-11 20:14:02] [INFO   ] Thread dealer starting.
[2022-12-11 20:14:02] [SEVERE ] placing card 35 in slot 0
[2022-12-11 20:14:02] [SEVERE ] placing card 32 in slot 1
[2022-12-11 20:14:02] [SEVERE ] placing card 23 in slot 2
[2022-12-11 20:14:02] [SEVERE ] placing card 1 in slot 3
[2022-12-11 20:14:02] [SEVERE ] placing card 27 in slot 4
[2022-12-11 20:14:02] [SEVERE ] placing card 52 in slot 5
[2022-12-11 20:14:02] [SEVERE ] placing card 36 in slot 6
[2022-12-11 20:14:02] [SEVERE ] placing card 56 in slot 7
[2022-12-11 20:14:02] [SEVERE ] placing card 57 in slot 8
[2022-12-11 20:14:02] [SEVERE ] placing card 65 in slot 9
[2022-12-11 20:14:02] [SEVERE ] placing card 64 in slot 10
[2022-12-11 20:14:02] [SEVERE ] placing card 13 in slot 11
[2022-12-11 20:14:02] [SEVERE ] placing card 8 in slot 0
[2022-12-11 20:14:02] [SEVERE ] placing card 18 in slot 1
[2022-12-11 20:14:02] [SEVERE ] placing card 26 in slot 2
[2022-12-11 20:14:02] [SEVERE ] placing card 35 in slot 3
[2022-12-11 20:14:02] [SEVERE ] placing card 38 in slot 4
[2022-12-11 20:14:02] [SEVERE ] placing card 52 in slot 5
[2022-12-11 20:14:02] [SEVERE ] placing card 41 in slot 6
[2022-12-11 20:14:02] [SEVERE ] placing card 28 in slot 7
[2022-12-11 20:14:02] [SEVERE ] placing card 45 in slot 8
[2022-12-11 20:14:02] [SEVERE ] placing card 3 in slot 9
[2022-12-11 20:14:02] [SEVERE ] placing card 57 in slot 10
[2022-12-11 20:14:02] [SEVERE ] placing card 65 in slot 11
[2022-12-11 20:14:02] [INFO   ] Thread main terminated.
