[2022-12-14 19:41:47] [INFO   ] cannot read configuration file config.properties trying from resources.
[2022-12-14 19:41:47] [INFO   ] configuration file was loaded from resources directory.
[2022-12-14 19:41:47] [INFO   ] Thread dealer starting.
[2022-12-14 19:41:47] [INFO   ] Thread 1starting.
[2022-12-14 19:41:47] [INFO   ] Thread 0starting.
[2022-12-14 19:41:47] [SEVERE ] placing card 26 in slot 0
[2022-12-14 19:41:47] [SEVERE ] placing card 74 in slot 1
[2022-12-14 19:41:47] [SEVERE ] placing card 6 in slot 2
[2022-12-14 19:41:48] [SEVERE ] placing card 35 in slot 3
[2022-12-14 19:41:48] [SEVERE ] placing card 79 in slot 4
[2022-12-14 19:41:48] [SEVERE ] placing card 10 in slot 5
[2022-12-14 19:41:48] [SEVERE ] placing card 76 in slot 6
[2022-12-14 19:41:48] [SEVERE ] placing card 11 in slot 7
[2022-12-14 19:41:48] [SEVERE ] placing card 12 in slot 8
[2022-12-14 19:41:48] [SEVERE ] placing card 65 in slot 9
[2022-12-14 19:41:48] [SEVERE ] placing card 38 in slot 10
[2022-12-14 19:41:48] [SEVERE ] placing card 55 in slot 11
[2022-12-14 19:41:58] [SEVERE ] Key 79 was pressed by player 1
[2022-12-14 19:41:58] [SEVERE ] player 1 placing token on slot 2
[2022-12-14 19:42:00] [SEVERE ] Key 76 was pressed by player 1
[2022-12-14 19:42:00] [SEVERE ] player 1 placing token on slot 6
[2022-12-14 19:42:00] [SEVERE ] Key 70 was pressed by player 0
[2022-12-14 19:42:00] [SEVERE ] player 0 placing token on slot 7
[2022-12-14 19:42:02] [SEVERE ] Key 88 was pressed by player 0
[2022-12-14 19:42:02] [SEVERE ] player 0 placing token on slot 9
[2022-12-14 19:42:06] [SEVERE ] Key 46 was pressed by player 1
[2022-12-14 19:42:06] [SEVERE ] player 1 placing token on slot 10
[2022-12-14 19:42:06] [SEVERE ] removing player 1 token from slot 2
[2022-12-14 19:42:06] [SEVERE ] removing player 1 token from slot 6
[2022-12-14 19:42:06] [SEVERE ] removing player 1 token from slot 10
[2022-12-14 19:42:06] [SEVERE ] setting player 1 score to 1
[2022-12-14 19:42:06] [SEVERE ] Key 67 was pressed by player 0
[2022-12-14 19:42:06] [SEVERE ] player 0 placing token on slot 10
[2022-12-14 19:42:06] [INFO   ] Thread main terminated.
