[2022-12-17 12:52:30] [INFO   ] cannot read configuration file config.properties trying from resources.
[2022-12-17 12:52:30] [INFO   ] configuration file was loaded from resources directory.
[2022-12-17 12:52:31] [INFO   ] Thread dealer starting.
[2022-12-17 12:52:31] [INFO   ] Thread 0starting.
[2022-12-17 12:52:31] [INFO   ] Thread 1starting.
[2022-12-17 12:52:31] [SEVERE ] placing card 58 in slot 0
[2022-12-17 12:52:31] [SEVERE ] placing card 66 in slot 1
[2022-12-17 12:52:31] [SEVERE ] placing card 64 in slot 2
[2022-12-17 12:52:31] [SEVERE ] placing card 24 in slot 3
[2022-12-17 12:52:31] [SEVERE ] placing card 18 in slot 4
[2022-12-17 12:52:32] [SEVERE ] placing card 27 in slot 5
[2022-12-17 12:52:32] [SEVERE ] placing card 72 in slot 6
[2022-12-17 12:52:32] [SEVERE ] placing card 61 in slot 7
[2022-12-17 12:52:32] [SEVERE ] placing card 7 in slot 8
[2022-12-17 12:52:32] [SEVERE ] placing card 78 in slot 9
[2022-12-17 12:52:32] [SEVERE ] placing card 71 in slot 10
[2022-12-17 12:52:32] [SEVERE ] placing card 23 in slot 11
[2022-12-17 12:52:36] [SEVERE ] Key 87 was pressed by player 0
[2022-12-17 12:52:36] [SEVERE ] player 0 placing token on slot 1
[2022-12-17 12:52:38] [SEVERE ] Key 82 was pressed by player 0
[2022-12-17 12:52:38] [SEVERE ] player 0 placing token on slot 3
[2022-12-17 12:52:39] [SEVERE ] Key 83 was pressed by player 0
[2022-12-17 12:52:39] [SEVERE ] player 0 placing token on slot 5
[2022-12-17 12:52:39] [SEVERE ] setting player 0 score to 1
[2022-12-17 12:52:40] [SEVERE ] setting player 0 freeze to 1000
[2022-12-17 12:52:41] [SEVERE ] setting player 0 freeze to 37
[2022-12-17 12:52:42] [SEVERE ] setting player 0 freeze to 0
[2022-12-17 12:52:42] [SEVERE ] removing player 0 token from slot 1
[2022-12-17 12:52:42] [SEVERE ] removing player 0 token from slot 3
[2022-12-17 12:52:42] [SEVERE ] removing player 0 token from slot 5
[2022-12-17 12:52:42] [SEVERE ] placing card 56 in slot 1
[2022-12-17 12:52:42] [SEVERE ] placing card 55 in slot 3
[2022-12-17 12:52:42] [SEVERE ] placing card 63 in slot 5
[2022-12-17 12:52:46] [SEVERE ] Key 81 was pressed by player 0
[2022-12-17 12:52:46] [SEVERE ] player 0 placing token on slot 0
[2022-12-17 12:52:47] [SEVERE ] Key 82 was pressed by player 0
[2022-12-17 12:52:47] [SEVERE ] player 0 placing token on slot 3
[2022-12-17 12:52:48] [SEVERE ] Key 70 was pressed by player 0
[2022-12-17 12:52:48] [SEVERE ] player 0 placing token on slot 7
[2022-12-17 12:52:48] [SEVERE ] setting player 0 score to 2
[2022-12-17 12:52:49] [SEVERE ] setting player 0 freeze to 1000
[2022-12-17 12:52:50] [SEVERE ] setting player 0 freeze to 47
[2022-12-17 12:52:51] [SEVERE ] setting player 0 freeze to 0
[2022-12-17 12:52:51] [SEVERE ] removing player 0 token from slot 0
[2022-12-17 12:52:51] [SEVERE ] removing player 0 token from slot 3
[2022-12-17 12:52:51] [SEVERE ] removing player 0 token from slot 7
[2022-12-17 12:52:51] [SEVERE ] placing card 8 in slot 0
[2022-12-17 12:52:51] [SEVERE ] placing card 36 in slot 3
[2022-12-17 12:52:51] [SEVERE ] placing card 40 in slot 7
[2022-12-17 12:52:55] [SEVERE ] Key 87 was pressed by player 0
[2022-12-17 12:52:55] [SEVERE ] player 0 placing token on slot 1
[2022-12-17 12:52:56] [SEVERE ] Key 69 was pressed by player 0
[2022-12-17 12:52:56] [SEVERE ] player 0 placing token on slot 2
[2022-12-17 12:52:57] [SEVERE ] Key 68 was pressed by player 0
[2022-12-17 12:52:57] [SEVERE ] player 0 placing token on slot 6
[2022-12-17 12:52:57] [SEVERE ] setting player 0 score to 3
[2022-12-17 12:52:58] [SEVERE ] setting player 0 freeze to 1000
[2022-12-17 12:52:59] [SEVERE ] setting player 0 freeze to 46
[2022-12-17 12:53:00] [SEVERE ] setting player 0 freeze to 0
[2022-12-17 12:53:00] [SEVERE ] removing player 0 token from slot 1
[2022-12-17 12:53:00] [SEVERE ] removing player 0 token from slot 2
[2022-12-17 12:53:00] [SEVERE ] removing player 0 token from slot 6
[2022-12-17 12:53:00] [SEVERE ] placing card 45 in slot 1
[2022-12-17 12:53:00] [SEVERE ] placing card 5 in slot 2
[2022-12-17 12:53:01] [SEVERE ] placing card 44 in slot 6
