[2022-12-18 09:57:33] [INFO   ] cannot read configuration file config.properties trying from resources.
[2022-12-18 09:57:33] [INFO   ] configuration file was loaded from resources directory.
[2022-12-18 09:57:34] [INFO   ] Thread dealer starting.
[2022-12-18 09:57:34] [INFO   ] Thread 1starting.
[2022-12-18 09:57:34] [INFO   ] Thread 0starting.
[2022-12-18 09:57:34] [INFO   ] Thread computer-1 starting.
[2022-12-18 09:57:34] [INFO   ] Thread computer-0 starting.
[2022-12-18 09:57:34] [SEVERE ] placing card 75 in slot 0
[2022-12-18 09:57:34] [SEVERE ] placing card 33 in slot 1
[2022-12-18 09:57:35] [SEVERE ] placing card 4 in slot 2
[2022-12-18 09:57:35] [SEVERE ] placing card 7 in slot 3
[2022-12-18 09:57:35] [SEVERE ] placing card 40 in slot 4
[2022-12-18 09:57:35] [SEVERE ] placing card 67 in slot 5
[2022-12-18 09:57:35] [SEVERE ] placing card 16 in slot 6
[2022-12-18 09:57:35] [SEVERE ] placing card 76 in slot 7
[2022-12-18 09:57:35] [SEVERE ] placing card 77 in slot 8
[2022-12-18 09:57:35] [SEVERE ] placing card 21 in slot 9
[2022-12-18 09:57:35] [SEVERE ] placing card 25 in slot 10
[2022-12-18 09:57:36] [SEVERE ] placing card 14 in slot 11
[2022-12-18 09:57:36] [SEVERE ] player 0 placing token on slot 10
[2022-12-18 09:57:36] [SEVERE ] player 1 placing token on slot 7
[2022-12-18 09:57:36] [SEVERE ] player 1 placing token on slot 2
[2022-12-18 09:57:36] [SEVERE ] player 0 placing token on slot 2
[2022-12-18 09:57:36] [SEVERE ] player 1 placing token on slot 3
[2022-12-18 09:57:36] [SEVERE ] player 0 placing token on slot 9
[2022-12-18 09:57:36] [SEVERE ] setting player 1 freeze to 3000
[2022-12-18 09:57:36] [SEVERE ] setting player 0 freeze to 3000
[2022-12-18 09:57:37] [SEVERE ] setting player 1 freeze to 2043
[2022-12-18 09:57:37] [SEVERE ] setting player 0 freeze to 2043
[2022-12-18 09:57:38] [SEVERE ] setting player 1 freeze to 1082
[2022-12-18 09:57:38] [SEVERE ] setting player 0 freeze to 1082
[2022-12-18 09:57:38] [SEVERE ] setting player 0 freeze to 118
[2022-12-18 09:57:38] [SEVERE ] setting player 1 freeze to 118
[2022-12-18 09:57:39] [SEVERE ] setting player 0 freeze to 0
[2022-12-18 09:57:39] [SEVERE ] setting player 1 freeze to 0
[2022-12-18 09:57:39] [SEVERE ] removing player 0 token from slot 10
[2022-12-18 09:57:40] [SEVERE ] player 0 placing token on slot 5
[2022-12-18 09:57:40] [SEVERE ] removing player 1 token from slot 7
[2022-12-18 09:57:40] [SEVERE ] removing player 1 token from slot 2
[2022-12-18 09:57:40] [SEVERE ] player 1 placing token on slot 9
[2022-12-18 09:57:40] [SEVERE ] player 1 placing token on slot 0
[2022-12-18 09:57:40] [SEVERE ] removing player 0 token from slot 5
[2022-12-18 09:57:41] [SEVERE ] removing player 1 token from slot 0
[2022-12-18 09:57:41] [SEVERE ] player 0 placing token on slot 4
[2022-12-18 09:57:41] [SEVERE ] player 1 placing token on slot 8
[2022-12-18 09:57:42] [SEVERE ] removing player 1 token from slot 3
[2022-12-18 09:57:42] [SEVERE ] player 1 placing token on slot 3
[2022-12-18 09:57:42] [SEVERE ] setting player 1 freeze to 3000
[2022-12-18 09:57:43] [SEVERE ] setting player 1 freeze to 2046
[2022-12-18 09:57:43] [SEVERE ] removing player 0 token from slot 9
[2022-12-18 09:57:43] [SEVERE ] player 0 placing token on slot 0
[2022-12-18 09:57:43] [SEVERE ] setting player 0 freeze to 3000
[2022-12-18 09:57:44] [SEVERE ] setting player 1 freeze to 1081
[2022-12-18 09:57:44] [SEVERE ] setting player 0 freeze to 2035
[2022-12-18 09:57:45] [SEVERE ] setting player 1 freeze to 116
[2022-12-18 09:57:45] [SEVERE ] setting player 0 freeze to 1074
[2022-12-18 09:57:46] [SEVERE ] setting player 1 freeze to 0
[2022-12-18 09:57:46] [SEVERE ] removing player 1 token from slot 9
[2022-12-18 09:57:46] [SEVERE ] player 1 placing token on slot 1
[2022-12-18 09:57:46] [SEVERE ] setting player 0 freeze to 112
[2022-12-18 09:57:46] [SEVERE ] removing player 1 token from slot 8
[2022-12-18 09:57:46] [SEVERE ] player 1 placing token on slot 0
[2022-12-18 09:57:46] [SEVERE ] removing player 1 token from slot 0
[2022-12-18 09:57:46] [SEVERE ] player 1 placing token on slot 4
[2022-12-18 09:57:47] [SEVERE ] setting player 0 freeze to 0
[2022-12-18 09:57:47] [SEVERE ] removing player 1 token from slot 4
[2022-12-18 09:57:48] [SEVERE ] player 1 placing token on slot 10
[2022-12-18 09:57:48] [SEVERE ] removing player 0 token from slot 4
[2022-12-18 09:57:48] [SEVERE ] player 0 placing token on slot 8
[2022-12-18 09:57:48] [SEVERE ] removing player 1 token from slot 3
[2022-12-18 09:57:48] [SEVERE ] removing player 1 token from slot 1
[2022-12-18 09:57:48] [SEVERE ] removing player 0 token from slot 0
[2022-12-18 09:57:48] [SEVERE ] removing player 0 token from slot 2
[2022-12-18 09:57:48] [SEVERE ] removing player 1 token from slot 10
[2022-12-18 09:57:49] [SEVERE ] player 1 placing token on slot 10
[2022-12-18 09:57:49] [SEVERE ] player 0 placing token on slot 4
[2022-12-18 09:57:49] [SEVERE ] player 1 placing token on slot 0
[2022-12-18 09:57:49] [SEVERE ] player 0 placing token on slot 0
[2022-12-18 09:57:49] [SEVERE ] setting player 0 freeze to 3000
[2022-12-18 09:57:49] [SEVERE ] player 1 placing token on slot 8
[2022-12-18 09:57:49] [SEVERE ] setting player 1 freeze to 3000
[2022-12-18 09:57:50] [SEVERE ] setting player 0 freeze to 2042
[2022-12-18 09:57:50] [SEVERE ] setting player 1 freeze to 2041
[2022-12-18 09:57:51] [SEVERE ] setting player 0 freeze to 1078
[2022-12-18 09:57:51] [SEVERE ] setting player 1 freeze to 1077
[2022-12-18 09:57:52] [SEVERE ] setting player 0 freeze to 117
[2022-12-18 09:57:52] [SEVERE ] setting player 1 freeze to 117
[2022-12-18 09:57:53] [SEVERE ] setting player 0 freeze to 0
[2022-12-18 09:57:53] [SEVERE ] setting player 1 freeze to 0
[2022-12-18 09:57:53] [SEVERE ] removing player 0 token from slot 8
[2022-12-18 09:57:53] [SEVERE ] player 0 placing token on slot 1
[2022-12-18 09:57:53] [SEVERE ] removing player 1 token from slot 8
[2022-12-18 09:57:53] [SEVERE ] player 1 placing token on slot 7
[2022-12-18 09:57:53] [SEVERE ] removing player 0 token from slot 0
[2022-12-18 09:57:53] [SEVERE ] setting player 1 freeze to 3000
[2022-12-18 09:57:53] [SEVERE ] player 0 placing token on slot 5
[2022-12-18 09:57:53] [SEVERE ] setting player 0 freeze to 3000
[2022-12-18 09:57:54] [SEVERE ] setting player 1 freeze to 2036
[2022-12-18 09:57:54] [SEVERE ] setting player 0 freeze to 2036
[2022-12-18 09:57:55] [SEVERE ] setting player 1 freeze to 1076
[2022-12-18 09:57:55] [SEVERE ] setting player 0 freeze to 1077
[2022-12-18 09:57:56] [SEVERE ] setting player 1 freeze to 118
[2022-12-18 09:57:56] [SEVERE ] setting player 0 freeze to 120
[2022-12-18 09:57:57] [SEVERE ] setting player 1 freeze to 0
