[2022-12-13 16:06:59] [INFO   ] cannot read configuration file config.properties trying from resources.
[2022-12-13 16:06:59] [INFO   ] configuration file was loaded from resources directory.
[2022-12-13 16:07:00] [INFO   ] Thread dealer starting.
[2022-12-13 16:07:00] [INFO   ] Thread 0starting.
[2022-12-13 16:07:00] [INFO   ] Thread 1starting.
[2022-12-13 16:07:00] [SEVERE ] placing card 41 in slot 0
[2022-12-13 16:07:00] [SEVERE ] placing card 73 in slot 1
[2022-12-13 16:07:00] [SEVERE ] placing card 48 in slot 2
[2022-12-13 16:07:00] [SEVERE ] placing card 78 in slot 3
[2022-12-13 16:07:00] [SEVERE ] placing card 54 in slot 4
[2022-12-13 16:07:00] [SEVERE ] placing card 24 in slot 5
[2022-12-13 16:07:00] [SEVERE ] placing card 80 in slot 6
[2022-12-13 16:07:01] [SEVERE ] placing card 52 in slot 7
[2022-12-13 16:07:01] [SEVERE ] placing card 3 in slot 8
[2022-12-13 16:07:01] [SEVERE ] placing card 34 in slot 9
[2022-12-13 16:07:01] [SEVERE ] placing card 32 in slot 10
[2022-12-13 16:07:01] [SEVERE ] placing card 9 in slot 11
[2022-12-13 16:07:03] [SEVERE ] Key 87 was pressed by player 0
[2022-12-13 16:07:03] [SEVERE ] Key 87 was pressed by player 0
[2022-12-13 16:07:03] [SEVERE ] Key 87 was pressed by player 0
[2022-12-13 16:07:04] [SEVERE ] Key 81 was pressed by player 0
[2022-12-13 16:07:04] [SEVERE ] Key 65 was pressed by player 0
[2022-12-13 16:07:04] [SEVERE ] Key 87 was pressed by player 0
