[2022-12-17 16:28:16] [INFO   ] cannot read configuration file config.properties trying from resources.
[2022-12-17 16:28:16] [INFO   ] configuration file was loaded from resources directory.
[2022-12-17 16:28:16] [INFO   ] Thread dealer starting.
[2022-12-17 16:28:16] [INFO   ] Thread 0starting.
[2022-12-17 16:28:16] [INFO   ] Thread computer-0 starting.
[2022-12-17 16:28:16] [SEVERE ] placing card 40 in slot 0
[2022-12-17 16:28:16] [SEVERE ] placing card 36 in slot 1
[2022-12-17 16:28:16] [SEVERE ] placing card 8 in slot 2
[2022-12-17 16:28:17] [SEVERE ] placing card 56 in slot 3
[2022-12-17 16:28:17] [SEVERE ] placing card 28 in slot 4
[2022-12-17 16:28:17] [SEVERE ] placing card 4 in slot 5
[2022-12-17 16:28:17] [SEVERE ] placing card 37 in slot 6
[2022-12-17 16:28:17] [SEVERE ] placing card 19 in slot 7
[2022-12-17 16:28:17] [SEVERE ] placing card 68 in slot 8
[2022-12-17 16:28:17] [SEVERE ] placing card 74 in slot 9
[2022-12-17 16:28:17] [SEVERE ] placing card 53 in slot 10
[2022-12-17 16:28:17] [SEVERE ] placing card 29 in slot 11
[2022-12-17 16:28:17] [SEVERE ] player 0 placing token on slot 7
[2022-12-17 16:28:17] [SEVERE ] player 0 placing token on slot 6
[2022-12-17 16:28:17] [SEVERE ] player 0 placing token on slot 2
[2022-12-17 16:28:17] [SEVERE ] setting player 0 freeze to 3000
[2022-12-17 16:28:18] [SEVERE ] setting player 0 freeze to 2040
[2022-12-17 16:28:19] [SEVERE ] setting player 0 freeze to 1081
[2022-12-17 16:28:20] [SEVERE ] setting player 0 freeze to 125
[2022-12-17 16:28:21] [SEVERE ] setting player 0 freeze to 0
[2022-12-17 16:28:22] [SEVERE ] removing player 0 token from slot 7
[2022-12-17 16:28:22] [SEVERE ] player 0 placing token on slot 9
[2022-12-17 16:28:23] [SEVERE ] removing player 0 token from slot 9
[2022-12-17 16:28:23] [SEVERE ] removing player 0 token from slot 6
[2022-12-17 16:28:23] [SEVERE ] player 0 placing token on slot 5
[2022-12-17 16:28:23] [SEVERE ] player 0 placing token on slot 10
[2022-12-17 16:28:24] [SEVERE ] removing player 0 token from slot 5
[2022-12-17 16:28:25] [SEVERE ] removing player 0 token from slot 10
[2022-12-17 16:28:25] [SEVERE ] player 0 placing token on slot 0
[2022-12-17 16:28:25] [SEVERE ] player 0 placing token on slot 10
[2022-12-17 16:28:25] [SEVERE ] removing player 0 token from slot 2
[2022-12-17 16:28:25] [SEVERE ] removing player 0 token from slot 0
[2022-12-17 16:28:25] [SEVERE ] player 0 placing token on slot 5
[2022-12-17 16:28:25] [SEVERE ] player 0 placing token on slot 1
[2022-12-17 16:28:25] [SEVERE ] setting player 0 freeze to 3000
[2022-12-17 16:28:26] [SEVERE ] setting player 0 freeze to 2037
[2022-12-17 16:28:27] [SEVERE ] setting player 0 freeze to 1079
[2022-12-17 16:28:28] [SEVERE ] setting player 0 freeze to 122
[2022-12-17 16:28:29] [SEVERE ] setting player 0 freeze to 0
