[2022-12-17 16:04:51] [INFO   ] cannot read configuration file config.properties trying from resources.
[2022-12-17 16:04:51] [INFO   ] configuration file was loaded from resources directory.
[2022-12-17 16:04:51] [INFO   ] Thread dealer starting.
[2022-12-17 16:04:51] [INFO   ] Thread 0starting.
[2022-12-17 16:04:51] [INFO   ] Thread computer-0 starting.
[2022-12-17 16:04:52] [SEVERE ] placing card 9 in slot 0
[2022-12-17 16:04:52] [SEVERE ] player 0 placing token on slot 7
[2022-12-17 16:04:52] [SEVERE ] placing card 57 in slot 1
[2022-12-17 16:04:52] [SEVERE ] placing card 48 in slot 2
[2022-12-17 16:04:52] [SEVERE ] placing card 62 in slot 3
[2022-12-17 16:04:52] [SEVERE ] placing card 61 in slot 4
[2022-12-17 16:04:52] [SEVERE ] placing card 11 in slot 5
[2022-12-17 16:04:52] [SEVERE ] placing card 4 in slot 6
[2022-12-17 16:04:52] [SEVERE ] placing card 41 in slot 7
[2022-12-17 16:04:52] [SEVERE ] placing card 52 in slot 8
[2022-12-17 16:04:52] [SEVERE ] removing player 0 token from slot 7
[2022-12-17 16:04:53] [SEVERE ] placing card 29 in slot 9
[2022-12-17 16:04:53] [SEVERE ] player 0 placing token on slot 5
[2022-12-17 16:04:53] [SEVERE ] placing card 51 in slot 10
[2022-12-17 16:04:53] [SEVERE ] placing card 63 in slot 11
[2022-12-17 16:04:53] [SEVERE ] removing player 0 token from slot 5
[2022-12-17 16:04:53] [SEVERE ] player 0 placing token on slot 3
[2022-12-17 16:04:54] [SEVERE ] removing player 0 token from slot 3
[2022-12-17 16:04:54] [SEVERE ] player 0 placing token on slot 0
[2022-12-17 16:04:55] [SEVERE ] removing player 0 token from slot 0
[2022-12-17 16:04:55] [SEVERE ] player 0 placing token on slot 9
[2022-12-17 16:04:55] [SEVERE ] removing player 0 token from slot 9
[2022-12-17 16:04:55] [SEVERE ] player 0 placing token on slot 10
[2022-12-17 16:04:56] [SEVERE ] removing player 0 token from slot 10
[2022-12-17 16:04:56] [SEVERE ] player 0 placing token on slot 8
[2022-12-17 16:04:57] [SEVERE ] removing player 0 token from slot 8
[2022-12-17 16:04:57] [SEVERE ] player 0 placing token on slot 4
[2022-12-17 16:04:57] [SEVERE ] removing player 0 token from slot 4
[2022-12-17 16:04:57] [SEVERE ] player 0 placing token on slot 6
[2022-12-17 16:05:00] [SEVERE ] removing player 0 token from slot 6
[2022-12-17 16:05:00] [SEVERE ] player 0 placing token on slot 8
[2022-12-17 16:05:07] [SEVERE ] removing player 0 token from slot 8
[2022-12-17 16:05:07] [SEVERE ] player 0 placing token on slot 2
[2022-12-17 16:05:08] [SEVERE ] removing player 0 token from slot 2
[2022-12-17 16:05:08] [SEVERE ] player 0 placing token on slot 7
[2022-12-17 16:05:09] [SEVERE ] removing player 0 token from slot 7
[2022-12-17 16:05:09] [SEVERE ] player 0 placing token on slot 4
[2022-12-17 16:05:10] [SEVERE ] removing player 0 token from slot 4
[2022-12-17 16:05:10] [SEVERE ] player 0 placing token on slot 4
