[2022-12-14 17:57:39] [INFO   ] cannot read configuration file config.properties trying from resources.
[2022-12-14 17:57:39] [INFO   ] configuration file was loaded from resources directory.
[2022-12-14 17:57:39] [INFO   ] Thread dealer starting.
[2022-12-14 17:57:39] [INFO   ] Thread 1starting.
[2022-12-14 17:57:39] [INFO   ] Thread 0starting.
[2022-12-14 17:57:39] [SEVERE ] placing card 76 in slot 0
[2022-12-14 17:57:39] [SEVERE ] placing card 52 in slot 1
[2022-12-14 17:57:40] [SEVERE ] placing card 32 in slot 2
[2022-12-14 17:57:40] [SEVERE ] placing card 41 in slot 3
[2022-12-14 17:57:40] [SEVERE ] placing card 61 in slot 4
[2022-12-14 17:57:40] [SEVERE ] placing card 71 in slot 5
[2022-12-14 17:57:40] [SEVERE ] placing card 42 in slot 6
[2022-12-14 17:57:40] [SEVERE ] placing card 34 in slot 7
[2022-12-14 17:57:40] [SEVERE ] placing card 65 in slot 8
[2022-12-14 17:57:40] [SEVERE ] placing card 37 in slot 9
[2022-12-14 17:57:40] [SEVERE ] placing card 44 in slot 10
[2022-12-14 17:57:41] [SEVERE ] placing card 66 in slot 11
[2022-12-14 17:57:53] [SEVERE ] Key 79 was pressed by player 1
[2022-12-14 17:57:53] [SEVERE ] player 1 placing token on slot 2
[2022-12-14 17:57:53] [SEVERE ] Key 79 was pressed by player 1
[2022-12-14 17:57:53] [SEVERE ] removing player 1 token from slot 2
[2022-12-14 17:57:53] [SEVERE ] Key 80 was pressed by player 1
[2022-12-14 17:57:53] [SEVERE ] player 1 placing token on slot 3
[2022-12-14 17:57:55] [SEVERE ] Key 74 was pressed by player 1
[2022-12-14 17:57:55] [SEVERE ] player 1 placing token on slot 4
[2022-12-14 17:57:56] [SEVERE ] Key 75 was pressed by player 1
[2022-12-14 17:57:56] [SEVERE ] player 1 placing token on slot 5
[2022-12-14 17:57:56] [SEVERE ] setting player 1 freeze to 3000
[2022-12-14 17:57:57] [SEVERE ] setting player 1 freeze to 2046
[2022-12-14 17:57:58] [SEVERE ] setting player 1 freeze to 1084
[2022-12-14 17:57:59] [SEVERE ] setting player 1 freeze to 123
[2022-12-14 17:58:00] [SEVERE ] setting player 1 freeze to 0
