[2022-12-12 12:58:04] [INFO   ] cannot read configuration file config.properties trying from resources.
[2022-12-12 12:58:04] [INFO   ] configuration file was loaded from resources directory.
[2022-12-12 12:58:05] [INFO   ] Thread dealer starting.
[2022-12-12 12:58:05] [SEVERE ] placing card 51 in slot 0
[2022-12-12 12:58:05] [SEVERE ] placing card 35 in slot 1
[2022-12-12 12:58:05] [SEVERE ] placing card 22 in slot 2
[2022-12-12 12:58:05] [SEVERE ] placing card 15 in slot 3
[2022-12-12 12:58:05] [SEVERE ] placing card 76 in slot 4
[2022-12-12 12:58:05] [SEVERE ] placing card 10 in slot 5
[2022-12-12 12:58:06] [SEVERE ] placing card 78 in slot 6
[2022-12-12 12:58:06] [SEVERE ] placing card 57 in slot 7
[2022-12-12 12:58:06] [SEVERE ] placing card 77 in slot 8
[2022-12-12 12:58:06] [SEVERE ] placing card 44 in slot 9
[2022-12-12 12:58:06] [SEVERE ] placing card 4 in slot 10
[2022-12-12 12:58:06] [SEVERE ] placing card 26 in slot 11
[2022-12-12 12:59:06] [SEVERE ] removing card from slot 0
[2022-12-12 12:59:06] [SEVERE ] removing card from slot 1
[2022-12-12 12:59:06] [SEVERE ] removing card from slot 2
[2022-12-12 12:59:07] [SEVERE ] removing card from slot 3
[2022-12-12 12:59:07] [SEVERE ] removing card from slot 4
[2022-12-12 12:59:07] [SEVERE ] removing card from slot 5
[2022-12-12 12:59:07] [SEVERE ] removing card from slot 6
[2022-12-12 12:59:07] [SEVERE ] removing card from slot 7
[2022-12-12 12:59:07] [SEVERE ] removing card from slot 8
[2022-12-12 12:59:07] [SEVERE ] removing card from slot 9
[2022-12-12 12:59:07] [SEVERE ] removing card from slot 10
[2022-12-12 12:59:07] [SEVERE ] removing card from slot 11
[2022-12-12 12:59:08] [SEVERE ] placing card 1 in slot 0
[2022-12-12 12:59:08] [SEVERE ] placing card 16 in slot 1
[2022-12-12 12:59:08] [SEVERE ] placing card 10 in slot 2
[2022-12-12 12:59:08] [SEVERE ] placing card 41 in slot 3
[2022-12-12 12:59:08] [SEVERE ] placing card 36 in slot 4
[2022-12-12 12:59:08] [SEVERE ] placing card 73 in slot 5
[2022-12-12 12:59:08] [SEVERE ] placing card 66 in slot 6
[2022-12-12 12:59:08] [SEVERE ] placing card 17 in slot 7
[2022-12-12 12:59:08] [SEVERE ] placing card 11 in slot 8
[2022-12-12 12:59:09] [SEVERE ] placing card 35 in slot 9
[2022-12-12 12:59:09] [SEVERE ] placing card 69 in slot 10
[2022-12-12 12:59:09] [SEVERE ] placing card 27 in slot 11
