[2022-12-18 11:14:44] [INFO   ] cannot read configuration file config.properties trying from resources.
[2022-12-18 11:14:44] [INFO   ] configuration file was loaded from resources directory.
[2022-12-18 11:14:44] [INFO   ] Thread dealer starting.
[2022-12-18 11:14:44] [INFO   ] Thread 1starting.
[2022-12-18 11:14:44] [INFO   ] Thread 0starting.
[2022-12-18 11:14:44] [INFO   ] Thread computer-1 starting.
[2022-12-18 11:14:44] [SEVERE ] placing card 73 in slot 0
[2022-12-18 11:14:44] [SEVERE ] placing card 18 in slot 1
[2022-12-18 11:14:45] [SEVERE ] placing card 15 in slot 2
[2022-12-18 11:14:45] [SEVERE ] placing card 59 in slot 3
[2022-12-18 11:14:45] [SEVERE ] placing card 40 in slot 4
[2022-12-18 11:14:45] [SEVERE ] placing card 66 in slot 5
[2022-12-18 11:14:45] [SEVERE ] placing card 56 in slot 6
[2022-12-18 11:14:45] [SEVERE ] placing card 37 in slot 7
[2022-12-18 11:14:45] [SEVERE ] placing card 1 in slot 8
[2022-12-18 11:14:45] [SEVERE ] placing card 21 in slot 9
[2022-12-18 11:14:45] [SEVERE ] placing card 55 in slot 10
[2022-12-18 11:14:46] [SEVERE ] placing card 6 in slot 11
[2022-12-18 11:14:46] [SEVERE ] player 1 placing token on slot 6
[2022-12-18 11:14:46] [SEVERE ] player 1 placing token on slot 4
[2022-12-18 11:14:46] [SEVERE ] removing player 1 token from slot 6
[2022-12-18 11:14:46] [SEVERE ] player 1 placing token on slot 5
[2022-12-18 11:14:46] [SEVERE ] player 1 placing token on slot 9
[2022-12-18 11:14:46] [SEVERE ] setting player 1 freeze to 3000
[2022-12-18 11:14:47] [SEVERE ] setting player 1 freeze to 2039
[2022-12-18 11:14:48] [SEVERE ] setting player 1 freeze to 1082
[2022-12-18 11:14:49] [SEVERE ] setting player 1 freeze to 130
[2022-12-18 11:14:50] [SEVERE ] setting player 1 freeze to 0
[2022-12-18 11:14:50] [SEVERE ] removing player 1 token from slot 4
[2022-12-18 11:14:50] [SEVERE ] removing player 1 token from slot 9
[2022-12-18 11:14:50] [SEVERE ] player 1 placing token on slot 10
[2022-12-18 11:14:50] [SEVERE ] player 1 placing token on slot 0
[2022-12-18 11:14:50] [SEVERE ] setting player 1 freeze to 3000
[2022-12-18 11:14:51] [SEVERE ] setting player 1 freeze to 2045
[2022-12-18 11:14:52] [SEVERE ] setting player 1 freeze to 1094
[2022-12-18 11:14:53] [SEVERE ] setting player 1 freeze to 140
[2022-12-18 11:14:54] [SEVERE ] setting player 1 freeze to 0
[2022-12-18 11:14:55] [SEVERE ] removing player 1 token from slot 0
[2022-12-18 11:14:55] [SEVERE ] removing player 1 token from slot 10
[2022-12-18 11:14:55] [SEVERE ] player 1 placing token on slot 4
[2022-12-18 11:14:55] [SEVERE ] removing player 1 token from slot 4
[2022-12-18 11:14:55] [SEVERE ] player 1 placing token on slot 9
[2022-12-18 11:14:55] [SEVERE ] player 1 placing token on slot 1
[2022-12-18 11:14:55] [SEVERE ] setting player 1 freeze to 3000
[2022-12-18 11:14:56] [SEVERE ] setting player 1 freeze to 2047
[2022-12-18 11:14:57] [SEVERE ] setting player 1 freeze to 1085
[2022-12-18 11:14:58] [SEVERE ] setting player 1 freeze to 133
[2022-12-18 11:14:59] [SEVERE ] setting player 1 freeze to 0
[2022-12-18 11:15:00] [SEVERE ] removing player 1 token from slot 5
[2022-12-18 11:15:00] [SEVERE ] removing player 1 token from slot 1
[2022-12-18 11:15:00] [SEVERE ] player 1 placing token on slot 11
[2022-12-18 11:15:00] [SEVERE ] player 1 placing token on slot 6
[2022-12-18 11:15:00] [SEVERE ] setting player 1 freeze to 3000
[2022-12-18 11:15:01] [SEVERE ] setting player 1 freeze to 2037
[2022-12-18 11:15:02] [SEVERE ] setting player 1 freeze to 1083
[2022-12-18 11:15:03] [SEVERE ] setting player 1 freeze to 132
[2022-12-18 11:15:04] [SEVERE ] Key 83 was pressed by player 0
[2022-12-18 11:15:04] [SEVERE ] player 0 placing token on slot 5
[2022-12-18 11:15:04] [SEVERE ] Key 68 was pressed by player 0
[2022-12-18 11:15:04] [SEVERE ] player 0 placing token on slot 6
[2022-12-18 11:15:04] [SEVERE ] setting player 1 freeze to 0
[2022-12-18 11:15:04] [SEVERE ] removing player 1 token from slot 9
[2022-12-18 11:15:04] [SEVERE ] Key 69 was pressed by player 0
[2022-12-18 11:15:04] [SEVERE ] player 0 placing token on slot 2
[2022-12-18 11:15:04] [SEVERE ] setting player 0 freeze to 3000
[2022-12-18 11:15:04] [SEVERE ] player 1 placing token on slot 5
[2022-12-18 11:15:04] [SEVERE ] setting player 1 freeze to 3000
[2022-12-18 11:15:05] [SEVERE ] setting player 0 freeze to 2043
[2022-12-18 11:15:05] [SEVERE ] setting player 1 freeze to 2039
[2022-12-18 11:15:06] [SEVERE ] setting player 0 freeze to 1079
[2022-12-18 11:15:06] [SEVERE ] setting player 1 freeze to 1074
[2022-12-18 11:15:06] [SEVERE ] Key 68 was pressed by player 0
[2022-12-18 11:15:07] [SEVERE ] Key 83 was pressed by player 0
[2022-12-18 11:15:07] [SEVERE ] setting player 0 freeze to 118
[2022-12-18 11:15:07] [SEVERE ] setting player 1 freeze to 113
[2022-12-18 11:15:08] [SEVERE ] setting player 0 freeze to 0
[2022-12-18 11:15:08] [SEVERE ] removing player 0 token from slot 6
[2022-12-18 11:15:08] [SEVERE ] removing player 0 token from slot 5
[2022-12-18 11:15:08] [SEVERE ] setting player 1 freeze to 0
[2022-12-18 11:15:08] [SEVERE ] removing player 1 token from slot 5
[2022-12-18 11:15:08] [SEVERE ] Key 68 was pressed by player 0
[2022-12-18 11:15:08] [SEVERE ] player 0 placing token on slot 6
[2022-12-18 11:15:09] [SEVERE ] player 1 placing token on slot 1
[2022-12-18 11:15:09] [SEVERE ] setting player 1 freeze to 3000
[2022-12-18 11:15:09] [SEVERE ] Key 83 was pressed by player 0
[2022-12-18 11:15:09] [SEVERE ] player 0 placing token on slot 5
[2022-12-18 11:15:09] [SEVERE ] setting player 0 freeze to 3000
[2022-12-18 11:15:10] [SEVERE ] setting player 1 freeze to 2038
[2022-12-18 11:15:10] [SEVERE ] Key 82 was pressed by player 0
[2022-12-18 11:15:10] [SEVERE ] Key 83 was pressed by player 0
[2022-12-18 11:15:10] [SEVERE ] setting player 0 freeze to 2036
[2022-12-18 11:15:10] [SEVERE ] Key 69 was pressed by player 0
[2022-12-18 11:15:11] [SEVERE ] setting player 1 freeze to 1081
[2022-12-18 11:15:11] [SEVERE ] Key 82 was pressed by player 0
[2022-12-18 11:15:11] [INFO   ] Only 3 actions at a time
[2022-12-18 11:15:11] [SEVERE ] setting player 0 freeze to 1075
[2022-12-18 11:15:11] [SEVERE ] setting player 1 freeze to 121
[2022-12-18 11:15:12] [SEVERE ] setting player 0 freeze to 118
[2022-12-18 11:15:12] [SEVERE ] setting player 1 freeze to 0
[2022-12-18 11:15:13] [SEVERE ] removing player 1 token from slot 11
[2022-12-18 11:15:13] [SEVERE ] player 1 placing token on slot 4
[2022-12-18 11:15:13] [SEVERE ] setting player 1 freeze to 3000
[2022-12-18 11:15:13] [SEVERE ] setting player 0 freeze to 0
[2022-12-18 11:15:14] [SEVERE ] setting player 1 freeze to 2035
[2022-12-18 11:15:15] [SEVERE ] setting player 1 freeze to 1082
[2022-12-18 11:15:15] [SEVERE ] Key 83 was pressed by player 0
[2022-12-18 11:15:15] [SEVERE ] removing player 0 token from slot 5
[2022-12-18 11:15:15] [SEVERE ] Key 69 was pressed by player 0
[2022-12-18 11:15:15] [SEVERE ] removing player 0 token from slot 2
[2022-12-18 11:15:16] [SEVERE ] Key 82 was pressed by player 0
[2022-12-18 11:15:16] [SEVERE ] player 0 placing token on slot 3
[2022-12-18 11:15:16] [SEVERE ] setting player 1 freeze to 117
[2022-12-18 11:15:16] [SEVERE ] Key 83 was pressed by player 0
[2022-12-18 11:15:16] [SEVERE ] player 0 placing token on slot 5
[2022-12-18 11:15:16] [SEVERE ] setting player 0 freeze to 3000
[2022-12-18 11:15:17] [SEVERE ] setting player 1 freeze to 0
[2022-12-18 11:15:17] [SEVERE ] removing player 1 token from slot 1
[2022-12-18 11:15:17] [SEVERE ] removing player 1 token from slot 4
[2022-12-18 11:15:17] [SEVERE ] player 1 placing token on slot 10
[2022-12-18 11:15:17] [SEVERE ] player 1 placing token on slot 2
[2022-12-18 11:15:17] [SEVERE ] setting player 1 freeze to 3000
[2022-12-18 11:15:17] [SEVERE ] setting player 0 freeze to 2041
[2022-12-18 11:15:18] [SEVERE ] setting player 1 freeze to 2041
[2022-12-18 11:15:18] [SEVERE ] setting player 0 freeze to 1083
[2022-12-18 11:15:19] [SEVERE ] setting player 1 freeze to 1082
[2022-12-18 11:15:19] [SEVERE ] setting player 0 freeze to 125
[2022-12-18 11:15:20] [SEVERE ] setting player 1 freeze to 125
[2022-12-18 11:15:20] [SEVERE ] setting player 0 freeze to 0
