[2022-12-17 12:32:55] [INFO   ] cannot read configuration file config.properties trying from resources.
[2022-12-17 12:32:55] [INFO   ] configuration file was loaded from resources directory.
[2022-12-17 12:32:56] [INFO   ] Thread dealer starting.
[2022-12-17 12:32:56] [INFO   ] Thread 1starting.
[2022-12-17 12:32:56] [INFO   ] Thread 0starting.
[2022-12-17 12:32:56] [SEVERE ] placing card 0 in slot 0
[2022-12-17 12:32:56] [SEVERE ] placing card 61 in slot 1
[2022-12-17 12:32:56] [SEVERE ] placing card 58 in slot 2
[2022-12-17 12:32:56] [SEVERE ] placing card 32 in slot 3
[2022-12-17 12:32:56] [SEVERE ] placing card 59 in slot 4
[2022-12-17 12:32:56] [SEVERE ] placing card 30 in slot 5
[2022-12-17 12:32:57] [SEVERE ] placing card 41 in slot 6
[2022-12-17 12:32:57] [SEVERE ] placing card 66 in slot 7
[2022-12-17 12:32:57] [SEVERE ] placing card 1 in slot 8
[2022-12-17 12:32:57] [SEVERE ] placing card 65 in slot 9
[2022-12-17 12:32:57] [SEVERE ] placing card 37 in slot 10
[2022-12-17 12:32:57] [SEVERE ] placing card 74 in slot 11
[2022-12-17 12:33:09] [SEVERE ] Key 81 was pressed by player 0
[2022-12-17 12:33:09] [SEVERE ] player 0 placing token on slot 0
[2022-12-17 12:33:11] [SEVERE ] Key 67 was pressed by player 0
[2022-12-17 12:33:11] [SEVERE ] player 0 placing token on slot 10
[2022-12-17 12:33:17] [SEVERE ] Key 73 was pressed by player 1
[2022-12-17 12:33:17] [SEVERE ] player 1 placing token on slot 1
[2022-12-17 12:33:28] [SEVERE ] Key 67 was pressed by player 0
[2022-12-17 12:33:28] [SEVERE ] removing player 0 token from slot 10
[2022-12-17 12:33:29] [SEVERE ] Key 86 was pressed by player 0
[2022-12-17 12:33:29] [SEVERE ] player 0 placing token on slot 11
[2022-12-17 12:33:32] [SEVERE ] Key 47 was pressed by player 1
[2022-12-17 12:33:32] [SEVERE ] player 1 placing token on slot 11
[2022-12-17 12:33:43] [SEVERE ] Key 67 was pressed by player 0
[2022-12-17 12:33:43] [SEVERE ] player 0 placing token on slot 10
[2022-12-17 12:33:43] [SEVERE ] setting player 0 score to 1
[2022-12-17 12:33:43] [SEVERE ] Key 59 was pressed by player 1
[2022-12-17 12:33:43] [SEVERE ] player 1 placing token on slot 7
[2022-12-17 12:33:43] [SEVERE ] setting player 0 freeze to 1000
[2022-12-17 12:33:44] [SEVERE ] setting player 0 freeze to 43
[2022-12-17 12:33:45] [SEVERE ] setting player 0 freeze to 0
[2022-12-17 12:33:45] [SEVERE ] removing player 0 token from slot 0
[2022-12-17 12:33:45] [SEVERE ] removing player 0 token from slot 11
[2022-12-17 12:33:45] [SEVERE ] removing player 0 token from slot 10
[2022-12-17 12:33:45] [SEVERE ] removing player 1 token from slot 11
[2022-12-17 12:33:45] [INFO   ] Thread main terminated.
