[2022-12-14 18:31:12] [INFO   ] cannot read configuration file config.properties trying from resources.
[2022-12-14 18:31:12] [INFO   ] configuration file was loaded from resources directory.
[2022-12-14 18:31:12] [INFO   ] Thread dealer starting.
[2022-12-14 18:31:12] [INFO   ] Thread 0starting.
[2022-12-14 18:31:12] [INFO   ] Thread 1starting.
[2022-12-14 18:31:13] [SEVERE ] placing card 79 in slot 0
[2022-12-14 18:31:13] [SEVERE ] placing card 32 in slot 1
[2022-12-14 18:31:13] [SEVERE ] placing card 50 in slot 2
[2022-12-14 18:31:13] [SEVERE ] placing card 52 in slot 3
[2022-12-14 18:31:13] [SEVERE ] placing card 49 in slot 4
[2022-12-14 18:31:13] [SEVERE ] placing card 64 in slot 5
[2022-12-14 18:31:13] [SEVERE ] placing card 29 in slot 6
[2022-12-14 18:31:13] [SEVERE ] placing card 6 in slot 7
[2022-12-14 18:31:13] [SEVERE ] placing card 2 in slot 8
[2022-12-14 18:31:13] [SEVERE ] placing card 42 in slot 9
[2022-12-14 18:31:14] [SEVERE ] placing card 69 in slot 10
[2022-12-14 18:31:14] [SEVERE ] placing card 9 in slot 11
[2022-12-14 18:31:22] [SEVERE ] Key 74 was pressed by player 1
[2022-12-14 18:31:22] [SEVERE ] player 1 placing token on slot 4
[2022-12-14 18:31:23] [SEVERE ] Key 86 was pressed by player 0
[2022-12-14 18:31:23] [SEVERE ] player 0 placing token on slot 11
[2022-12-14 18:31:24] [SEVERE ] Key 74 was pressed by player 1
[2022-12-14 18:31:24] [SEVERE ] removing player 1 token from slot 4
[2022-12-14 18:31:26] [SEVERE ] Key 70 was pressed by player 0
[2022-12-14 18:31:26] [SEVERE ] player 0 placing token on slot 7
[2022-12-14 18:31:26] [SEVERE ] Key 82 was pressed by player 0
[2022-12-14 18:31:26] [SEVERE ] player 0 placing token on slot 3
[2022-12-14 18:31:26] [SEVERE ] setting player 0 freeze to 3000
[2022-12-14 18:31:27] [SEVERE ] setting player 0 freeze to 2043
[2022-12-14 18:31:28] [SEVERE ] Key 67 was pressed by player 0
[2022-12-14 18:31:28] [SEVERE ] setting player 0 freeze to 1086
[2022-12-14 18:31:28] [SEVERE ] Key 87 was pressed by player 0
[2022-12-14 18:31:29] [SEVERE ] Key 65 was pressed by player 0
[2022-12-14 18:31:29] [SEVERE ] Key 81 was pressed by player 0
[2022-12-14 18:31:29] [INFO   ] Only 3 action in a time
[2022-12-14 18:31:29] [SEVERE ] setting player 0 freeze to 127
[2022-12-14 18:31:30] [SEVERE ] setting player 0 freeze to 0
[2022-12-14 18:31:30] [SEVERE ] Key 65 was pressed by player 0
[2022-12-14 18:31:32] [SEVERE ] Key 83 was pressed by player 0
[2022-12-14 18:31:34] [SEVERE ] Key 44 was pressed by player 1
[2022-12-14 18:31:34] [SEVERE ] player 1 placing token on slot 9
[2022-12-14 18:31:35] [SEVERE ] Key 75 was pressed by player 1
[2022-12-14 18:31:35] [SEVERE ] player 1 placing token on slot 5
[2022-12-14 18:31:35] [SEVERE ] Key 77 was pressed by player 1
[2022-12-14 18:31:35] [SEVERE ] player 1 placing token on slot 8
[2022-12-14 18:31:35] [SEVERE ] setting player 1 freeze to 3000
[2022-12-14 18:31:36] [SEVERE ] setting player 1 freeze to 2038
[2022-12-14 18:31:37] [SEVERE ] setting player 1 freeze to 1078
[2022-12-14 18:31:38] [SEVERE ] setting player 1 freeze to 120
[2022-12-14 18:31:39] [SEVERE ] setting player 1 freeze to 0
[2022-12-14 18:31:40] [SEVERE ] Key 90 was pressed by player 0
[2022-12-14 18:31:41] [SEVERE ] Key 90 was pressed by player 0
[2022-12-14 18:31:41] [SEVERE ] Key 65 was pressed by player 0
[2022-12-14 18:31:41] [SEVERE ] Key 65 was pressed by player 0
[2022-12-14 18:31:42] [SEVERE ] Key 81 was pressed by player 0
[2022-12-14 18:31:43] [SEVERE ] Key 83 was pressed by player 0
[2022-12-14 18:31:44] [SEVERE ] Key 88 was pressed by player 0
[2022-12-14 18:31:44] [SEVERE ] Key 69 was pressed by player 0
[2022-12-14 18:31:44] [SEVERE ] Key 69 was pressed by player 0
[2022-12-14 18:31:46] [SEVERE ] Key 67 was pressed by player 0
[2022-12-14 18:31:46] [SEVERE ] Key 68 was pressed by player 0
[2022-12-14 18:31:47] [SEVERE ] Key 90 was pressed by player 0
[2022-12-14 18:31:48] [SEVERE ] Key 90 was pressed by player 0
[2022-12-14 18:31:48] [SEVERE ] Key 65 was pressed by player 0
[2022-12-14 18:31:49] [SEVERE ] Key 65 was pressed by player 0
[2022-12-14 18:31:49] [SEVERE ] Key 87 was pressed by player 0
[2022-12-14 18:31:49] [SEVERE ] Key 87 was pressed by player 0
[2022-12-14 18:31:49] [SEVERE ] Key 83 was pressed by player 0
[2022-12-14 18:31:49] [SEVERE ] Key 83 was pressed by player 0
[2022-12-14 18:31:50] [SEVERE ] Key 88 was pressed by player 0
[2022-12-14 18:31:50] [SEVERE ] Key 68 was pressed by player 0
[2022-12-14 18:31:51] [SEVERE ] Key 68 was pressed by player 0
[2022-12-14 18:31:51] [SEVERE ] Key 70 was pressed by player 0
[2022-12-14 18:31:51] [SEVERE ] removing player 0 token from slot 7
[2022-12-14 18:31:51] [SEVERE ] Key 82 was pressed by player 0
[2022-12-14 18:31:51] [SEVERE ] removing player 0 token from slot 3
[2022-12-14 18:31:52] [SEVERE ] Key 70 was pressed by player 0
[2022-12-14 18:31:52] [SEVERE ] player 0 placing token on slot 7
[2022-12-14 18:31:54] [SEVERE ] Key 82 was pressed by player 0
[2022-12-14 18:31:54] [SEVERE ] player 0 placing token on slot 3
[2022-12-14 18:31:54] [SEVERE ] setting player 0 freeze to 3000
[2022-12-14 18:31:55] [SEVERE ] setting player 0 freeze to 2036
[2022-12-14 18:31:56] [SEVERE ] setting player 0 freeze to 1078
[2022-12-14 18:31:57] [SEVERE ] setting player 0 freeze to 118
[2022-12-14 18:31:58] [SEVERE ] setting player 0 freeze to 0
[2022-12-14 18:31:59] [SEVERE ] Key 82 was pressed by player 0
[2022-12-14 18:31:59] [SEVERE ] removing player 0 token from slot 3
[2022-12-14 18:31:59] [SEVERE ] Key 69 was pressed by player 0
[2022-12-14 18:31:59] [SEVERE ] player 0 placing token on slot 2
[2022-12-14 18:31:59] [SEVERE ] setting player 0 freeze to 3000
[2022-12-14 18:32:00] [SEVERE ] setting player 0 freeze to 2039
[2022-12-14 18:32:01] [SEVERE ] setting player 0 freeze to 1085
[2022-12-14 18:32:02] [SEVERE ] setting player 0 freeze to 126
[2022-12-14 18:32:03] [SEVERE ] setting player 0 freeze to 0
