[2022-12-14 16:43:58] [INFO   ] cannot read configuration file config.properties trying from resources.
[2022-12-14 16:43:58] [INFO   ] configuration file was loaded from resources directory.
[2022-12-14 16:43:59] [INFO   ] Thread 0starting.
[2022-12-14 16:43:59] [INFO   ] Thread dealer starting.
[2022-12-14 16:43:59] [INFO   ] Thread 1starting.
[2022-12-14 16:43:59] [SEVERE ] placing card 78 in slot 0
[2022-12-14 16:43:59] [SEVERE ] placing card 62 in slot 1
[2022-12-14 16:43:59] [SEVERE ] placing card 45 in slot 2
[2022-12-14 16:44:00] [SEVERE ] placing card 36 in slot 3
[2022-12-14 16:44:00] [SEVERE ] placing card 43 in slot 4
[2022-12-14 16:44:00] [SEVERE ] placing card 67 in slot 5
[2022-12-14 16:44:00] [SEVERE ] placing card 13 in slot 6
[2022-12-14 16:44:00] [SEVERE ] placing card 5 in slot 7
[2022-12-14 16:44:00] [SEVERE ] placing card 79 in slot 8
[2022-12-14 16:44:00] [SEVERE ] placing card 61 in slot 9
[2022-12-14 16:44:00] [SEVERE ] placing card 58 in slot 10
[2022-12-14 16:44:00] [SEVERE ] placing card 12 in slot 11
[2022-12-14 16:44:11] [SEVERE ] Key 80 was pressed by player 1
[2022-12-14 16:44:11] [SEVERE ] player 1 placing token on slot 3
[2022-12-14 16:44:11] [SEVERE ] Key 76 was pressed by player 1
[2022-12-14 16:44:11] [SEVERE ] player 1 placing token on slot 6
[2022-12-14 16:44:12] [SEVERE ] Key 75 was pressed by player 1
[2022-12-14 16:44:12] [SEVERE ] player 1 placing token on slot 5
[2022-12-14 16:44:12] [SEVERE ] setting player 1 freeze to 3000
[2022-12-14 16:44:13] [SEVERE ] setting player 1 freeze to 2047
[2022-12-14 16:44:14] [SEVERE ] setting player 1 freeze to 1091
[2022-12-14 16:44:15] [SEVERE ] setting player 1 freeze to 125
[2022-12-14 16:44:16] [SEVERE ] setting player 1 freeze to 0
[2022-12-14 16:44:25] [SEVERE ] Key 74 was pressed by player 1
[2022-12-14 16:44:31] [SEVERE ] Key 75 was pressed by player 1
[2022-12-14 16:44:31] [SEVERE ] removing player 1 token from slot 5
[2022-12-14 16:44:32] [SEVERE ] Key 74 was pressed by player 1
[2022-12-14 16:44:32] [SEVERE ] player 1 placing token on slot 4
[2022-12-14 16:44:32] [SEVERE ] setting player 1 freeze to 3000
[2022-12-14 16:44:32] [SEVERE ] Key 74 was pressed by player 1
[2022-12-14 16:44:32] [SEVERE ] Key 75 was pressed by player 1
[2022-12-14 16:44:33] [SEVERE ] setting player 1 freeze to 2035
[2022-12-14 16:44:33] [SEVERE ] Key 70 was pressed by player 0
[2022-12-14 16:44:33] [SEVERE ] player 0 placing token on slot 7
[2022-12-14 16:44:33] [SEVERE ] Key 83 was pressed by player 0
[2022-12-14 16:44:33] [SEVERE ] player 0 placing token on slot 5
[2022-12-14 16:44:33] [SEVERE ] Key 68 was pressed by player 0
[2022-12-14 16:44:33] [SEVERE ] player 0 placing token on slot 6
[2022-12-14 16:44:33] [INFO   ] Thread main terminated.
