[2022-12-13 19:29:42] [INFO   ] cannot read configuration file config.properties trying from resources.
[2022-12-13 19:29:42] [INFO   ] configuration file was loaded from resources directory.
[2022-12-13 19:29:43] [INFO   ] Thread dealer starting.
[2022-12-13 19:29:43] [INFO   ] Thread 1starting.
[2022-12-13 19:29:43] [INFO   ] Thread 0starting.
[2022-12-13 19:29:43] [SEVERE ] placing card 59 in slot 0
[2022-12-13 19:29:43] [SEVERE ] placing card 73 in slot 1
[2022-12-13 19:29:43] [SEVERE ] placing card 28 in slot 2
[2022-12-13 19:29:43] [SEVERE ] placing card 32 in slot 3
[2022-12-13 19:29:44] [SEVERE ] placing card 23 in slot 4
[2022-12-13 19:29:44] [SEVERE ] placing card 11 in slot 5
[2022-12-13 19:29:44] [SEVERE ] placing card 80 in slot 6
[2022-12-13 19:29:44] [SEVERE ] placing card 45 in slot 7
[2022-12-13 19:29:44] [SEVERE ] placing card 36 in slot 8
[2022-12-13 19:29:44] [SEVERE ] placing card 29 in slot 9
[2022-12-13 19:29:44] [SEVERE ] placing card 9 in slot 10
[2022-12-13 19:29:44] [SEVERE ] placing card 31 in slot 11
[2022-12-13 19:29:45] [SEVERE ] Key 81 was pressed by player 0
[2022-12-13 19:29:45] [SEVERE ] player 0 placing token on slot 0
[2022-12-13 19:29:45] [SEVERE ] Key 87 was pressed by player 0
[2022-12-13 19:29:45] [SEVERE ] player 0 placing token on slot 1
[2022-12-13 19:29:46] [SEVERE ] Key 69 was pressed by player 0
[2022-12-13 19:29:46] [SEVERE ] player 0 placing token on slot 2
