[2022-12-14 18:12:26] [INFO   ] cannot read configuration file config.properties trying from resources.
[2022-12-14 18:12:26] [INFO   ] configuration file was loaded from resources directory.
[2022-12-14 18:12:27] [INFO   ] Thread dealer starting.
[2022-12-14 18:12:27] [INFO   ] Thread 0starting.
[2022-12-14 18:12:27] [INFO   ] Thread 1starting.
[2022-12-14 18:12:27] [SEVERE ] placing card 21 in slot 0
[2022-12-14 18:12:27] [SEVERE ] placing card 48 in slot 1
[2022-12-14 18:12:27] [SEVERE ] placing card 15 in slot 2
[2022-12-14 18:12:27] [SEVERE ] placing card 42 in slot 3
[2022-12-14 18:12:27] [SEVERE ] placing card 63 in slot 4
[2022-12-14 18:12:27] [SEVERE ] placing card 52 in slot 5
[2022-12-14 18:12:28] [SEVERE ] placing card 51 in slot 6
[2022-12-14 18:12:28] [SEVERE ] placing card 58 in slot 7
[2022-12-14 18:12:28] [SEVERE ] placing card 19 in slot 8
[2022-12-14 18:12:28] [SEVERE ] placing card 38 in slot 9
[2022-12-14 18:12:28] [SEVERE ] placing card 14 in slot 10
[2022-12-14 18:12:28] [SEVERE ] placing card 1 in slot 11
[2022-12-14 18:12:30] [SEVERE ] Key 83 was pressed by player 0
[2022-12-14 18:12:30] [SEVERE ] player 0 placing token on slot 5
[2022-12-14 18:12:31] [SEVERE ] Key 69 was pressed by player 0
[2022-12-14 18:12:31] [SEVERE ] player 0 placing token on slot 2
[2022-12-14 18:12:31] [SEVERE ] Key 83 was pressed by player 0
[2022-12-14 18:12:31] [SEVERE ] removing player 0 token from slot 5
[2022-12-14 18:12:32] [SEVERE ] Key 83 was pressed by player 0
[2022-12-14 18:12:32] [SEVERE ] player 0 placing token on slot 5
[2022-12-14 18:12:32] [SEVERE ] Key 69 was pressed by player 0
[2022-12-14 18:12:32] [SEVERE ] removing player 0 token from slot 2
[2022-12-14 18:12:32] [SEVERE ] Key 87 was pressed by player 0
[2022-12-14 18:12:32] [SEVERE ] player 0 placing token on slot 1
[2022-12-14 18:12:33] [SEVERE ] Key 69 was pressed by player 0
[2022-12-14 18:12:33] [SEVERE ] player 0 placing token on slot 2
[2022-12-14 18:12:33] [SEVERE ] setting player 0 freeze to 3000
[2022-12-14 18:12:34] [SEVERE ] setting player 0 freeze to 2046
[2022-12-14 18:12:35] [SEVERE ] setting player 0 freeze to 1085
[2022-12-14 18:12:36] [SEVERE ] setting player 0 freeze to 132
[2022-12-14 18:12:37] [SEVERE ] setting player 0 freeze to 0
[2022-12-14 18:12:38] [SEVERE ] Key 68 was pressed by player 0
[2022-12-14 18:12:40] [SEVERE ] Key 90 was pressed by player 0
[2022-12-14 18:12:41] [SEVERE ] Key 87 was pressed by player 0
[2022-12-14 18:12:41] [SEVERE ] removing player 0 token from slot 1
[2022-12-14 18:12:42] [SEVERE ] Key 83 was pressed by player 0
[2022-12-14 18:12:42] [SEVERE ] removing player 0 token from slot 5
[2022-12-14 18:12:42] [SEVERE ] Key 83 was pressed by player 0
[2022-12-14 18:12:42] [SEVERE ] player 0 placing token on slot 5
[2022-12-14 18:12:43] [SEVERE ] Key 68 was pressed by player 0
[2022-12-14 18:12:43] [SEVERE ] player 0 placing token on slot 6
[2022-12-14 18:12:52] [SEVERE ] Key 68 was pressed by player 0
[2022-12-14 18:12:52] [SEVERE ] removing player 0 token from slot 6
[2022-12-14 18:12:53] [SEVERE ] Key 68 was pressed by player 0
[2022-12-14 18:12:53] [SEVERE ] player 0 placing token on slot 6
[2022-12-14 18:12:55] [SEVERE ] Key 68 was pressed by player 0
[2022-12-14 18:12:55] [SEVERE ] removing player 0 token from slot 6
[2022-12-14 18:12:55] [SEVERE ] Key 68 was pressed by player 0
[2022-12-14 18:12:55] [SEVERE ] player 0 placing token on slot 6
[2022-12-14 18:12:56] [SEVERE ] Key 69 was pressed by player 0
[2022-12-14 18:12:56] [SEVERE ] removing player 0 token from slot 2
[2022-12-14 18:12:56] [SEVERE ] Key 69 was pressed by player 0
[2022-12-14 18:12:56] [SEVERE ] player 0 placing token on slot 2
[2022-12-14 18:12:56] [SEVERE ] setting player 0 freeze to 3000
[2022-12-14 18:12:57] [SEVERE ] setting player 0 freeze to 2037
[2022-12-14 18:12:58] [SEVERE ] setting player 0 freeze to 1079
[2022-12-14 18:12:59] [SEVERE ] setting player 0 freeze to 122
[2022-12-14 18:13:00] [SEVERE ] setting player 0 freeze to 0
[2022-12-14 18:13:03] [SEVERE ] Key 82 was pressed by player 0
[2022-12-14 18:13:04] [SEVERE ] Key 70 was pressed by player 0
[2022-12-14 18:13:05] [SEVERE ] Key 68 was pressed by player 0
[2022-12-14 18:13:05] [SEVERE ] removing player 0 token from slot 6
[2022-12-14 18:13:05] [SEVERE ] Key 68 was pressed by player 0
[2022-12-14 18:13:05] [SEVERE ] player 0 placing token on slot 6
[2022-12-14 18:13:06] [SEVERE ] Key 68 was pressed by player 0
[2022-12-14 18:13:06] [SEVERE ] removing player 0 token from slot 6
[2022-12-14 18:13:06] [SEVERE ] Key 68 was pressed by player 0
[2022-12-14 18:13:06] [SEVERE ] player 0 placing token on slot 6
[2022-12-14 18:13:08] [SEVERE ] Key 68 was pressed by player 0
[2022-12-14 18:13:08] [SEVERE ] removing player 0 token from slot 6
[2022-12-14 18:13:09] [SEVERE ] Key 87 was pressed by player 0
[2022-12-14 18:13:09] [SEVERE ] player 0 placing token on slot 1
[2022-12-14 18:13:28] [SEVERE ] removing card from slot 0
[2022-12-14 18:13:28] [SEVERE ] removing card from slot 1
[2022-12-14 18:13:28] [SEVERE ] removing card from slot 2
[2022-12-14 18:13:29] [SEVERE ] removing card from slot 3
[2022-12-14 18:13:29] [SEVERE ] removing card from slot 4
[2022-12-14 18:13:29] [SEVERE ] removing card from slot 5
[2022-12-14 18:13:29] [SEVERE ] removing card from slot 6
[2022-12-14 18:13:29] [SEVERE ] removing card from slot 7
[2022-12-14 18:13:29] [SEVERE ] removing card from slot 8
[2022-12-14 18:13:29] [SEVERE ] removing card from slot 9
[2022-12-14 18:13:29] [SEVERE ] removing card from slot 10
[2022-12-14 18:13:29] [SEVERE ] removing card from slot 11
[2022-12-14 18:13:30] [SEVERE ] placing card 40 in slot 0
[2022-12-14 18:13:30] [SEVERE ] placing card 32 in slot 1
[2022-12-14 18:13:30] [SEVERE ] placing card 29 in slot 2
[2022-12-14 18:13:30] [SEVERE ] placing card 44 in slot 3
[2022-12-14 18:13:30] [SEVERE ] placing card 5 in slot 4
[2022-12-14 18:13:30] [SEVERE ] placing card 9 in slot 5
[2022-12-14 18:13:30] [SEVERE ] placing card 1 in slot 6
[2022-12-14 18:13:30] [SEVERE ] placing card 26 in slot 7
[2022-12-14 18:13:30] [SEVERE ] placing card 34 in slot 8
[2022-12-14 18:13:31] [SEVERE ] placing card 71 in slot 9
[2022-12-14 18:13:31] [SEVERE ] placing card 23 in slot 10
[2022-12-14 18:13:31] [SEVERE ] placing card 28 in slot 11
