[2022-12-14 19:10:09] [INFO   ] cannot read configuration file config.properties trying from resources.
[2022-12-14 19:10:09] [INFO   ] configuration file was loaded from resources directory.
[2022-12-14 19:10:10] [INFO   ] Thread dealer starting.
[2022-12-14 19:10:10] [INFO   ] Thread 0starting.
[2022-12-14 19:10:10] [INFO   ] Thread 1starting.
[2022-12-14 19:10:10] [SEVERE ] placing card 58 in slot 0
[2022-12-14 19:10:10] [SEVERE ] placing card 28 in slot 1
[2022-12-14 19:10:10] [SEVERE ] placing card 56 in slot 2
[2022-12-14 19:10:10] [SEVERE ] placing card 54 in slot 3
[2022-12-14 19:10:10] [SEVERE ] placing card 57 in slot 4
[2022-12-14 19:10:10] [SEVERE ] placing card 69 in slot 5
[2022-12-14 19:10:10] [SEVERE ] placing card 60 in slot 6
[2022-12-14 19:10:10] [SEVERE ] placing card 13 in slot 7
[2022-12-14 19:10:11] [SEVERE ] placing card 79 in slot 8
[2022-12-14 19:10:11] [SEVERE ] placing card 27 in slot 9
[2022-12-14 19:10:11] [SEVERE ] placing card 21 in slot 10
[2022-12-14 19:10:11] [SEVERE ] placing card 34 in slot 11
[2022-12-14 19:10:29] [SEVERE ] Key 80 was pressed by player 1
[2022-12-14 19:10:29] [SEVERE ] player 1 placing token on slot 3
[2022-12-14 19:10:29] [SEVERE ] Key 81 was pressed by player 0
[2022-12-14 19:10:29] [SEVERE ] player 0 placing token on slot 0
[2022-12-14 19:10:30] [SEVERE ] Key 74 was pressed by player 1
[2022-12-14 19:10:30] [SEVERE ] player 1 placing token on slot 4
[2022-12-14 19:10:31] [SEVERE ] Key 69 was pressed by player 0
[2022-12-14 19:10:31] [SEVERE ] player 0 placing token on slot 2
[2022-12-14 19:10:45] [SEVERE ] Key 68 was pressed by player 0
[2022-12-14 19:10:45] [SEVERE ] player 0 placing token on slot 6
[2022-12-14 19:10:45] [INFO   ] Thread main terminated.
