[2022-12-18 10:18:05] [INFO   ] cannot read configuration file config.properties trying from resources.
[2022-12-18 10:18:05] [INFO   ] configuration file was loaded from resources directory.
[2022-12-18 10:18:06] [INFO   ] Thread dealer starting.
[2022-12-18 10:18:06] [INFO   ] Thread 0starting.
[2022-12-18 10:18:06] [SEVERE ] placing card 40 in slot 0
[2022-12-18 10:18:06] [SEVERE ] placing card 45 in slot 1
[2022-12-18 10:18:06] [SEVERE ] placing card 28 in slot 2
[2022-12-18 10:18:06] [SEVERE ] placing card 15 in slot 3
[2022-12-18 10:18:06] [SEVERE ] placing card 63 in slot 4
[2022-12-18 10:18:07] [SEVERE ] placing card 12 in slot 5
[2022-12-18 10:18:07] [SEVERE ] placing card 44 in slot 6
[2022-12-18 10:18:07] [SEVERE ] placing card 66 in slot 7
[2022-12-18 10:18:07] [SEVERE ] placing card 21 in slot 8
[2022-12-18 10:18:07] [SEVERE ] placing card 35 in slot 9
[2022-12-18 10:18:07] [SEVERE ] placing card 33 in slot 10
[2022-12-18 10:18:07] [SEVERE ] placing card 7 in slot 11
[2022-12-18 10:18:13] [SEVERE ] Key 81 was pressed by player 0
[2022-12-18 10:18:13] [SEVERE ] player 0 placing token on slot 0
[2022-12-18 10:18:13] [SEVERE ] Key 87 was pressed by player 0
[2022-12-18 10:18:13] [SEVERE ] player 0 placing token on slot 1
[2022-12-18 10:18:21] [SEVERE ] Key 88 was pressed by player 0
[2022-12-18 10:18:21] [SEVERE ] player 0 placing token on slot 9
[2022-12-18 10:18:21] [SEVERE ] removing player 0 token from slot 0
[2022-12-18 10:18:21] [SEVERE ] removing player 0 token from slot 1
[2022-12-18 10:18:21] [SEVERE ] removing player 0 token from slot 9
[2022-12-18 10:18:21] [SEVERE ] setting player 0 score to 1
[2022-12-18 10:18:21] [SEVERE ] placing card 13 in slot 0
[2022-12-18 10:18:21] [SEVERE ] placing card 53 in slot 1
[2022-12-18 10:18:22] [SEVERE ] placing card 43 in slot 9
[2022-12-18 10:18:22] [SEVERE ] setting player 0 freeze to 1000
[2022-12-18 10:18:23] [SEVERE ] setting player 0 freeze to 43
[2022-12-18 10:18:24] [SEVERE ] setting player 0 freeze to 0
[2022-12-18 10:18:28] [SEVERE ] Key 87 was pressed by player 0
[2022-12-18 10:18:28] [SEVERE ] player 0 placing token on slot 1
[2022-12-18 10:18:30] [SEVERE ] Key 88 was pressed by player 0
[2022-12-18 10:18:30] [SEVERE ] player 0 placing token on slot 9
[2022-12-18 10:18:30] [SEVERE ] Key 86 was pressed by player 0
[2022-12-18 10:18:30] [SEVERE ] player 0 placing token on slot 11
[2022-12-18 10:18:30] [SEVERE ] setting player 0 freeze to 3000
[2022-12-18 10:18:31] [SEVERE ] setting player 0 freeze to 2037
[2022-12-18 10:18:32] [SEVERE ] Key 86 was pressed by player 0
[2022-12-18 10:18:32] [SEVERE ] setting player 0 freeze to 1077
[2022-12-18 10:18:33] [SEVERE ] setting player 0 freeze to 121
[2022-12-18 10:18:34] [SEVERE ] setting player 0 freeze to 0
[2022-12-18 10:18:34] [SEVERE ] setting player 0 score to 2
[2022-12-18 10:18:35] [SEVERE ] Key 86 was pressed by player 0
[2022-12-18 10:18:35] [SEVERE ] setting player 0 freeze to 1000
[2022-12-18 10:18:35] [SEVERE ] Key 86 was pressed by player 0
[2022-12-18 10:18:36] [SEVERE ] setting player 0 freeze to 43
[2022-12-18 10:18:37] [SEVERE ] setting player 0 freeze to 0
[2022-12-18 10:18:37] [SEVERE ] removing player 0 token from slot 11
[2022-12-18 10:18:37] [SEVERE ] player 0 placing token on slot 11
[2022-12-18 10:18:37] [SEVERE ] setting player 0 freeze to 3000
[2022-12-18 10:18:38] [SEVERE ] setting player 0 freeze to 2041
[2022-12-18 10:18:39] [SEVERE ] setting player 0 freeze to 1079
[2022-12-18 10:18:40] [SEVERE ] setting player 0 freeze to 123
[2022-12-18 10:18:41] [SEVERE ] setting player 0 freeze to 0
[2022-12-18 10:18:41] [SEVERE ] setting player 0 score to 3
[2022-12-18 10:18:41] [SEVERE ] Key 86 was pressed by player 0
[2022-12-18 10:18:42] [SEVERE ] setting player 0 freeze to 1000
[2022-12-18 10:18:43] [SEVERE ] setting player 0 freeze to 28
[2022-12-18 10:18:44] [SEVERE ] setting player 0 freeze to 0
[2022-12-18 10:18:44] [SEVERE ] removing player 0 token from slot 11
[2022-12-18 10:18:46] [SEVERE ] Key 67 was pressed by player 0
[2022-12-18 10:18:46] [SEVERE ] player 0 placing token on slot 10
[2022-12-18 10:18:46] [SEVERE ] removing player 0 token from slot 1
[2022-12-18 10:18:46] [SEVERE ] removing player 0 token from slot 9
[2022-12-18 10:18:46] [SEVERE ] removing player 0 token from slot 10
[2022-12-18 10:18:46] [SEVERE ] setting player 0 score to 4
[2022-12-18 10:18:46] [SEVERE ] placing card 8 in slot 1
[2022-12-18 10:18:46] [SEVERE ] placing card 70 in slot 9
[2022-12-18 10:18:46] [SEVERE ] placing card 52 in slot 10
[2022-12-18 10:18:47] [SEVERE ] setting player 0 freeze to 1000
[2022-12-18 10:18:48] [SEVERE ] setting player 0 freeze to 48
[2022-12-18 10:18:49] [SEVERE ] setting player 0 freeze to 0
[2022-12-18 10:18:54] [SEVERE ] Key 82 was pressed by player 0
[2022-12-18 10:18:54] [SEVERE ] player 0 placing token on slot 3
[2022-12-18 10:18:56] [SEVERE ] Key 68 was pressed by player 0
[2022-12-18 10:18:56] [SEVERE ] player 0 placing token on slot 6
[2022-12-18 10:19:00] [SEVERE ] Key 88 was pressed by player 0
[2022-12-18 10:19:00] [SEVERE ] player 0 placing token on slot 9
[2022-12-18 10:19:00] [SEVERE ] removing player 0 token from slot 3
[2022-12-18 10:19:00] [SEVERE ] removing player 0 token from slot 6
[2022-12-18 10:19:00] [SEVERE ] removing player 0 token from slot 9
[2022-12-18 10:19:00] [SEVERE ] setting player 0 score to 5
[2022-12-18 10:19:00] [SEVERE ] placing card 68 in slot 3
[2022-12-18 10:19:00] [SEVERE ] placing card 1 in slot 6
[2022-12-18 10:19:00] [SEVERE ] placing card 39 in slot 9
[2022-12-18 10:19:01] [SEVERE ] setting player 0 freeze to 1000
[2022-12-18 10:19:02] [SEVERE ] setting player 0 freeze to 40
[2022-12-18 10:19:03] [SEVERE ] setting player 0 freeze to 0
