[2022-12-14 18:37:42] [INFO   ] cannot read configuration file config.properties trying from resources.
[2022-12-14 18:37:42] [INFO   ] configuration file was loaded from resources directory.
[2022-12-14 18:37:42] [INFO   ] Thread dealer starting.
[2022-12-14 18:37:42] [INFO   ] Thread 0starting.
[2022-12-14 18:37:42] [INFO   ] Thread 1starting.
[2022-12-14 18:37:42] [SEVERE ] placing card 73 in slot 0
[2022-12-14 18:37:42] [SEVERE ] placing card 56 in slot 1
[2022-12-14 18:37:43] [SEVERE ] placing card 44 in slot 2
[2022-12-14 18:37:43] [SEVERE ] placing card 10 in slot 3
[2022-12-14 18:37:43] [SEVERE ] placing card 53 in slot 4
[2022-12-14 18:37:43] [SEVERE ] placing card 42 in slot 5
[2022-12-14 18:37:43] [SEVERE ] placing card 21 in slot 6
[2022-12-14 18:37:43] [SEVERE ] placing card 70 in slot 7
[2022-12-14 18:37:43] [SEVERE ] placing card 72 in slot 8
[2022-12-14 18:37:43] [SEVERE ] placing card 58 in slot 9
[2022-12-14 18:37:43] [SEVERE ] placing card 27 in slot 10
[2022-12-14 18:37:44] [SEVERE ] placing card 52 in slot 11
[2022-12-14 18:37:46] [SEVERE ] Key 65 was pressed by player 0
[2022-12-14 18:37:46] [SEVERE ] player 0 placing token on slot 4
[2022-12-14 18:37:46] [SEVERE ] Key 83 was pressed by player 0
[2022-12-14 18:37:46] [SEVERE ] player 0 placing token on slot 5
[2022-12-14 18:37:49] [SEVERE ] removing card from slot 0
[2022-12-14 18:37:49] [SEVERE ] removing card from slot 1
[2022-12-14 18:37:49] [SEVERE ] removing card from slot 2
[2022-12-14 18:37:49] [SEVERE ] removing card from slot 3
[2022-12-14 18:37:49] [SEVERE ] removing card from slot 4
[2022-12-14 18:37:49] [SEVERE ] removing card from slot 5
[2022-12-14 18:37:49] [SEVERE ] removing card from slot 6
[2022-12-14 18:37:49] [SEVERE ] removing card from slot 7
[2022-12-14 18:37:50] [SEVERE ] removing card from slot 8
[2022-12-14 18:37:50] [SEVERE ] removing card from slot 9
[2022-12-14 18:37:50] [SEVERE ] removing card from slot 10
[2022-12-14 18:37:50] [SEVERE ] removing card from slot 11
[2022-12-14 18:37:50] [SEVERE ] placing card 29 in slot 0
[2022-12-14 18:37:50] [SEVERE ] placing card 45 in slot 1
[2022-12-14 18:37:50] [SEVERE ] placing card 58 in slot 2
[2022-12-14 18:37:50] [SEVERE ] placing card 48 in slot 3
[2022-12-14 18:37:50] [SEVERE ] placing card 66 in slot 4
[2022-12-14 18:37:51] [SEVERE ] placing card 61 in slot 5
[2022-12-14 18:37:51] [SEVERE ] placing card 67 in slot 6
[2022-12-14 18:37:51] [SEVERE ] placing card 71 in slot 7
[2022-12-14 18:37:51] [SEVERE ] placing card 43 in slot 8
[2022-12-14 18:37:51] [SEVERE ] placing card 19 in slot 9
[2022-12-14 18:37:51] [SEVERE ] placing card 42 in slot 10
[2022-12-14 18:37:51] [SEVERE ] placing card 36 in slot 11
