[2022-12-17 12:50:50] [INFO   ] cannot read configuration file config.properties trying from resources.
[2022-12-17 12:50:50] [INFO   ] configuration file was loaded from resources directory.
[2022-12-17 12:50:51] [INFO   ] Thread dealer starting.
[2022-12-17 12:50:51] [INFO   ] Thread 1starting.
[2022-12-17 12:50:51] [INFO   ] Thread 0starting.
[2022-12-17 12:50:51] [SEVERE ] placing card 44 in slot 0
[2022-12-17 12:50:51] [SEVERE ] placing card 43 in slot 1
[2022-12-17 12:50:51] [SEVERE ] placing card 27 in slot 2
[2022-12-17 12:50:51] [SEVERE ] placing card 73 in slot 3
[2022-12-17 12:50:51] [SEVERE ] placing card 58 in slot 4
[2022-12-17 12:50:52] [SEVERE ] placing card 33 in slot 5
[2022-12-17 12:50:52] [SEVERE ] placing card 71 in slot 6
[2022-12-17 12:50:52] [SEVERE ] placing card 77 in slot 7
[2022-12-17 12:50:52] [SEVERE ] placing card 31 in slot 8
[2022-12-17 12:50:52] [SEVERE ] placing card 17 in slot 9
[2022-12-17 12:50:52] [SEVERE ] placing card 67 in slot 10
[2022-12-17 12:50:52] [SEVERE ] placing card 22 in slot 11
[2022-12-17 12:50:58] [SEVERE ] Key 90 was pressed by player 0
[2022-12-17 12:50:58] [SEVERE ] player 0 placing token on slot 8
[2022-12-17 12:50:59] [SEVERE ] Key 67 was pressed by player 0
[2022-12-17 12:50:59] [SEVERE ] player 0 placing token on slot 10
[2022-12-17 12:50:59] [SEVERE ] Key 86 was pressed by player 0
[2022-12-17 12:50:59] [SEVERE ] player 0 placing token on slot 11
[2022-12-17 12:51:55] [SEVERE ] setting player 0 score to 1
