[2022-12-17 12:22:10] [INFO   ] cannot read configuration file config.properties trying from resources.
[2022-12-17 12:22:10] [INFO   ] configuration file was loaded from resources directory.
[2022-12-17 12:22:10] [INFO   ] Thread dealer starting.
[2022-12-17 12:22:10] [INFO   ] Thread 0starting.
[2022-12-17 12:22:10] [INFO   ] Thread 1starting.
[2022-12-17 12:22:10] [SEVERE ] placing card 14 in slot 0
[2022-12-17 12:22:11] [SEVERE ] placing card 56 in slot 1
[2022-12-17 12:22:11] [SEVERE ] placing card 11 in slot 2
[2022-12-17 12:22:11] [SEVERE ] placing card 55 in slot 3
[2022-12-17 12:22:11] [SEVERE ] placing card 74 in slot 4
[2022-12-17 12:22:11] [SEVERE ] placing card 2 in slot 5
[2022-12-17 12:22:11] [SEVERE ] placing card 47 in slot 6
[2022-12-17 12:22:11] [SEVERE ] placing card 64 in slot 7
[2022-12-17 12:22:11] [SEVERE ] placing card 53 in slot 8
[2022-12-17 12:22:11] [SEVERE ] placing card 16 in slot 9
[2022-12-17 12:22:12] [SEVERE ] placing card 24 in slot 10
[2022-12-17 12:22:12] [SEVERE ] placing card 71 in slot 11
[2022-12-17 12:22:20] [SEVERE ] Key 81 was pressed by player 0
[2022-12-17 12:22:20] [SEVERE ] player 0 placing token on slot 0
[2022-12-17 12:22:21] [SEVERE ] Key 87 was pressed by player 0
[2022-12-17 12:22:21] [SEVERE ] player 0 placing token on slot 1
[2022-12-17 12:22:27] [SEVERE ] Key 73 was pressed by player 1
[2022-12-17 12:22:27] [SEVERE ] player 1 placing token on slot 1
[2022-12-17 12:22:30] [SEVERE ] Key 79 was pressed by player 1
[2022-12-17 12:22:30] [SEVERE ] player 1 placing token on slot 2
[2022-12-17 12:22:43] [SEVERE ] Key 90 was pressed by player 0
[2022-12-17 12:22:43] [SEVERE ] player 0 placing token on slot 8
[2022-12-17 12:22:43] [SEVERE ] setting player 0 score to 1
[2022-12-17 12:22:43] [SEVERE ] Key 76 was pressed by player 1
[2022-12-17 12:22:43] [SEVERE ] player 1 placing token on slot 6
[2022-12-17 12:22:43] [SEVERE ] setting player 0 freeze to 1000
[2022-12-17 12:22:44] [SEVERE ] setting player 0 freeze to 39
[2022-12-17 12:22:45] [SEVERE ] setting player 0 freeze to 0
[2022-12-17 12:22:45] [SEVERE ] removing player 0 token from slot 0
[2022-12-17 12:22:45] [SEVERE ] removing player 0 token from slot 1
[2022-12-17 12:22:45] [SEVERE ] removing player 0 token from slot 8
[2022-12-17 12:22:45] [SEVERE ] removing player 1 token from slot 1
[2022-12-17 12:22:45] [SEVERE ] placing card 52 in slot 0
[2022-12-17 12:22:46] [SEVERE ] placing card 17 in slot 1
[2022-12-17 12:22:46] [SEVERE ] placing card 38 in slot 8
[2022-12-17 12:22:50] [SEVERE ] Key 75 was pressed by player 1
[2022-12-17 12:22:54] [SEVERE ] Key 75 was pressed by player 1
[2022-12-17 12:22:55] [SEVERE ] Key 74 was pressed by player 1
[2022-12-17 12:22:56] [SEVERE ] Key 75 was pressed by player 1
[2022-12-17 12:22:56] [INFO   ] Only 3 action in a time
[2022-12-17 12:22:57] [SEVERE ] Key 73 was pressed by player 1
[2022-12-17 12:22:57] [INFO   ] Only 3 action in a time
[2022-12-17 12:22:58] [SEVERE ] Key 73 was pressed by player 1
[2022-12-17 12:22:58] [INFO   ] Only 3 action in a time
[2022-12-17 12:22:59] [SEVERE ] Key 75 was pressed by player 1
[2022-12-17 12:22:59] [INFO   ] Only 3 action in a time
[2022-12-17 12:23:00] [SEVERE ] Key 81 was pressed by player 0
[2022-12-17 12:23:00] [SEVERE ] player 0 placing token on slot 0
[2022-12-17 12:23:00] [SEVERE ] Key 65 was pressed by player 0
[2022-12-17 12:23:00] [SEVERE ] player 0 placing token on slot 4
[2022-12-17 12:23:02] [SEVERE ] Key 83 was pressed by player 0
[2022-12-17 12:23:02] [SEVERE ] player 0 placing token on slot 5
[2022-12-17 12:23:02] [SEVERE ] setting player 0 freeze to 3000
[2022-12-17 12:23:03] [SEVERE ] setting player 0 freeze to 2049
[2022-12-17 12:23:03] [SEVERE ] setting player 0 freeze to 1093
[2022-12-17 12:23:04] [SEVERE ] setting player 0 freeze to 132
[2022-12-17 12:23:05] [SEVERE ] setting player 0 freeze to 0
[2022-12-17 12:23:06] [SEVERE ] Key 83 was pressed by player 0
[2022-12-17 12:23:06] [SEVERE ] removing player 0 token from slot 5
[2022-12-17 12:23:06] [SEVERE ] Key 87 was pressed by player 0
[2022-12-17 12:23:06] [SEVERE ] player 0 placing token on slot 1
[2022-12-17 12:23:06] [SEVERE ] setting player 0 freeze to 3000
[2022-12-17 12:23:07] [SEVERE ] setting player 0 freeze to 2047
[2022-12-17 12:23:08] [SEVERE ] setting player 0 freeze to 1085
[2022-12-17 12:23:09] [SEVERE ] Key 80 was pressed by player 1
[2022-12-17 12:23:09] [INFO   ] Only 3 action in a time
[2022-12-17 12:23:09] [SEVERE ] setting player 0 freeze to 123
[2022-12-17 12:23:09] [SEVERE ] Key 75 was pressed by player 1
[2022-12-17 12:23:09] [INFO   ] Only 3 action in a time
[2022-12-17 12:23:10] [SEVERE ] Key 77 was pressed by player 1
[2022-12-17 12:23:10] [INFO   ] Only 3 action in a time
[2022-12-17 12:23:10] [SEVERE ] Key 75 was pressed by player 1
[2022-12-17 12:23:10] [INFO   ] Only 3 action in a time
[2022-12-17 12:23:10] [SEVERE ] setting player 0 freeze to 0
[2022-12-17 12:23:10] [SEVERE ] Key 75 was pressed by player 1
[2022-12-17 12:23:10] [INFO   ] Only 3 action in a time
[2022-12-17 12:23:10] [SEVERE ] Key 73 was pressed by player 1
[2022-12-17 12:23:10] [INFO   ] Only 3 action in a time
