[2022-12-14 19:03:46] [INFO   ] cannot read configuration file config.properties trying from resources.
[2022-12-14 19:03:46] [INFO   ] configuration file was loaded from resources directory.
[2022-12-14 19:03:47] [INFO   ] Thread dealer starting.
[2022-12-14 19:03:47] [INFO   ] Thread 1starting.
[2022-12-14 19:03:47] [INFO   ] Thread 0starting.
[2022-12-14 19:03:47] [SEVERE ] placing card 34 in slot 0
[2022-12-14 19:03:47] [SEVERE ] placing card 8 in slot 1
[2022-12-14 19:03:47] [SEVERE ] placing card 52 in slot 2
[2022-12-14 19:03:47] [SEVERE ] placing card 33 in slot 3
[2022-12-14 19:03:48] [SEVERE ] placing card 35 in slot 4
[2022-12-14 19:03:48] [SEVERE ] placing card 50 in slot 5
[2022-12-14 19:03:48] [SEVERE ] placing card 63 in slot 6
[2022-12-14 19:03:48] [SEVERE ] placing card 54 in slot 7
[2022-12-14 19:03:48] [SEVERE ] placing card 20 in slot 8
[2022-12-14 19:03:48] [SEVERE ] placing card 21 in slot 9
[2022-12-14 19:03:48] [SEVERE ] placing card 49 in slot 10
[2022-12-14 19:03:48] [SEVERE ] placing card 58 in slot 11
[2022-12-14 19:03:58] [SEVERE ] Key 82 was pressed by player 0
[2022-12-14 19:03:58] [SEVERE ] player 0 placing token on slot 3
[2022-12-14 19:04:01] [SEVERE ] Key 73 was pressed by player 1
[2022-12-14 19:04:01] [SEVERE ] player 1 placing token on slot 1
[2022-12-14 19:04:10] [SEVERE ] Key 68 was pressed by player 0
[2022-12-14 19:04:10] [SEVERE ] player 0 placing token on slot 6
[2022-12-14 19:04:20] [SEVERE ] Key 76 was pressed by player 1
[2022-12-14 19:04:20] [SEVERE ] player 1 placing token on slot 6
[2022-12-14 19:04:31] [SEVERE ] Key 46 was pressed by player 1
[2022-12-14 19:04:31] [SEVERE ] player 1 placing token on slot 10
[2022-12-14 19:04:31] [INFO   ] Thread main terminated.
