[2022-12-17 14:45:43] [INFO   ] cannot read configuration file config.properties trying from resources.
[2022-12-17 14:45:43] [INFO   ] configuration file was loaded from resources directory.
[2022-12-17 14:45:43] [INFO   ] Thread dealer starting.
[2022-12-17 14:45:43] [INFO   ] Thread 0starting.
[2022-12-17 14:45:43] [INFO   ] Thread 1starting.
[2022-12-17 14:45:43] [SEVERE ] placing card 70 in slot 0
[2022-12-17 14:45:43] [SEVERE ] placing card 25 in slot 1
[2022-12-17 14:45:44] [SEVERE ] placing card 17 in slot 2
[2022-12-17 14:45:44] [SEVERE ] placing card 22 in slot 3
[2022-12-17 14:45:44] [SEVERE ] placing card 74 in slot 4
[2022-12-17 14:45:44] [SEVERE ] placing card 45 in slot 5
[2022-12-17 14:45:44] [SEVERE ] placing card 78 in slot 6
[2022-12-17 14:45:44] [SEVERE ] placing card 41 in slot 7
[2022-12-17 14:45:44] [SEVERE ] placing card 58 in slot 8
[2022-12-17 14:45:44] [SEVERE ] placing card 34 in slot 9
[2022-12-17 14:45:44] [SEVERE ] placing card 39 in slot 10
[2022-12-17 14:45:45] [SEVERE ] placing card 5 in slot 11
[2022-12-17 14:45:48] [SEVERE ] Key 87 was pressed by player 0
[2022-12-17 14:45:48] [SEVERE ] player 0 placing token on slot 1
[2022-12-17 14:45:49] [SEVERE ] Key 68 was pressed by player 0
[2022-12-17 14:45:49] [SEVERE ] player 0 placing token on slot 6
[2022-12-17 14:45:50] [SEVERE ] Key 83 was pressed by player 0
[2022-12-17 14:45:50] [SEVERE ] player 0 placing token on slot 5
[2022-12-17 14:45:50] [SEVERE ] setting player 0 freeze to 3000
[2022-12-17 14:45:51] [SEVERE ] setting player 0 freeze to 2040
[2022-12-17 14:45:52] [SEVERE ] setting player 0 freeze to 1078
[2022-12-17 14:45:53] [SEVERE ] setting player 0 freeze to 120
[2022-12-17 14:45:54] [SEVERE ] setting player 0 freeze to 0
