[2022-12-17 16:01:41] [INFO   ] cannot read configuration file config.properties trying from resources.
[2022-12-17 16:01:41] [INFO   ] configuration file was loaded from resources directory.
[2022-12-17 16:01:41] [INFO   ] Thread dealer starting.
[2022-12-17 16:01:41] [INFO   ] Thread 0starting.
[2022-12-17 16:01:41] [INFO   ] Thread computer-0 starting.
[2022-12-17 16:01:41] [SEVERE ] player 0 placing token on slot 1
[2022-12-17 16:01:41] [SEVERE ] placing card 10 in slot 0
[2022-12-17 16:01:41] [SEVERE ] placing card 16 in slot 1
[2022-12-17 16:01:41] [SEVERE ] placing card 68 in slot 2
[2022-12-17 16:01:41] [SEVERE ] placing card 8 in slot 3
[2022-12-17 16:01:42] [SEVERE ] placing card 6 in slot 4
[2022-12-17 16:01:42] [SEVERE ] placing card 15 in slot 5
[2022-12-17 16:01:42] [SEVERE ] placing card 2 in slot 6
[2022-12-17 16:01:42] [SEVERE ] placing card 63 in slot 7
[2022-12-17 16:01:42] [SEVERE ] placing card 44 in slot 8
[2022-12-17 16:01:42] [SEVERE ] placing card 23 in slot 9
[2022-12-17 16:01:42] [SEVERE ] placing card 58 in slot 10
[2022-12-17 16:01:42] [SEVERE ] placing card 17 in slot 11
[2022-12-17 16:01:48] [SEVERE ] removing player 0 token from slot 1
[2022-12-17 16:01:48] [SEVERE ] player 0 placing token on slot 6
[2022-12-17 16:01:48] [SEVERE ] removing player 0 token from slot 6
[2022-12-17 16:01:48] [SEVERE ] player 0 placing token on slot 6
[2022-12-17 16:01:48] [SEVERE ] removing player 0 token from slot 6
[2022-12-17 16:01:48] [SEVERE ] player 0 placing token on slot 8
[2022-12-17 16:01:49] [SEVERE ] removing player 0 token from slot 8
[2022-12-17 16:01:50] [SEVERE ] player 0 placing token on slot 2
