[2022-12-18 10:11:07] [INFO   ] cannot read configuration file config.properties trying from resources.
[2022-12-18 10:11:07] [INFO   ] configuration file was loaded from resources directory.
[2022-12-18 10:11:08] [INFO   ] Thread dealer starting.
[2022-12-18 10:11:08] [INFO   ] Thread 2starting.
[2022-12-18 10:11:08] [INFO   ] Thread 1starting.
[2022-12-18 10:11:08] [INFO   ] Thread 0starting.
[2022-12-18 10:11:08] [INFO   ] Thread computer-1 starting.
[2022-12-18 10:11:08] [INFO   ] Thread computer-2 starting.
[2022-12-18 10:11:08] [SEVERE ] placing card 62 in slot 0
[2022-12-18 10:11:08] [SEVERE ] placing card 46 in slot 1
[2022-12-18 10:11:08] [SEVERE ] placing card 54 in slot 2
[2022-12-18 10:11:08] [SEVERE ] placing card 21 in slot 3
[2022-12-18 10:11:08] [SEVERE ] placing card 53 in slot 4
[2022-12-18 10:11:08] [SEVERE ] placing card 12 in slot 5
[2022-12-18 10:11:09] [SEVERE ] placing card 30 in slot 6
[2022-12-18 10:11:09] [SEVERE ] placing card 51 in slot 7
[2022-12-18 10:11:09] [SEVERE ] placing card 48 in slot 8
[2022-12-18 10:11:09] [SEVERE ] placing card 31 in slot 9
[2022-12-18 10:11:09] [SEVERE ] placing card 71 in slot 10
[2022-12-18 10:11:09] [SEVERE ] placing card 47 in slot 11
[2022-12-18 10:11:21] [SEVERE ] player 2 placing token on slot 0
[2022-12-18 10:11:21] [SEVERE ] player 1 placing token on slot 9
[2022-12-18 10:11:21] [SEVERE ] player 2 placing token on slot 8
[2022-12-18 10:11:23] [SEVERE ] player 2 placing token on slot 9
[2022-12-18 10:11:23] [SEVERE ] player 1 placing token on slot 3
[2022-12-18 10:11:27] [SEVERE ] player 1 placing token on slot 7
[2022-12-18 10:11:27] [SEVERE ] setting player 2 freeze to 3000
[2022-12-18 10:11:27] [SEVERE ] setting player 1 freeze to 3000
