[2022-12-14 19:48:56] [INFO   ] cannot read configuration file config.properties trying from resources.
[2022-12-14 19:48:56] [INFO   ] configuration file was loaded from resources directory.
[2022-12-14 19:48:56] [INFO   ] Thread dealer starting.
[2022-12-14 19:48:56] [INFO   ] Thread 1starting.
[2022-12-14 19:48:56] [INFO   ] Thread 0starting.
[2022-12-14 19:48:56] [SEVERE ] placing card 69 in slot 0
[2022-12-14 19:48:56] [SEVERE ] placing card 71 in slot 1
[2022-12-14 19:48:56] [SEVERE ] placing card 43 in slot 2
[2022-12-14 19:48:56] [SEVERE ] placing card 15 in slot 3
[2022-12-14 19:48:57] [SEVERE ] placing card 17 in slot 4
[2022-12-14 19:48:57] [SEVERE ] placing card 39 in slot 5
[2022-12-14 19:48:57] [SEVERE ] placing card 35 in slot 6
[2022-12-14 19:48:57] [SEVERE ] placing card 73 in slot 7
[2022-12-14 19:48:57] [SEVERE ] placing card 29 in slot 8
[2022-12-14 19:48:57] [SEVERE ] placing card 78 in slot 9
[2022-12-14 19:48:57] [SEVERE ] placing card 42 in slot 10
[2022-12-14 19:48:57] [SEVERE ] placing card 33 in slot 11
[2022-12-14 19:49:11] [SEVERE ] Key 73 was pressed by player 1
[2022-12-14 19:49:11] [SEVERE ] player 1 placing token on slot 1
[2022-12-14 19:49:11] [SEVERE ] Key 79 was pressed by player 1
[2022-12-14 19:49:11] [SEVERE ] player 1 placing token on slot 2
[2022-12-14 19:49:13] [SEVERE ] Key 82 was pressed by player 0
[2022-12-14 19:49:13] [SEVERE ] player 0 placing token on slot 3
[2022-12-14 19:49:17] [SEVERE ] Key 88 was pressed by player 0
[2022-12-14 19:49:17] [SEVERE ] player 0 placing token on slot 9
[2022-12-14 19:49:28] [SEVERE ] Key 80 was pressed by player 1
[2022-12-14 19:49:28] [SEVERE ] player 1 placing token on slot 3
[2022-12-14 19:49:28] [SEVERE ] removing player 0 token from slot 3
[2022-12-14 19:49:28] [SEVERE ] removing player 1 token from slot 1
[2022-12-14 19:49:28] [SEVERE ] removing player 1 token from slot 2
[2022-12-14 19:49:28] [SEVERE ] removing player 1 token from slot 3
[2022-12-14 19:49:28] [SEVERE ] setting player 1 score to 1
[2022-12-14 19:49:28] [SEVERE ] Key 86 was pressed by player 0
[2022-12-14 19:49:28] [SEVERE ] player 0 placing token on slot 11
[2022-12-14 19:49:29] [SEVERE ] setting player 1 freeze to 1000
[2022-12-14 19:49:30] [SEVERE ] setting player 1 freeze to 45
[2022-12-14 19:49:31] [SEVERE ] setting player 1 freeze to 0
[2022-12-14 19:49:31] [SEVERE ] placing card 67 in slot 1
[2022-12-14 19:49:31] [SEVERE ] placing card 40 in slot 2
[2022-12-14 19:49:32] [SEVERE ] placing card 55 in slot 3
