[2022-12-13 11:27:03] [INFO   ] cannot read configuration file config.properties trying from resources.
[2022-12-13 11:27:03] [INFO   ] configuration file was loaded from resources directory.
[2022-12-13 11:27:04] [INFO   ] Thread dealer starting.
[2022-12-13 11:27:04] [SEVERE ] placing card 5 in slot 0
[2022-12-13 11:27:04] [SEVERE ] placing card 18 in slot 1
[2022-12-13 11:27:04] [SEVERE ] placing card 76 in slot 2
[2022-12-13 11:27:04] [SEVERE ] placing card 61 in slot 3
[2022-12-13 11:27:05] [SEVERE ] placing card 74 in slot 4
[2022-12-13 11:27:05] [SEVERE ] placing card 2 in slot 5
[2022-12-13 11:27:05] [SEVERE ] placing card 41 in slot 6
[2022-12-13 11:27:05] [SEVERE ] placing card 64 in slot 7
[2022-12-13 11:27:05] [SEVERE ] placing card 63 in slot 8
[2022-12-13 11:27:05] [SEVERE ] placing card 24 in slot 9
[2022-12-13 11:27:05] [SEVERE ] placing card 62 in slot 10
[2022-12-13 11:27:05] [SEVERE ] placing card 50 in slot 11
[2022-12-13 11:27:08] [SEVERE ] Key 80 was pressed by player 1
[2022-12-13 11:27:08] [SEVERE ] player 1 placing token on slot 3
[2022-12-13 11:27:08] [SEVERE ] player 1 placing token on slot 3
[2022-12-13 11:27:08] [SEVERE ] player 1 placing token on slot 3
[2022-12-13 11:27:09] [SEVERE ] Key 80 was pressed by player 1
[2022-12-13 11:27:09] [SEVERE ] removing player 1 token from slot 3
[2022-12-13 11:27:09] [SEVERE ] Key 80 was pressed by player 1
[2022-12-13 11:27:09] [SEVERE ] removing player 1 token from slot 3
[2022-12-13 11:27:10] [SEVERE ] Key 80 was pressed by player 1
[2022-12-13 11:27:10] [SEVERE ] removing player 1 token from slot 3
[2022-12-13 11:27:10] [SEVERE ] Key 80 was pressed by player 1
[2022-12-13 11:27:10] [SEVERE ] player 1 placing token on slot 3
[2022-12-13 11:27:10] [SEVERE ] player 1 placing token on slot 3
[2022-12-13 11:27:10] [SEVERE ] player 1 placing token on slot 3
[2022-12-13 11:27:10] [SEVERE ] Key 80 was pressed by player 1
[2022-12-13 11:27:10] [SEVERE ] removing player 1 token from slot 3
[2022-12-13 11:27:11] [SEVERE ] Key 80 was pressed by player 1
[2022-12-13 11:27:11] [SEVERE ] removing player 1 token from slot 3
[2022-12-13 11:27:11] [SEVERE ] Key 80 was pressed by player 1
[2022-12-13 11:27:11] [SEVERE ] removing player 1 token from slot 3
[2022-12-13 11:27:11] [SEVERE ] Key 80 was pressed by player 1
[2022-12-13 11:27:11] [SEVERE ] player 1 placing token on slot 3
[2022-12-13 11:27:11] [SEVERE ] player 1 placing token on slot 3
[2022-12-13 11:27:11] [SEVERE ] player 1 placing token on slot 3
[2022-12-13 11:27:11] [SEVERE ] Key 80 was pressed by player 1
[2022-12-13 11:27:11] [SEVERE ] removing player 1 token from slot 3
[2022-12-13 11:27:12] [SEVERE ] Key 80 was pressed by player 1
[2022-12-13 11:27:12] [SEVERE ] removing player 1 token from slot 3
[2022-12-13 11:27:12] [SEVERE ] Key 80 was pressed by player 1
[2022-12-13 11:27:12] [SEVERE ] removing player 1 token from slot 3
[2022-12-13 11:27:12] [SEVERE ] Key 80 was pressed by player 1
[2022-12-13 11:27:12] [SEVERE ] player 1 placing token on slot 3
[2022-12-13 11:27:12] [SEVERE ] player 1 placing token on slot 3
[2022-12-13 11:27:12] [SEVERE ] player 1 placing token on slot 3
[2022-12-13 11:27:12] [SEVERE ] Key 80 was pressed by player 1
[2022-12-13 11:27:12] [SEVERE ] removing player 1 token from slot 3
[2022-12-13 11:27:13] [SEVERE ] Key 80 was pressed by player 1
[2022-12-13 11:27:13] [SEVERE ] removing player 1 token from slot 3
[2022-12-13 11:27:13] [SEVERE ] Key 80 was pressed by player 1
[2022-12-13 11:27:13] [SEVERE ] removing player 1 token from slot 3
[2022-12-13 11:27:14] [SEVERE ] Key 80 was pressed by player 1
[2022-12-13 11:27:14] [SEVERE ] player 1 placing token on slot 3
[2022-12-13 11:27:14] [SEVERE ] player 1 placing token on slot 3
[2022-12-13 11:27:14] [SEVERE ] player 1 placing token on slot 3
[2022-12-13 11:27:14] [SEVERE ] Key 80 was pressed by player 1
[2022-12-13 11:27:14] [SEVERE ] removing player 1 token from slot 3
[2022-12-13 11:27:15] [SEVERE ] Key 80 was pressed by player 1
[2022-12-13 11:27:15] [SEVERE ] removing player 1 token from slot 3
[2022-12-13 11:27:15] [SEVERE ] Key 80 was pressed by player 1
[2022-12-13 11:27:15] [SEVERE ] removing player 1 token from slot 3
[2022-12-13 11:27:16] [SEVERE ] Key 80 was pressed by player 1
[2022-12-13 11:27:16] [SEVERE ] player 1 placing token on slot 3
[2022-12-13 11:27:16] [SEVERE ] player 1 placing token on slot 3
[2022-12-13 11:27:16] [SEVERE ] player 1 placing token on slot 3
[2022-12-13 11:27:17] [SEVERE ] Key 80 was pressed by player 1
[2022-12-13 11:27:17] [SEVERE ] removing player 1 token from slot 3
[2022-12-13 11:27:17] [SEVERE ] Key 80 was pressed by player 1
[2022-12-13 11:27:17] [SEVERE ] removing player 1 token from slot 3
[2022-12-13 11:27:18] [SEVERE ] Key 80 was pressed by player 1
[2022-12-13 11:27:18] [SEVERE ] removing player 1 token from slot 3
[2022-12-13 11:27:18] [SEVERE ] Key 80 was pressed by player 1
[2022-12-13 11:27:18] [SEVERE ] player 1 placing token on slot 3
[2022-12-13 11:27:18] [SEVERE ] player 1 placing token on slot 3
[2022-12-13 11:27:18] [SEVERE ] player 1 placing token on slot 3
[2022-12-13 11:27:19] [SEVERE ] Key 80 was pressed by player 1
[2022-12-13 11:27:19] [SEVERE ] removing player 1 token from slot 3
[2022-12-13 11:27:19] [SEVERE ] Key 80 was pressed by player 1
[2022-12-13 11:27:19] [SEVERE ] removing player 1 token from slot 3
[2022-12-13 11:27:20] [SEVERE ] Key 80 was pressed by player 1
[2022-12-13 11:27:20] [SEVERE ] removing player 1 token from slot 3
[2022-12-13 11:27:20] [SEVERE ] Key 80 was pressed by player 1
[2022-12-13 11:27:20] [SEVERE ] player 1 placing token on slot 3
[2022-12-13 11:27:20] [SEVERE ] player 1 placing token on slot 3
[2022-12-13 11:27:20] [SEVERE ] player 1 placing token on slot 3
[2022-12-13 11:27:22] [SEVERE ] Key 73 was pressed by player 1
[2022-12-13 11:27:23] [SEVERE ] Key 73 was pressed by player 1
[2022-12-13 11:27:23] [SEVERE ] Key 73 was pressed by player 1
[2022-12-13 11:27:24] [SEVERE ] Key 73 was pressed by player 1
[2022-12-13 11:27:24] [SEVERE ] Key 73 was pressed by player 1
[2022-12-13 11:27:24] [SEVERE ] Key 73 was pressed by player 1
[2022-12-13 11:27:25] [SEVERE ] Key 73 was pressed by player 1
[2022-12-13 11:27:25] [SEVERE ] Key 73 was pressed by player 1
[2022-12-13 11:27:25] [SEVERE ] Key 73 was pressed by player 1
[2022-12-13 11:27:25] [SEVERE ] Key 79 was pressed by player 1
[2022-12-13 11:27:26] [SEVERE ] Key 73 was pressed by player 1
[2022-12-13 11:27:26] [SEVERE ] Key 73 was pressed by player 1
[2022-12-13 11:27:26] [SEVERE ] Key 77 was pressed by player 1
[2022-12-13 11:27:26] [SEVERE ] Key 44 was pressed by player 1
[2022-12-13 11:27:26] [SEVERE ] Key 77 was pressed by player 1
