[2022-12-18 10:34:10] [INFO   ] cannot read configuration file config.properties trying from resources.
[2022-12-18 10:34:10] [INFO   ] configuration file was loaded from resources directory.
[2022-12-18 10:34:10] [INFO   ] Thread dealer starting.
[2022-12-18 10:34:10] [INFO   ] Thread 0starting.
[2022-12-18 10:34:10] [SEVERE ] placing card 52 in slot 0
[2022-12-18 10:34:11] [SEVERE ] placing card 59 in slot 1
[2022-12-18 10:34:11] [SEVERE ] placing card 3 in slot 2
[2022-12-18 10:34:11] [SEVERE ] placing card 58 in slot 3
[2022-12-18 10:34:11] [SEVERE ] placing card 15 in slot 4
[2022-12-18 10:34:11] [SEVERE ] placing card 45 in slot 5
[2022-12-18 10:34:11] [SEVERE ] placing card 14 in slot 6
[2022-12-18 10:34:11] [SEVERE ] placing card 7 in slot 7
[2022-12-18 10:34:11] [SEVERE ] placing card 38 in slot 8
[2022-12-18 10:34:11] [SEVERE ] placing card 17 in slot 9
[2022-12-18 10:34:12] [SEVERE ] placing card 51 in slot 10
[2022-12-18 10:34:12] [SEVERE ] placing card 21 in slot 11
[2022-12-18 10:34:12] [SEVERE ] Key 69 was pressed by player 0
[2022-12-18 10:34:12] [SEVERE ] player 0 placing token on slot 2
[2022-12-18 10:34:12] [SEVERE ] Key 87 was pressed by player 0
[2022-12-18 10:34:12] [SEVERE ] player 0 placing token on slot 1
[2022-12-18 10:34:13] [SEVERE ] Key 83 was pressed by player 0
[2022-12-18 10:34:13] [SEVERE ] player 0 placing token on slot 5
