[2022-12-17 17:30:17] [INFO   ] cannot read configuration file config.properties trying from resources.
[2022-12-17 17:30:17] [INFO   ] configuration file was loaded from resources directory.
[2022-12-17 17:30:18] [INFO   ] Thread dealer starting.
[2022-12-17 17:30:18] [INFO   ] Thread 1starting.
[2022-12-17 17:30:18] [INFO   ] Thread 0starting.
[2022-12-17 17:30:18] [SEVERE ] placing card 38 in slot 0
[2022-12-17 17:30:18] [SEVERE ] placing card 19 in slot 1
[2022-12-17 17:30:18] [SEVERE ] placing card 0 in slot 2
[2022-12-17 17:30:19] [SEVERE ] placing card 28 in slot 3
[2022-12-17 17:30:19] [SEVERE ] placing card 20 in slot 4
[2022-12-17 17:30:19] [SEVERE ] placing card 51 in slot 5
[2022-12-17 17:30:19] [SEVERE ] placing card 47 in slot 6
[2022-12-17 17:30:19] [SEVERE ] placing card 74 in slot 7
[2022-12-17 17:30:19] [SEVERE ] placing card 67 in slot 8
[2022-12-17 17:30:19] [SEVERE ] placing card 50 in slot 9
[2022-12-17 17:30:19] [SEVERE ] placing card 22 in slot 10
[2022-12-17 17:30:19] [SEVERE ] placing card 24 in slot 11
[2022-12-17 17:30:20] [SEVERE ] Key 82 was pressed by player 0
[2022-12-17 17:30:20] [SEVERE ] player 0 placing token on slot 3
[2022-12-17 17:30:20] [SEVERE ] Key 69 was pressed by player 0
[2022-12-17 17:30:20] [SEVERE ] player 0 placing token on slot 2
[2022-12-17 17:30:20] [SEVERE ] Key 68 was pressed by player 0
[2022-12-17 17:30:20] [SEVERE ] player 0 placing token on slot 6
[2022-12-17 17:30:20] [SEVERE ] setting player 0 freeze to 3000
[2022-12-17 17:30:21] [SEVERE ] setting player 0 freeze to 2049
[2022-12-17 17:30:22] [SEVERE ] setting player 0 freeze to 1097
[2022-12-17 17:30:23] [SEVERE ] setting player 0 freeze to 132
[2022-12-17 17:30:24] [SEVERE ] setting player 0 freeze to 0
