[2022-12-17 21:45:31] [INFO   ] cannot read configuration file config.properties trying from resources.
[2022-12-17 21:45:31] [INFO   ] configuration file was loaded from resources directory.
[2022-12-17 21:45:32] [INFO   ] Thread dealer starting.
[2022-12-17 21:45:32] [INFO   ] Thread 0starting.
[2022-12-17 21:45:32] [INFO   ] Thread 1starting.
[2022-12-17 21:45:32] [SEVERE ] placing card 22 in slot 0
[2022-12-17 21:45:32] [SEVERE ] placing card 14 in slot 1
[2022-12-17 21:45:32] [SEVERE ] placing card 28 in slot 2
[2022-12-17 21:45:32] [SEVERE ] placing card 73 in slot 3
[2022-12-17 21:45:32] [SEVERE ] placing card 4 in slot 4
[2022-12-17 21:45:33] [SEVERE ] placing card 9 in slot 5
[2022-12-17 21:45:33] [SEVERE ] placing card 69 in slot 6
[2022-12-17 21:45:33] [SEVERE ] placing card 18 in slot 7
[2022-12-17 21:45:33] [SEVERE ] placing card 64 in slot 8
[2022-12-17 21:45:33] [SEVERE ] placing card 58 in slot 9
[2022-12-17 21:45:33] [SEVERE ] placing card 31 in slot 10
[2022-12-17 21:45:33] [SEVERE ] placing card 79 in slot 11
[2022-12-17 21:45:34] [SEVERE ] Key 81 was pressed by player 0
[2022-12-17 21:45:34] [SEVERE ] player 0 placing token on slot 0
[2022-12-17 21:45:34] [SEVERE ] Key 87 was pressed by player 0
[2022-12-17 21:45:34] [SEVERE ] player 0 placing token on slot 1
[2022-12-17 21:45:35] [SEVERE ] Key 69 was pressed by player 0
[2022-12-17 21:45:35] [SEVERE ] player 0 placing token on slot 2
[2022-12-17 21:45:35] [SEVERE ] setting player 0 freeze to 3000
[2022-12-17 21:45:35] [SEVERE ] setting player 0 freeze to 2047
[2022-12-17 21:45:36] [SEVERE ] setting player 0 freeze to 1093
[2022-12-17 21:45:37] [SEVERE ] setting player 0 freeze to 140
[2022-12-17 21:45:38] [SEVERE ] setting player 0 freeze to 0
[2022-12-17 21:45:39] [SEVERE ] Key 69 was pressed by player 0
[2022-12-17 21:45:39] [SEVERE ] removing player 0 token from slot 2
[2022-12-17 21:45:40] [SEVERE ] Key 83 was pressed by player 0
[2022-12-17 21:45:40] [SEVERE ] player 0 placing token on slot 5
[2022-12-17 21:45:40] [SEVERE ] setting player 0 freeze to 3000
[2022-12-17 21:45:41] [SEVERE ] setting player 0 freeze to 2035
[2022-12-17 21:45:42] [SEVERE ] setting player 0 freeze to 1070
[2022-12-17 21:45:43] [SEVERE ] setting player 0 freeze to 114
[2022-12-17 21:45:44] [SEVERE ] setting player 0 freeze to 0
[2022-12-17 21:45:45] [SEVERE ] Key 87 was pressed by player 0
[2022-12-17 21:45:45] [SEVERE ] removing player 0 token from slot 1
[2022-12-17 21:45:45] [SEVERE ] Key 69 was pressed by player 0
[2022-12-17 21:45:45] [SEVERE ] player 0 placing token on slot 2
[2022-12-17 21:45:49] [SEVERE ] Key 81 was pressed by player 0
[2022-12-17 21:45:49] [SEVERE ] removing player 0 token from slot 0
[2022-12-17 21:45:50] [SEVERE ] Key 81 was pressed by player 0
[2022-12-17 21:45:50] [SEVERE ] player 0 placing token on slot 0
[2022-12-17 21:45:50] [SEVERE ] Key 81 was pressed by player 0
[2022-12-17 21:45:50] [SEVERE ] removing player 0 token from slot 0
[2022-12-17 21:45:51] [SEVERE ] Key 83 was pressed by player 0
[2022-12-17 21:45:51] [SEVERE ] removing player 0 token from slot 5
[2022-12-17 21:45:51] [SEVERE ] Key 81 was pressed by player 0
[2022-12-17 21:45:51] [SEVERE ] player 0 placing token on slot 0
[2022-12-17 21:45:52] [SEVERE ] Key 83 was pressed by player 0
[2022-12-17 21:45:52] [SEVERE ] player 0 placing token on slot 5
[2022-12-17 21:45:52] [SEVERE ] setting player 0 freeze to 3000
[2022-12-17 21:45:53] [SEVERE ] setting player 0 freeze to 2042
[2022-12-17 21:45:53] [SEVERE ] setting player 0 freeze to 1086
[2022-12-17 21:45:54] [SEVERE ] setting player 0 freeze to 133
[2022-12-17 21:45:55] [SEVERE ] setting player 0 freeze to 0
[2022-12-17 21:45:57] [SEVERE ] Key 81 was pressed by player 0
[2022-12-17 21:45:57] [SEVERE ] removing player 0 token from slot 0
[2022-12-17 21:45:58] [SEVERE ] Key 83 was pressed by player 0
[2022-12-17 21:45:58] [SEVERE ] removing player 0 token from slot 5
[2022-12-17 21:45:58] [SEVERE ] Key 69 was pressed by player 0
[2022-12-17 21:45:58] [SEVERE ] removing player 0 token from slot 2
[2022-12-17 21:45:59] [SEVERE ] Key 87 was pressed by player 0
[2022-12-17 21:45:59] [SEVERE ] player 0 placing token on slot 1
[2022-12-17 21:45:59] [SEVERE ] Key 81 was pressed by player 0
[2022-12-17 21:45:59] [SEVERE ] player 0 placing token on slot 0
[2022-12-17 21:45:59] [SEVERE ] Key 83 was pressed by player 0
[2022-12-17 21:45:59] [SEVERE ] player 0 placing token on slot 5
[2022-12-17 21:45:59] [SEVERE ] setting player 0 freeze to 3000
[2022-12-17 21:46:00] [SEVERE ] setting player 0 freeze to 2043
[2022-12-17 21:46:01] [SEVERE ] setting player 0 freeze to 1081
[2022-12-17 21:46:02] [SEVERE ] setting player 0 freeze to 121
[2022-12-17 21:46:03] [SEVERE ] setting player 0 freeze to 0
[2022-12-17 21:46:04] [SEVERE ] Key 83 was pressed by player 0
[2022-12-17 21:46:04] [SEVERE ] removing player 0 token from slot 5
[2022-12-17 21:46:05] [SEVERE ] Key 87 was pressed by player 0
[2022-12-17 21:46:05] [SEVERE ] removing player 0 token from slot 1
[2022-12-17 21:46:05] [SEVERE ] Key 81 was pressed by player 0
[2022-12-17 21:46:05] [SEVERE ] removing player 0 token from slot 0
[2022-12-17 21:46:06] [SEVERE ] Key 83 was pressed by player 0
[2022-12-17 21:46:06] [SEVERE ] player 0 placing token on slot 5
[2022-12-17 21:46:06] [SEVERE ] Key 68 was pressed by player 0
[2022-12-17 21:46:06] [SEVERE ] player 0 placing token on slot 6
[2022-12-17 21:46:06] [SEVERE ] Key 69 was pressed by player 0
[2022-12-17 21:46:06] [SEVERE ] player 0 placing token on slot 2
[2022-12-17 21:46:06] [SEVERE ] setting player 0 freeze to 3000
[2022-12-17 21:46:07] [SEVERE ] setting player 0 freeze to 2037
[2022-12-17 21:46:08] [SEVERE ] setting player 0 freeze to 1079
[2022-12-17 21:46:09] [SEVERE ] setting player 0 freeze to 124
[2022-12-17 21:46:10] [SEVERE ] setting player 0 freeze to 0
[2022-12-17 21:46:11] [SEVERE ] Key 69 was pressed by player 0
[2022-12-17 21:46:11] [SEVERE ] removing player 0 token from slot 2
[2022-12-17 21:46:11] [SEVERE ] Key 87 was pressed by player 0
[2022-12-17 21:46:11] [SEVERE ] player 0 placing token on slot 1
[2022-12-17 21:46:11] [SEVERE ] setting player 0 freeze to 3000
[2022-12-17 21:46:12] [SEVERE ] setting player 0 freeze to 2048
[2022-12-17 21:46:13] [SEVERE ] setting player 0 freeze to 1082
[2022-12-17 21:46:14] [SEVERE ] setting player 0 freeze to 117
[2022-12-17 21:46:15] [SEVERE ] setting player 0 freeze to 0
[2022-12-17 21:46:15] [SEVERE ] Key 87 was pressed by player 0
[2022-12-17 21:46:15] [SEVERE ] removing player 0 token from slot 1
[2022-12-17 21:46:16] [SEVERE ] Key 69 was pressed by player 0
[2022-12-17 21:46:16] [SEVERE ] player 0 placing token on slot 2
[2022-12-17 21:46:16] [SEVERE ] setting player 0 freeze to 3000
[2022-12-17 21:46:17] [SEVERE ] setting player 0 freeze to 2038
[2022-12-17 21:46:18] [SEVERE ] setting player 0 freeze to 1087
[2022-12-17 21:46:19] [SEVERE ] setting player 0 freeze to 122
[2022-12-17 21:46:20] [SEVERE ] setting player 0 freeze to 0
[2022-12-17 21:46:20] [SEVERE ] Key 68 was pressed by player 0
[2022-12-17 21:46:20] [SEVERE ] removing player 0 token from slot 6
[2022-12-17 21:46:21] [SEVERE ] Key 87 was pressed by player 0
[2022-12-17 21:46:21] [SEVERE ] player 0 placing token on slot 1
[2022-12-17 21:46:27] [SEVERE ] Key 87 was pressed by player 0
[2022-12-17 21:46:27] [SEVERE ] removing player 0 token from slot 1
[2022-12-17 21:46:27] [SEVERE ] Key 81 was pressed by player 0
[2022-12-17 21:46:27] [SEVERE ] player 0 placing token on slot 0
[2022-12-17 21:46:28] [SEVERE ] Key 81 was pressed by player 0
[2022-12-17 21:46:28] [SEVERE ] removing player 0 token from slot 0
[2022-12-17 21:46:29] [SEVERE ] Key 83 was pressed by player 0
[2022-12-17 21:46:29] [SEVERE ] removing player 0 token from slot 5
[2022-12-17 21:46:30] [SEVERE ] Key 83 was pressed by player 0
[2022-12-17 21:46:30] [SEVERE ] player 0 placing token on slot 5
[2022-12-17 21:46:30] [SEVERE ] Key 81 was pressed by player 0
[2022-12-17 21:46:30] [SEVERE ] player 0 placing token on slot 0
[2022-12-17 21:46:32] [SEVERE ] Key 82 was pressed by player 0
[2022-12-17 21:46:33] [SEVERE ] Key 69 was pressed by player 0
[2022-12-17 21:46:33] [SEVERE ] removing player 0 token from slot 2
[2022-12-17 21:46:33] [SEVERE ] Key 69 was pressed by player 0
[2022-12-17 21:46:33] [SEVERE ] player 0 placing token on slot 2
[2022-12-17 21:46:33] [SEVERE ] setting player 0 freeze to 3000
[2022-12-17 21:46:33] [SEVERE ] removing player 0 token from slot 5
[2022-12-17 21:46:33] [SEVERE ] removing player 0 token from slot 0
[2022-12-17 21:46:33] [SEVERE ] removing player 0 token from slot 2
[2022-12-17 21:46:33] [SEVERE ] removing card from slot 0
[2022-12-17 21:46:33] [SEVERE ] removing card from slot 1
[2022-12-17 21:46:34] [SEVERE ] removing card from slot 2
[2022-12-17 21:46:34] [SEVERE ] removing card from slot 3
[2022-12-17 21:46:34] [SEVERE ] removing card from slot 4
[2022-12-17 21:46:34] [SEVERE ] removing card from slot 5
[2022-12-17 21:46:34] [SEVERE ] removing card from slot 6
[2022-12-17 21:46:34] [SEVERE ] setting player 0 freeze to 2049
[2022-12-17 21:46:34] [SEVERE ] removing card from slot 7
[2022-12-17 21:46:34] [SEVERE ] removing card from slot 8
[2022-12-17 21:46:34] [SEVERE ] removing card from slot 9
[2022-12-17 21:46:34] [SEVERE ] removing card from slot 10
[2022-12-17 21:46:35] [SEVERE ] removing card from slot 11
[2022-12-17 21:46:35] [SEVERE ] placing card 36 in slot 0
[2022-12-17 21:46:35] [SEVERE ] placing card 51 in slot 1
[2022-12-17 21:46:35] [SEVERE ] placing card 66 in slot 2
[2022-12-17 21:46:35] [SEVERE ] placing card 47 in slot 3
[2022-12-17 21:46:35] [SEVERE ] setting player 0 freeze to 1091
[2022-12-17 21:46:35] [SEVERE ] placing card 79 in slot 4
[2022-12-17 21:46:35] [SEVERE ] placing card 44 in slot 5
[2022-12-17 21:46:35] [SEVERE ] placing card 29 in slot 6
[2022-12-17 21:46:35] [SEVERE ] placing card 61 in slot 7
[2022-12-17 21:46:35] [SEVERE ] placing card 59 in slot 8
[2022-12-17 21:46:36] [SEVERE ] placing card 9 in slot 9
[2022-12-17 21:46:36] [SEVERE ] placing card 75 in slot 10
[2022-12-17 21:46:36] [SEVERE ] placing card 22 in slot 11
[2022-12-17 21:46:36] [SEVERE ] setting player 0 freeze to 134
[2022-12-17 21:46:37] [SEVERE ] setting player 0 freeze to 0
[2022-12-17 21:46:51] [SEVERE ] Key 68 was pressed by player 0
[2022-12-17 21:46:51] [SEVERE ] player 0 placing token on slot 6
[2022-12-17 21:46:51] [SEVERE ] Key 69 was pressed by player 0
[2022-12-17 21:46:51] [SEVERE ] player 0 placing token on slot 2
[2022-12-17 21:46:51] [SEVERE ] Key 87 was pressed by player 0
[2022-12-17 21:46:51] [SEVERE ] player 0 placing token on slot 1
[2022-12-17 21:46:51] [SEVERE ] setting player 0 freeze to 3000
[2022-12-17 21:46:52] [SEVERE ] setting player 0 freeze to 2040
[2022-12-17 21:46:53] [SEVERE ] setting player 0 freeze to 1087
[2022-12-17 21:46:54] [SEVERE ] setting player 0 freeze to 134
[2022-12-17 21:46:55] [SEVERE ] setting player 0 freeze to 0
[2022-12-17 21:46:56] [SEVERE ] Key 69 was pressed by player 0
[2022-12-17 21:46:56] [SEVERE ] removing player 0 token from slot 2
[2022-12-17 21:46:57] [SEVERE ] Key 69 was pressed by player 0
[2022-12-17 21:46:57] [SEVERE ] player 0 placing token on slot 2
[2022-12-17 21:46:58] [SEVERE ] Key 68 was pressed by player 0
[2022-12-17 21:46:58] [SEVERE ] removing player 0 token from slot 6
[2022-12-17 21:46:59] [SEVERE ] Key 68 was pressed by player 0
[2022-12-17 21:46:59] [SEVERE ] player 0 placing token on slot 6
[2022-12-17 21:47:00] [SEVERE ] Key 87 was pressed by player 0
[2022-12-17 21:47:00] [SEVERE ] removing player 0 token from slot 1
[2022-12-17 21:47:00] [SEVERE ] Key 87 was pressed by player 0
[2022-12-17 21:47:00] [SEVERE ] player 0 placing token on slot 1
[2022-12-17 21:47:00] [SEVERE ] setting player 0 freeze to 3000
[2022-12-17 21:47:01] [SEVERE ] setting player 0 freeze to 2044
[2022-12-17 21:47:02] [SEVERE ] setting player 0 freeze to 1092
[2022-12-17 21:47:03] [SEVERE ] setting player 0 freeze to 128
[2022-12-17 21:47:04] [SEVERE ] setting player 0 freeze to 0
