[2022-12-13 16:20:41] [INFO   ] cannot read configuration file config.properties trying from resources.
[2022-12-13 16:20:41] [INFO   ] configuration file was loaded from resources directory.
[2022-12-13 16:20:42] [INFO   ] Thread dealer starting.
[2022-12-13 16:20:42] [INFO   ] Thread 0starting.
[2022-12-13 16:20:42] [INFO   ] Thread 1starting.
[2022-12-13 16:20:42] [SEVERE ] placing card 45 in slot 0
[2022-12-13 16:20:42] [SEVERE ] placing card 24 in slot 1
[2022-12-13 16:20:42] [SEVERE ] placing card 38 in slot 2
[2022-12-13 16:20:42] [SEVERE ] placing card 79 in slot 3
[2022-12-13 16:20:42] [SEVERE ] placing card 18 in slot 4
[2022-12-13 16:20:42] [SEVERE ] placing card 1 in slot 5
[2022-12-13 16:20:43] [SEVERE ] placing card 26 in slot 6
[2022-12-13 16:20:43] [SEVERE ] placing card 21 in slot 7
[2022-12-13 16:20:43] [SEVERE ] placing card 67 in slot 8
[2022-12-13 16:20:43] [SEVERE ] placing card 74 in slot 9
[2022-12-13 16:20:43] [SEVERE ] placing card 30 in slot 10
[2022-12-13 16:20:43] [SEVERE ] placing card 19 in slot 11
[2022-12-13 16:20:48] [SEVERE ] Key 80 was pressed by player 1
[2022-12-13 16:20:48] [SEVERE ] player 1 placing token on slot 3
[2022-12-13 16:20:49] [SEVERE ] Key 79 was pressed by player 1
[2022-12-13 16:20:49] [SEVERE ] player 1 placing token on slot 2
[2022-12-13 16:20:50] [SEVERE ] Key 73 was pressed by player 1
[2022-12-13 16:20:50] [SEVERE ] player 1 placing token on slot 1
[2022-12-13 16:20:50] [INFO   ] Thread main terminated.
