[2022-12-13 19:29:08] [INFO   ] cannot read configuration file config.properties trying from resources.
[2022-12-13 19:29:08] [INFO   ] configuration file was loaded from resources directory.
[2022-12-13 19:29:09] [INFO   ] Thread dealer starting.
[2022-12-13 19:29:09] [INFO   ] Thread 1starting.
[2022-12-13 19:29:09] [INFO   ] Thread 0starting.
[2022-12-13 19:29:09] [SEVERE ] placing card 52 in slot 0
[2022-12-13 19:29:09] [SEVERE ] placing card 20 in slot 1
[2022-12-13 19:29:09] [SEVERE ] placing card 22 in slot 2
[2022-12-13 19:29:09] [SEVERE ] placing card 45 in slot 3
[2022-12-13 19:29:09] [SEVERE ] placing card 18 in slot 4
[2022-12-13 19:29:09] [SEVERE ] placing card 58 in slot 5
[2022-12-13 19:29:09] [SEVERE ] placing card 9 in slot 6
[2022-12-13 19:29:10] [SEVERE ] placing card 49 in slot 7
[2022-12-13 19:29:10] [SEVERE ] placing card 75 in slot 8
[2022-12-13 19:29:10] [SEVERE ] placing card 2 in slot 9
[2022-12-13 19:29:10] [SEVERE ] placing card 48 in slot 10
[2022-12-13 19:29:10] [SEVERE ] placing card 28 in slot 11
[2022-12-13 19:29:15] [SEVERE ] Key 87 was pressed by player 0
[2022-12-13 19:29:15] [SEVERE ] player 0 placing token on slot 1
[2022-12-13 19:29:16] [SEVERE ] Key 69 was pressed by player 0
[2022-12-13 19:29:16] [SEVERE ] player 0 placing token on slot 2
[2022-12-13 19:29:19] [SEVERE ] Key 81 was pressed by player 0
[2022-12-13 19:29:19] [SEVERE ] player 0 placing token on slot 0
