[2022-12-17 16:10:24] [INFO   ] cannot read configuration file config.properties trying from resources.
[2022-12-17 16:10:24] [INFO   ] configuration file was loaded from resources directory.
[2022-12-17 16:10:24] [INFO   ] Thread dealer starting.
[2022-12-17 16:10:24] [INFO   ] Thread 0starting.
[2022-12-17 16:10:24] [INFO   ] Thread computer-0 starting.
[2022-12-17 16:10:24] [SEVERE ] player 0 placing token on slot 3
[2022-12-17 16:10:24] [SEVERE ] placing card 58 in slot 0
[2022-12-17 16:10:24] [SEVERE ] player 0 placing token on slot 9
[2022-12-17 16:10:24] [SEVERE ] placing card 29 in slot 1
[2022-12-17 16:10:25] [SEVERE ] player 0 placing token on slot 4
[2022-12-17 16:10:25] [SEVERE ] placing card 60 in slot 2
[2022-12-17 16:10:25] [SEVERE ] placing card 59 in slot 3
[2022-12-17 16:10:25] [SEVERE ] placing card 46 in slot 4
[2022-12-17 16:10:25] [SEVERE ] placing card 1 in slot 5
[2022-12-17 16:10:25] [SEVERE ] placing card 16 in slot 6
[2022-12-17 16:10:25] [INFO   ] Only 3 actions at a time
[2022-12-17 16:10:25] [INFO   ] Only 3 actions at a time
[2022-12-17 16:10:25] [SEVERE ] placing card 65 in slot 7
[2022-12-17 16:10:25] [INFO   ] Only 3 actions at a time
[2022-12-17 16:10:25] [SEVERE ] placing card 0 in slot 8
[2022-12-17 16:10:25] [INFO   ] Only 3 actions at a time
[2022-12-17 16:10:25] [SEVERE ] placing card 23 in slot 9
[2022-12-17 16:10:25] [INFO   ] Only 3 actions at a time
[2022-12-17 16:10:25] [SEVERE ] placing card 28 in slot 10
[2022-12-17 16:10:26] [INFO   ] Only 3 actions at a time
[2022-12-17 16:10:26] [SEVERE ] placing card 22 in slot 11
[2022-12-17 16:10:26] [INFO   ] Only 3 actions at a time
[2022-12-17 16:10:26] [SEVERE ] setting player 0 freeze to 3000
[2022-12-17 16:10:27] [SEVERE ] setting player 0 freeze to 2035
[2022-12-17 16:10:28] [SEVERE ] setting player 0 freeze to 1080
[2022-12-17 16:10:29] [SEVERE ] setting player 0 freeze to 122
[2022-12-17 16:10:29] [SEVERE ] setting player 0 freeze to 0
[2022-12-17 16:10:30] [SEVERE ] removing player 0 token from slot 4
[2022-12-17 16:10:30] [SEVERE ] player 0 placing token on slot 1
[2022-12-17 16:10:30] [SEVERE ] setting player 0 freeze to 3000
[2022-12-17 16:10:31] [SEVERE ] setting player 0 freeze to 2039
[2022-12-17 16:10:32] [SEVERE ] setting player 0 freeze to 1078
[2022-12-17 16:10:33] [SEVERE ] setting player 0 freeze to 122
[2022-12-17 16:10:34] [SEVERE ] setting player 0 freeze to 0
[2022-12-17 16:10:34] [SEVERE ] removing player 0 token from slot 9
[2022-12-17 16:10:34] [SEVERE ] player 0 placing token on slot 5
[2022-12-17 16:10:35] [SEVERE ] removing player 0 token from slot 5
[2022-12-17 16:10:35] [SEVERE ] player 0 placing token on slot 8
[2022-12-17 16:10:35] [SEVERE ] removing player 0 token from slot 8
[2022-12-17 16:10:36] [SEVERE ] player 0 placing token on slot 0
[2022-12-17 16:10:36] [SEVERE ] removing player 0 token from slot 0
[2022-12-17 16:10:36] [SEVERE ] player 0 placing token on slot 8
[2022-12-17 16:10:36] [SEVERE ] removing player 0 token from slot 3
[2022-12-17 16:10:36] [SEVERE ] player 0 placing token on slot 3
[2022-12-17 16:10:36] [SEVERE ] removing player 0 token from slot 8
[2022-12-17 16:10:37] [SEVERE ] player 0 placing token on slot 7
[2022-12-17 16:10:37] [SEVERE ] removing player 0 token from slot 3
[2022-12-17 16:10:37] [SEVERE ] player 0 placing token on slot 5
[2022-12-17 16:10:38] [SEVERE ] removing player 0 token from slot 7
[2022-12-17 16:10:38] [SEVERE ] player 0 placing token on slot 0
[2022-12-17 16:10:38] [SEVERE ] removing player 0 token from slot 1
[2022-12-17 16:10:38] [SEVERE ] removing player 0 token from slot 0
[2022-12-17 16:10:38] [SEVERE ] player 0 placing token on slot 10
[2022-12-17 16:10:38] [SEVERE ] player 0 placing token on slot 4
[2022-12-17 16:10:38] [SEVERE ] setting player 0 freeze to 3000
[2022-12-17 16:10:39] [SEVERE ] setting player 0 freeze to 2040
[2022-12-17 16:10:40] [SEVERE ] setting player 0 freeze to 1080
[2022-12-17 16:10:41] [SEVERE ] setting player 0 freeze to 124
[2022-12-17 16:10:42] [SEVERE ] setting player 0 freeze to 0
[2022-12-17 16:10:42] [SEVERE ] removing player 0 token from slot 10
[2022-12-17 16:10:42] [SEVERE ] player 0 placing token on slot 6
[2022-12-17 16:10:43] [SEVERE ] removing player 0 token from slot 4
[2022-12-17 16:10:43] [SEVERE ] player 0 placing token on slot 7
[2022-12-17 16:10:43] [SEVERE ] setting player 0 freeze to 3000
[2022-12-17 16:10:44] [SEVERE ] setting player 0 freeze to 2046
[2022-12-17 16:10:45] [SEVERE ] setting player 0 freeze to 1083
[2022-12-17 16:10:46] [SEVERE ] setting player 0 freeze to 120
[2022-12-17 16:10:47] [SEVERE ] setting player 0 freeze to 0
[2022-12-17 16:10:47] [SEVERE ] removing player 0 token from slot 5
[2022-12-17 16:10:47] [SEVERE ] player 0 placing token on slot 2
[2022-12-17 16:10:47] [SEVERE ] removing player 0 token from slot 6
[2022-12-17 16:10:47] [SEVERE ] removing player 0 token from slot 2
[2022-12-17 16:10:48] [SEVERE ] player 0 placing token on slot 9
[2022-12-17 16:10:48] [SEVERE ] player 0 placing token on slot 1
[2022-12-17 16:10:48] [SEVERE ] removing player 0 token from slot 7
[2022-12-17 16:10:48] [SEVERE ] player 0 placing token on slot 7
[2022-12-17 16:10:48] [SEVERE ] setting player 0 freeze to 3000
[2022-12-17 16:10:49] [SEVERE ] setting player 0 freeze to 2039
[2022-12-17 16:10:50] [SEVERE ] setting player 0 freeze to 1084
[2022-12-17 16:10:51] [SEVERE ] setting player 0 freeze to 124
[2022-12-17 16:10:52] [SEVERE ] setting player 0 freeze to 0
[2022-12-17 16:10:52] [SEVERE ] removing player 0 token from slot 1
[2022-12-17 16:10:52] [SEVERE ] player 0 placing token on slot 5
[2022-12-17 16:10:52] [SEVERE ] removing player 0 token from slot 5
[2022-12-17 16:10:52] [SEVERE ] removing player 0 token from slot 9
[2022-12-17 16:10:53] [SEVERE ] player 0 placing token on slot 0
[2022-12-17 16:10:53] [SEVERE ] player 0 placing token on slot 6
[2022-12-17 16:10:53] [SEVERE ] removing player 0 token from slot 7
[2022-12-17 16:10:53] [SEVERE ] player 0 placing token on slot 4
[2022-12-17 16:10:53] [SEVERE ] setting player 0 score to 1
[2022-12-17 16:10:54] [SEVERE ] setting player 0 freeze to 1000
[2022-12-17 16:10:55] [SEVERE ] setting player 0 freeze to 37
[2022-12-17 16:10:56] [SEVERE ] setting player 0 freeze to 0
[2022-12-17 16:10:56] [SEVERE ] removing player 0 token from slot 0
[2022-12-17 16:10:56] [SEVERE ] removing player 0 token from slot 6
[2022-12-17 16:10:56] [SEVERE ] removing player 0 token from slot 4
[2022-12-17 16:10:56] [SEVERE ] player 0 placing token on slot 2
[2022-12-17 16:10:56] [SEVERE ] placing card 40 in slot 0
[2022-12-17 16:10:56] [SEVERE ] player 0 placing token on slot 4
[2022-12-17 16:10:57] [SEVERE ] placing card 70 in slot 4
[2022-12-17 16:10:57] [SEVERE ] player 0 placing token on slot 0
[2022-12-17 16:10:57] [SEVERE ] placing card 49 in slot 6
[2022-12-17 16:10:57] [SEVERE ] setting player 0 freeze to 3000
[2022-12-17 16:10:58] [SEVERE ] setting player 0 freeze to 2039
[2022-12-17 16:10:59] [SEVERE ] setting player 0 freeze to 1076
[2022-12-17 16:11:00] [SEVERE ] setting player 0 freeze to 118
[2022-12-17 16:11:01] [SEVERE ] setting player 0 freeze to 0
[2022-12-17 16:11:01] [SEVERE ] removing player 0 token from slot 4
[2022-12-17 16:11:01] [SEVERE ] player 0 placing token on slot 9
[2022-12-17 16:11:01] [SEVERE ] removing player 0 token from slot 9
[2022-12-17 16:11:01] [SEVERE ] player 0 placing token on slot 5
[2022-12-17 16:11:01] [SEVERE ] removing player 0 token from slot 5
[2022-12-17 16:11:02] [SEVERE ] player 0 placing token on slot 10
[2022-12-17 16:11:02] [SEVERE ] removing player 0 token from slot 10
[2022-12-17 16:11:03] [SEVERE ] player 0 placing token on slot 4
[2022-12-17 16:11:03] [SEVERE ] removing player 0 token from slot 2
[2022-12-17 16:11:03] [SEVERE ] removing player 0 token from slot 0
[2022-12-17 16:11:03] [SEVERE ] player 0 placing token on slot 1
[2022-12-17 16:11:03] [SEVERE ] removing player 0 token from slot 1
[2022-12-17 16:11:03] [SEVERE ] player 0 placing token on slot 7
[2022-12-17 16:11:03] [SEVERE ] player 0 placing token on slot 8
[2022-12-17 16:11:03] [SEVERE ] setting player 0 freeze to 3000
[2022-12-17 16:11:04] [SEVERE ] setting player 0 freeze to 2035
[2022-12-17 16:11:05] [SEVERE ] setting player 0 freeze to 1073
[2022-12-17 16:11:06] [SEVERE ] setting player 0 freeze to 114
[2022-12-17 16:11:07] [SEVERE ] setting player 0 freeze to 0
[2022-12-17 16:11:07] [SEVERE ] removing player 0 token from slot 7
[2022-12-17 16:11:07] [SEVERE ] removing player 0 token from slot 4
[2022-12-17 16:11:07] [SEVERE ] player 0 placing token on slot 0
[2022-12-17 16:11:07] [SEVERE ] player 0 placing token on slot 3
[2022-12-17 16:11:09] [SEVERE ] removing player 0 token from slot 8
[2022-12-17 16:11:09] [SEVERE ] player 0 placing token on slot 7
[2022-12-17 16:11:09] [SEVERE ] setting player 0 freeze to 3000
[2022-12-17 16:11:10] [SEVERE ] setting player 0 freeze to 2039
[2022-12-17 16:11:11] [SEVERE ] setting player 0 freeze to 1077
[2022-12-17 16:11:12] [SEVERE ] setting player 0 freeze to 112
[2022-12-17 16:11:13] [SEVERE ] setting player 0 freeze to 0
[2022-12-17 16:11:13] [SEVERE ] removing player 0 token from slot 7
[2022-12-17 16:11:13] [SEVERE ] removing player 0 token from slot 3
[2022-12-17 16:11:13] [SEVERE ] player 0 placing token on slot 10
[2022-12-17 16:11:13] [SEVERE ] player 0 placing token on slot 4
[2022-12-17 16:11:13] [SEVERE ] setting player 0 freeze to 3000
[2022-12-17 16:11:14] [SEVERE ] setting player 0 freeze to 2037
[2022-12-17 16:11:15] [SEVERE ] setting player 0 freeze to 1076
[2022-12-17 16:11:16] [SEVERE ] setting player 0 freeze to 117
[2022-12-17 16:11:17] [SEVERE ] setting player 0 freeze to 0
[2022-12-17 16:11:17] [SEVERE ] removing player 0 token from slot 0
[2022-12-17 16:11:17] [SEVERE ] player 0 placing token on slot 3
[2022-12-17 16:11:17] [SEVERE ] removing player 0 token from slot 4
[2022-12-17 16:11:17] [SEVERE ] player 0 placing token on slot 9
[2022-12-17 16:11:17] [SEVERE ] setting player 0 freeze to 3000
[2022-12-17 16:11:18] [SEVERE ] setting player 0 freeze to 2041
[2022-12-17 16:11:19] [SEVERE ] setting player 0 freeze to 1081
[2022-12-17 16:11:20] [SEVERE ] setting player 0 freeze to 121
[2022-12-17 16:11:21] [SEVERE ] setting player 0 freeze to 0
[2022-12-17 16:11:22] [SEVERE ] removing player 0 token from slot 10
[2022-12-17 16:11:22] [SEVERE ] player 0 placing token on slot 10
[2022-12-17 16:11:22] [SEVERE ] removing player 0 token from slot 10
[2022-12-17 16:11:22] [SEVERE ] player 0 placing token on slot 0
[2022-12-17 16:11:22] [SEVERE ] removing player 0 token from slot 9
[2022-12-17 16:11:22] [SEVERE ] player 0 placing token on slot 6
[2022-12-17 16:11:22] [SEVERE ] setting player 0 freeze to 3000
[2022-12-17 16:11:23] [SEVERE ] setting player 0 freeze to 2041
[2022-12-17 16:11:24] [SEVERE ] setting player 0 freeze to 1082
[2022-12-17 16:11:25] [SEVERE ] setting player 0 freeze to 124
[2022-12-17 16:11:26] [SEVERE ] setting player 0 freeze to 0
[2022-12-17 16:11:26] [SEVERE ] removing player 0 token from slot 3
[2022-12-17 16:11:26] [SEVERE ] removing player 0 token from slot 6
[2022-12-17 16:11:27] [SEVERE ] player 0 placing token on slot 6
[2022-12-17 16:11:27] [SEVERE ] player 0 placing token on slot 5
[2022-12-17 16:11:27] [SEVERE ] setting player 0 freeze to 3000
[2022-12-17 16:11:28] [SEVERE ] setting player 0 freeze to 2046
[2022-12-17 16:11:29] [SEVERE ] setting player 0 freeze to 1088
[2022-12-17 16:11:29] [SEVERE ] setting player 0 freeze to 135
[2022-12-17 16:11:30] [SEVERE ] setting player 0 freeze to 0
[2022-12-17 16:11:31] [SEVERE ] removing player 0 token from slot 0
[2022-12-17 16:11:31] [SEVERE ] player 0 placing token on slot 1
[2022-12-17 16:11:31] [SEVERE ] removing player 0 token from slot 6
[2022-12-17 16:11:32] [SEVERE ] player 0 placing token on slot 2
[2022-12-17 16:11:32] [SEVERE ] removing player 0 token from slot 1
[2022-12-17 16:11:32] [SEVERE ] player 0 placing token on slot 6
[2022-12-17 16:11:32] [SEVERE ] removing player 0 token from slot 5
[2022-12-17 16:11:32] [SEVERE ] player 0 placing token on slot 10
[2022-12-17 16:11:32] [SEVERE ] setting player 0 freeze to 3000
[2022-12-17 16:11:33] [SEVERE ] setting player 0 freeze to 2043
[2022-12-17 16:11:34] [SEVERE ] setting player 0 freeze to 1084
[2022-12-17 16:11:35] [SEVERE ] setting player 0 freeze to 133
[2022-12-17 16:11:36] [SEVERE ] setting player 0 freeze to 0
[2022-12-17 16:11:37] [SEVERE ] removing player 0 token from slot 10
[2022-12-17 16:11:37] [SEVERE ] player 0 placing token on slot 8
[2022-12-17 16:11:37] [SEVERE ] setting player 0 freeze to 3000
[2022-12-17 16:11:38] [SEVERE ] setting player 0 freeze to 2043
[2022-12-17 16:11:39] [SEVERE ] setting player 0 freeze to 1090
[2022-12-17 16:11:40] [SEVERE ] setting player 0 freeze to 132
[2022-12-17 16:11:41] [SEVERE ] setting player 0 freeze to 0
[2022-12-17 16:11:41] [SEVERE ] removing player 0 token from slot 6
[2022-12-17 16:11:41] [SEVERE ] removing player 0 token from slot 2
[2022-12-17 16:11:41] [SEVERE ] player 0 placing token on slot 0
[2022-12-17 16:11:41] [SEVERE ] player 0 placing token on slot 6
[2022-12-17 16:11:41] [SEVERE ] removing player 0 token from slot 8
[2022-12-17 16:11:42] [SEVERE ] removing player 0 token from slot 0
[2022-12-17 16:11:42] [SEVERE ] player 0 placing token on slot 3
[2022-12-17 16:11:42] [SEVERE ] player 0 placing token on slot 0
[2022-12-17 16:11:42] [SEVERE ] setting player 0 freeze to 3000
