[2022-12-17 16:12:04] [INFO   ] cannot read configuration file config.properties trying from resources.
[2022-12-17 16:12:04] [INFO   ] configuration file was loaded from resources directory.
[2022-12-17 16:12:05] [INFO   ] Thread dealer starting.
[2022-12-17 16:12:05] [INFO   ] Thread 0starting.
[2022-12-17 16:12:05] [SEVERE ] placing card 66 in slot 0
[2022-12-17 16:12:05] [SEVERE ] placing card 21 in slot 1
[2022-12-17 16:12:05] [SEVERE ] placing card 3 in slot 2
[2022-12-17 16:12:05] [SEVERE ] Key 88 was pressed by player 0
[2022-12-17 16:12:05] [SEVERE ] player 0 placing token on slot 9
[2022-12-17 16:12:05] [SEVERE ] placing card 22 in slot 3
[2022-12-17 16:12:06] [SEVERE ] placing card 64 in slot 4
[2022-12-17 16:12:06] [SEVERE ] Key 67 was pressed by player 0
[2022-12-17 16:12:06] [SEVERE ] player 0 placing token on slot 10
[2022-12-17 16:12:06] [SEVERE ] placing card 48 in slot 5
[2022-12-17 16:12:06] [SEVERE ] placing card 23 in slot 6
[2022-12-17 16:12:06] [SEVERE ] placing card 62 in slot 7
[2022-12-17 16:12:06] [SEVERE ] placing card 54 in slot 8
[2022-12-17 16:12:06] [SEVERE ] placing card 24 in slot 9
[2022-12-17 16:12:06] [SEVERE ] placing card 40 in slot 10
[2022-12-17 16:12:06] [SEVERE ] placing card 25 in slot 11
[2022-12-17 16:12:07] [SEVERE ] Key 88 was pressed by player 0
[2022-12-17 16:12:07] [SEVERE ] removing player 0 token from slot 9
[2022-12-17 16:12:07] [SEVERE ] Key 67 was pressed by player 0
[2022-12-17 16:12:07] [SEVERE ] removing player 0 token from slot 10
