[2022-12-14 19:33:53] [INFO   ] cannot read configuration file config.properties trying from resources.
[2022-12-14 19:33:53] [INFO   ] configuration file was loaded from resources directory.
[2022-12-14 19:33:53] [INFO   ] Thread dealer starting.
[2022-12-14 19:33:53] [INFO   ] Thread 1starting.
[2022-12-14 19:33:53] [INFO   ] Thread 0starting.
[2022-12-14 19:33:53] [SEVERE ] placing card 46 in slot 0
[2022-12-14 19:33:53] [SEVERE ] placing card 8 in slot 1
[2022-12-14 19:33:53] [SEVERE ] placing card 1 in slot 2
[2022-12-14 19:33:53] [SEVERE ] placing card 49 in slot 3
[2022-12-14 19:33:54] [SEVERE ] placing card 17 in slot 4
[2022-12-14 19:33:54] [SEVERE ] placing card 42 in slot 5
[2022-12-14 19:33:54] [SEVERE ] placing card 28 in slot 6
[2022-12-14 19:33:54] [SEVERE ] placing card 40 in slot 7
[2022-12-14 19:33:54] [SEVERE ] placing card 41 in slot 8
[2022-12-14 19:33:54] [SEVERE ] placing card 44 in slot 9
[2022-12-14 19:33:54] [SEVERE ] placing card 12 in slot 10
[2022-12-14 19:33:54] [SEVERE ] placing card 64 in slot 11
[2022-12-14 19:33:58] [SEVERE ] Key 85 was pressed by player 1
[2022-12-14 19:33:58] [SEVERE ] player 1 placing token on slot 0
[2022-12-14 19:34:00] [SEVERE ] Key 79 was pressed by player 1
[2022-12-14 19:34:00] [SEVERE ] player 1 placing token on slot 2
[2022-12-14 19:34:02] [SEVERE ] Key 47 was pressed by player 1
[2022-12-14 19:34:02] [SEVERE ] player 1 placing token on slot 11
[2022-12-14 19:34:02] [SEVERE ] removing player 1 token from slot 0
[2022-12-14 19:34:02] [SEVERE ] removing player 1 token from slot 2
[2022-12-14 19:34:02] [SEVERE ] removing player 1 token from slot 11
[2022-12-14 19:34:02] [SEVERE ] setting player 1 score to 1
[2022-12-14 19:34:03] [SEVERE ] setting player 1 freeze to 1000
[2022-12-14 19:34:04] [SEVERE ] setting player 1 freeze to 44
[2022-12-14 19:34:05] [SEVERE ] setting player 1 freeze to 0
[2022-12-14 19:34:05] [SEVERE ] placing card 61 in slot 0
[2022-12-14 19:34:05] [SEVERE ] placing card 16 in slot 2
[2022-12-14 19:34:05] [SEVERE ] placing card 10 in slot 11
