[2022-12-18 10:35:17] [INFO   ] cannot read configuration file config.properties trying from resources.
[2022-12-18 10:35:17] [INFO   ] configuration file was loaded from resources directory.
[2022-12-18 10:35:17] [INFO   ] Thread dealer starting.
[2022-12-18 10:35:17] [INFO   ] Thread 0starting.
[2022-12-18 10:35:17] [SEVERE ] placing card 35 in slot 0
[2022-12-18 10:35:17] [SEVERE ] placing card 30 in slot 1
[2022-12-18 10:35:18] [SEVERE ] placing card 15 in slot 2
[2022-12-18 10:35:18] [SEVERE ] placing card 45 in slot 3
[2022-12-18 10:35:18] [SEVERE ] placing card 9 in slot 4
[2022-12-18 10:35:18] [SEVERE ] placing card 16 in slot 5
[2022-12-18 10:35:18] [SEVERE ] placing card 14 in slot 6
[2022-12-18 10:35:18] [SEVERE ] placing card 6 in slot 7
[2022-12-18 10:35:18] [SEVERE ] placing card 31 in slot 8
[2022-12-18 10:35:18] [SEVERE ] placing card 34 in slot 9
[2022-12-18 10:35:18] [SEVERE ] placing card 54 in slot 10
[2022-12-18 10:35:19] [SEVERE ] placing card 41 in slot 11
[2022-12-18 10:35:19] [SEVERE ] Key 87 was pressed by player 0
[2022-12-18 10:35:19] [SEVERE ] player 0 placing token on slot 1
[2022-12-18 10:35:19] [SEVERE ] Key 69 was pressed by player 0
[2022-12-18 10:35:19] [SEVERE ] player 0 placing token on slot 2
[2022-12-18 10:35:20] [SEVERE ] Key 82 was pressed by player 0
[2022-12-18 10:35:20] [SEVERE ] player 0 placing token on slot 3
