[2022-12-13 15:57:03] [INFO   ] cannot read configuration file config.properties trying from resources.
[2022-12-13 15:57:03] [INFO   ] configuration file was loaded from resources directory.
[2022-12-13 15:57:04] [INFO   ] Thread dealer starting.
[2022-12-13 15:57:04] [INFO   ] Thread 1starting.
[2022-12-13 15:57:04] [INFO   ] Thread 0starting.
[2022-12-13 15:57:04] [SEVERE ] placing card 8 in slot 0
[2022-12-13 15:57:04] [SEVERE ] placing card 16 in slot 1
[2022-12-13 15:57:04] [SEVERE ] placing card 18 in slot 2
[2022-12-13 15:57:04] [SEVERE ] placing card 69 in slot 3
[2022-12-13 15:57:05] [SEVERE ] placing card 4 in slot 4
[2022-12-13 15:57:05] [SEVERE ] placing card 57 in slot 5
[2022-12-13 15:57:05] [SEVERE ] placing card 64 in slot 6
[2022-12-13 15:57:05] [SEVERE ] placing card 37 in slot 7
[2022-12-13 15:57:05] [SEVERE ] placing card 71 in slot 8
[2022-12-13 15:57:05] [SEVERE ] placing card 14 in slot 9
[2022-12-13 15:57:05] [SEVERE ] placing card 42 in slot 10
[2022-12-13 15:57:05] [SEVERE ] placing card 44 in slot 11
[2022-12-13 15:57:06] [SEVERE ] Key 80 was pressed by player 1
[2022-12-13 15:57:07] [SEVERE ] Key 79 was pressed by player 1
[2022-12-13 15:57:07] [SEVERE ] Key 74 was pressed by player 1
[2022-12-13 15:57:08] [SEVERE ] Key 74 was pressed by player 1
