[2022-12-14 15:18:09] [INFO   ] cannot read configuration file config.properties trying from resources.
[2022-12-14 15:18:09] [INFO   ] configuration file was loaded from resources directory.
[2022-12-14 15:18:10] [INFO   ] Thread dealer starting.
[2022-12-14 15:18:10] [INFO   ] Thread 1starting.
[2022-12-14 15:18:10] [INFO   ] Thread 0starting.
[2022-12-14 15:18:10] [SEVERE ] placing card 58 in slot 0
[2022-12-14 15:18:10] [SEVERE ] placing card 77 in slot 1
[2022-12-14 15:18:10] [SEVERE ] placing card 22 in slot 2
[2022-12-14 15:18:10] [SEVERE ] placing card 25 in slot 3
[2022-12-14 15:18:10] [SEVERE ] placing card 65 in slot 4
[2022-12-14 15:18:11] [SEVERE ] placing card 78 in slot 5
[2022-12-14 15:18:11] [SEVERE ] placing card 80 in slot 6
[2022-12-14 15:18:11] [SEVERE ] placing card 35 in slot 7
[2022-12-14 15:18:11] [SEVERE ] placing card 3 in slot 8
[2022-12-14 15:18:11] [SEVERE ] placing card 44 in slot 9
[2022-12-14 15:18:11] [SEVERE ] placing card 30 in slot 10
[2022-12-14 15:18:11] [SEVERE ] placing card 45 in slot 11
[2022-12-14 15:18:32] [SEVERE ] Key 80 was pressed by player 1
[2022-12-14 15:18:32] [SEVERE ] player 1 placing token on slot 3
[2022-12-14 15:18:35] [SEVERE ] Key 77 was pressed by player 1
[2022-12-14 15:18:35] [SEVERE ] player 1 placing token on slot 8
[2022-12-14 15:18:36] [SEVERE ] Key 77 was pressed by player 1
[2022-12-14 15:18:36] [SEVERE ] removing player 1 token from slot 8
[2022-12-14 15:18:36] [SEVERE ] Key 44 was pressed by player 1
[2022-12-14 15:18:36] [SEVERE ] player 1 placing token on slot 9
[2022-12-14 15:18:37] [SEVERE ] Key 44 was pressed by player 1
[2022-12-14 15:18:37] [SEVERE ] removing player 1 token from slot 9
[2022-12-14 15:18:38] [SEVERE ] Key 46 was pressed by player 1
[2022-12-14 15:18:38] [SEVERE ] player 1 placing token on slot 10
[2022-12-14 15:18:41] [SEVERE ] Key 74 was pressed by player 1
[2022-12-14 15:18:41] [SEVERE ] player 1 placing token on slot 4
[2022-12-14 15:18:41] [SEVERE ] removing player 1 token from slot 3
[2022-12-14 15:18:41] [SEVERE ] removing player 1 token from slot 10
[2022-12-14 15:18:41] [SEVERE ] removing player 1 token from slot 4
[2022-12-14 15:18:41] [SEVERE ] setting player 1 score to 1
[2022-12-14 15:18:42] [SEVERE ] Key 74 was pressed by player 1
[2022-12-14 15:18:42] [SEVERE ] player 1 placing token on slot 4
[2022-12-14 15:18:42] [SEVERE ] Key 74 was pressed by player 1
[2022-12-14 15:18:42] [SEVERE ] removing player 1 token from slot 4
[2022-12-14 15:18:42] [SEVERE ] placing card 34 in slot 3
[2022-12-14 15:18:43] [SEVERE ] placing card 40 in slot 4
[2022-12-14 15:18:43] [SEVERE ] placing card 31 in slot 10
[2022-12-14 15:19:18] [SEVERE ] Key 67 was pressed by player 0
[2022-12-14 15:19:18] [SEVERE ] player 0 placing token on slot 10
[2022-12-14 15:19:19] [SEVERE ] Key 88 was pressed by player 0
[2022-12-14 15:19:19] [SEVERE ] player 0 placing token on slot 9
[2022-12-14 15:19:20] [SEVERE ] Key 86 was pressed by player 0
[2022-12-14 15:19:20] [SEVERE ] player 0 placing token on slot 11
[2022-12-14 15:19:20] [SEVERE ] removing player 0 token from slot 10
[2022-12-14 15:19:20] [SEVERE ] removing player 0 token from slot 9
[2022-12-14 15:19:20] [SEVERE ] removing player 0 token from slot 11
[2022-12-14 15:19:20] [SEVERE ] setting player 0 score to 1
[2022-12-14 15:19:21] [SEVERE ] placing card 29 in slot 9
[2022-12-14 15:19:21] [SEVERE ] placing card 33 in slot 10
[2022-12-14 15:19:22] [SEVERE ] placing card 70 in slot 11
