[2022-12-17 21:02:53] [INFO   ] cannot read configuration file config.properties trying from resources.
[2022-12-17 21:02:53] [INFO   ] configuration file was loaded from resources directory.
[2022-12-17 21:02:54] [INFO   ] Thread dealer starting.
[2022-12-17 21:02:54] [INFO   ] Thread 0starting.
[2022-12-17 21:02:54] [INFO   ] Thread 1starting.
[2022-12-17 21:02:54] [SEVERE ] placing card 37 in slot 0
[2022-12-17 21:02:54] [SEVERE ] placing card 79 in slot 1
[2022-12-17 21:02:54] [SEVERE ] placing card 70 in slot 2
[2022-12-17 21:02:54] [SEVERE ] placing card 80 in slot 3
[2022-12-17 21:02:54] [SEVERE ] placing card 19 in slot 4
[2022-12-17 21:02:54] [SEVERE ] placing card 72 in slot 5
[2022-12-17 21:02:55] [SEVERE ] placing card 52 in slot 6
[2022-12-17 21:02:55] [SEVERE ] placing card 38 in slot 7
[2022-12-17 21:02:55] [SEVERE ] placing card 73 in slot 8
[2022-12-17 21:02:55] [SEVERE ] placing card 16 in slot 9
[2022-12-17 21:02:55] [SEVERE ] placing card 8 in slot 10
[2022-12-17 21:02:55] [SEVERE ] placing card 64 in slot 11
[2022-12-17 21:02:56] [SEVERE ] Key 65 was pressed by player 0
[2022-12-17 21:02:56] [SEVERE ] player 0 placing token on slot 4
[2022-12-17 21:02:57] [SEVERE ] Key 87 was pressed by player 0
[2022-12-17 21:02:57] [SEVERE ] player 0 placing token on slot 1
[2022-12-17 21:02:57] [SEVERE ] Key 83 was pressed by player 0
[2022-12-17 21:02:57] [SEVERE ] player 0 placing token on slot 5
[2022-12-17 21:02:57] [SEVERE ] setting player 0 freeze to 3000
[2022-12-17 21:02:58] [SEVERE ] setting player 0 freeze to 2045
[2022-12-17 21:02:59] [SEVERE ] setting player 0 freeze to 1092
[2022-12-17 21:03:00] [SEVERE ] setting player 0 freeze to 138
[2022-12-17 21:03:01] [SEVERE ] setting player 0 freeze to 0
