[2022-12-17 15:34:47] [INFO   ] cannot read configuration file config.properties trying from resources.
[2022-12-17 15:34:47] [INFO   ] configuration file was loaded from resources directory.
[2022-12-17 15:34:48] [INFO   ] Thread dealer starting.
[2022-12-17 15:34:48] [INFO   ] Thread 0starting.
[2022-12-17 15:34:48] [INFO   ] Thread 1starting.
[2022-12-17 15:34:48] [SEVERE ] placing card 39 in slot 0
[2022-12-17 15:34:48] [SEVERE ] placing card 71 in slot 1
[2022-12-17 15:34:48] [SEVERE ] placing card 62 in slot 2
[2022-12-17 15:34:48] [SEVERE ] placing card 50 in slot 3
[2022-12-17 15:34:48] [SEVERE ] placing card 7 in slot 4
[2022-12-17 15:34:49] [SEVERE ] placing card 52 in slot 5
[2022-12-17 15:34:49] [SEVERE ] placing card 72 in slot 6
[2022-12-17 15:34:49] [SEVERE ] placing card 79 in slot 7
[2022-12-17 15:34:49] [SEVERE ] placing card 51 in slot 8
[2022-12-17 15:34:49] [SEVERE ] placing card 0 in slot 9
[2022-12-17 15:34:49] [SEVERE ] Key 68 was pressed by player 0
[2022-12-17 15:34:49] [SEVERE ] player 0 placing token on slot 6
[2022-12-17 15:34:49] [SEVERE ] placing card 77 in slot 10
[2022-12-17 15:34:49] [SEVERE ] placing card 12 in slot 11
[2022-12-17 15:34:50] [SEVERE ] Key 68 was pressed by player 0
[2022-12-17 15:34:50] [SEVERE ] removing player 0 token from slot 6
[2022-12-17 15:34:50] [SEVERE ] Key 69 was pressed by player 0
[2022-12-17 15:34:50] [SEVERE ] player 0 placing token on slot 2
[2022-12-17 15:34:52] [SEVERE ] Key 86 was pressed by player 0
[2022-12-17 15:34:52] [SEVERE ] player 0 placing token on slot 11
[2022-12-17 15:34:52] [SEVERE ] Key 86 was pressed by player 0
[2022-12-17 15:34:52] [SEVERE ] removing player 0 token from slot 11
[2022-12-17 15:34:53] [SEVERE ] Key 68 was pressed by player 0
[2022-12-17 15:34:53] [SEVERE ] player 0 placing token on slot 6
[2022-12-17 15:34:53] [SEVERE ] Key 83 was pressed by player 0
[2022-12-17 15:34:53] [SEVERE ] player 0 placing token on slot 5
[2022-12-17 15:34:53] [SEVERE ] setting player 0 freeze to 3000
[2022-12-17 15:34:54] [SEVERE ] Key 83 was pressed by player 0
[2022-12-17 15:34:54] [SEVERE ] setting player 0 freeze to 2039
[2022-12-17 15:34:55] [SEVERE ] setting player 0 freeze to 1075
[2022-12-17 15:34:55] [SEVERE ] Key 82 was pressed by player 0
[2022-12-17 15:34:56] [SEVERE ] setting player 0 freeze to 113
[2022-12-17 15:34:57] [SEVERE ] setting player 0 freeze to 0
[2022-12-17 15:34:57] [SEVERE ] removing player 0 token from slot 5
[2022-12-17 15:34:57] [SEVERE ] removing player 0 token from slot 2
[2022-12-17 15:34:57] [SEVERE ] player 0 placing token on slot 3
[2022-12-17 15:34:57] [SEVERE ] removing player 0 token from slot 6
[2022-12-17 15:34:57] [SEVERE ] removing player 0 token from slot 3
[2022-12-17 15:34:57] [SEVERE ] removing card from slot 0
[2022-12-17 15:34:57] [SEVERE ] removing card from slot 1
[2022-12-17 15:34:58] [SEVERE ] removing card from slot 2
[2022-12-17 15:34:58] [SEVERE ] Key 83 was pressed by player 0
[2022-12-17 15:34:58] [SEVERE ] removing card from slot 3
[2022-12-17 15:34:58] [SEVERE ] removing card from slot 4
[2022-12-17 15:34:58] [SEVERE ] removing card from slot 5
[2022-12-17 15:34:58] [SEVERE ] removing card from slot 6
[2022-12-17 15:34:58] [SEVERE ] Key 68 was pressed by player 0
[2022-12-17 15:34:58] [SEVERE ] removing card from slot 7
[2022-12-17 15:34:58] [SEVERE ] removing card from slot 8
[2022-12-17 15:34:58] [SEVERE ] removing card from slot 9
[2022-12-17 15:34:58] [SEVERE ] Key 69 was pressed by player 0
[2022-12-17 15:34:58] [SEVERE ] removing card from slot 10
[2022-12-17 15:34:59] [SEVERE ] removing card from slot 11
[2022-12-17 15:34:59] [SEVERE ] placing card 55 in slot 0
[2022-12-17 15:34:59] [SEVERE ] placing card 73 in slot 1
[2022-12-17 15:34:59] [SEVERE ] placing card 35 in slot 2
[2022-12-17 15:34:59] [SEVERE ] placing card 74 in slot 3
[2022-12-17 15:34:59] [SEVERE ] placing card 11 in slot 4
[2022-12-17 15:34:59] [SEVERE ] Key 83 was pressed by player 0
[2022-12-17 15:34:59] [INFO   ] Only 3 actions at a time
[2022-12-17 15:34:59] [SEVERE ] placing card 68 in slot 5
[2022-12-17 15:34:59] [SEVERE ] placing card 37 in slot 6
[2022-12-17 15:34:59] [SEVERE ] placing card 30 in slot 7
[2022-12-17 15:35:00] [SEVERE ] placing card 36 in slot 8
[2022-12-17 15:35:00] [SEVERE ] Key 68 was pressed by player 0
[2022-12-17 15:35:00] [INFO   ] Only 3 actions at a time
[2022-12-17 15:35:00] [SEVERE ] placing card 21 in slot 9
[2022-12-17 15:35:00] [SEVERE ] placing card 14 in slot 10
[2022-12-17 15:35:00] [SEVERE ] placing card 23 in slot 11
[2022-12-17 15:35:00] [SEVERE ] Key 69 was pressed by player 0
[2022-12-17 15:35:00] [INFO   ] Only 3 actions at a time
[2022-12-17 15:35:00] [SEVERE ] player 0 placing token on slot 5
[2022-12-17 15:35:00] [SEVERE ] player 0 placing token on slot 6
[2022-12-17 15:35:00] [SEVERE ] player 0 placing token on slot 2
[2022-12-17 15:35:00] [SEVERE ] setting player 0 freeze to 3000
[2022-12-17 15:35:00] [SEVERE ] Key 67 was pressed by player 0
[2022-12-17 15:35:01] [SEVERE ] setting player 0 freeze to 2038
[2022-12-17 15:35:02] [SEVERE ] setting player 0 freeze to 1087
[2022-12-17 15:35:03] [SEVERE ] Key 68 was pressed by player 0
[2022-12-17 15:35:03] [SEVERE ] Key 70 was pressed by player 0
[2022-12-17 15:35:03] [SEVERE ] setting player 0 freeze to 122
[2022-12-17 15:35:04] [SEVERE ] setting player 0 freeze to 0
[2022-12-17 15:35:04] [SEVERE ] removing player 0 token from slot 6
[2022-12-17 15:35:04] [SEVERE ] player 0 placing token on slot 7
