[2022-12-17 20:33:06] [INFO   ] cannot read configuration file config.properties trying from resources.
[2022-12-17 20:33:06] [INFO   ] configuration file was loaded from resources directory.
[2022-12-17 20:33:06] [INFO   ] Thread dealer starting.
[2022-12-17 20:33:06] [INFO   ] Thread 1starting.
[2022-12-17 20:33:06] [INFO   ] Thread 0starting.
[2022-12-17 20:33:07] [SEVERE ] placing card 32 in slot 0
[2022-12-17 20:33:07] [SEVERE ] placing card 26 in slot 1
[2022-12-17 20:33:07] [SEVERE ] placing card 45 in slot 2
[2022-12-17 20:33:07] [SEVERE ] placing card 51 in slot 3
[2022-12-17 20:33:07] [SEVERE ] placing card 37 in slot 4
[2022-12-17 20:33:07] [SEVERE ] placing card 49 in slot 5
[2022-12-17 20:33:07] [SEVERE ] placing card 1 in slot 6
[2022-12-17 20:33:07] [SEVERE ] placing card 2 in slot 7
[2022-12-17 20:33:07] [SEVERE ] placing card 13 in slot 8
[2022-12-17 20:33:08] [SEVERE ] placing card 3 in slot 9
[2022-12-17 20:33:08] [SEVERE ] placing card 15 in slot 10
[2022-12-17 20:33:08] [SEVERE ] placing card 60 in slot 11
[2022-12-17 20:33:09] [SEVERE ] Key 68 was pressed by player 0
[2022-12-17 20:33:09] [SEVERE ] player 0 placing token on slot 6
[2022-12-17 20:33:09] [SEVERE ] Key 82 was pressed by player 0
[2022-12-17 20:33:09] [SEVERE ] player 0 placing token on slot 3
[2022-12-17 20:33:10] [SEVERE ] Key 69 was pressed by player 0
[2022-12-17 20:33:10] [SEVERE ] player 0 placing token on slot 2
[2022-12-17 20:33:10] [SEVERE ] setting player 0 freeze to 3000
[2022-12-17 20:33:11] [SEVERE ] setting player 0 freeze to 2047
[2022-12-17 20:33:12] [SEVERE ] setting player 0 freeze to 1082
[2022-12-17 20:33:13] [SEVERE ] setting player 0 freeze to 128
[2022-12-17 20:33:13] [SEVERE ] setting player 0 freeze to 0
