[2022-12-17 16:55:31] [INFO   ] cannot read configuration file config.properties trying from resources.
[2022-12-17 16:55:31] [INFO   ] configuration file was loaded from resources directory.
[2022-12-17 16:55:32] [INFO   ] Thread dealer starting.
[2022-12-17 16:55:32] [INFO   ] Thread 1starting.
[2022-12-17 16:55:32] [INFO   ] Thread 0starting.
[2022-12-17 16:55:32] [SEVERE ] placing card 10 in slot 0
[2022-12-17 16:55:32] [SEVERE ] placing card 56 in slot 1
[2022-12-17 16:55:32] [SEVERE ] placing card 5 in slot 2
[2022-12-17 16:55:33] [SEVERE ] placing card 80 in slot 3
[2022-12-17 16:55:33] [SEVERE ] placing card 6 in slot 4
[2022-12-17 16:55:33] [SEVERE ] placing card 66 in slot 5
[2022-12-17 16:55:33] [SEVERE ] placing card 42 in slot 6
[2022-12-17 16:55:33] [SEVERE ] placing card 41 in slot 7
[2022-12-17 16:55:33] [SEVERE ] placing card 54 in slot 8
[2022-12-17 16:55:33] [SEVERE ] placing card 24 in slot 9
[2022-12-17 16:55:33] [SEVERE ] placing card 51 in slot 10
[2022-12-17 16:55:33] [SEVERE ] placing card 31 in slot 11
[2022-12-17 16:55:38] [SEVERE ] Key 69 was pressed by player 0
[2022-12-17 16:55:38] [SEVERE ] player 0 placing token on slot 2
[2022-12-17 16:55:38] [SEVERE ] Key 83 was pressed by player 0
[2022-12-17 16:55:38] [SEVERE ] player 0 placing token on slot 5
[2022-12-17 16:55:39] [SEVERE ] Key 87 was pressed by player 0
[2022-12-17 16:55:39] [SEVERE ] player 0 placing token on slot 1
[2022-12-17 16:55:39] [SEVERE ] setting player 0 freeze to 3000
[2022-12-17 16:55:39] [SEVERE ] Key 83 was pressed by player 0
[2022-12-17 16:55:40] [SEVERE ] setting player 0 freeze to 2044
[2022-12-17 16:55:40] [SEVERE ] Key 87 was pressed by player 0
[2022-12-17 16:55:41] [SEVERE ] setting player 0 freeze to 1078
[2022-12-17 16:55:41] [SEVERE ] setting player 0 freeze to 115
[2022-12-17 16:55:42] [SEVERE ] Key 83 was pressed by player 0
[2022-12-17 16:55:42] [SEVERE ] setting player 0 freeze to 0
[2022-12-17 16:55:44] [SEVERE ] Key 83 was pressed by player 0
[2022-12-17 16:55:44] [SEVERE ] removing player 0 token from slot 5
[2022-12-17 16:55:45] [SEVERE ] Key 87 was pressed by player 0
[2022-12-17 16:55:45] [SEVERE ] removing player 0 token from slot 1
[2022-12-17 16:55:45] [SEVERE ] Key 69 was pressed by player 0
[2022-12-17 16:55:45] [SEVERE ] removing player 0 token from slot 2
[2022-12-17 16:55:48] [SEVERE ] Key 83 was pressed by player 0
[2022-12-17 16:55:48] [SEVERE ] player 0 placing token on slot 5
[2022-12-17 16:55:48] [SEVERE ] Key 87 was pressed by player 0
[2022-12-17 16:55:48] [SEVERE ] player 0 placing token on slot 1
[2022-12-17 16:55:48] [SEVERE ] Key 83 was pressed by player 0
[2022-12-17 16:55:48] [SEVERE ] removing player 0 token from slot 5
[2022-12-17 16:55:48] [SEVERE ] Key 87 was pressed by player 0
[2022-12-17 16:55:48] [SEVERE ] removing player 0 token from slot 1
[2022-12-17 16:55:49] [SEVERE ] Key 88 was pressed by player 0
[2022-12-17 16:55:49] [SEVERE ] player 0 placing token on slot 9
[2022-12-17 16:55:49] [SEVERE ] Key 83 was pressed by player 0
[2022-12-17 16:55:49] [SEVERE ] player 0 placing token on slot 5
[2022-12-17 16:55:50] [SEVERE ] Key 65 was pressed by player 0
[2022-12-17 16:55:50] [SEVERE ] player 0 placing token on slot 4
[2022-12-17 16:55:50] [SEVERE ] setting player 0 freeze to 3000
[2022-12-17 16:55:51] [SEVERE ] setting player 0 freeze to 2038
[2022-12-17 16:55:51] [SEVERE ] setting player 0 freeze to 1082
[2022-12-17 16:55:52] [SEVERE ] setting player 0 freeze to 125
[2022-12-17 16:55:53] [SEVERE ] setting player 0 freeze to 0
