[2022-12-17 12:49:51] [INFO   ] cannot read configuration file config.properties trying from resources.
[2022-12-17 12:49:51] [INFO   ] configuration file was loaded from resources directory.
[2022-12-17 12:49:52] [INFO   ] Thread dealer starting.
[2022-12-17 12:49:52] [INFO   ] Thread 1starting.
[2022-12-17 12:49:52] [INFO   ] Thread 0starting.
[2022-12-17 12:49:52] [SEVERE ] placing card 69 in slot 0
[2022-12-17 12:49:52] [SEVERE ] placing card 66 in slot 1
[2022-12-17 12:49:52] [SEVERE ] placing card 56 in slot 2
[2022-12-17 12:49:52] [SEVERE ] placing card 44 in slot 3
[2022-12-17 12:49:52] [SEVERE ] placing card 76 in slot 4
[2022-12-17 12:49:52] [SEVERE ] placing card 60 in slot 5
[2022-12-17 12:49:52] [SEVERE ] placing card 71 in slot 6
[2022-12-17 12:49:53] [SEVERE ] placing card 40 in slot 7
[2022-12-17 12:49:53] [SEVERE ] placing card 27 in slot 8
[2022-12-17 12:49:53] [SEVERE ] placing card 41 in slot 9
[2022-12-17 12:49:53] [SEVERE ] placing card 79 in slot 10
[2022-12-17 12:49:53] [SEVERE ] placing card 32 in slot 11
[2022-12-17 12:49:57] [SEVERE ] Key 81 was pressed by player 0
[2022-12-17 12:49:57] [SEVERE ] player 0 placing token on slot 0
[2022-12-17 12:49:58] [SEVERE ] Key 69 was pressed by player 0
[2022-12-17 12:49:58] [SEVERE ] player 0 placing token on slot 2
[2022-12-17 12:49:59] [SEVERE ] Key 65 was pressed by player 0
[2022-12-17 12:49:59] [SEVERE ] player 0 placing token on slot 4
[2022-12-17 12:49:59] [SEVERE ] setting player 0 score to 1
[2022-12-17 12:50:00] [SEVERE ] setting player 0 freeze to 1000
[2022-12-17 12:50:01] [SEVERE ] setting player 0 freeze to 44
[2022-12-17 12:50:02] [SEVERE ] setting player 0 freeze to 0
[2022-12-17 12:50:02] [SEVERE ] removing player 0 token from slot 0
[2022-12-17 12:50:02] [SEVERE ] removing player 0 token from slot 2
[2022-12-17 12:50:02] [SEVERE ] removing player 0 token from slot 4
[2022-12-17 12:50:02] [SEVERE ] placing card 53 in slot 0
[2022-12-17 12:50:02] [SEVERE ] placing card 61 in slot 2
[2022-12-17 12:50:03] [SEVERE ] placing card 77 in slot 4
[2022-12-17 12:50:07] [SEVERE ] Key 81 was pressed by player 0
[2022-12-17 12:50:07] [SEVERE ] player 0 placing token on slot 0
[2022-12-17 12:50:08] [SEVERE ] Key 70 was pressed by player 0
[2022-12-17 12:50:08] [SEVERE ] player 0 placing token on slot 7
[2022-12-17 12:50:09] [SEVERE ] Key 90 was pressed by player 0
[2022-12-17 12:50:09] [SEVERE ] player 0 placing token on slot 8
[2022-12-17 12:50:09] [SEVERE ] setting player 0 score to 3
[2022-12-17 12:50:10] [SEVERE ] setting player 0 freeze to 1000
[2022-12-17 12:50:11] [SEVERE ] setting player 0 freeze to 41
[2022-12-17 12:50:12] [SEVERE ] setting player 0 freeze to 0
[2022-12-17 12:50:12] [SEVERE ] removing player 0 token from slot 0
[2022-12-17 12:50:12] [SEVERE ] removing player 0 token from slot 7
[2022-12-17 12:50:12] [SEVERE ] removing player 0 token from slot 8
[2022-12-17 12:50:12] [SEVERE ] placing card 23 in slot 0
[2022-12-17 12:50:12] [SEVERE ] placing card 28 in slot 7
[2022-12-17 12:50:12] [SEVERE ] placing card 11 in slot 8
