[2022-12-17 11:41:39] [INFO   ] cannot read configuration file config.properties trying from resources.
[2022-12-17 11:41:39] [INFO   ] configuration file was loaded from resources directory.
[2022-12-17 11:41:40] [INFO   ] Thread dealer starting.
[2022-12-17 11:41:40] [INFO   ] Thread 1starting.
[2022-12-17 11:41:40] [INFO   ] Thread 0starting.
[2022-12-17 11:41:40] [SEVERE ] placing card 2 in slot 0
[2022-12-17 11:41:40] [SEVERE ] placing card 28 in slot 1
[2022-12-17 11:41:40] [SEVERE ] placing card 4 in slot 2
[2022-12-17 11:41:41] [SEVERE ] placing card 78 in slot 3
[2022-12-17 11:41:41] [SEVERE ] placing card 80 in slot 4
[2022-12-17 11:41:41] [SEVERE ] placing card 7 in slot 5
[2022-12-17 11:41:41] [SEVERE ] placing card 27 in slot 6
[2022-12-17 11:41:41] [SEVERE ] placing card 75 in slot 7
[2022-12-17 11:41:41] [SEVERE ] placing card 15 in slot 8
[2022-12-17 11:41:41] [SEVERE ] placing card 18 in slot 9
[2022-12-17 11:41:41] [SEVERE ] placing card 10 in slot 10
[2022-12-17 11:41:41] [SEVERE ] placing card 5 in slot 11
[2022-12-17 11:41:47] [SEVERE ] Key 85 was pressed by player 1
[2022-12-17 11:41:47] [SEVERE ] player 1 placing token on slot 0
[2022-12-17 11:41:49] [SEVERE ] Key 44 was pressed by player 1
[2022-12-17 11:41:49] [SEVERE ] player 1 placing token on slot 9
[2022-12-17 11:41:51] [SEVERE ] Key 46 was pressed by player 1
[2022-12-17 11:41:51] [SEVERE ] player 1 placing token on slot 10
[2022-12-17 11:41:51] [SEVERE ] setting player 1 score to 1
[2022-12-17 11:41:52] [SEVERE ] setting player 1 freeze to 1000
[2022-12-17 11:41:52] [SEVERE ] setting player 1 freeze to 37
[2022-12-17 11:41:53] [SEVERE ] setting player 1 freeze to 0
[2022-12-17 11:41:53] [SEVERE ] removing player 1 token from slot 0
[2022-12-17 11:41:53] [SEVERE ] removing player 1 token from slot 9
[2022-12-17 11:41:53] [SEVERE ] removing player 1 token from slot 10
[2022-12-17 11:41:53] [INFO   ] Thread main terminated.
