[2022-12-14 19:37:17] [INFO   ] cannot read configuration file config.properties trying from resources.
[2022-12-14 19:37:17] [INFO   ] configuration file was loaded from resources directory.
[2022-12-14 19:37:17] [INFO   ] Thread dealer starting.
[2022-12-14 19:37:17] [INFO   ] Thread 1starting.
[2022-12-14 19:37:17] [INFO   ] Thread 0starting.
[2022-12-14 19:37:17] [SEVERE ] placing card 23 in slot 0
[2022-12-14 19:37:17] [SEVERE ] placing card 52 in slot 1
[2022-12-14 19:37:18] [SEVERE ] placing card 74 in slot 2
[2022-12-14 19:37:18] [SEVERE ] placing card 4 in slot 3
[2022-12-14 19:37:18] [SEVERE ] placing card 26 in slot 4
[2022-12-14 19:37:18] [SEVERE ] placing card 43 in slot 5
[2022-12-14 19:37:18] [SEVERE ] placing card 39 in slot 6
[2022-12-14 19:37:18] [SEVERE ] placing card 68 in slot 7
[2022-12-14 19:37:18] [SEVERE ] placing card 16 in slot 8
[2022-12-14 19:37:18] [SEVERE ] placing card 64 in slot 9
[2022-12-14 19:37:18] [SEVERE ] placing card 34 in slot 10
[2022-12-14 19:37:19] [SEVERE ] placing card 72 in slot 11
[2022-12-14 19:37:23] [SEVERE ] Key 73 was pressed by player 1
[2022-12-14 19:37:23] [SEVERE ] player 1 placing token on slot 1
[2022-12-14 19:37:25] [SEVERE ] Key 75 was pressed by player 1
[2022-12-14 19:37:25] [SEVERE ] player 1 placing token on slot 5
[2022-12-14 19:37:26] [SEVERE ] Key 46 was pressed by player 1
[2022-12-14 19:37:26] [SEVERE ] player 1 placing token on slot 10
[2022-12-14 19:37:26] [SEVERE ] removing player 1 token from slot 1
[2022-12-14 19:37:26] [SEVERE ] removing player 1 token from slot 5
[2022-12-14 19:37:26] [SEVERE ] removing player 1 token from slot 10
[2022-12-14 19:37:26] [SEVERE ] setting player 1 score to 1
[2022-12-14 19:37:27] [SEVERE ] setting player 1 freeze to 1000
[2022-12-14 19:37:28] [SEVERE ] setting player 1 freeze to 42
[2022-12-14 19:37:29] [SEVERE ] setting player 1 freeze to 0
[2022-12-14 19:37:29] [SEVERE ] placing card 70 in slot 1
[2022-12-14 19:37:29] [SEVERE ] placing card 9 in slot 5
[2022-12-14 19:37:29] [SEVERE ] placing card 28 in slot 10
