[2022-12-17 16:02:57] [INFO   ] cannot read configuration file config.properties trying from resources.
[2022-12-17 16:02:57] [INFO   ] configuration file was loaded from resources directory.
[2022-12-17 16:02:57] [INFO   ] Thread dealer starting.
[2022-12-17 16:02:57] [INFO   ] Thread 0starting.
[2022-12-17 16:02:57] [INFO   ] Thread computer-0 starting.
[2022-12-17 16:02:58] [SEVERE ] placing card 30 in slot 0
[2022-12-17 16:02:58] [SEVERE ] player 0 placing token on slot 9
[2022-12-17 16:02:58] [SEVERE ] placing card 66 in slot 1
[2022-12-17 16:02:58] [SEVERE ] placing card 6 in slot 2
[2022-12-17 16:02:58] [SEVERE ] removing player 0 token from slot 9
[2022-12-17 16:02:58] [SEVERE ] player 0 placing token on slot 3
[2022-12-17 16:02:58] [SEVERE ] placing card 50 in slot 3
[2022-12-17 16:02:58] [SEVERE ] placing card 32 in slot 4
[2022-12-17 16:02:58] [SEVERE ] placing card 49 in slot 5
[2022-12-17 16:02:58] [SEVERE ] removing player 0 token from slot 3
[2022-12-17 16:02:58] [SEVERE ] placing card 69 in slot 6
[2022-12-17 16:02:58] [SEVERE ] player 0 placing token on slot 3
[2022-12-17 16:02:58] [SEVERE ] placing card 15 in slot 7
[2022-12-17 16:02:58] [SEVERE ] placing card 7 in slot 8
[2022-12-17 16:02:59] [SEVERE ] placing card 60 in slot 9
[2022-12-17 16:02:59] [SEVERE ] removing player 0 token from slot 3
[2022-12-17 16:02:59] [SEVERE ] player 0 placing token on slot 4
[2022-12-17 16:02:59] [SEVERE ] placing card 33 in slot 10
[2022-12-17 16:02:59] [SEVERE ] placing card 27 in slot 11
[2022-12-17 16:03:00] [SEVERE ] removing player 0 token from slot 4
[2022-12-17 16:03:00] [SEVERE ] player 0 placing token on slot 1
[2022-12-17 16:03:03] [SEVERE ] removing player 0 token from slot 1
[2022-12-17 16:03:03] [SEVERE ] player 0 placing token on slot 0
[2022-12-17 16:03:04] [SEVERE ] removing player 0 token from slot 0
[2022-12-17 16:03:04] [SEVERE ] player 0 placing token on slot 0
[2022-12-17 16:03:05] [SEVERE ] removing player 0 token from slot 0
[2022-12-17 16:03:05] [SEVERE ] player 0 placing token on slot 7
[2022-12-17 16:03:05] [SEVERE ] removing player 0 token from slot 7
[2022-12-17 16:03:06] [SEVERE ] player 0 placing token on slot 3
