[2022-12-17 12:48:16] [INFO   ] cannot read configuration file config.properties trying from resources.
[2022-12-17 12:48:16] [INFO   ] configuration file was loaded from resources directory.
[2022-12-17 12:48:17] [INFO   ] Thread dealer starting.
[2022-12-17 12:48:17] [INFO   ] Thread 1starting.
[2022-12-17 12:48:17] [INFO   ] Thread 0starting.
[2022-12-17 12:48:17] [SEVERE ] placing card 71 in slot 0
[2022-12-17 12:48:17] [SEVERE ] placing card 12 in slot 1
[2022-12-17 12:48:17] [SEVERE ] placing card 21 in slot 2
[2022-12-17 12:48:17] [SEVERE ] placing card 11 in slot 3
[2022-12-17 12:48:17] [SEVERE ] placing card 1 in slot 4
[2022-12-17 12:48:18] [SEVERE ] placing card 69 in slot 5
[2022-12-17 12:48:18] [SEVERE ] placing card 76 in slot 6
[2022-12-17 12:48:18] [SEVERE ] placing card 40 in slot 7
[2022-12-17 12:48:18] [SEVERE ] placing card 18 in slot 8
[2022-12-17 12:48:18] [SEVERE ] placing card 77 in slot 9
[2022-12-17 12:48:18] [SEVERE ] placing card 78 in slot 10
[2022-12-17 12:48:18] [SEVERE ] placing card 75 in slot 11
[2022-12-17 12:48:22] [SEVERE ] Key 82 was pressed by player 0
[2022-12-17 12:48:22] [SEVERE ] player 0 placing token on slot 3
[2022-12-17 12:48:24] [SEVERE ] Key 83 was pressed by player 0
[2022-12-17 12:48:24] [SEVERE ] player 0 placing token on slot 5
[2022-12-17 12:48:25] [SEVERE ] Key 70 was pressed by player 0
[2022-12-17 12:48:25] [SEVERE ] player 0 placing token on slot 7
[2022-12-17 12:48:25] [SEVERE ] setting player 0 score to 1
[2022-12-17 12:48:26] [SEVERE ] setting player 0 freeze to 1000
[2022-12-17 12:48:27] [SEVERE ] setting player 0 freeze to 36
[2022-12-17 12:48:28] [SEVERE ] setting player 0 freeze to 0
[2022-12-17 12:48:28] [SEVERE ] removing player 0 token from slot 3
[2022-12-17 12:48:28] [SEVERE ] removing player 0 token from slot 5
[2022-12-17 12:48:28] [SEVERE ] removing player 0 token from slot 7
[2022-12-17 12:48:29] [SEVERE ] placing card 55 in slot 3
[2022-12-17 12:48:29] [SEVERE ] placing card 29 in slot 5
[2022-12-17 12:48:29] [SEVERE ] placing card 17 in slot 7
[2022-12-17 12:48:42] [SEVERE ] Key 69 was pressed by player 0
[2022-12-17 12:48:42] [SEVERE ] player 0 placing token on slot 2
[2022-12-17 12:48:44] [SEVERE ] Key 70 was pressed by player 0
[2022-12-17 12:48:44] [SEVERE ] player 0 placing token on slot 7
[2022-12-17 12:48:50] [SEVERE ] Key 75 was pressed by player 1
[2022-12-17 12:48:50] [SEVERE ] player 1 placing token on slot 5
[2022-12-17 12:48:52] [SEVERE ] Key 59 was pressed by player 1
[2022-12-17 12:48:52] [SEVERE ] player 1 placing token on slot 7
[2022-12-17 12:49:07] [SEVERE ] Key 65 was pressed by player 0
[2022-12-17 12:49:07] [SEVERE ] player 0 placing token on slot 4
[2022-12-17 12:49:07] [SEVERE ] setting player 0 score to 3
[2022-12-17 12:49:08] [SEVERE ] Key 44 was pressed by player 1
[2022-12-17 12:49:08] [SEVERE ] player 1 placing token on slot 9
[2022-12-17 12:49:08] [SEVERE ] setting player 0 freeze to 1000
[2022-12-17 12:49:09] [SEVERE ] setting player 0 freeze to 34
[2022-12-17 12:49:09] [SEVERE ] setting player 0 freeze to 0
[2022-12-17 12:49:09] [SEVERE ] removing player 0 token from slot 2
[2022-12-17 12:49:09] [SEVERE ] removing player 0 token from slot 7
[2022-12-17 12:49:09] [SEVERE ] removing player 0 token from slot 4
[2022-12-17 12:49:09] [SEVERE ] removing player 1 token from slot 7
[2022-12-17 12:49:10] [SEVERE ] placing card 30 in slot 2
[2022-12-17 12:49:10] [SEVERE ] placing card 79 in slot 4
[2022-12-17 12:49:10] [SEVERE ] placing card 9 in slot 7
[2022-12-17 12:49:10] [SEVERE ] Key 44 was pressed by player 1
[2022-12-17 12:49:10] [SEVERE ] removing player 1 token from slot 9
[2022-12-17 12:49:11] [SEVERE ] Key 76 was pressed by player 1
[2022-12-17 12:49:11] [SEVERE ] player 1 placing token on slot 6
[2022-12-17 12:49:12] [SEVERE ] Key 74 was pressed by player 1
[2022-12-17 12:49:12] [SEVERE ] player 1 placing token on slot 4
[2022-12-17 12:49:12] [SEVERE ] setting player 1 freeze to 3000
[2022-12-17 12:49:13] [SEVERE ] setting player 1 freeze to 2044
[2022-12-17 12:49:13] [SEVERE ] Key 83 was pressed by player 0
[2022-12-17 12:49:13] [SEVERE ] player 0 placing token on slot 5
[2022-12-17 12:49:14] [SEVERE ] setting player 1 freeze to 1079
[2022-12-17 12:49:14] [SEVERE ] Key 87 was pressed by player 0
[2022-12-17 12:49:14] [SEVERE ] player 0 placing token on slot 1
[2022-12-17 12:49:15] [SEVERE ] Key 68 was pressed by player 0
[2022-12-17 12:49:15] [SEVERE ] player 0 placing token on slot 6
[2022-12-17 12:49:15] [SEVERE ] setting player 1 freeze to 238
[2022-12-17 12:49:16] [SEVERE ] setting player 1 freeze to 0
[2022-12-17 12:49:16] [SEVERE ] setting player 0 freeze to 3000
[2022-12-17 12:49:17] [SEVERE ] setting player 0 freeze to 2043
[2022-12-17 12:49:18] [SEVERE ] setting player 0 freeze to 1090
