[2022-12-14 18:02:54] [INFO   ] cannot read configuration file config.properties trying from resources.
[2022-12-14 18:02:54] [INFO   ] configuration file was loaded from resources directory.
[2022-12-14 18:02:54] [INFO   ] Thread dealer starting.
[2022-12-14 18:02:54] [INFO   ] Thread 0starting.
[2022-12-14 18:02:54] [INFO   ] Thread 1starting.
[2022-12-14 18:02:54] [SEVERE ] placing card 24 in slot 0
[2022-12-14 18:02:54] [SEVERE ] placing card 74 in slot 1
[2022-12-14 18:02:55] [SEVERE ] placing card 68 in slot 2
[2022-12-14 18:02:55] [SEVERE ] placing card 60 in slot 3
[2022-12-14 18:02:55] [SEVERE ] placing card 34 in slot 4
[2022-12-14 18:02:55] [SEVERE ] placing card 69 in slot 5
[2022-12-14 18:02:55] [SEVERE ] placing card 30 in slot 6
[2022-12-14 18:02:55] [SEVERE ] placing card 47 in slot 7
[2022-12-14 18:02:55] [SEVERE ] placing card 33 in slot 8
[2022-12-14 18:02:55] [SEVERE ] placing card 55 in slot 9
[2022-12-14 18:02:55] [SEVERE ] placing card 6 in slot 10
[2022-12-14 18:02:56] [SEVERE ] placing card 44 in slot 11
[2022-12-14 18:02:58] [SEVERE ] Key 81 was pressed by player 0
[2022-12-14 18:02:58] [SEVERE ] player 0 placing token on slot 0
[2022-12-14 18:02:58] [SEVERE ] Key 87 was pressed by player 0
[2022-12-14 18:02:58] [SEVERE ] player 0 placing token on slot 1
[2022-12-14 18:02:59] [SEVERE ] Key 69 was pressed by player 0
[2022-12-14 18:02:59] [SEVERE ] player 0 placing token on slot 2
[2022-12-14 18:02:59] [SEVERE ] setting player 0 freeze to 3000
[2022-12-14 18:03:00] [SEVERE ] setting player 0 freeze to 2040
[2022-12-14 18:03:01] [SEVERE ] setting player 0 freeze to 1080
[2022-12-14 18:03:02] [SEVERE ] setting player 0 freeze to 121
[2022-12-14 18:03:03] [SEVERE ] setting player 0 freeze to 0
[2022-12-14 18:03:04] [SEVERE ] Key 81 was pressed by player 0
[2022-12-14 18:03:04] [SEVERE ] removing player 0 token from slot 0
[2022-12-14 18:03:04] [SEVERE ] Key 87 was pressed by player 0
[2022-12-14 18:03:04] [SEVERE ] removing player 0 token from slot 1
[2022-12-14 18:03:04] [SEVERE ] Key 69 was pressed by player 0
[2022-12-14 18:03:04] [SEVERE ] removing player 0 token from slot 2
[2022-12-14 18:03:24] [SEVERE ] Key 67 was pressed by player 0
[2022-12-14 18:03:24] [SEVERE ] player 0 placing token on slot 10
[2022-12-14 18:03:25] [SEVERE ] Key 90 was pressed by player 0
[2022-12-14 18:03:25] [SEVERE ] player 0 placing token on slot 8
[2022-12-14 18:03:27] [SEVERE ] Key 70 was pressed by player 0
[2022-12-14 18:03:27] [SEVERE ] player 0 placing token on slot 7
[2022-12-14 18:03:27] [SEVERE ] setting player 0 freeze to 3000
[2022-12-14 18:03:27] [SEVERE ] Key 70 was pressed by player 0
[2022-12-14 18:03:28] [SEVERE ] setting player 0 freeze to 2046
[2022-12-14 18:03:28] [SEVERE ] Key 70 was pressed by player 0
[2022-12-14 18:03:29] [SEVERE ] setting player 0 freeze to 1086
[2022-12-14 18:03:29] [SEVERE ] setting player 0 freeze to 124
[2022-12-14 18:03:30] [SEVERE ] setting player 0 freeze to 0
[2022-12-14 18:03:30] [SEVERE ] removing player 0 token from slot 7
[2022-12-14 18:03:30] [SEVERE ] player 0 placing token on slot 7
[2022-12-14 18:03:30] [SEVERE ] setting player 0 freeze to 3000
[2022-12-14 18:03:31] [SEVERE ] setting player 0 freeze to 2043
[2022-12-14 18:03:32] [SEVERE ] setting player 0 freeze to 1082
[2022-12-14 18:03:33] [SEVERE ] setting player 0 freeze to 128
[2022-12-14 18:03:34] [SEVERE ] setting player 0 freeze to 0
[2022-12-14 18:03:35] [SEVERE ] Key 70 was pressed by player 0
[2022-12-14 18:03:35] [SEVERE ] removing player 0 token from slot 7
[2022-12-14 18:03:36] [SEVERE ] Key 82 was pressed by player 0
[2022-12-14 18:03:36] [SEVERE ] player 0 placing token on slot 3
[2022-12-14 18:03:36] [SEVERE ] removing player 0 token from slot -1
[2022-12-14 18:03:36] [INFO   ] Thread main terminated.
