[2022-12-14 18:18:59] [INFO   ] cannot read configuration file config.properties trying from resources.
[2022-12-14 18:18:59] [INFO   ] configuration file was loaded from resources directory.
[2022-12-14 18:18:59] [INFO   ] Thread dealer starting.
[2022-12-14 18:18:59] [INFO   ] Thread 1starting.
[2022-12-14 18:18:59] [INFO   ] Thread 0starting.
[2022-12-14 18:18:59] [SEVERE ] placing card 41 in slot 0
[2022-12-14 18:18:59] [SEVERE ] placing card 48 in slot 1
[2022-12-14 18:18:59] [SEVERE ] placing card 29 in slot 2
[2022-12-14 18:18:59] [SEVERE ] placing card 71 in slot 3
[2022-12-14 18:19:00] [SEVERE ] placing card 68 in slot 4
[2022-12-14 18:19:00] [SEVERE ] placing card 45 in slot 5
[2022-12-14 18:19:00] [SEVERE ] placing card 5 in slot 6
[2022-12-14 18:19:00] [SEVERE ] placing card 51 in slot 7
[2022-12-14 18:19:00] [SEVERE ] placing card 24 in slot 8
[2022-12-14 18:19:00] [SEVERE ] placing card 72 in slot 9
[2022-12-14 18:19:00] [SEVERE ] placing card 69 in slot 10
[2022-12-14 18:19:00] [SEVERE ] placing card 40 in slot 11
[2022-12-14 18:19:01] [SEVERE ] Key 75 was pressed by player 1
[2022-12-14 18:19:01] [SEVERE ] player 1 placing token on slot 5
[2022-12-14 18:19:01] [SEVERE ] Key 74 was pressed by player 1
[2022-12-14 18:19:01] [SEVERE ] player 1 placing token on slot 4
[2022-12-14 18:19:02] [SEVERE ] Key 82 was pressed by player 0
[2022-12-14 18:19:02] [SEVERE ] player 0 placing token on slot 3
[2022-12-14 18:19:10] [SEVERE ] Key 76 was pressed by player 1
[2022-12-14 18:19:10] [SEVERE ] player 1 placing token on slot 6
[2022-12-14 18:19:10] [SEVERE ] setting player 1 freeze to 3000
[2022-12-14 18:19:11] [SEVERE ] setting player 1 freeze to 2034
[2022-12-14 18:19:12] [SEVERE ] setting player 1 freeze to 1075
[2022-12-14 18:19:13] [SEVERE ] setting player 1 freeze to 120
[2022-12-14 18:19:14] [SEVERE ] setting player 1 freeze to 0
[2022-12-14 18:20:01] [SEVERE ] removing card from slot 0
[2022-12-14 18:20:01] [SEVERE ] removing card from slot 1
[2022-12-14 18:20:01] [SEVERE ] removing card from slot 2
[2022-12-14 18:20:01] [SEVERE ] removing card from slot 3
[2022-12-14 18:20:01] [SEVERE ] removing card from slot 4
[2022-12-14 18:20:01] [SEVERE ] removing card from slot 5
[2022-12-14 18:20:01] [SEVERE ] removing card from slot 6
[2022-12-14 18:20:01] [SEVERE ] removing card from slot 7
[2022-12-14 18:20:01] [SEVERE ] removing card from slot 8
[2022-12-14 18:20:02] [SEVERE ] removing card from slot 9
[2022-12-14 18:20:02] [SEVERE ] removing card from slot 10
[2022-12-14 18:20:02] [SEVERE ] removing card from slot 11
[2022-12-14 18:20:02] [SEVERE ] removing player 0 token from slot 3
[2022-12-14 18:20:02] [SEVERE ] removing player 0 token from slot -1
[2022-12-14 18:20:02] [INFO   ] Thread main terminated.
