[2022-12-17 16:14:33] [INFO   ] cannot read configuration file config.properties trying from resources.
[2022-12-17 16:14:33] [INFO   ] configuration file was loaded from resources directory.
[2022-12-17 16:14:33] [INFO   ] Thread dealer starting.
[2022-12-17 16:14:33] [INFO   ] Thread 0starting.
[2022-12-17 16:14:33] [SEVERE ] placing card 45 in slot 0
[2022-12-17 16:14:34] [SEVERE ] placing card 26 in slot 1
[2022-12-17 16:14:34] [SEVERE ] placing card 65 in slot 2
[2022-12-17 16:14:34] [SEVERE ] placing card 72 in slot 3
[2022-12-17 16:14:34] [SEVERE ] placing card 50 in slot 4
[2022-12-17 16:14:34] [SEVERE ] placing card 73 in slot 5
[2022-12-17 16:14:34] [SEVERE ] Key 68 was pressed by player 0
[2022-12-17 16:14:34] [SEVERE ] placing card 48 in slot 6
[2022-12-17 16:14:34] [SEVERE ] placing card 7 in slot 7
[2022-12-17 16:14:34] [SEVERE ] placing card 12 in slot 8
[2022-12-17 16:14:34] [SEVERE ] placing card 61 in slot 9
[2022-12-17 16:14:35] [SEVERE ] placing card 63 in slot 10
[2022-12-17 16:14:35] [SEVERE ] Key 86 was pressed by player 0
[2022-12-17 16:14:35] [SEVERE ] placing card 24 in slot 11
[2022-12-17 16:14:35] [SEVERE ] Key 68 was pressed by player 0
[2022-12-17 16:14:36] [SEVERE ] Key 70 was pressed by player 0
[2022-12-17 16:14:36] [SEVERE ] Key 82 was pressed by player 0
[2022-12-17 16:14:36] [INFO   ] Only 3 actions at a time
[2022-12-17 16:14:36] [SEVERE ] Key 68 was pressed by player 0
[2022-12-17 16:14:36] [INFO   ] Only 3 actions at a time
[2022-12-17 16:14:37] [SEVERE ] Key 69 was pressed by player 0
[2022-12-17 16:14:37] [INFO   ] Only 3 actions at a time
[2022-12-17 16:14:37] [SEVERE ] Key 83 was pressed by player 0
[2022-12-17 16:14:37] [INFO   ] Only 3 actions at a time
[2022-12-17 16:14:37] [SEVERE ] Key 88 was pressed by player 0
[2022-12-17 16:14:37] [INFO   ] Only 3 actions at a time
[2022-12-17 16:14:38] [SEVERE ] Key 67 was pressed by player 0
[2022-12-17 16:14:38] [INFO   ] Only 3 actions at a time
[2022-12-17 16:15:35] [SEVERE ] removing card from slot 0
[2022-12-17 16:15:35] [SEVERE ] removing card from slot 1
[2022-12-17 16:15:35] [SEVERE ] removing card from slot 2
[2022-12-17 16:15:35] [SEVERE ] removing card from slot 3
[2022-12-17 16:15:35] [SEVERE ] removing card from slot 4
[2022-12-17 16:15:35] [SEVERE ] removing card from slot 5
[2022-12-17 16:15:36] [SEVERE ] removing card from slot 6
[2022-12-17 16:15:36] [SEVERE ] removing card from slot 7
[2022-12-17 16:15:36] [SEVERE ] removing card from slot 8
[2022-12-17 16:15:36] [SEVERE ] removing card from slot 9
[2022-12-17 16:15:36] [SEVERE ] removing card from slot 10
[2022-12-17 16:15:36] [SEVERE ] removing card from slot 11
[2022-12-17 16:15:36] [SEVERE ] placing card 28 in slot 0
[2022-12-17 16:15:36] [SEVERE ] placing card 49 in slot 1
[2022-12-17 16:15:36] [SEVERE ] placing card 20 in slot 2
[2022-12-17 16:15:36] [SEVERE ] placing card 67 in slot 3
[2022-12-17 16:15:37] [SEVERE ] placing card 74 in slot 4
[2022-12-17 16:15:37] [SEVERE ] placing card 70 in slot 5
[2022-12-17 16:15:37] [SEVERE ] placing card 36 in slot 6
[2022-12-17 16:15:37] [SEVERE ] placing card 15 in slot 7
[2022-12-17 16:15:37] [SEVERE ] placing card 10 in slot 8
[2022-12-17 16:15:37] [SEVERE ] placing card 63 in slot 9
[2022-12-17 16:15:37] [SEVERE ] placing card 39 in slot 10
[2022-12-17 16:15:37] [SEVERE ] placing card 46 in slot 11
[2022-12-17 16:16:38] [SEVERE ] removing card from slot 0
[2022-12-17 16:16:38] [SEVERE ] removing card from slot 1
[2022-12-17 16:16:38] [SEVERE ] removing card from slot 2
[2022-12-17 16:16:38] [SEVERE ] removing card from slot 3
[2022-12-17 16:16:38] [SEVERE ] removing card from slot 4
[2022-12-17 16:16:38] [SEVERE ] removing card from slot 5
[2022-12-17 16:16:38] [SEVERE ] removing card from slot 6
[2022-12-17 16:16:38] [SEVERE ] removing card from slot 7
[2022-12-17 16:16:38] [SEVERE ] removing card from slot 8
[2022-12-17 16:16:39] [SEVERE ] removing card from slot 9
[2022-12-17 16:16:39] [SEVERE ] removing card from slot 10
[2022-12-17 16:16:39] [SEVERE ] removing card from slot 11
[2022-12-17 16:16:39] [SEVERE ] placing card 51 in slot 0
[2022-12-17 16:16:39] [SEVERE ] placing card 50 in slot 1
[2022-12-17 16:16:39] [SEVERE ] placing card 3 in slot 2
[2022-12-17 16:16:39] [SEVERE ] placing card 71 in slot 3
[2022-12-17 16:16:39] [SEVERE ] placing card 18 in slot 4
[2022-12-17 16:16:39] [SEVERE ] placing card 20 in slot 5
[2022-12-17 16:16:39] [SEVERE ] placing card 64 in slot 6
[2022-12-17 16:16:40] [SEVERE ] placing card 17 in slot 7
[2022-12-17 16:16:40] [SEVERE ] placing card 24 in slot 8
[2022-12-17 16:16:40] [SEVERE ] placing card 57 in slot 9
[2022-12-17 16:16:40] [SEVERE ] placing card 60 in slot 10
[2022-12-17 16:16:40] [SEVERE ] placing card 32 in slot 11
