[2022-12-18 10:37:42] [INFO   ] cannot read configuration file config.properties trying from resources.
[2022-12-18 10:37:42] [INFO   ] configuration file was loaded from resources directory.
[2022-12-18 10:37:42] [INFO   ] Thread dealer starting.
[2022-12-18 10:37:42] [INFO   ] Thread 0starting.
[2022-12-18 10:37:42] [SEVERE ] placing card 5 in slot 0
[2022-12-18 10:37:42] [SEVERE ] placing card 67 in slot 1
[2022-12-18 10:37:42] [SEVERE ] placing card 15 in slot 2
[2022-12-18 10:37:43] [SEVERE ] placing card 80 in slot 3
[2022-12-18 10:37:43] [SEVERE ] placing card 1 in slot 4
[2022-12-18 10:37:43] [SEVERE ] placing card 44 in slot 5
[2022-12-18 10:37:43] [SEVERE ] placing card 46 in slot 6
[2022-12-18 10:37:43] [SEVERE ] placing card 64 in slot 7
[2022-12-18 10:37:43] [SEVERE ] placing card 59 in slot 8
[2022-12-18 10:37:43] [SEVERE ] placing card 14 in slot 9
[2022-12-18 10:37:43] [SEVERE ] placing card 45 in slot 10
[2022-12-18 10:37:43] [SEVERE ] placing card 43 in slot 11
[2022-12-18 10:37:51] [SEVERE ] Key 81 was pressed by player 0
[2022-12-18 10:37:51] [SEVERE ] player 0 placing token on slot 0
[2022-12-18 10:37:51] [SEVERE ] Key 87 was pressed by player 0
[2022-12-18 10:37:51] [SEVERE ] player 0 placing token on slot 1
[2022-12-18 10:37:51] [SEVERE ] Key 69 was pressed by player 0
[2022-12-18 10:37:51] [SEVERE ] player 0 placing token on slot 2
[2022-12-18 10:37:51] [SEVERE ] setting player 0 freeze to 3000
[2022-12-18 10:37:52] [SEVERE ] setting player 0 freeze to 2035
[2022-12-18 10:37:53] [SEVERE ] setting player 0 freeze to 1079
[2022-12-18 10:37:54] [SEVERE ] setting player 0 freeze to 117
[2022-12-18 10:37:55] [SEVERE ] setting player 0 freeze to 0
[2022-12-18 10:37:57] [SEVERE ] Key 87 was pressed by player 0
[2022-12-18 10:37:57] [SEVERE ] removing player 0 token from slot 1
[2022-12-18 10:37:57] [SEVERE ] Key 69 was pressed by player 0
[2022-12-18 10:37:57] [SEVERE ] removing player 0 token from slot 2
[2022-12-18 10:37:58] [SEVERE ] Key 83 was pressed by player 0
[2022-12-18 10:37:58] [SEVERE ] player 0 placing token on slot 5
[2022-12-18 10:37:58] [SEVERE ] Key 87 was pressed by player 0
[2022-12-18 10:37:58] [SEVERE ] player 0 placing token on slot 1
[2022-12-18 10:37:58] [SEVERE ] setting player 0 freeze to 3000
[2022-12-18 10:37:59] [SEVERE ] setting player 0 freeze to 2039
[2022-12-18 10:38:00] [SEVERE ] setting player 0 freeze to 1078
[2022-12-18 10:38:01] [SEVERE ] setting player 0 freeze to 123
[2022-12-18 10:38:02] [SEVERE ] setting player 0 freeze to 0
[2022-12-18 10:38:02] [SEVERE ] Key 81 was pressed by player 0
[2022-12-18 10:38:02] [SEVERE ] removing player 0 token from slot 0
[2022-12-18 10:38:03] [SEVERE ] Key 65 was pressed by player 0
[2022-12-18 10:38:03] [SEVERE ] player 0 placing token on slot 4
[2022-12-18 10:38:04] [SEVERE ] Key 83 was pressed by player 0
[2022-12-18 10:38:04] [SEVERE ] removing player 0 token from slot 5
[2022-12-18 10:38:04] [SEVERE ] Key 65 was pressed by player 0
[2022-12-18 10:38:04] [SEVERE ] removing player 0 token from slot 4
[2022-12-18 10:38:05] [SEVERE ] Key 69 was pressed by player 0
[2022-12-18 10:38:05] [SEVERE ] player 0 placing token on slot 2
