[2022-12-17 21:12:41] [INFO   ] cannot read configuration file config.properties trying from resources.
[2022-12-17 21:12:41] [INFO   ] configuration file was loaded from resources directory.
[2022-12-17 21:12:41] [INFO   ] Thread dealer starting.
[2022-12-17 21:12:41] [INFO   ] Thread 1starting.
[2022-12-17 21:12:41] [INFO   ] Thread 0starting.
[2022-12-17 21:12:41] [SEVERE ] placing card 55 in slot 0
[2022-12-17 21:12:41] [SEVERE ] placing card 27 in slot 1
[2022-12-17 21:12:41] [SEVERE ] placing card 1 in slot 2
[2022-12-17 21:12:42] [SEVERE ] placing card 9 in slot 3
[2022-12-17 21:12:42] [SEVERE ] placing card 63 in slot 4
[2022-12-17 21:12:42] [SEVERE ] placing card 54 in slot 5
[2022-12-17 21:12:42] [SEVERE ] placing card 74 in slot 6
[2022-12-17 21:12:42] [SEVERE ] placing card 29 in slot 7
[2022-12-17 21:12:42] [SEVERE ] placing card 16 in slot 8
[2022-12-17 21:12:42] [SEVERE ] placing card 43 in slot 9
[2022-12-17 21:12:42] [SEVERE ] placing card 62 in slot 10
[2022-12-17 21:12:42] [SEVERE ] placing card 52 in slot 11
[2022-12-17 21:12:46] [SEVERE ] Key 83 was pressed by player 0
[2022-12-17 21:12:46] [SEVERE ] player 0 placing token on slot 5
[2022-12-17 21:12:46] [SEVERE ] Key 68 was pressed by player 0
[2022-12-17 21:12:46] [SEVERE ] player 0 placing token on slot 6
[2022-12-17 21:12:47] [SEVERE ] Key 69 was pressed by player 0
[2022-12-17 21:12:47] [SEVERE ] player 0 placing token on slot 2
[2022-12-17 21:12:47] [SEVERE ] setting player 0 freeze to 3000
[2022-12-17 21:12:48] [SEVERE ] setting player 0 freeze to 2036
[2022-12-17 21:12:49] [SEVERE ] setting player 0 freeze to 1085
[2022-12-17 21:12:50] [SEVERE ] setting player 0 freeze to 122
[2022-12-17 21:12:50] [SEVERE ] Key 83 was pressed by player 0
[2022-12-17 21:12:50] [SEVERE ] Key 68 was pressed by player 0
[2022-12-17 21:12:50] [SEVERE ] Key 69 was pressed by player 0
[2022-12-17 21:12:50] [SEVERE ] Key 83 was pressed by player 0
[2022-12-17 21:12:50] [INFO   ] Only 3 actions at a time
[2022-12-17 21:12:51] [SEVERE ] setting player 0 freeze to 0
[2022-12-17 21:12:51] [SEVERE ] Key 68 was pressed by player 0
[2022-12-17 21:12:51] [SEVERE ] removing player 0 token from slot 6
[2022-12-17 21:12:52] [SEVERE ] Key 83 was pressed by player 0
[2022-12-17 21:12:52] [SEVERE ] removing player 0 token from slot 5
[2022-12-17 21:12:53] [SEVERE ] Key 69 was pressed by player 0
[2022-12-17 21:12:53] [SEVERE ] removing player 0 token from slot 2
[2022-12-17 21:12:54] [SEVERE ] Key 90 was pressed by player 0
[2022-12-17 21:12:54] [SEVERE ] player 0 placing token on slot 8
[2022-12-17 21:12:54] [SEVERE ] Key 83 was pressed by player 0
[2022-12-17 21:12:54] [SEVERE ] player 0 placing token on slot 5
[2022-12-17 21:12:54] [SEVERE ] Key 68 was pressed by player 0
[2022-12-17 21:12:54] [SEVERE ] player 0 placing token on slot 6
[2022-12-17 21:12:54] [SEVERE ] setting player 0 freeze to 3000
[2022-12-17 21:12:55] [SEVERE ] Key 83 was pressed by player 0
[2022-12-17 21:12:55] [SEVERE ] setting player 0 freeze to 2049
[2022-12-17 21:12:55] [SEVERE ] Key 68 was pressed by player 0
[2022-12-17 21:12:56] [SEVERE ] Key 83 was pressed by player 0
[2022-12-17 21:12:56] [SEVERE ] setting player 0 freeze to 1099
[2022-12-17 21:12:57] [SEVERE ] setting player 0 freeze to 133
[2022-12-17 21:12:58] [SEVERE ] setting player 0 freeze to 0
[2022-12-17 21:12:59] [SEVERE ] Exit button pressed
