[2022-12-14 18:07:04] [INFO   ] cannot read configuration file config.properties trying from resources.
[2022-12-14 18:07:04] [INFO   ] configuration file was loaded from resources directory.
[2022-12-14 18:07:05] [INFO   ] Thread dealer starting.
[2022-12-14 18:07:05] [INFO   ] Thread 0starting.
[2022-12-14 18:07:05] [INFO   ] Thread 1starting.
[2022-12-14 18:07:05] [SEVERE ] placing card 70 in slot 0
[2022-12-14 18:07:05] [SEVERE ] placing card 58 in slot 1
[2022-12-14 18:07:05] [SEVERE ] placing card 67 in slot 2
[2022-12-14 18:07:05] [SEVERE ] placing card 28 in slot 3
[2022-12-14 18:07:05] [SEVERE ] placing card 78 in slot 4
[2022-12-14 18:07:05] [SEVERE ] placing card 45 in slot 5
[2022-12-14 18:07:06] [SEVERE ] placing card 34 in slot 6
[2022-12-14 18:07:06] [SEVERE ] placing card 19 in slot 7
[2022-12-14 18:07:06] [SEVERE ] placing card 0 in slot 8
[2022-12-14 18:07:06] [SEVERE ] placing card 56 in slot 9
[2022-12-14 18:07:06] [SEVERE ] placing card 26 in slot 10
[2022-12-14 18:07:06] [SEVERE ] placing card 65 in slot 11
[2022-12-14 18:07:26] [SEVERE ] Key 68 was pressed by player 0
[2022-12-14 18:07:26] [SEVERE ] player 0 placing token on slot 6
[2022-12-14 18:07:28] [SEVERE ] Key 76 was pressed by player 1
[2022-12-14 18:07:28] [SEVERE ] player 1 placing token on slot 6
[2022-12-14 18:07:28] [SEVERE ] Key 69 was pressed by player 0
[2022-12-14 18:07:28] [SEVERE ] player 0 placing token on slot 2
[2022-12-14 18:07:31] [SEVERE ] Key 59 was pressed by player 1
[2022-12-14 18:07:31] [SEVERE ] player 1 placing token on slot 7
[2022-12-14 18:07:36] [SEVERE ] Key 70 was pressed by player 0
[2022-12-14 18:07:36] [SEVERE ] player 0 placing token on slot 7
[2022-12-14 18:07:36] [SEVERE ] removing player 0 token from slot 6
[2022-12-14 18:07:36] [SEVERE ] removing player 0 token from slot 2
[2022-12-14 18:07:36] [SEVERE ] removing player 0 token from slot 7
[2022-12-14 18:07:36] [SEVERE ] removing player 1 token from slot 6
[2022-12-14 18:07:36] [SEVERE ] removing player 1 token from slot 7
[2022-12-14 18:07:36] [SEVERE ] setting player 0 score to 1
[2022-12-14 18:07:36] [SEVERE ] Key 79 was pressed by player 1
[2022-12-14 18:07:36] [SEVERE ] player 1 placing token on slot 2
[2022-12-14 18:07:37] [SEVERE ] setting player 0 freeze to 1000
[2022-12-14 18:07:38] [SEVERE ] setting player 0 freeze to 40
[2022-12-14 18:07:39] [SEVERE ] setting player 0 freeze to 0
[2022-12-14 18:07:39] [SEVERE ] placing card 57 in slot 2
[2022-12-14 18:07:39] [SEVERE ] placing card 38 in slot 6
[2022-12-14 18:07:39] [SEVERE ] placing card 35 in slot 7
[2022-12-14 18:07:43] [SEVERE ] Key 69 was pressed by player 0
[2022-12-14 18:07:43] [SEVERE ] player 0 placing token on slot 2
[2022-12-14 18:07:44] [SEVERE ] Key 69 was pressed by player 0
[2022-12-14 18:07:44] [SEVERE ] removing player 0 token from slot 2
[2022-12-14 18:07:44] [SEVERE ] Key 69 was pressed by player 0
[2022-12-14 18:07:44] [SEVERE ] player 0 placing token on slot 2
