[2022-12-13 19:40:00] [INFO   ] cannot read configuration file config.properties trying from resources.
[2022-12-13 19:40:01] [INFO   ] configuration file was loaded from resources directory.
[2022-12-13 19:40:01] [INFO   ] Thread dealer starting.
[2022-12-13 19:40:01] [INFO   ] Thread 0starting.
[2022-12-13 19:40:01] [INFO   ] Thread 1starting.
[2022-12-13 19:40:01] [SEVERE ] placing card 54 in slot 0
[2022-12-13 19:40:01] [SEVERE ] placing card 68 in slot 1
[2022-12-13 19:40:02] [SEVERE ] placing card 27 in slot 2
[2022-12-13 19:40:02] [SEVERE ] placing card 22 in slot 3
[2022-12-13 19:40:02] [SEVERE ] placing card 58 in slot 4
[2022-12-13 19:40:02] [SEVERE ] placing card 77 in slot 5
[2022-12-13 19:40:02] [SEVERE ] placing card 34 in slot 6
[2022-12-13 19:40:02] [SEVERE ] placing card 8 in slot 7
[2022-12-13 19:40:02] [SEVERE ] placing card 37 in slot 8
[2022-12-13 19:40:02] [SEVERE ] placing card 73 in slot 9
[2022-12-13 19:40:02] [SEVERE ] placing card 44 in slot 10
[2022-12-13 19:40:03] [SEVERE ] placing card 11 in slot 11
[2022-12-13 19:40:04] [SEVERE ] Key 81 was pressed by player 0
[2022-12-13 19:40:04] [SEVERE ] player 0 placing token on slot 0
[2022-12-13 19:40:04] [SEVERE ] Key 87 was pressed by player 0
[2022-12-13 19:40:04] [SEVERE ] player 0 placing token on slot 1
[2022-12-13 19:40:04] [SEVERE ] Key 69 was pressed by player 0
[2022-12-13 19:40:04] [SEVERE ] player 0 placing token on slot 2
