[2022-12-17 16:24:08] [INFO   ] cannot read configuration file config.properties trying from resources.
[2022-12-17 16:24:08] [INFO   ] configuration file was loaded from resources directory.
[2022-12-17 16:24:09] [INFO   ] Thread dealer starting.
[2022-12-17 16:24:09] [INFO   ] Thread 0starting.
[2022-12-17 16:24:09] [INFO   ] Thread computer-0 starting.
[2022-12-17 16:24:09] [SEVERE ] placing card 6 in slot 0
[2022-12-17 16:24:09] [SEVERE ] placing card 66 in slot 1
[2022-12-17 16:24:09] [SEVERE ] placing card 69 in slot 2
[2022-12-17 16:24:09] [INFO   ] Only 3 actions at a time
[2022-12-17 16:24:09] [SEVERE ] placing card 55 in slot 3
[2022-12-17 16:24:09] [INFO   ] Only 3 actions at a time
[2022-12-17 16:24:09] [SEVERE ] placing card 39 in slot 4
[2022-12-17 16:24:09] [INFO   ] Only 3 actions at a time
[2022-12-17 16:24:10] [SEVERE ] placing card 64 in slot 5
[2022-12-17 16:24:10] [INFO   ] Only 3 actions at a time
[2022-12-17 16:24:10] [SEVERE ] placing card 50 in slot 6
[2022-12-17 16:24:10] [INFO   ] Only 3 actions at a time
[2022-12-17 16:24:10] [SEVERE ] placing card 57 in slot 7
[2022-12-17 16:24:10] [INFO   ] Only 3 actions at a time
[2022-12-17 16:24:10] [SEVERE ] placing card 72 in slot 8
[2022-12-17 16:24:10] [INFO   ] Only 3 actions at a time
[2022-12-17 16:24:10] [SEVERE ] placing card 2 in slot 9
[2022-12-17 16:24:10] [INFO   ] Only 3 actions at a time
[2022-12-17 16:24:10] [SEVERE ] placing card 15 in slot 10
[2022-12-17 16:24:10] [INFO   ] Only 3 actions at a time
[2022-12-17 16:24:10] [SEVERE ] placing card 10 in slot 11
[2022-12-17 16:24:10] [SEVERE ] player 0 placing token on slot 1
[2022-12-17 16:24:10] [SEVERE ] player 0 placing token on slot 9
[2022-12-17 16:24:10] [SEVERE ] player 0 placing token on slot 8
[2022-12-17 16:24:10] [SEVERE ] setting player 0 freeze to 3000
[2022-12-17 16:24:11] [SEVERE ] setting player 0 freeze to 2049
[2022-12-17 16:24:12] [SEVERE ] setting player 0 freeze to 1098
[2022-12-17 16:24:13] [SEVERE ] setting player 0 freeze to 136
