[2022-12-14 18:48:40] [INFO   ] cannot read configuration file config.properties trying from resources.
[2022-12-14 18:48:40] [INFO   ] configuration file was loaded from resources directory.
[2022-12-14 18:48:40] [INFO   ] Thread dealer starting.
[2022-12-14 18:48:40] [INFO   ] Thread 0starting.
[2022-12-14 18:48:40] [INFO   ] Thread 1starting.
[2022-12-14 18:48:40] [SEVERE ] placing card 67 in slot 0
[2022-12-14 18:48:40] [SEVERE ] placing card 44 in slot 1
[2022-12-14 18:48:40] [SEVERE ] placing card 32 in slot 2
[2022-12-14 18:48:41] [SEVERE ] placing card 4 in slot 3
[2022-12-14 18:48:41] [SEVERE ] placing card 26 in slot 4
[2022-12-14 18:48:41] [SEVERE ] placing card 35 in slot 5
[2022-12-14 18:48:41] [SEVERE ] placing card 34 in slot 6
[2022-12-14 18:48:41] [SEVERE ] placing card 55 in slot 7
[2022-12-14 18:48:41] [SEVERE ] placing card 28 in slot 8
[2022-12-14 18:48:41] [SEVERE ] placing card 66 in slot 9
[2022-12-14 18:48:41] [SEVERE ] placing card 60 in slot 10
[2022-12-14 18:48:41] [SEVERE ] placing card 71 in slot 11
[2022-12-14 18:48:46] [SEVERE ] Key 65 was pressed by player 0
[2022-12-14 18:48:46] [SEVERE ] player 0 placing token on slot 4
[2022-12-14 18:48:46] [SEVERE ] Key 83 was pressed by player 0
[2022-12-14 18:48:46] [SEVERE ] player 0 placing token on slot 5
[2022-12-14 18:48:48] [SEVERE ] Key 75 was pressed by player 1
[2022-12-14 18:48:48] [SEVERE ] player 1 placing token on slot 5
[2022-12-14 18:48:49] [SEVERE ] Key 74 was pressed by player 1
[2022-12-14 18:48:49] [SEVERE ] player 1 placing token on slot 4
[2022-12-14 18:48:53] [SEVERE ] Key 44 was pressed by player 1
[2022-12-14 18:48:53] [SEVERE ] player 1 placing token on slot 9
[2022-12-14 18:48:53] [SEVERE ] setting player 1 freeze to 3000
[2022-12-14 18:48:54] [SEVERE ] setting player 1 freeze to 2049
[2022-12-14 18:48:55] [SEVERE ] setting player 1 freeze to 1088
[2022-12-14 18:48:56] [SEVERE ] setting player 1 freeze to 128
[2022-12-14 18:48:57] [SEVERE ] setting player 1 freeze to 0
[2022-12-14 18:48:57] [SEVERE ] Key 44 was pressed by player 1
[2022-12-14 18:48:57] [SEVERE ] removing player 1 token from slot 9
[2022-12-14 18:48:58] [SEVERE ] Key 47 was pressed by player 1
[2022-12-14 18:48:58] [SEVERE ] player 1 placing token on slot 11
[2022-12-14 18:48:58] [SEVERE ] removing player 0 token from slot 4
[2022-12-14 18:48:58] [SEVERE ] removing player 0 token from slot 5
[2022-12-14 18:48:58] [SEVERE ] removing player 1 token from slot 5
[2022-12-14 18:48:58] [SEVERE ] removing player 1 token from slot 4
[2022-12-14 18:48:58] [SEVERE ] removing player 1 token from slot 11
[2022-12-14 18:48:58] [SEVERE ] setting player 1 score to 1
[2022-12-14 18:48:59] [SEVERE ] setting player 1 freeze to 1000
[2022-12-14 18:49:00] [SEVERE ] setting player 1 freeze to 45
[2022-12-14 18:49:01] [SEVERE ] setting player 1 freeze to 0
[2022-12-14 18:49:01] [SEVERE ] placing card 79 in slot 4
[2022-12-14 18:49:01] [SEVERE ] placing card 36 in slot 5
[2022-12-14 18:49:01] [SEVERE ] placing card 6 in slot 11
[2022-12-14 18:49:13] [SEVERE ] Key 69 was pressed by player 0
[2022-12-14 18:49:13] [SEVERE ] player 0 placing token on slot 2
[2022-12-14 18:49:14] [SEVERE ] Key 69 was pressed by player 0
[2022-12-14 18:49:14] [SEVERE ] removing player 0 token from slot 2
[2022-12-14 18:49:15] [SEVERE ] Key 82 was pressed by player 0
[2022-12-14 18:49:15] [SEVERE ] player 0 placing token on slot 3
[2022-12-14 18:49:17] [SEVERE ] Key 68 was pressed by player 0
[2022-12-14 18:49:17] [SEVERE ] player 0 placing token on slot 6
[2022-12-14 18:49:19] [SEVERE ] Key 68 was pressed by player 0
[2022-12-14 18:49:19] [SEVERE ] removing player 0 token from slot 6
[2022-12-14 18:49:20] [SEVERE ] Key 70 was pressed by player 0
[2022-12-14 18:49:20] [SEVERE ] player 0 placing token on slot 7
[2022-12-14 18:49:24] [SEVERE ] Key 80 was pressed by player 1
[2022-12-14 18:49:24] [SEVERE ] player 1 placing token on slot 3
[2022-12-14 18:49:25] [SEVERE ] Key 59 was pressed by player 1
[2022-12-14 18:49:25] [SEVERE ] player 1 placing token on slot 7
[2022-12-14 18:49:27] [SEVERE ] Key 59 was pressed by player 1
[2022-12-14 18:49:27] [SEVERE ] removing player 1 token from slot 7
[2022-12-14 18:49:31] [SEVERE ] Key 59 was pressed by player 1
[2022-12-14 18:49:31] [SEVERE ] player 1 placing token on slot 7
[2022-12-14 18:49:38] [SEVERE ] Key 76 was pressed by player 1
[2022-12-14 18:49:38] [SEVERE ] player 1 placing token on slot 6
[2022-12-14 18:49:38] [SEVERE ] removing player 0 token from slot 3
[2022-12-14 18:49:38] [SEVERE ] removing player 0 token from slot 7
[2022-12-14 18:49:38] [SEVERE ] removing player 1 token from slot 3
[2022-12-14 18:49:38] [SEVERE ] removing player 1 token from slot 7
[2022-12-14 18:49:38] [SEVERE ] removing player 1 token from slot 6
[2022-12-14 18:49:38] [SEVERE ] setting player 1 score to 3
[2022-12-14 18:49:39] [SEVERE ] setting player 1 freeze to 1000
[2022-12-14 18:49:40] [SEVERE ] setting player 1 freeze to 43
[2022-12-14 18:49:41] [SEVERE ] setting player 1 freeze to 0
[2022-12-14 18:49:41] [SEVERE ] placing card 18 in slot 3
[2022-12-14 18:49:41] [SEVERE ] placing card 80 in slot 6
[2022-12-14 18:49:41] [SEVERE ] placing card 61 in slot 7
[2022-12-14 18:50:14] [SEVERE ] Key 67 was pressed by player 0
[2022-12-14 18:50:14] [SEVERE ] player 0 placing token on slot 10
[2022-12-14 18:50:14] [SEVERE ] Key 67 was pressed by player 0
[2022-12-14 18:50:14] [SEVERE ] removing player 0 token from slot 10
[2022-12-14 18:50:15] [SEVERE ] Key 86 was pressed by player 0
[2022-12-14 18:50:15] [SEVERE ] player 0 placing token on slot 11
[2022-12-14 18:50:16] [SEVERE ] Key 87 was pressed by player 0
[2022-12-14 18:50:16] [SEVERE ] player 0 placing token on slot 1
[2022-12-14 18:50:19] [SEVERE ] Key 80 was pressed by player 1
[2022-12-14 18:50:19] [SEVERE ] player 1 placing token on slot 3
[2022-12-14 18:50:20] [SEVERE ] Key 80 was pressed by player 1
[2022-12-14 18:50:20] [SEVERE ] removing player 1 token from slot 3
[2022-12-14 18:50:21] [SEVERE ] Key 85 was pressed by player 1
[2022-12-14 18:50:21] [SEVERE ] player 1 placing token on slot 0
[2022-12-14 18:50:21] [SEVERE ] Key 85 was pressed by player 1
[2022-12-14 18:50:21] [SEVERE ] removing player 1 token from slot 0
[2022-12-14 18:50:21] [SEVERE ] Key 73 was pressed by player 1
[2022-12-14 18:50:21] [SEVERE ] player 1 placing token on slot 1
[2022-12-14 18:50:29] [SEVERE ] Key 85 was pressed by player 1
[2022-12-14 18:50:29] [SEVERE ] player 1 placing token on slot 0
[2022-12-14 18:50:30] [SEVERE ] Key 85 was pressed by player 1
[2022-12-14 18:50:30] [SEVERE ] removing player 1 token from slot 0
[2022-12-14 18:50:30] [SEVERE ] Key 85 was pressed by player 1
[2022-12-14 18:50:30] [SEVERE ] player 1 placing token on slot 0
[2022-12-14 18:50:31] [SEVERE ] Key 65 was pressed by player 0
[2022-12-14 18:50:31] [SEVERE ] player 0 placing token on slot 4
[2022-12-14 18:50:31] [SEVERE ] removing player 0 token from slot 11
[2022-12-14 18:50:31] [SEVERE ] removing player 0 token from slot 1
[2022-12-14 18:50:31] [SEVERE ] removing player 0 token from slot 4
[2022-12-14 18:50:31] [SEVERE ] removing player 1 token from slot 1
[2022-12-14 18:50:31] [SEVERE ] setting player 0 score to 1
[2022-12-14 18:50:32] [SEVERE ] setting player 0 freeze to 1000
[2022-12-14 18:50:33] [SEVERE ] setting player 0 freeze to 49
[2022-12-14 18:50:34] [SEVERE ] setting player 0 freeze to 0
[2022-12-14 18:50:34] [SEVERE ] placing card 24 in slot 1
[2022-12-14 18:50:34] [SEVERE ] placing card 21 in slot 4
[2022-12-14 18:50:34] [SEVERE ] placing card 74 in slot 11
