[2022-12-17 16:43:59] [INFO   ] cannot read configuration file config.properties trying from resources.
[2022-12-17 16:44:00] [INFO   ] configuration file was loaded from resources directory.
[2022-12-17 16:44:00] [INFO   ] Thread dealer starting.
[2022-12-17 16:44:00] [INFO   ] Thread 0starting.
[2022-12-17 16:44:00] [INFO   ] Thread 1starting.
[2022-12-17 16:44:00] [SEVERE ] placing card 22 in slot 0
[2022-12-17 16:44:00] [SEVERE ] placing card 16 in slot 1
[2022-12-17 16:44:00] [SEVERE ] placing card 12 in slot 2
[2022-12-17 16:44:00] [SEVERE ] placing card 46 in slot 3
[2022-12-17 16:44:01] [SEVERE ] placing card 54 in slot 4
[2022-12-17 16:44:01] [SEVERE ] placing card 36 in slot 5
[2022-12-17 16:44:01] [SEVERE ] placing card 27 in slot 6
[2022-12-17 16:44:01] [SEVERE ] placing card 78 in slot 7
[2022-12-17 16:44:01] [SEVERE ] placing card 31 in slot 8
[2022-12-17 16:44:01] [SEVERE ] placing card 14 in slot 9
[2022-12-17 16:44:01] [SEVERE ] placing card 3 in slot 10
[2022-12-17 16:44:01] [SEVERE ] placing card 39 in slot 11
[2022-12-17 16:44:06] [SEVERE ] Key 81 was pressed by player 0
[2022-12-17 16:44:06] [SEVERE ] player 0 placing token on slot 0
[2022-12-17 16:44:08] [SEVERE ] Key 88 was pressed by player 0
[2022-12-17 16:44:08] [SEVERE ] player 0 placing token on slot 9
[2022-12-17 16:44:08] [SEVERE ] Key 67 was pressed by player 0
[2022-12-17 16:44:08] [SEVERE ] player 0 placing token on slot 10
[2022-12-17 16:44:08] [SEVERE ] setting player 0 score to 1
[2022-12-17 16:44:09] [SEVERE ] setting player 0 freeze to 1000
[2022-12-17 16:44:10] [SEVERE ] setting player 0 freeze to 35
[2022-12-17 16:44:11] [SEVERE ] setting player 0 freeze to 0
[2022-12-17 16:44:11] [SEVERE ] removing player 0 token from slot 0
[2022-12-17 16:44:11] [SEVERE ] removing player 0 token from slot 9
[2022-12-17 16:44:11] [SEVERE ] removing player 0 token from slot 10
[2022-12-17 16:44:11] [SEVERE ] placing card 51 in slot 0
[2022-12-17 16:44:11] [SEVERE ] placing card 45 in slot 9
[2022-12-17 16:44:11] [SEVERE ] placing card 25 in slot 10
