[2022-12-13 11:24:42] [INFO   ] cannot read configuration file config.properties trying from resources.
[2022-12-13 11:24:42] [INFO   ] configuration file was loaded from resources directory.
[2022-12-13 11:24:43] [INFO   ] Thread dealer starting.
[2022-12-13 11:24:43] [SEVERE ] placing card 62 in slot 0
[2022-12-13 11:24:43] [SEVERE ] placing card 73 in slot 1
[2022-12-13 11:24:43] [SEVERE ] placing card 7 in slot 2
[2022-12-13 11:24:43] [SEVERE ] placing card 2 in slot 3
[2022-12-13 11:24:43] [SEVERE ] placing card 11 in slot 4
[2022-12-13 11:24:43] [SEVERE ] placing card 48 in slot 5
[2022-12-13 11:24:44] [SEVERE ] placing card 37 in slot 6
[2022-12-13 11:24:44] [SEVERE ] placing card 50 in slot 7
[2022-12-13 11:24:44] [SEVERE ] placing card 58 in slot 8
[2022-12-13 11:24:44] [SEVERE ] placing card 21 in slot 9
[2022-12-13 11:24:44] [SEVERE ] placing card 9 in slot 10
[2022-12-13 11:24:44] [SEVERE ] placing card 71 in slot 11
[2022-12-13 11:24:45] [SEVERE ] Key 80 was pressed by player 1
[2022-12-13 11:24:45] [SEVERE ] player 1 placing token on slot 3
[2022-12-13 11:24:45] [SEVERE ] player 1 placing token on slot 3
[2022-12-13 11:24:45] [SEVERE ] player 1 placing token on slot 3
[2022-12-13 11:24:45] [SEVERE ] Key 79 was pressed by player 1
[2022-12-13 11:24:46] [SEVERE ] Key 79 was pressed by player 1
[2022-12-13 11:24:47] [SEVERE ] Key 79 was pressed by player 1
[2022-12-13 11:24:47] [SEVERE ] Key 79 was pressed by player 1
[2022-12-13 11:24:47] [SEVERE ] Key 73 was pressed by player 1
[2022-12-13 11:24:48] [SEVERE ] Key 73 was pressed by player 1
[2022-12-13 11:24:48] [SEVERE ] Key 73 was pressed by player 1
[2022-12-13 11:24:48] [SEVERE ] Key 73 was pressed by player 1
[2022-12-13 11:24:49] [SEVERE ] Key 75 was pressed by player 1
[2022-12-13 11:24:49] [SEVERE ] Key 75 was pressed by player 1
[2022-12-13 11:24:49] [SEVERE ] Key 76 was pressed by player 1
[2022-12-13 11:24:49] [SEVERE ] Key 44 was pressed by player 1
[2022-12-13 11:24:49] [SEVERE ] Key 77 was pressed by player 1
[2022-12-13 11:24:51] [SEVERE ] Key 80 was pressed by player 1
[2022-12-13 11:24:51] [SEVERE ] removing player 1 token from slot 3
[2022-12-13 11:24:51] [SEVERE ] Key 73 was pressed by player 1
[2022-12-13 11:24:51] [SEVERE ] player 1 placing token on slot 1
[2022-12-13 11:24:51] [SEVERE ] Key 73 was pressed by player 1
[2022-12-13 11:24:51] [SEVERE ] removing player 1 token from slot 1
[2022-12-13 11:24:52] [SEVERE ] Key 73 was pressed by player 1
[2022-12-13 11:24:52] [SEVERE ] player 1 placing token on slot 1
[2022-12-13 11:24:56] [SEVERE ] Key 73 was pressed by player 1
[2022-12-13 11:24:56] [SEVERE ] removing player 1 token from slot 1
[2022-12-13 11:24:57] [SEVERE ] Key 73 was pressed by player 1
[2022-12-13 11:24:57] [SEVERE ] player 1 placing token on slot 1
[2022-12-13 11:24:57] [SEVERE ] Key 80 was pressed by player 1
[2022-12-13 11:24:57] [SEVERE ] removing player 1 token from slot 3
[2022-12-13 11:24:59] [SEVERE ] Key 80 was pressed by player 1
[2022-12-13 11:24:59] [SEVERE ] removing player 1 token from slot 3
[2022-12-13 11:25:00] [SEVERE ] Key 80 was pressed by player 1
[2022-12-13 11:25:00] [SEVERE ] player 1 placing token on slot 3
[2022-12-13 11:25:00] [SEVERE ] player 1 placing token on slot 3
[2022-12-13 11:25:06] [SEVERE ] Key 76 was pressed by player 1
[2022-12-13 11:25:07] [SEVERE ] Key 73 was pressed by player 1
[2022-12-13 11:25:07] [SEVERE ] removing player 1 token from slot 1
[2022-12-13 11:25:07] [SEVERE ] Key 73 was pressed by player 1
[2022-12-13 11:25:07] [SEVERE ] player 1 placing token on slot 1
[2022-12-13 11:25:10] [SEVERE ] Key 79 was pressed by player 1
[2022-12-13 11:25:12] [SEVERE ] Key 79 was pressed by player 1
[2022-12-13 11:25:14] [SEVERE ] Key 79 was pressed by player 1
[2022-12-13 11:25:16] [SEVERE ] Key 79 was pressed by player 1
[2022-12-13 11:25:17] [SEVERE ] Key 79 was pressed by player 1
[2022-12-13 11:25:18] [SEVERE ] Key 79 was pressed by player 1
[2022-12-13 11:25:19] [SEVERE ] Key 76 was pressed by player 1
[2022-12-13 11:25:20] [SEVERE ] Key 75 was pressed by player 1
[2022-12-13 11:25:20] [SEVERE ] Key 74 was pressed by player 1
[2022-12-13 11:25:21] [SEVERE ] Key 70 was pressed by player 0
[2022-12-13 11:25:21] [SEVERE ] player 0 placing token on slot 7
[2022-12-13 11:25:21] [SEVERE ] player 0 placing token on slot 7
[2022-12-13 11:25:21] [SEVERE ] player 0 placing token on slot 7
[2022-12-13 11:25:21] [SEVERE ] Key 87 was pressed by player 0
[2022-12-13 11:25:22] [SEVERE ] Key 65 was pressed by player 0
[2022-12-13 11:25:22] [SEVERE ] Key 83 was pressed by player 0
[2022-12-13 11:25:22] [SEVERE ] Key 83 was pressed by player 0
[2022-12-13 11:25:23] [SEVERE ] Key 88 was pressed by player 0
[2022-12-13 11:25:23] [SEVERE ] Key 67 was pressed by player 0
[2022-12-13 11:25:23] [SEVERE ] Key 67 was pressed by player 0
[2022-12-13 11:25:23] [SEVERE ] Key 67 was pressed by player 0
[2022-12-13 11:25:23] [SEVERE ] Key 68 was pressed by player 0
[2022-12-13 11:25:24] [SEVERE ] Key 69 was pressed by player 0
[2022-12-13 11:25:24] [SEVERE ] Key 69 was pressed by player 0
[2022-12-13 11:25:24] [SEVERE ] Key 83 was pressed by player 0
[2022-12-13 11:25:24] [SEVERE ] Key 88 was pressed by player 0
[2022-12-13 11:25:24] [SEVERE ] Key 67 was pressed by player 0
[2022-12-13 11:25:25] [SEVERE ] Key 67 was pressed by player 0
[2022-12-13 11:25:25] [SEVERE ] Key 69 was pressed by player 0
[2022-12-13 11:25:25] [SEVERE ] Key 68 was pressed by player 0
[2022-12-13 11:25:25] [SEVERE ] Key 86 was pressed by player 0
[2022-12-13 11:25:25] [SEVERE ] Key 86 was pressed by player 0
[2022-12-13 11:25:25] [SEVERE ] Key 67 was pressed by player 0
[2022-12-13 11:25:26] [SEVERE ] Key 83 was pressed by player 0
[2022-12-13 11:25:26] [SEVERE ] Key 68 was pressed by player 0
[2022-12-13 11:25:26] [SEVERE ] Key 67 was pressed by player 0
[2022-12-13 11:25:26] [SEVERE ] Key 88 was pressed by player 0
[2022-12-13 11:25:26] [SEVERE ] Key 83 was pressed by player 0
[2022-12-13 11:25:27] [SEVERE ] Key 69 was pressed by player 0
[2022-12-13 11:25:27] [SEVERE ] Key 70 was pressed by player 0
[2022-12-13 11:25:27] [SEVERE ] removing player 0 token from slot 7
[2022-12-13 11:25:27] [SEVERE ] Key 86 was pressed by player 0
[2022-12-13 11:25:27] [SEVERE ] player 0 placing token on slot 11
[2022-12-13 11:25:27] [SEVERE ] Key 67 was pressed by player 0
[2022-12-13 11:25:28] [SEVERE ] Key 68 was pressed by player 0
[2022-12-13 11:25:28] [SEVERE ] Key 68 was pressed by player 0
[2022-12-13 11:25:28] [SEVERE ] Key 70 was pressed by player 0
[2022-12-13 11:25:28] [SEVERE ] removing player 0 token from slot 7
[2022-12-13 11:25:28] [SEVERE ] Key 86 was pressed by player 0
[2022-12-13 11:25:28] [SEVERE ] removing player 0 token from slot 11
