[2022-12-14 19:32:45] [INFO   ] cannot read configuration file config.properties trying from resources.
[2022-12-14 19:32:45] [INFO   ] configuration file was loaded from resources directory.
[2022-12-14 19:32:46] [INFO   ] Thread dealer starting.
[2022-12-14 19:32:46] [INFO   ] Thread 0starting.
[2022-12-14 19:32:46] [INFO   ] Thread 1starting.
[2022-12-14 19:32:46] [SEVERE ] placing card 77 in slot 0
[2022-12-14 19:32:46] [SEVERE ] placing card 21 in slot 1
[2022-12-14 19:32:46] [SEVERE ] placing card 25 in slot 2
[2022-12-14 19:32:46] [SEVERE ] placing card 58 in slot 3
[2022-12-14 19:32:46] [SEVERE ] placing card 38 in slot 4
[2022-12-14 19:32:46] [SEVERE ] placing card 48 in slot 5
[2022-12-14 19:32:46] [SEVERE ] placing card 32 in slot 6
[2022-12-14 19:32:47] [SEVERE ] placing card 47 in slot 7
[2022-12-14 19:32:47] [SEVERE ] placing card 52 in slot 8
[2022-12-14 19:32:47] [SEVERE ] placing card 22 in slot 9
[2022-12-14 19:32:47] [SEVERE ] placing card 9 in slot 10
[2022-12-14 19:32:47] [SEVERE ] placing card 20 in slot 11
[2022-12-14 19:32:53] [SEVERE ] Key 73 was pressed by player 1
[2022-12-14 19:32:53] [SEVERE ] player 1 placing token on slot 1
[2022-12-14 19:32:53] [SEVERE ] Key 79 was pressed by player 1
[2022-12-14 19:32:53] [SEVERE ] player 1 placing token on slot 2
[2022-12-14 19:32:55] [SEVERE ] Key 47 was pressed by player 1
[2022-12-14 19:32:55] [SEVERE ] player 1 placing token on slot 11
[2022-12-14 19:32:55] [SEVERE ] removing player 1 token from slot 1
[2022-12-14 19:32:55] [SEVERE ] removing player 1 token from slot 2
[2022-12-14 19:32:55] [SEVERE ] removing player 1 token from slot 11
[2022-12-14 19:32:55] [SEVERE ] setting player 1 score to 1
[2022-12-14 19:32:56] [SEVERE ] setting player 1 freeze to 1000
[2022-12-14 19:32:57] [SEVERE ] setting player 1 freeze to 41
[2022-12-14 19:32:58] [SEVERE ] setting player 1 freeze to 0
[2022-12-14 19:32:58] [INFO   ] Thread main terminated.
