[2022-12-17 14:10:12] [INFO   ] cannot read configuration file config.properties trying from resources.
[2022-12-17 14:10:12] [INFO   ] configuration file was loaded from resources directory.
[2022-12-17 14:10:13] [INFO   ] Thread dealer starting.
[2022-12-17 14:10:13] [INFO   ] Thread 0starting.
[2022-12-17 14:10:13] [INFO   ] Thread 1starting.
[2022-12-17 14:10:13] [SEVERE ] placing card 55 in slot 0
[2022-12-17 14:10:13] [SEVERE ] placing card 7 in slot 1
[2022-12-17 14:10:13] [SEVERE ] placing card 12 in slot 2
[2022-12-17 14:10:13] [SEVERE ] placing card 38 in slot 3
[2022-12-17 14:10:13] [SEVERE ] placing card 29 in slot 4
[2022-12-17 14:10:13] [SEVERE ] placing card 24 in slot 5
[2022-12-17 14:10:14] [SEVERE ] placing card 1 in slot 6
[2022-12-17 14:10:14] [SEVERE ] placing card 63 in slot 7
[2022-12-17 14:10:14] [SEVERE ] placing card 11 in slot 8
[2022-12-17 14:10:14] [SEVERE ] placing card 25 in slot 9
[2022-12-17 14:10:14] [SEVERE ] placing card 18 in slot 10
[2022-12-17 14:10:14] [SEVERE ] placing card 45 in slot 11
[2022-12-17 14:10:15] [SEVERE ] Key 68 was pressed by player 0
[2022-12-17 14:10:15] [SEVERE ] player 0 placing token on slot 6
[2022-12-17 14:10:16] [SEVERE ] Key 87 was pressed by player 0
[2022-12-17 14:10:16] [SEVERE ] player 0 placing token on slot 1
[2022-12-17 14:10:16] [SEVERE ] Key 65 was pressed by player 0
[2022-12-17 14:10:16] [SEVERE ] player 0 placing token on slot 4
[2022-12-17 14:11:23] [SEVERE ] setting player 0 freeze to 3000
