[2022-12-17 13:49:54] [INFO   ] cannot read configuration file config.properties trying from resources.
[2022-12-17 13:49:54] [INFO   ] configuration file was loaded from resources directory.
[2022-12-17 13:49:54] [INFO   ] Thread dealer starting.
[2022-12-17 13:49:54] [INFO   ] Thread 1starting.
[2022-12-17 13:49:54] [INFO   ] Thread 0starting.
[2022-12-17 13:49:54] [SEVERE ] placing card 63 in slot 0
[2022-12-17 13:49:55] [SEVERE ] placing card 62 in slot 1
[2022-12-17 13:49:55] [SEVERE ] placing card 70 in slot 2
[2022-12-17 13:49:55] [SEVERE ] placing card 30 in slot 3
[2022-12-17 13:49:55] [SEVERE ] placing card 55 in slot 4
[2022-12-17 13:49:55] [SEVERE ] placing card 60 in slot 5
[2022-12-17 13:49:55] [SEVERE ] placing card 50 in slot 6
[2022-12-17 13:49:55] [SEVERE ] placing card 68 in slot 7
[2022-12-17 13:49:55] [SEVERE ] placing card 19 in slot 8
[2022-12-17 13:49:56] [SEVERE ] placing card 48 in slot 9
[2022-12-17 13:49:56] [SEVERE ] placing card 27 in slot 10
[2022-12-17 13:49:56] [SEVERE ] placing card 42 in slot 11
[2022-12-17 13:49:57] [SEVERE ] Key 75 was pressed by player 1
[2022-12-17 13:49:57] [SEVERE ] player 1 placing token on slot 5
[2022-12-17 13:49:58] [SEVERE ] Key 88 was pressed by player 0
[2022-12-17 13:49:58] [SEVERE ] player 0 placing token on slot 9
[2022-12-17 13:49:59] [SEVERE ] Key 86 was pressed by player 0
[2022-12-17 13:49:59] [SEVERE ] player 0 placing token on slot 11
[2022-12-17 13:50:01] [SEVERE ] Key 83 was pressed by player 0
[2022-12-17 13:50:01] [SEVERE ] player 0 placing token on slot 5
[2022-12-17 13:50:01] [SEVERE ] setting player 0 freeze to 3000
[2022-12-17 13:50:02] [SEVERE ] setting player 0 freeze to 2035
[2022-12-17 13:50:02] [SEVERE ] setting player 0 freeze to 1072
[2022-12-17 13:50:03] [SEVERE ] setting player 0 freeze to 110
[2022-12-17 13:50:04] [SEVERE ] setting player 0 freeze to 0
[2022-12-17 13:50:04] [SEVERE ] removing player 0 token from slot 9
[2022-12-17 13:50:04] [SEVERE ] removing player 0 token from slot 11
[2022-12-17 13:50:04] [SEVERE ] removing player 0 token from slot 5
[2022-12-17 13:50:04] [SEVERE ] removing player 1 token from slot 5
[2022-12-17 13:50:05] [SEVERE ] removing card from slot 0
[2022-12-17 13:50:05] [SEVERE ] removing card from slot 1
[2022-12-17 13:50:05] [SEVERE ] removing card from slot 2
[2022-12-17 13:50:05] [SEVERE ] removing card from slot 3
[2022-12-17 13:50:05] [SEVERE ] removing card from slot 4
[2022-12-17 13:50:05] [SEVERE ] removing card from slot 5
[2022-12-17 13:50:05] [SEVERE ] removing card from slot 6
[2022-12-17 13:50:05] [SEVERE ] removing card from slot 7
[2022-12-17 13:50:05] [SEVERE ] removing card from slot 8
[2022-12-17 13:50:06] [SEVERE ] removing card from slot 9
[2022-12-17 13:50:06] [SEVERE ] removing card from slot 10
[2022-12-17 13:50:06] [SEVERE ] removing card from slot 11
[2022-12-17 13:50:06] [SEVERE ] placing card 75 in slot 0
[2022-12-17 13:50:06] [SEVERE ] placing card 23 in slot 1
[2022-12-17 13:50:06] [SEVERE ] placing card 6 in slot 2
[2022-12-17 13:50:06] [SEVERE ] placing card 16 in slot 3
[2022-12-17 13:50:06] [SEVERE ] placing card 26 in slot 4
[2022-12-17 13:50:06] [SEVERE ] placing card 24 in slot 5
[2022-12-17 13:50:06] [SEVERE ] placing card 67 in slot 6
[2022-12-17 13:50:07] [SEVERE ] placing card 20 in slot 7
[2022-12-17 13:50:07] [SEVERE ] placing card 74 in slot 8
[2022-12-17 13:50:07] [SEVERE ] placing card 22 in slot 9
[2022-12-17 13:50:07] [SEVERE ] placing card 64 in slot 10
[2022-12-17 13:50:07] [SEVERE ] placing card 1 in slot 11
[2022-12-17 13:50:10] [SEVERE ] Key 87 was pressed by player 0
[2022-12-17 13:50:10] [SEVERE ] player 0 placing token on slot 1
[2022-12-17 13:50:10] [SEVERE ] Key 69 was pressed by player 0
[2022-12-17 13:50:10] [SEVERE ] player 0 placing token on slot 2
[2022-12-17 13:50:10] [SEVERE ] Key 83 was pressed by player 0
[2022-12-17 13:50:10] [SEVERE ] player 0 placing token on slot 5
[2022-12-17 13:50:10] [SEVERE ] setting player 0 freeze to 3000
[2022-12-17 13:50:11] [SEVERE ] setting player 0 freeze to 2048
[2022-12-17 13:50:12] [SEVERE ] setting player 0 freeze to 1084
[2022-12-17 13:50:13] [SEVERE ] setting player 0 freeze to 125
[2022-12-17 13:50:14] [SEVERE ] setting player 0 freeze to 0
[2022-12-17 13:50:14] [SEVERE ] removing player 0 token from slot 1
[2022-12-17 13:50:14] [SEVERE ] removing player 0 token from slot 2
[2022-12-17 13:50:14] [SEVERE ] removing player 0 token from slot 5
[2022-12-17 13:50:14] [SEVERE ] removing card from slot 0
[2022-12-17 13:50:14] [SEVERE ] removing card from slot 1
[2022-12-17 13:50:15] [SEVERE ] removing card from slot 2
[2022-12-17 13:50:15] [SEVERE ] removing card from slot 3
[2022-12-17 13:50:15] [SEVERE ] removing card from slot 4
[2022-12-17 13:50:15] [SEVERE ] removing card from slot 5
[2022-12-17 13:50:15] [SEVERE ] removing card from slot 6
[2022-12-17 13:50:15] [SEVERE ] removing card from slot 7
[2022-12-17 13:50:15] [SEVERE ] removing card from slot 8
[2022-12-17 13:50:15] [SEVERE ] removing card from slot 9
[2022-12-17 13:50:15] [SEVERE ] removing card from slot 10
[2022-12-17 13:50:16] [SEVERE ] removing card from slot 11
[2022-12-17 13:50:16] [SEVERE ] placing card 4 in slot 0
[2022-12-17 13:50:16] [SEVERE ] placing card 9 in slot 1
[2022-12-17 13:50:16] [SEVERE ] placing card 13 in slot 2
[2022-12-17 13:50:16] [SEVERE ] placing card 60 in slot 3
[2022-12-17 13:50:16] [SEVERE ] placing card 23 in slot 4
[2022-12-17 13:50:16] [SEVERE ] placing card 5 in slot 5
[2022-12-17 13:50:16] [SEVERE ] placing card 21 in slot 6
[2022-12-17 13:50:16] [SEVERE ] placing card 22 in slot 7
[2022-12-17 13:50:17] [SEVERE ] placing card 16 in slot 8
[2022-12-17 13:50:17] [SEVERE ] placing card 25 in slot 9
[2022-12-17 13:50:17] [SEVERE ] placing card 29 in slot 10
[2022-12-17 13:50:17] [SEVERE ] placing card 40 in slot 11
