[2022-12-17 16:11:56] [INFO   ] cannot read configuration file config.properties trying from resources.
[2022-12-17 16:11:56] [INFO   ] configuration file was loaded from resources directory.
[2022-12-17 16:11:56] [INFO   ] Thread dealer starting.
[2022-12-17 16:11:56] [INFO   ] Thread 0starting.
[2022-12-17 16:11:56] [SEVERE ] placing card 22 in slot 0
[2022-12-17 16:11:57] [SEVERE ] placing card 73 in slot 1
[2022-12-17 16:11:57] [SEVERE ] placing card 29 in slot 2
[2022-12-17 16:11:57] [SEVERE ] placing card 26 in slot 3
[2022-12-17 16:11:57] [SEVERE ] placing card 5 in slot 4
[2022-12-17 16:11:57] [SEVERE ] Key 68 was pressed by player 0
[2022-12-17 16:11:57] [SEVERE ] player 0 placing token on slot 6
[2022-12-17 16:11:57] [SEVERE ] placing card 14 in slot 5
[2022-12-17 16:11:57] [SEVERE ] placing card 12 in slot 6
[2022-12-17 16:11:57] [SEVERE ] placing card 48 in slot 7
[2022-12-17 16:11:57] [SEVERE ] placing card 59 in slot 8
[2022-12-17 16:11:57] [SEVERE ] placing card 50 in slot 9
[2022-12-17 16:11:57] [SEVERE ] placing card 27 in slot 10
[2022-12-17 16:11:58] [SEVERE ] Key 69 was pressed by player 0
[2022-12-17 16:11:58] [SEVERE ] player 0 placing token on slot 2
[2022-12-17 16:11:58] [SEVERE ] placing card 58 in slot 11
[2022-12-17 16:11:59] [SEVERE ] Key 68 was pressed by player 0
[2022-12-17 16:11:59] [SEVERE ] removing player 0 token from slot 6
[2022-12-17 16:11:59] [SEVERE ] Key 69 was pressed by player 0
[2022-12-17 16:11:59] [SEVERE ] removing player 0 token from slot 2
