[2022-12-13 15:16:01] [INFO   ] cannot read configuration file config.properties trying from resources.
[2022-12-13 15:16:01] [INFO   ] configuration file was loaded from resources directory.
[2022-12-13 15:16:02] [INFO   ] Thread dealer starting.
[2022-12-13 15:16:02] [SEVERE ] placing card 49 in slot 0
[2022-12-13 15:16:02] [SEVERE ] placing card 33 in slot 1
[2022-12-13 15:16:02] [SEVERE ] placing card 17 in slot 2
[2022-12-13 15:16:02] [SEVERE ] placing card 79 in slot 3
[2022-12-13 15:16:02] [SEVERE ] placing card 45 in slot 4
[2022-12-13 15:16:02] [SEVERE ] placing card 3 in slot 5
[2022-12-13 15:16:02] [SEVERE ] placing card 36 in slot 6
[2022-12-13 15:16:03] [SEVERE ] placing card 34 in slot 7
[2022-12-13 15:16:03] [SEVERE ] placing card 53 in slot 8
[2022-12-13 15:16:03] [SEVERE ] placing card 48 in slot 9
[2022-12-13 15:16:03] [SEVERE ] placing card 11 in slot 10
[2022-12-13 15:16:03] [SEVERE ] placing card 15 in slot 11
[2022-12-13 15:16:08] [SEVERE ] Key 80 was pressed by player 1
[2022-12-13 15:16:09] [SEVERE ] Key 80 was pressed by player 1
[2022-12-13 15:16:09] [SEVERE ] Key 79 was pressed by player 1
[2022-12-13 15:16:09] [SEVERE ] Key 73 was pressed by player 1
[2022-12-13 15:16:10] [SEVERE ] Key 77 was pressed by player 1
[2022-12-13 15:16:10] [SEVERE ] Key 77 was pressed by player 1
