[2022-12-13 11:17:51] [INFO   ] cannot read configuration file config.properties trying from resources.
[2022-12-13 11:17:51] [INFO   ] configuration file was loaded from resources directory.
[2022-12-13 11:17:52] [INFO   ] Thread dealer starting.
[2022-12-13 11:17:52] [SEVERE ] placing card 1 in slot 0
[2022-12-13 11:17:52] [SEVERE ] placing card 15 in slot 1
[2022-12-13 11:17:52] [SEVERE ] placing card 32 in slot 2
[2022-12-13 11:17:52] [SEVERE ] placing card 42 in slot 3
[2022-12-13 11:17:52] [SEVERE ] placing card 80 in slot 4
[2022-12-13 11:17:52] [SEVERE ] placing card 4 in slot 5
[2022-12-13 11:17:52] [SEVERE ] placing card 11 in slot 6
[2022-12-13 11:17:53] [SEVERE ] placing card 26 in slot 7
[2022-12-13 11:17:53] [SEVERE ] placing card 17 in slot 8
[2022-12-13 11:17:53] [SEVERE ] placing card 37 in slot 9
[2022-12-13 11:17:53] [SEVERE ] placing card 59 in slot 10
[2022-12-13 11:17:53] [SEVERE ] placing card 47 in slot 11
[2022-12-13 11:17:54] [SEVERE ] Key 65 was pressed by player 0
[2022-12-13 11:17:54] [SEVERE ] player 0 placing token on slot 4
[2022-12-13 11:17:54] [SEVERE ] player 0 placing token on slot 4
[2022-12-13 11:17:54] [SEVERE ] player 0 placing token on slot 4
[2022-12-13 11:17:55] [SEVERE ] Key 83 was pressed by player 0
[2022-12-13 11:17:55] [SEVERE ] Key 83 was pressed by player 0
[2022-12-13 11:17:56] [SEVERE ] Key 90 was pressed by player 0
[2022-12-13 11:17:56] [SEVERE ] Key 90 was pressed by player 0
[2022-12-13 11:17:57] [SEVERE ] Key 88 was pressed by player 0
[2022-12-13 11:17:57] [SEVERE ] Key 67 was pressed by player 0
[2022-12-13 11:17:58] [SEVERE ] Key 86 was pressed by player 0
[2022-12-13 11:17:58] [SEVERE ] Key 70 was pressed by player 0
[2022-12-13 11:17:59] [SEVERE ] Key 69 was pressed by player 0
[2022-12-13 11:17:59] [SEVERE ] Key 82 was pressed by player 0
[2022-12-13 11:17:59] [SEVERE ] Key 87 was pressed by player 0
[2022-12-13 11:18:00] [SEVERE ] Key 87 was pressed by player 0
[2022-12-13 11:18:00] [SEVERE ] Key 82 was pressed by player 0
[2022-12-13 11:18:00] [SEVERE ] Key 82 was pressed by player 0
[2022-12-13 11:18:01] [SEVERE ] Key 82 was pressed by player 0
[2022-12-13 11:18:02] [SEVERE ] Key 87 was pressed by player 0
[2022-12-13 11:18:02] [SEVERE ] Key 81 was pressed by player 0
[2022-12-13 11:18:02] [SEVERE ] Key 81 was pressed by player 0
[2022-12-13 11:18:02] [SEVERE ] Key 68 was pressed by player 0
[2022-12-13 11:18:03] [SEVERE ] Key 90 was pressed by player 0
[2022-12-13 11:18:03] [SEVERE ] Key 88 was pressed by player 0
[2022-12-13 11:18:05] [SEVERE ] Key 87 was pressed by player 0
[2022-12-13 11:18:05] [SEVERE ] Key 69 was pressed by player 0
[2022-12-13 11:18:05] [SEVERE ] Key 69 was pressed by player 0
[2022-12-13 11:18:06] [SEVERE ] Key 87 was pressed by player 0
[2022-12-13 11:18:06] [SEVERE ] Key 87 was pressed by player 0
[2022-12-13 11:18:06] [SEVERE ] Key 67 was pressed by player 0
[2022-12-13 11:18:06] [SEVERE ] Key 67 was pressed by player 0
[2022-12-13 11:18:07] [SEVERE ] Key 90 was pressed by player 0
[2022-12-13 11:18:07] [SEVERE ] Key 88 was pressed by player 0
[2022-12-13 11:18:07] [SEVERE ] Key 68 was pressed by player 0
[2022-12-13 11:18:08] [SEVERE ] Key 65 was pressed by player 0
[2022-12-13 11:18:08] [SEVERE ] removing player 0 token from slot 4
[2022-12-13 11:18:09] [SEVERE ] Key 90 was pressed by player 0
[2022-12-13 11:18:09] [SEVERE ] player 0 placing token on slot 8
[2022-12-13 11:18:11] [SEVERE ] Key 90 was pressed by player 0
[2022-12-13 11:18:11] [SEVERE ] removing player 0 token from slot 8
[2022-12-13 11:18:11] [SEVERE ] Key 88 was pressed by player 0
[2022-12-13 11:18:11] [SEVERE ] player 0 placing token on slot 9
[2022-12-13 11:18:13] [SEVERE ] Key 88 was pressed by player 0
[2022-12-13 11:18:13] [SEVERE ] removing player 0 token from slot 9
[2022-12-13 11:18:14] [SEVERE ] Key 67 was pressed by player 0
[2022-12-13 11:18:14] [SEVERE ] player 0 placing token on slot 10
[2022-12-13 11:18:15] [SEVERE ] Key 86 was pressed by player 0
[2022-12-13 11:18:15] [SEVERE ] Key 86 was pressed by player 0
[2022-12-13 11:18:16] [SEVERE ] Key 86 was pressed by player 0
[2022-12-13 11:18:16] [SEVERE ] Key 86 was pressed by player 0
[2022-12-13 11:18:16] [SEVERE ] Key 86 was pressed by player 0
[2022-12-13 11:18:16] [SEVERE ] Key 86 was pressed by player 0
[2022-12-13 11:18:16] [SEVERE ] Key 86 was pressed by player 0
[2022-12-13 11:18:17] [SEVERE ] Key 86 was pressed by player 0
[2022-12-13 11:18:17] [SEVERE ] Key 86 was pressed by player 0
[2022-12-13 11:18:17] [SEVERE ] Key 86 was pressed by player 0
[2022-12-13 11:18:22] [SEVERE ] Key 87 was pressed by player 0
[2022-12-13 11:18:23] [SEVERE ] Key 65 was pressed by player 0
[2022-12-13 11:18:23] [SEVERE ] removing player 0 token from slot 4
[2022-12-13 11:18:23] [SEVERE ] Key 83 was pressed by player 0
[2022-12-13 11:18:23] [SEVERE ] player 0 placing token on slot 5
[2022-12-13 11:18:26] [SEVERE ] Key 68 was pressed by player 0
[2022-12-13 11:18:26] [SEVERE ] Key 68 was pressed by player 0
[2022-12-13 11:18:26] [SEVERE ] Key 68 was pressed by player 0
[2022-12-13 11:18:26] [SEVERE ] Key 65 was pressed by player 0
[2022-12-13 11:18:26] [SEVERE ] removing player 0 token from slot 4
[2022-12-13 11:18:27] [SEVERE ] Key 65 was pressed by player 0
[2022-12-13 11:18:27] [SEVERE ] player 0 placing token on slot 4
[2022-12-13 11:18:31] [SEVERE ] Key 90 was pressed by player 0
[2022-12-13 11:18:32] [SEVERE ] Key 88 was pressed by player 0
[2022-12-13 11:18:32] [SEVERE ] Key 90 was pressed by player 0
[2022-12-13 11:18:32] [SEVERE ] Key 88 was pressed by player 0
[2022-12-13 11:18:33] [SEVERE ] Key 90 was pressed by player 0
[2022-12-13 11:18:33] [SEVERE ] Key 88 was pressed by player 0
[2022-12-13 11:18:33] [SEVERE ] Key 90 was pressed by player 0
[2022-12-13 11:18:33] [SEVERE ] Key 88 was pressed by player 0
[2022-12-13 11:18:34] [SEVERE ] Key 87 was pressed by player 0
[2022-12-13 11:18:34] [SEVERE ] Key 81 was pressed by player 0
[2022-12-13 11:18:35] [SEVERE ] Key 69 was pressed by player 0
[2022-12-13 11:18:36] [SEVERE ] Key 65 was pressed by player 0
[2022-12-13 11:18:36] [SEVERE ] removing player 0 token from slot 4
[2022-12-13 11:18:38] [SEVERE ] Key 83 was pressed by player 0
[2022-12-13 11:18:38] [SEVERE ] removing player 0 token from slot 5
[2022-12-13 11:18:39] [SEVERE ] Key 67 was pressed by player 0
[2022-12-13 11:18:39] [SEVERE ] removing player 0 token from slot 10
[2022-12-13 11:18:41] [SEVERE ] Key 86 was pressed by player 0
[2022-12-13 11:18:41] [SEVERE ] player 0 placing token on slot 11
[2022-12-13 11:18:41] [SEVERE ] player 0 placing token on slot 11
[2022-12-13 11:18:41] [SEVERE ] player 0 placing token on slot 11
[2022-12-13 11:18:43] [SEVERE ] Key 67 was pressed by player 0
[2022-12-13 11:18:44] [SEVERE ] Key 67 was pressed by player 0
[2022-12-13 11:18:44] [SEVERE ] Key 67 was pressed by player 0
[2022-12-13 11:18:45] [SEVERE ] Key 67 was pressed by player 0
