[2022-12-13 16:37:17] [INFO   ] cannot read configuration file config.properties trying from resources.
[2022-12-13 16:37:17] [INFO   ] configuration file was loaded from resources directory.
[2022-12-13 16:37:18] [INFO   ] Thread dealer starting.
[2022-12-13 16:37:18] [INFO   ] Thread 0starting.
[2022-12-13 16:37:18] [INFO   ] Thread 1starting.
[2022-12-13 16:37:18] [SEVERE ] placing card 64 in slot 0
[2022-12-13 16:37:18] [SEVERE ] placing card 71 in slot 1
[2022-12-13 16:37:18] [SEVERE ] placing card 76 in slot 2
[2022-12-13 16:37:18] [SEVERE ] placing card 65 in slot 3
[2022-12-13 16:37:18] [SEVERE ] placing card 34 in slot 4
[2022-12-13 16:37:18] [SEVERE ] placing card 61 in slot 5
[2022-12-13 16:37:18] [SEVERE ] placing card 46 in slot 6
[2022-12-13 16:37:19] [SEVERE ] placing card 17 in slot 7
[2022-12-13 16:37:19] [SEVERE ] placing card 52 in slot 8
[2022-12-13 16:37:19] [SEVERE ] placing card 78 in slot 9
[2022-12-13 16:37:19] [SEVERE ] placing card 53 in slot 10
[2022-12-13 16:37:19] [SEVERE ] placing card 25 in slot 11
[2022-12-13 16:37:21] [SEVERE ] Key 87 was pressed by player 0
[2022-12-13 16:37:21] [SEVERE ] player 0 placing token on slot 1
[2022-12-13 16:37:21] [SEVERE ] Key 69 was pressed by player 0
[2022-12-13 16:37:21] [SEVERE ] player 0 placing token on slot 2
[2022-12-13 16:37:22] [SEVERE ] Key 82 was pressed by player 0
[2022-12-13 16:37:22] [SEVERE ] player 0 placing token on slot 3
