[2022-12-13 18:48:57] [INFO   ] cannot read configuration file config.properties trying from resources.
[2022-12-13 18:48:57] [INFO   ] configuration file was loaded from resources directory.
[2022-12-13 18:48:57] [INFO   ] Thread 0starting.
[2022-12-13 18:48:57] [INFO   ] Thread 1starting.
[2022-12-13 18:48:57] [INFO   ] Thread dealer starting.
[2022-12-13 18:48:57] [SEVERE ] placing card 28 in slot 0
[2022-12-13 18:48:57] [SEVERE ] placing card 13 in slot 1
[2022-12-13 18:48:58] [SEVERE ] placing card 72 in slot 2
[2022-12-13 18:48:58] [SEVERE ] placing card 58 in slot 3
[2022-12-13 18:48:58] [SEVERE ] placing card 76 in slot 4
[2022-12-13 18:48:58] [SEVERE ] placing card 9 in slot 5
[2022-12-13 18:48:58] [SEVERE ] placing card 39 in slot 6
[2022-12-13 18:48:58] [SEVERE ] placing card 48 in slot 7
[2022-12-13 18:48:58] [SEVERE ] placing card 47 in slot 8
[2022-12-13 18:48:58] [SEVERE ] placing card 73 in slot 9
[2022-12-13 18:48:58] [SEVERE ] placing card 69 in slot 10
[2022-12-13 18:48:59] [SEVERE ] placing card 68 in slot 11
[2022-12-13 18:49:01] [SEVERE ] Key 81 was pressed by player 0
[2022-12-13 18:49:01] [SEVERE ] player 0 placing token on slot 0
[2022-12-13 18:49:02] [SEVERE ] Key 87 was pressed by player 0
[2022-12-13 18:49:02] [SEVERE ] player 0 placing token on slot 1
[2022-12-13 18:49:03] [SEVERE ] Key 81 was pressed by player 0
[2022-12-13 18:49:03] [SEVERE ] removing player 0 token from slot 0
[2022-12-13 18:49:04] [SEVERE ] Key 82 was pressed by player 0
[2022-12-13 18:49:04] [SEVERE ] player 0 placing token on slot 3
[2022-12-13 18:49:06] [SEVERE ] Key 69 was pressed by player 0
[2022-12-13 18:49:06] [SEVERE ] player 0 placing token on slot 2
[2022-12-13 18:49:14] [SEVERE ] Key 69 was pressed by player 0
[2022-12-13 18:49:15] [SEVERE ] Key 83 was pressed by player 0
[2022-12-13 18:49:15] [SEVERE ] Key 82 was pressed by player 0
[2022-12-13 18:49:15] [SEVERE ] Key 83 was pressed by player 0
[2022-12-13 18:49:15] [SEVERE ] Key 65 was pressed by player 0
[2022-12-13 18:49:15] [SEVERE ] Key 81 was pressed by player 0
[2022-12-13 18:49:15] [SEVERE ] Key 83 was pressed by player 0
[2022-12-13 18:49:15] [SEVERE ] Key 88 was pressed by player 0
[2022-12-13 18:49:15] [SEVERE ] Key 65 was pressed by player 0
[2022-12-13 18:49:16] [SEVERE ] Key 88 was pressed by player 0
[2022-12-13 18:49:16] [SEVERE ] Key 65 was pressed by player 0
[2022-12-13 18:49:16] [SEVERE ] Key 83 was pressed by player 0
[2022-12-13 18:49:16] [SEVERE ] Key 65 was pressed by player 0
[2022-12-13 18:49:16] [SEVERE ] Key 67 was pressed by player 0
[2022-12-13 18:49:16] [SEVERE ] Key 65 was pressed by player 0
