[2022-12-17 12:01:17] [INFO   ] cannot read configuration file config.properties trying from resources.
[2022-12-17 12:01:17] [INFO   ] configuration file was loaded from resources directory.
[2022-12-17 12:01:18] [INFO   ] Thread dealer starting.
[2022-12-17 12:01:18] [INFO   ] Thread 0starting.
[2022-12-17 12:01:18] [INFO   ] Thread 1starting.
[2022-12-17 12:01:18] [SEVERE ] placing card 34 in slot 0
[2022-12-17 12:01:18] [SEVERE ] placing card 24 in slot 1
[2022-12-17 12:01:18] [SEVERE ] placing card 16 in slot 2
[2022-12-17 12:01:18] [SEVERE ] placing card 79 in slot 3
[2022-12-17 12:01:18] [SEVERE ] placing card 51 in slot 4
[2022-12-17 12:01:19] [SEVERE ] placing card 68 in slot 5
[2022-12-17 12:01:19] [SEVERE ] placing card 14 in slot 6
[2022-12-17 12:01:19] [SEVERE ] placing card 56 in slot 7
[2022-12-17 12:01:19] [SEVERE ] placing card 3 in slot 8
[2022-12-17 12:01:19] [SEVERE ] placing card 63 in slot 9
[2022-12-17 12:01:19] [SEVERE ] placing card 26 in slot 10
[2022-12-17 12:01:19] [SEVERE ] placing card 4 in slot 11
[2022-12-17 12:01:30] [SEVERE ] Key 80 was pressed by player 1
[2022-12-17 12:01:30] [SEVERE ] player 1 placing token on slot 3
[2022-12-17 12:01:31] [SEVERE ] Key 65 was pressed by player 0
[2022-12-17 12:01:31] [SEVERE ] player 0 placing token on slot 4
[2022-12-17 12:01:32] [SEVERE ] Key 74 was pressed by player 1
[2022-12-17 12:01:32] [SEVERE ] player 1 placing token on slot 4
[2022-12-17 12:01:48] [SEVERE ] Key 88 was pressed by player 0
[2022-12-17 12:01:48] [SEVERE ] player 0 placing token on slot 9
[2022-12-17 12:01:48] [SEVERE ] Key 46 was pressed by player 1
[2022-12-17 12:01:48] [SEVERE ] player 1 placing token on slot 10
[2022-12-17 12:01:48] [SEVERE ] setting player 1 score to 1
[2022-12-17 12:01:49] [SEVERE ] setting player 1 freeze to 1000
[2022-12-17 12:01:50] [SEVERE ] setting player 1 freeze to 38
[2022-12-17 12:01:51] [SEVERE ] setting player 1 freeze to 0
[2022-12-17 12:01:51] [SEVERE ] removing player 0 token from slot 4
[2022-12-17 12:01:51] [SEVERE ] removing player 1 token from slot 3
[2022-12-17 12:01:51] [SEVERE ] removing player 1 token from slot 4
[2022-12-17 12:01:51] [SEVERE ] removing player 1 token from slot 10
[2022-12-17 12:01:51] [SEVERE ] placing card 45 in slot 3
[2022-12-17 12:01:51] [SEVERE ] placing card 0 in slot 4
[2022-12-17 12:01:51] [SEVERE ] placing card 40 in slot 10
[2022-12-17 12:01:55] [SEVERE ] Key 68 was pressed by player 0
[2022-12-17 12:01:55] [SEVERE ] player 0 placing token on slot 6
[2022-12-17 12:01:56] [SEVERE ] Key 83 was pressed by player 0
[2022-12-17 12:01:56] [SEVERE ] player 0 placing token on slot 5
[2022-12-17 12:01:56] [SEVERE ] setting player 0 freeze to 3000
[2022-12-17 12:01:57] [SEVERE ] setting player 0 freeze to 2044
[2022-12-17 12:01:58] [SEVERE ] setting player 0 freeze to 1083
[2022-12-17 12:01:59] [SEVERE ] Key 59 was pressed by player 1
[2022-12-17 12:01:59] [SEVERE ] player 1 placing token on slot 7
[2022-12-17 12:01:59] [SEVERE ] setting player 0 freeze to 122
[2022-12-17 12:02:00] [SEVERE ] Key 76 was pressed by player 1
[2022-12-17 12:02:00] [SEVERE ] player 1 placing token on slot 6
[2022-12-17 12:02:00] [SEVERE ] setting player 0 freeze to 0
[2022-12-17 12:02:00] [SEVERE ] Key 44 was pressed by player 1
[2022-12-17 12:02:00] [SEVERE ] player 1 placing token on slot 9
[2022-12-17 12:02:00] [SEVERE ] setting player 1 freeze to 3000
[2022-12-17 12:02:01] [SEVERE ] Key 90 was pressed by player 0
[2022-12-17 12:02:01] [SEVERE ] setting player 1 freeze to 2045
[2022-12-17 12:02:02] [SEVERE ] Key 65 was pressed by player 0
[2022-12-17 12:02:02] [SEVERE ] setting player 1 freeze to 1086
[2022-12-17 12:02:03] [SEVERE ] setting player 1 freeze to 131
