[2022-12-17 16:25:01] [INFO   ] cannot read configuration file config.properties trying from resources.
[2022-12-17 16:25:01] [INFO   ] configuration file was loaded from resources directory.
[2022-12-17 16:25:02] [INFO   ] Thread dealer starting.
[2022-12-17 16:25:02] [INFO   ] Thread 0starting.
[2022-12-17 16:25:02] [INFO   ] Thread computer-0 starting.
[2022-12-17 16:25:02] [SEVERE ] placing card 21 in slot 0
[2022-12-17 16:25:02] [SEVERE ] placing card 76 in slot 1
[2022-12-17 16:25:02] [SEVERE ] placing card 57 in slot 2
[2022-12-17 16:25:02] [SEVERE ] placing card 73 in slot 3
[2022-12-17 16:25:02] [SEVERE ] placing card 18 in slot 4
[2022-12-17 16:25:02] [SEVERE ] placing card 14 in slot 5
[2022-12-17 16:25:02] [SEVERE ] placing card 45 in slot 6
[2022-12-17 16:25:02] [SEVERE ] placing card 58 in slot 7
[2022-12-17 16:25:03] [SEVERE ] placing card 52 in slot 8
[2022-12-17 16:25:03] [SEVERE ] placing card 5 in slot 9
[2022-12-17 16:25:03] [SEVERE ] placing card 15 in slot 10
[2022-12-17 16:25:03] [SEVERE ] placing card 27 in slot 11
[2022-12-17 16:25:03] [SEVERE ] player 0 placing token on slot 5
[2022-12-17 16:25:03] [SEVERE ] player 0 placing token on slot 8
[2022-12-17 16:25:03] [SEVERE ] removing player 0 token from slot 8
[2022-12-17 16:25:03] [SEVERE ] removing player 0 token from slot 5
[2022-12-17 16:25:03] [SEVERE ] player 0 placing token on slot 9
[2022-12-17 16:25:03] [SEVERE ] player 0 placing token on slot 8
[2022-12-17 16:25:03] [SEVERE ] player 0 placing token on slot 0
[2022-12-17 16:25:03] [SEVERE ] setting player 0 freeze to 3000
[2022-12-17 16:25:04] [SEVERE ] setting player 0 freeze to 2038
[2022-12-17 16:25:05] [SEVERE ] setting player 0 freeze to 1073
[2022-12-17 16:25:06] [SEVERE ] setting player 0 freeze to 116
[2022-12-17 16:25:07] [SEVERE ] setting player 0 freeze to 0
[2022-12-17 16:25:07] [SEVERE ] removing player 0 token from slot 9
[2022-12-17 16:25:08] [SEVERE ] removing player 0 token from slot 8
[2022-12-17 16:25:08] [SEVERE ] player 0 placing token on slot 6
[2022-12-17 16:25:08] [SEVERE ] player 0 placing token on slot 2
[2022-12-17 16:25:08] [SEVERE ] removing player 0 token from slot 6
[2022-12-17 16:25:08] [SEVERE ] player 0 placing token on slot 7
[2022-12-17 16:25:08] [SEVERE ] removing player 0 token from slot 7
[2022-12-17 16:25:09] [SEVERE ] player 0 placing token on slot 7
[2022-12-17 16:25:09] [SEVERE ] removing player 0 token from slot 2
[2022-12-17 16:25:09] [SEVERE ] player 0 placing token on slot 3
[2022-12-17 16:25:10] [SEVERE ] removing player 0 token from slot 7
[2022-12-17 16:25:10] [SEVERE ] removing player 0 token from slot 3
[2022-12-17 16:25:10] [SEVERE ] player 0 placing token on slot 4
[2022-12-17 16:25:10] [SEVERE ] player 0 placing token on slot 10
[2022-12-17 16:25:10] [SEVERE ] removing player 0 token from slot 4
[2022-12-17 16:25:10] [SEVERE ] player 0 placing token on slot 5
[2022-12-17 16:25:13] [SEVERE ] removing player 0 token from slot 0
[2022-12-17 16:25:13] [SEVERE ] player 0 placing token on slot 6
[2022-12-17 16:25:13] [SEVERE ] setting player 0 freeze to 3000
[2022-12-17 16:25:14] [SEVERE ] setting player 0 freeze to 2040
[2022-12-17 16:25:15] [SEVERE ] setting player 0 freeze to 1077
[2022-12-17 16:25:16] [SEVERE ] setting player 0 freeze to 115
[2022-12-17 16:25:17] [SEVERE ] setting player 0 freeze to 0
[2022-12-17 16:25:17] [SEVERE ] removing player 0 token from slot 10
[2022-12-17 16:25:17] [SEVERE ] player 0 placing token on slot 8
[2022-12-17 16:25:20] [SEVERE ] removing player 0 token from slot 6
[2022-12-17 16:25:20] [SEVERE ] removing player 0 token from slot 8
[2022-12-17 16:25:20] [SEVERE ] player 0 placing token on slot 2
[2022-12-17 16:25:20] [SEVERE ] player 0 placing token on slot 9
[2022-12-17 16:25:20] [SEVERE ] setting player 0 freeze to 3000
[2022-12-17 16:25:21] [SEVERE ] setting player 0 freeze to 2049
[2022-12-17 16:25:22] [SEVERE ] setting player 0 freeze to 1090
[2022-12-17 16:25:23] [SEVERE ] setting player 0 freeze to 132
[2022-12-17 16:25:24] [SEVERE ] setting player 0 freeze to 0
[2022-12-17 16:25:25] [SEVERE ] removing player 0 token from slot 9
[2022-12-17 16:25:26] [SEVERE ] player 0 placing token on slot 7
[2022-12-17 16:25:26] [SEVERE ] setting player 0 freeze to 3000
[2022-12-17 16:25:26] [SEVERE ] setting player 0 freeze to 2043
[2022-12-17 16:25:27] [SEVERE ] setting player 0 freeze to 1080
[2022-12-17 16:25:28] [SEVERE ] setting player 0 freeze to 118
[2022-12-17 16:25:29] [SEVERE ] setting player 0 freeze to 0
[2022-12-17 16:25:30] [SEVERE ] removing player 0 token from slot 7
[2022-12-17 16:25:30] [SEVERE ] player 0 placing token on slot 0
[2022-12-17 16:25:30] [SEVERE ] setting player 0 freeze to 3000
[2022-12-17 16:25:31] [SEVERE ] setting player 0 freeze to 2041
[2022-12-17 16:25:32] [SEVERE ] setting player 0 freeze to 1077
[2022-12-17 16:25:33] [SEVERE ] setting player 0 freeze to 113
[2022-12-17 16:25:34] [SEVERE ] setting player 0 freeze to 0
[2022-12-17 16:25:34] [SEVERE ] removing player 0 token from slot 0
[2022-12-17 16:25:34] [SEVERE ] player 0 placing token on slot 1
[2022-12-17 16:25:34] [SEVERE ] setting player 0 freeze to 3000
[2022-12-17 16:25:35] [SEVERE ] setting player 0 freeze to 2039
[2022-12-17 16:25:36] [SEVERE ] setting player 0 freeze to 1084
[2022-12-17 16:25:37] [SEVERE ] setting player 0 freeze to 124
