[2022-12-17 16:03:45] [INFO   ] cannot read configuration file config.properties trying from resources.
[2022-12-17 16:03:45] [INFO   ] configuration file was loaded from resources directory.
[2022-12-17 16:03:45] [INFO   ] Thread dealer starting.
[2022-12-17 16:03:45] [INFO   ] Thread 0starting.
[2022-12-17 16:03:45] [INFO   ] Thread computer-0 starting.
[2022-12-17 16:03:45] [SEVERE ] placing card 50 in slot 0
[2022-12-17 16:03:45] [SEVERE ] player 0 placing token on slot 3
[2022-12-17 16:03:45] [SEVERE ] placing card 79 in slot 1
[2022-12-17 16:03:45] [SEVERE ] placing card 30 in slot 2
[2022-12-17 16:03:45] [SEVERE ] placing card 43 in slot 3
[2022-12-17 16:03:46] [SEVERE ] placing card 14 in slot 4
[2022-12-17 16:03:46] [SEVERE ] placing card 6 in slot 5
[2022-12-17 16:03:46] [SEVERE ] placing card 60 in slot 6
[2022-12-17 16:03:46] [SEVERE ] placing card 55 in slot 7
[2022-12-17 16:03:46] [SEVERE ] placing card 20 in slot 8
[2022-12-17 16:03:46] [SEVERE ] placing card 75 in slot 9
[2022-12-17 16:03:46] [SEVERE ] placing card 44 in slot 10
[2022-12-17 16:03:46] [SEVERE ] placing card 9 in slot 11
[2022-12-17 16:03:46] [SEVERE ] removing player 0 token from slot 3
[2022-12-17 16:03:46] [SEVERE ] player 0 placing token on slot 5
[2022-12-17 16:03:49] [SEVERE ] removing player 0 token from slot 5
[2022-12-17 16:03:49] [SEVERE ] player 0 placing token on slot 0
[2022-12-17 16:03:49] [SEVERE ] removing player 0 token from slot 0
[2022-12-17 16:03:49] [SEVERE ] player 0 placing token on slot 5
[2022-12-17 16:03:51] [SEVERE ] removing player 0 token from slot 5
[2022-12-17 16:03:51] [SEVERE ] player 0 placing token on slot 1
[2022-12-17 16:03:52] [SEVERE ] removing player 0 token from slot 1
[2022-12-17 16:03:52] [SEVERE ] player 0 placing token on slot 7
[2022-12-17 16:03:54] [SEVERE ] removing player 0 token from slot 7
[2022-12-17 16:03:54] [SEVERE ] player 0 placing token on slot 4
[2022-12-17 16:03:54] [SEVERE ] removing player 0 token from slot 4
[2022-12-17 16:03:55] [SEVERE ] player 0 placing token on slot 3
[2022-12-17 16:03:56] [SEVERE ] removing player 0 token from slot 3
[2022-12-17 16:03:57] [SEVERE ] player 0 placing token on slot 8
[2022-12-17 16:03:57] [SEVERE ] removing player 0 token from slot 8
[2022-12-17 16:03:57] [SEVERE ] player 0 placing token on slot 10
[2022-12-17 16:03:58] [SEVERE ] removing player 0 token from slot 10
[2022-12-17 16:03:58] [SEVERE ] player 0 placing token on slot 2
[2022-12-17 16:03:58] [SEVERE ] removing player 0 token from slot 2
[2022-12-17 16:03:58] [SEVERE ] player 0 placing token on slot 6
[2022-12-17 16:03:59] [SEVERE ] removing player 0 token from slot 6
[2022-12-17 16:04:00] [SEVERE ] player 0 placing token on slot 7
[2022-12-17 16:04:01] [SEVERE ] removing player 0 token from slot 7
[2022-12-17 16:04:01] [SEVERE ] player 0 placing token on slot 6
[2022-12-17 16:04:01] [SEVERE ] removing player 0 token from slot 6
[2022-12-17 16:04:01] [SEVERE ] player 0 placing token on slot 6
[2022-12-17 16:04:02] [SEVERE ] removing player 0 token from slot 6
[2022-12-17 16:04:02] [SEVERE ] player 0 placing token on slot 8
[2022-12-17 16:04:04] [SEVERE ] removing player 0 token from slot 8
[2022-12-17 16:04:04] [SEVERE ] player 0 placing token on slot 2
[2022-12-17 16:04:05] [SEVERE ] removing player 0 token from slot 2
[2022-12-17 16:04:05] [SEVERE ] player 0 placing token on slot 9
[2022-12-17 16:04:06] [SEVERE ] removing player 0 token from slot 9
[2022-12-17 16:04:06] [SEVERE ] player 0 placing token on slot 5
[2022-12-17 16:04:08] [SEVERE ] removing player 0 token from slot 5
[2022-12-17 16:04:08] [SEVERE ] player 0 placing token on slot 2
[2022-12-17 16:04:08] [SEVERE ] removing player 0 token from slot 2
[2022-12-17 16:04:09] [SEVERE ] player 0 placing token on slot 8
[2022-12-17 16:04:10] [SEVERE ] removing player 0 token from slot 8
[2022-12-17 16:04:10] [SEVERE ] player 0 placing token on slot 1
[2022-12-17 16:04:11] [SEVERE ] removing player 0 token from slot 1
[2022-12-17 16:04:11] [SEVERE ] player 0 placing token on slot 9
[2022-12-17 16:04:11] [SEVERE ] removing player 0 token from slot 9
[2022-12-17 16:04:11] [SEVERE ] player 0 placing token on slot 2
[2022-12-17 16:04:13] [SEVERE ] removing player 0 token from slot 2
[2022-12-17 16:04:13] [SEVERE ] player 0 placing token on slot 1
[2022-12-17 16:04:14] [SEVERE ] removing player 0 token from slot 1
[2022-12-17 16:04:14] [SEVERE ] player 0 placing token on slot 1
[2022-12-17 16:04:15] [SEVERE ] removing player 0 token from slot 1
[2022-12-17 16:04:15] [SEVERE ] player 0 placing token on slot 4
[2022-12-17 16:04:16] [SEVERE ] removing player 0 token from slot 4
[2022-12-17 16:04:16] [SEVERE ] player 0 placing token on slot 4
[2022-12-17 16:04:18] [SEVERE ] removing player 0 token from slot 4
[2022-12-17 16:04:18] [SEVERE ] player 0 placing token on slot 2
[2022-12-17 16:04:19] [SEVERE ] removing player 0 token from slot 2
[2022-12-17 16:04:19] [SEVERE ] player 0 placing token on slot 8
[2022-12-17 16:04:20] [SEVERE ] removing player 0 token from slot 8
[2022-12-17 16:04:20] [SEVERE ] player 0 placing token on slot 8
[2022-12-17 16:04:21] [SEVERE ] removing player 0 token from slot 8
[2022-12-17 16:04:21] [SEVERE ] player 0 placing token on slot 1
[2022-12-17 16:04:26] [SEVERE ] removing player 0 token from slot 1
[2022-12-17 16:04:26] [SEVERE ] player 0 placing token on slot 9
[2022-12-17 16:04:27] [SEVERE ] removing player 0 token from slot 9
[2022-12-17 16:04:27] [SEVERE ] player 0 placing token on slot 1
[2022-12-17 16:04:27] [SEVERE ] removing player 0 token from slot 1
[2022-12-17 16:04:27] [SEVERE ] player 0 placing token on slot 8
[2022-12-17 16:04:28] [SEVERE ] removing player 0 token from slot 8
[2022-12-17 16:04:28] [SEVERE ] player 0 placing token on slot 1
[2022-12-17 16:04:29] [SEVERE ] removing player 0 token from slot 1
[2022-12-17 16:04:29] [SEVERE ] player 0 placing token on slot 0
[2022-12-17 16:04:29] [SEVERE ] removing player 0 token from slot 0
[2022-12-17 16:04:29] [SEVERE ] player 0 placing token on slot 1
[2022-12-17 16:04:31] [SEVERE ] removing player 0 token from slot 1
[2022-12-17 16:04:31] [SEVERE ] player 0 placing token on slot 2
[2022-12-17 16:04:31] [SEVERE ] removing player 0 token from slot 2
[2022-12-17 16:04:31] [SEVERE ] player 0 placing token on slot 9
[2022-12-17 16:04:32] [SEVERE ] removing player 0 token from slot 9
[2022-12-17 16:04:32] [SEVERE ] player 0 placing token on slot 7
[2022-12-17 16:04:33] [SEVERE ] removing player 0 token from slot 7
[2022-12-17 16:04:33] [SEVERE ] player 0 placing token on slot 1
[2022-12-17 16:04:33] [SEVERE ] removing player 0 token from slot 1
[2022-12-17 16:04:34] [SEVERE ] player 0 placing token on slot 7
[2022-12-17 16:04:34] [SEVERE ] removing player 0 token from slot 7
[2022-12-17 16:04:34] [SEVERE ] player 0 placing token on slot 0
[2022-12-17 16:04:35] [SEVERE ] removing player 0 token from slot 0
[2022-12-17 16:04:35] [SEVERE ] player 0 placing token on slot 0
[2022-12-17 16:04:38] [SEVERE ] removing player 0 token from slot 0
[2022-12-17 16:04:38] [SEVERE ] player 0 placing token on slot 4
[2022-12-17 16:04:38] [SEVERE ] removing player 0 token from slot 4
[2022-12-17 16:04:38] [SEVERE ] player 0 placing token on slot 1
[2022-12-17 16:04:39] [SEVERE ] removing player 0 token from slot 1
[2022-12-17 16:04:39] [SEVERE ] player 0 placing token on slot 1
