[2022-12-14 17:58:36] [INFO   ] cannot read configuration file config.properties trying from resources.
[2022-12-14 17:58:36] [INFO   ] configuration file was loaded from resources directory.
[2022-12-14 17:58:37] [INFO   ] Thread dealer starting.
[2022-12-14 17:58:37] [INFO   ] Thread 0starting.
[2022-12-14 17:58:37] [INFO   ] Thread 1starting.
[2022-12-14 17:58:37] [SEVERE ] placing card 16 in slot 0
[2022-12-14 17:58:37] [SEVERE ] placing card 76 in slot 1
[2022-12-14 17:58:37] [SEVERE ] placing card 25 in slot 2
[2022-12-14 17:58:37] [SEVERE ] placing card 36 in slot 3
[2022-12-14 17:58:37] [SEVERE ] placing card 19 in slot 4
[2022-12-14 17:58:37] [SEVERE ] placing card 29 in slot 5
[2022-12-14 17:58:37] [SEVERE ] placing card 10 in slot 6
[2022-12-14 17:58:38] [SEVERE ] placing card 60 in slot 7
[2022-12-14 17:58:38] [SEVERE ] placing card 78 in slot 8
[2022-12-14 17:58:38] [SEVERE ] placing card 48 in slot 9
[2022-12-14 17:58:38] [SEVERE ] placing card 53 in slot 10
[2022-12-14 17:58:38] [SEVERE ] placing card 30 in slot 11
[2022-12-14 17:58:59] [SEVERE ] Key 87 was pressed by player 0
[2022-12-14 17:58:59] [SEVERE ] player 0 placing token on slot 1
[2022-12-14 17:58:59] [SEVERE ] Key 87 was pressed by player 0
[2022-12-14 17:58:59] [SEVERE ] removing player 0 token from slot 1
[2022-12-14 17:59:00] [SEVERE ] Key 81 was pressed by player 0
[2022-12-14 17:59:00] [SEVERE ] player 0 placing token on slot 0
[2022-12-14 17:59:03] [SEVERE ] Key 88 was pressed by player 0
[2022-12-14 17:59:03] [SEVERE ] player 0 placing token on slot 9
[2022-12-14 17:59:03] [SEVERE ] Key 88 was pressed by player 0
[2022-12-14 17:59:03] [SEVERE ] removing player 0 token from slot 9
[2022-12-14 17:59:04] [SEVERE ] Key 67 was pressed by player 0
[2022-12-14 17:59:04] [SEVERE ] player 0 placing token on slot 10
[2022-12-14 17:59:05] [SEVERE ] Key 70 was pressed by player 0
[2022-12-14 17:59:05] [SEVERE ] player 0 placing token on slot 7
[2022-12-14 17:59:05] [SEVERE ] setting player 0 score to 1
[2022-12-14 17:59:06] [SEVERE ] setting player 0 freeze to 1000
[2022-12-14 17:59:07] [SEVERE ] setting player 0 freeze to 39
[2022-12-14 17:59:08] [SEVERE ] setting player 0 freeze to 0
[2022-12-14 17:59:08] [SEVERE ] placing card 47 in slot 0
[2022-12-14 17:59:08] [SEVERE ] placing card 80 in slot 7
[2022-12-14 17:59:09] [SEVERE ] placing card 13 in slot 10
