[2022-12-17 15:34:14] [INFO   ] cannot read configuration file config.properties trying from resources.
[2022-12-17 15:34:14] [INFO   ] configuration file was loaded from resources directory.
[2022-12-17 15:34:14] [INFO   ] Thread dealer starting.
[2022-12-17 15:34:14] [INFO   ] Thread 1starting.
[2022-12-17 15:34:14] [INFO   ] Thread 0starting.
[2022-12-17 15:34:14] [SEVERE ] placing card 3 in slot 0
[2022-12-17 15:34:15] [SEVERE ] placing card 19 in slot 1
[2022-12-17 15:34:15] [SEVERE ] placing card 28 in slot 2
[2022-12-17 15:34:15] [SEVERE ] placing card 70 in slot 3
[2022-12-17 15:34:15] [SEVERE ] placing card 29 in slot 4
[2022-12-17 15:34:15] [SEVERE ] placing card 13 in slot 5
[2022-12-17 15:34:15] [SEVERE ] placing card 12 in slot 6
[2022-12-17 15:34:15] [SEVERE ] placing card 67 in slot 7
[2022-12-17 15:34:15] [SEVERE ] placing card 39 in slot 8
[2022-12-17 15:34:15] [SEVERE ] placing card 14 in slot 9
[2022-12-17 15:34:16] [SEVERE ] placing card 27 in slot 10
[2022-12-17 15:34:16] [SEVERE ] placing card 73 in slot 11
[2022-12-17 15:34:19] [SEVERE ] Key 69 was pressed by player 0
[2022-12-17 15:34:19] [SEVERE ] player 0 placing token on slot 2
[2022-12-17 15:34:22] [SEVERE ] Key 65 was pressed by player 0
[2022-12-17 15:34:22] [SEVERE ] player 0 placing token on slot 4
[2022-12-17 15:34:27] [SEVERE ] Key 67 was pressed by player 0
[2022-12-17 15:34:27] [SEVERE ] player 0 placing token on slot 10
[2022-12-17 15:34:27] [SEVERE ] setting player 0 score to 1
[2022-12-17 15:34:28] [SEVERE ] setting player 0 freeze to 1000
[2022-12-17 15:34:29] [SEVERE ] setting player 0 freeze to 40
[2022-12-17 15:34:30] [SEVERE ] Key 69 was pressed by player 0
[2022-12-17 15:34:30] [SEVERE ] setting player 0 freeze to 0
[2022-12-17 15:34:30] [SEVERE ] removing player 0 token from slot 2
[2022-12-17 15:34:30] [SEVERE ] removing player 0 token from slot 4
[2022-12-17 15:34:30] [SEVERE ] removing player 0 token from slot 10
[2022-12-17 15:34:30] [SEVERE ] player 0 placing token on slot 2
[2022-12-17 15:34:30] [SEVERE ] placing card 9 in slot 2
[2022-12-17 15:34:30] [SEVERE ] placing card 22 in slot 4
[2022-12-17 15:34:30] [SEVERE ] placing card 33 in slot 10
[2022-12-17 15:34:30] [SEVERE ] Key 68 was pressed by player 0
[2022-12-17 15:34:30] [SEVERE ] player 0 placing token on slot 6
[2022-12-17 15:34:31] [SEVERE ] Key 68 was pressed by player 0
[2022-12-17 15:34:31] [SEVERE ] removing player 0 token from slot 6
[2022-12-17 15:34:34] [SEVERE ] Key 69 was pressed by player 0
[2022-12-17 15:34:34] [SEVERE ] removing player 0 token from slot 2
