[2022-12-17 16:08:28] [INFO   ] cannot read configuration file config.properties trying from resources.
[2022-12-17 16:08:28] [INFO   ] configuration file was loaded from resources directory.
[2022-12-17 16:08:29] [INFO   ] Thread dealer starting.
[2022-12-17 16:08:29] [INFO   ] Thread 0starting.
[2022-12-17 16:08:29] [INFO   ] Thread 1starting.
[2022-12-17 16:08:29] [INFO   ] Thread computer-1 starting.
[2022-12-17 16:08:29] [SEVERE ] placing card 21 in slot 0
[2022-12-17 16:08:29] [SEVERE ] player 1 placing token on slot 6
[2022-12-17 16:08:29] [SEVERE ] placing card 42 in slot 1
[2022-12-17 16:08:29] [SEVERE ] placing card 43 in slot 2
[2022-12-17 16:08:29] [SEVERE ] placing card 19 in slot 3
[2022-12-17 16:08:30] [SEVERE ] placing card 64 in slot 4
[2022-12-17 16:08:30] [SEVERE ] placing card 48 in slot 5
[2022-12-17 16:08:30] [SEVERE ] placing card 34 in slot 6
[2022-12-17 16:08:30] [SEVERE ] placing card 36 in slot 7
[2022-12-17 16:08:30] [SEVERE ] placing card 2 in slot 8
[2022-12-17 16:08:30] [SEVERE ] placing card 10 in slot 9
[2022-12-17 16:08:30] [SEVERE ] removing player 1 token from slot 6
[2022-12-17 16:08:30] [SEVERE ] placing card 39 in slot 10
[2022-12-17 16:08:30] [SEVERE ] player 1 placing token on slot 4
[2022-12-17 16:08:30] [SEVERE ] placing card 6 in slot 11
[2022-12-17 16:08:32] [SEVERE ] Key 83 was pressed by player 0
[2022-12-17 16:08:32] [SEVERE ] player 0 placing token on slot 5
[2022-12-17 16:08:32] [SEVERE ] removing player 1 token from slot 4
[2022-12-17 16:08:32] [SEVERE ] player 1 placing token on slot 0
[2022-12-17 16:08:32] [SEVERE ] Key 69 was pressed by player 0
[2022-12-17 16:08:33] [SEVERE ] Key 69 was pressed by player 0
[2022-12-17 16:08:34] [SEVERE ] Key 65 was pressed by player 0
[2022-12-17 16:08:34] [SEVERE ] removing player 1 token from slot 0
[2022-12-17 16:08:34] [SEVERE ] player 1 placing token on slot 9
[2022-12-17 16:08:35] [SEVERE ] Key 83 was pressed by player 0
[2022-12-17 16:08:35] [SEVERE ] removing player 0 token from slot 5
[2022-12-17 16:08:35] [SEVERE ] Key 83 was pressed by player 0
[2022-12-17 16:08:35] [SEVERE ] player 0 placing token on slot 5
[2022-12-17 16:08:36] [SEVERE ] Key 88 was pressed by player 0
[2022-12-17 16:08:36] [SEVERE ] removing player 1 token from slot 9
[2022-12-17 16:08:36] [SEVERE ] player 1 placing token on slot 10
