[2022-12-14 20:10:20] [INFO   ] cannot read configuration file config.properties trying from resources.
[2022-12-14 20:10:20] [INFO   ] configuration file was loaded from resources directory.
[2022-12-14 20:10:21] [INFO   ] Thread dealer starting.
[2022-12-14 20:10:21] [INFO   ] Thread 0starting.
[2022-12-14 20:10:21] [INFO   ] Thread 1starting.
[2022-12-14 20:10:21] [SEVERE ] placing card 19 in slot 0
[2022-12-14 20:10:21] [SEVERE ] placing card 30 in slot 1
[2022-12-14 20:10:21] [SEVERE ] placing card 24 in slot 2
[2022-12-14 20:10:21] [SEVERE ] placing card 16 in slot 3
[2022-12-14 20:10:21] [SEVERE ] placing card 37 in slot 4
[2022-12-14 20:10:21] [SEVERE ] placing card 62 in slot 5
[2022-12-14 20:10:22] [SEVERE ] placing card 29 in slot 6
[2022-12-14 20:10:22] [SEVERE ] placing card 74 in slot 7
[2022-12-14 20:10:22] [SEVERE ] placing card 23 in slot 8
[2022-12-14 20:10:22] [SEVERE ] placing card 79 in slot 9
[2022-12-14 20:10:22] [SEVERE ] placing card 11 in slot 10
[2022-12-14 20:10:22] [SEVERE ] placing card 76 in slot 11
[2022-12-14 20:10:23] [SEVERE ] Key 79 was pressed by player 1
[2022-12-14 20:10:23] [SEVERE ] player 1 placing token on slot 2
[2022-12-14 20:10:23] [SEVERE ] Key 87 was pressed by player 0
[2022-12-14 20:10:23] [SEVERE ] player 0 placing token on slot 1
[2022-12-14 20:10:23] [SEVERE ] Key 79 was pressed by player 1
[2022-12-14 20:10:23] [SEVERE ] removing player 1 token from slot 2
[2022-12-14 20:10:24] [SEVERE ] Key 79 was pressed by player 1
[2022-12-14 20:10:24] [SEVERE ] player 1 placing token on slot 2
[2022-12-14 20:10:24] [SEVERE ] Key 65 was pressed by player 0
[2022-12-14 20:10:24] [SEVERE ] player 0 placing token on slot 4
[2022-12-14 20:10:27] [SEVERE ] removing player 0 token from slot 1
[2022-12-14 20:10:27] [SEVERE ] removing player 0 token from slot 4
[2022-12-14 20:10:27] [SEVERE ] removing player 1 token from slot 2
[2022-12-14 20:10:27] [SEVERE ] removing card from slot 0
[2022-12-14 20:10:27] [SEVERE ] removing card from slot 1
[2022-12-14 20:10:27] [SEVERE ] removing card from slot 2
[2022-12-14 20:10:28] [SEVERE ] removing card from slot 3
[2022-12-14 20:10:28] [SEVERE ] removing card from slot 4
[2022-12-14 20:10:28] [SEVERE ] removing card from slot 5
[2022-12-14 20:10:28] [SEVERE ] removing card from slot 6
[2022-12-14 20:10:28] [SEVERE ] removing card from slot 7
[2022-12-14 20:10:28] [SEVERE ] removing card from slot 8
[2022-12-14 20:10:28] [SEVERE ] removing card from slot 9
[2022-12-14 20:10:28] [SEVERE ] removing card from slot 10
[2022-12-14 20:10:28] [SEVERE ] removing card from slot 11
[2022-12-14 20:10:29] [SEVERE ] placing card 71 in slot 0
[2022-12-14 20:10:29] [SEVERE ] placing card 58 in slot 1
[2022-12-14 20:10:29] [SEVERE ] placing card 16 in slot 2
[2022-12-14 20:10:29] [SEVERE ] placing card 13 in slot 3
[2022-12-14 20:10:29] [SEVERE ] placing card 52 in slot 4
[2022-12-14 20:10:29] [SEVERE ] placing card 77 in slot 5
[2022-12-14 20:10:29] [SEVERE ] placing card 43 in slot 6
[2022-12-14 20:10:29] [SEVERE ] placing card 66 in slot 7
[2022-12-14 20:10:29] [SEVERE ] placing card 76 in slot 8
[2022-12-14 20:10:30] [SEVERE ] placing card 20 in slot 9
[2022-12-14 20:10:30] [SEVERE ] placing card 70 in slot 10
[2022-12-14 20:10:30] [SEVERE ] placing card 40 in slot 11
[2022-12-14 20:10:30] [SEVERE ] Key 87 was pressed by player 0
[2022-12-14 20:10:30] [SEVERE ] player 0 placing token on slot 1
[2022-12-14 20:10:30] [SEVERE ] Key 80 was pressed by player 1
[2022-12-14 20:10:30] [SEVERE ] player 1 placing token on slot 3
[2022-12-14 20:10:31] [SEVERE ] Key 68 was pressed by player 0
[2022-12-14 20:10:31] [SEVERE ] player 0 placing token on slot 6
[2022-12-14 20:10:31] [SEVERE ] Key 76 was pressed by player 1
[2022-12-14 20:10:31] [SEVERE ] player 1 placing token on slot 6
[2022-12-14 20:10:35] [SEVERE ] removing player 0 token from slot 1
[2022-12-14 20:10:35] [SEVERE ] removing player 0 token from slot 6
[2022-12-14 20:10:35] [SEVERE ] removing player 1 token from slot 3
[2022-12-14 20:10:35] [SEVERE ] removing player 1 token from slot 6
[2022-12-14 20:10:35] [SEVERE ] removing card from slot 0
[2022-12-14 20:10:35] [SEVERE ] removing card from slot 1
[2022-12-14 20:10:35] [SEVERE ] removing card from slot 2
[2022-12-14 20:10:35] [SEVERE ] removing card from slot 3
[2022-12-14 20:10:35] [SEVERE ] removing card from slot 4
[2022-12-14 20:10:35] [SEVERE ] removing card from slot 5
[2022-12-14 20:10:36] [SEVERE ] removing card from slot 6
[2022-12-14 20:10:36] [SEVERE ] removing card from slot 7
[2022-12-14 20:10:36] [SEVERE ] removing card from slot 8
[2022-12-14 20:10:36] [SEVERE ] removing card from slot 9
[2022-12-14 20:10:36] [SEVERE ] removing card from slot 10
[2022-12-14 20:10:36] [SEVERE ] removing card from slot 11
[2022-12-14 20:10:36] [SEVERE ] placing card 43 in slot 0
[2022-12-14 20:10:36] [SEVERE ] placing card 45 in slot 1
[2022-12-14 20:10:36] [SEVERE ] placing card 61 in slot 2
[2022-12-14 20:10:37] [SEVERE ] placing card 2 in slot 3
[2022-12-14 20:10:37] [SEVERE ] placing card 50 in slot 4
[2022-12-14 20:10:37] [SEVERE ] placing card 23 in slot 5
[2022-12-14 20:10:37] [SEVERE ] placing card 44 in slot 6
[2022-12-14 20:10:37] [SEVERE ] placing card 62 in slot 7
[2022-12-14 20:10:37] [SEVERE ] placing card 24 in slot 8
[2022-12-14 20:10:37] [SEVERE ] placing card 58 in slot 9
[2022-12-14 20:10:37] [SEVERE ] placing card 66 in slot 10
[2022-12-14 20:10:37] [SEVERE ] placing card 73 in slot 11
[2022-12-14 20:10:38] [SEVERE ] Key 81 was pressed by player 0
[2022-12-14 20:10:38] [SEVERE ] player 0 placing token on slot 0
[2022-12-14 20:10:38] [SEVERE ] Key 80 was pressed by player 1
[2022-12-14 20:10:38] [SEVERE ] player 1 placing token on slot 3
[2022-12-14 20:10:38] [SEVERE ] Key 83 was pressed by player 0
[2022-12-14 20:10:38] [SEVERE ] player 0 placing token on slot 5
[2022-12-14 20:10:39] [SEVERE ] Key 79 was pressed by player 1
[2022-12-14 20:10:39] [SEVERE ] player 1 placing token on slot 2
[2022-12-14 20:10:43] [SEVERE ] removing player 0 token from slot 0
[2022-12-14 20:10:43] [SEVERE ] removing player 0 token from slot 5
[2022-12-14 20:10:43] [SEVERE ] removing player 1 token from slot 3
[2022-12-14 20:10:43] [SEVERE ] removing player 1 token from slot 2
[2022-12-14 20:10:43] [SEVERE ] removing card from slot 0
[2022-12-14 20:10:43] [SEVERE ] removing card from slot 1
[2022-12-14 20:10:43] [SEVERE ] removing card from slot 2
[2022-12-14 20:10:43] [SEVERE ] removing card from slot 3
[2022-12-14 20:10:43] [SEVERE ] removing card from slot 4
[2022-12-14 20:10:43] [SEVERE ] removing card from slot 5
[2022-12-14 20:10:43] [SEVERE ] removing card from slot 6
[2022-12-14 20:10:43] [SEVERE ] removing card from slot 7
[2022-12-14 20:10:44] [SEVERE ] removing card from slot 8
[2022-12-14 20:10:44] [SEVERE ] removing card from slot 9
[2022-12-14 20:10:44] [SEVERE ] removing card from slot 10
[2022-12-14 20:10:44] [SEVERE ] removing card from slot 11
[2022-12-14 20:10:44] [SEVERE ] placing card 0 in slot 0
[2022-12-14 20:10:44] [SEVERE ] placing card 11 in slot 1
[2022-12-14 20:10:44] [SEVERE ] placing card 60 in slot 2
[2022-12-14 20:10:44] [SEVERE ] placing card 27 in slot 3
[2022-12-14 20:10:44] [SEVERE ] placing card 46 in slot 4
[2022-12-14 20:10:44] [SEVERE ] placing card 34 in slot 5
[2022-12-14 20:10:45] [SEVERE ] placing card 32 in slot 6
[2022-12-14 20:10:45] [SEVERE ] placing card 17 in slot 7
[2022-12-14 20:10:45] [SEVERE ] placing card 78 in slot 8
[2022-12-14 20:10:45] [SEVERE ] placing card 4 in slot 9
[2022-12-14 20:10:45] [SEVERE ] placing card 59 in slot 10
[2022-12-14 20:10:45] [SEVERE ] placing card 79 in slot 11
[2022-12-14 20:10:46] [SEVERE ] Key 83 was pressed by player 0
[2022-12-14 20:10:46] [SEVERE ] player 0 placing token on slot 5
[2022-12-14 20:10:46] [SEVERE ] Key 76 was pressed by player 1
[2022-12-14 20:10:46] [SEVERE ] player 1 placing token on slot 6
[2022-12-14 20:10:46] [SEVERE ] Key 59 was pressed by player 1
[2022-12-14 20:10:46] [SEVERE ] player 1 placing token on slot 7
[2022-12-14 20:10:47] [SEVERE ] Key 73 was pressed by player 1
[2022-12-14 20:10:47] [SEVERE ] player 1 placing token on slot 1
[2022-12-14 20:10:47] [SEVERE ] setting player 1 freeze to 3000
[2022-12-14 20:10:48] [SEVERE ] setting player 1 freeze to 2034
[2022-12-14 20:10:49] [SEVERE ] setting player 1 freeze to 1080
[2022-12-14 20:10:50] [SEVERE ] setting player 1 freeze to 121
[2022-12-14 20:10:51] [SEVERE ] setting player 1 freeze to 0
[2022-12-14 20:10:51] [SEVERE ] removing player 0 token from slot 5
[2022-12-14 20:10:51] [SEVERE ] removing player 1 token from slot 6
[2022-12-14 20:10:51] [SEVERE ] removing player 1 token from slot 7
[2022-12-14 20:10:51] [SEVERE ] removing player 1 token from slot 1
[2022-12-14 20:10:51] [SEVERE ] removing card from slot 0
[2022-12-14 20:10:51] [SEVERE ] removing card from slot 1
[2022-12-14 20:10:51] [SEVERE ] removing card from slot 2
[2022-12-14 20:10:52] [SEVERE ] removing card from slot 3
[2022-12-14 20:10:52] [SEVERE ] removing card from slot 4
[2022-12-14 20:10:52] [SEVERE ] removing card from slot 5
[2022-12-14 20:10:52] [SEVERE ] removing card from slot 6
[2022-12-14 20:10:52] [SEVERE ] removing card from slot 7
[2022-12-14 20:10:52] [SEVERE ] removing card from slot 8
[2022-12-14 20:10:52] [SEVERE ] removing card from slot 9
[2022-12-14 20:10:52] [SEVERE ] removing card from slot 10
[2022-12-14 20:10:52] [SEVERE ] removing card from slot 11
[2022-12-14 20:10:53] [SEVERE ] placing card 61 in slot 0
[2022-12-14 20:10:53] [SEVERE ] placing card 35 in slot 1
[2022-12-14 20:10:53] [SEVERE ] placing card 43 in slot 2
[2022-12-14 20:10:53] [SEVERE ] placing card 55 in slot 3
[2022-12-14 20:10:53] [SEVERE ] placing card 8 in slot 4
[2022-12-14 20:10:53] [SEVERE ] placing card 32 in slot 5
[2022-12-14 20:10:53] [SEVERE ] placing card 6 in slot 6
[2022-12-14 20:10:53] [SEVERE ] placing card 47 in slot 7
[2022-12-14 20:10:53] [SEVERE ] placing card 49 in slot 8
[2022-12-14 20:10:54] [SEVERE ] placing card 66 in slot 9
[2022-12-14 20:10:54] [SEVERE ] placing card 40 in slot 10
[2022-12-14 20:10:54] [SEVERE ] placing card 75 in slot 11
[2022-12-14 20:10:54] [SEVERE ] Key 80 was pressed by player 1
[2022-12-14 20:10:54] [SEVERE ] Key 76 was pressed by player 1
[2022-12-14 20:10:55] [SEVERE ] Key 75 was pressed by player 1
[2022-12-14 20:10:55] [SEVERE ] Key 79 was pressed by player 1
[2022-12-14 20:10:55] [INFO   ] Only 3 action in a time
[2022-12-14 20:10:56] [SEVERE ] Key 75 was pressed by player 1
[2022-12-14 20:10:56] [INFO   ] Only 3 action in a time
[2022-12-14 20:10:56] [SEVERE ] Key 75 was pressed by player 1
[2022-12-14 20:10:56] [INFO   ] Only 3 action in a time
[2022-12-14 20:10:56] [SEVERE ] Key 75 was pressed by player 1
[2022-12-14 20:10:56] [INFO   ] Only 3 action in a time
[2022-12-14 20:10:57] [SEVERE ] Key 75 was pressed by player 1
[2022-12-14 20:10:57] [INFO   ] Only 3 action in a time
[2022-12-14 20:10:57] [SEVERE ] Key 75 was pressed by player 1
[2022-12-14 20:10:57] [INFO   ] Only 3 action in a time
[2022-12-14 20:10:59] [SEVERE ] removing card from slot 0
[2022-12-14 20:10:59] [SEVERE ] removing card from slot 1
[2022-12-14 20:10:59] [SEVERE ] removing card from slot 2
[2022-12-14 20:10:59] [SEVERE ] removing card from slot 3
[2022-12-14 20:10:59] [SEVERE ] removing card from slot 4
[2022-12-14 20:10:59] [SEVERE ] removing card from slot 5
[2022-12-14 20:11:00] [SEVERE ] removing card from slot 6
[2022-12-14 20:11:00] [SEVERE ] removing card from slot 7
[2022-12-14 20:11:00] [SEVERE ] removing card from slot 8
[2022-12-14 20:11:00] [SEVERE ] removing card from slot 9
[2022-12-14 20:11:00] [SEVERE ] removing card from slot 10
[2022-12-14 20:11:00] [SEVERE ] removing card from slot 11
[2022-12-14 20:11:00] [SEVERE ] placing card 34 in slot 0
[2022-12-14 20:11:00] [SEVERE ] placing card 38 in slot 1
[2022-12-14 20:11:00] [SEVERE ] placing card 1 in slot 2
[2022-12-14 20:11:01] [SEVERE ] placing card 14 in slot 3
[2022-12-14 20:11:01] [SEVERE ] placing card 47 in slot 4
[2022-12-14 20:11:01] [SEVERE ] placing card 28 in slot 5
[2022-12-14 20:11:01] [SEVERE ] placing card 26 in slot 6
[2022-12-14 20:11:01] [SEVERE ] Key 80 was pressed by player 1
[2022-12-14 20:11:01] [INFO   ] Only 3 action in a time
[2022-12-14 20:11:01] [SEVERE ] placing card 58 in slot 7
[2022-12-14 20:11:01] [SEVERE ] placing card 69 in slot 8
[2022-12-14 20:11:01] [SEVERE ] placing card 33 in slot 9
[2022-12-14 20:11:01] [SEVERE ] Key 79 was pressed by player 1
[2022-12-14 20:11:01] [INFO   ] Only 3 action in a time
[2022-12-14 20:11:01] [SEVERE ] placing card 24 in slot 10
[2022-12-14 20:11:01] [SEVERE ] placing card 44 in slot 11
[2022-12-14 20:11:01] [SEVERE ] Key 79 was pressed by player 1
[2022-12-14 20:11:01] [INFO   ] Only 3 action in a time
[2022-12-14 20:11:02] [SEVERE ] Key 77 was pressed by player 1
[2022-12-14 20:11:02] [INFO   ] Only 3 action in a time
[2022-12-14 20:11:02] [SEVERE ] Key 44 was pressed by player 1
[2022-12-14 20:11:02] [INFO   ] Only 3 action in a time
[2022-12-14 20:11:03] [SEVERE ] Key 74 was pressed by player 1
[2022-12-14 20:11:03] [INFO   ] Only 3 action in a time
[2022-12-14 20:11:03] [SEVERE ] Key 75 was pressed by player 1
[2022-12-14 20:11:03] [INFO   ] Only 3 action in a time
[2022-12-14 20:11:03] [SEVERE ] Key 70 was pressed by player 0
[2022-12-14 20:11:03] [SEVERE ] player 0 placing token on slot 7
[2022-12-14 20:11:03] [SEVERE ] Key 76 was pressed by player 1
[2022-12-14 20:11:03] [INFO   ] Only 3 action in a time
[2022-12-14 20:11:04] [SEVERE ] Key 70 was pressed by player 0
[2022-12-14 20:11:04] [SEVERE ] removing player 0 token from slot 7
[2022-12-14 20:11:04] [SEVERE ] Key 73 was pressed by player 1
[2022-12-14 20:11:04] [INFO   ] Only 3 action in a time
[2022-12-14 20:11:05] [SEVERE ] Key 76 was pressed by player 1
[2022-12-14 20:11:05] [INFO   ] Only 3 action in a time
[2022-12-14 20:11:05] [SEVERE ] Key 80 was pressed by player 1
[2022-12-14 20:11:05] [INFO   ] Only 3 action in a time
[2022-12-14 20:11:06] [SEVERE ] Key 75 was pressed by player 1
[2022-12-14 20:11:06] [INFO   ] Only 3 action in a time
[2022-12-14 20:11:06] [SEVERE ] Key 74 was pressed by player 1
[2022-12-14 20:11:06] [INFO   ] Only 3 action in a time
[2022-12-14 20:11:06] [SEVERE ] Key 75 was pressed by player 1
[2022-12-14 20:11:06] [INFO   ] Only 3 action in a time
[2022-12-14 20:11:06] [SEVERE ] Key 77 was pressed by player 1
[2022-12-14 20:11:06] [INFO   ] Only 3 action in a time
[2022-12-14 20:11:07] [SEVERE ] removing card from slot 0
[2022-12-14 20:11:07] [SEVERE ] removing card from slot 1
[2022-12-14 20:11:07] [SEVERE ] removing card from slot 2
[2022-12-14 20:11:07] [SEVERE ] Key 73 was pressed by player 1
[2022-12-14 20:11:07] [INFO   ] Only 3 action in a time
[2022-12-14 20:11:07] [SEVERE ] removing card from slot 3
[2022-12-14 20:11:07] [SEVERE ] removing card from slot 4
[2022-12-14 20:11:07] [SEVERE ] removing card from slot 5
[2022-12-14 20:11:07] [SEVERE ] removing card from slot 6
[2022-12-14 20:11:07] [SEVERE ] removing card from slot 7
[2022-12-14 20:11:07] [SEVERE ] removing card from slot 8
[2022-12-14 20:11:08] [SEVERE ] removing card from slot 9
[2022-12-14 20:11:08] [SEVERE ] removing card from slot 10
[2022-12-14 20:11:08] [SEVERE ] removing card from slot 11
[2022-12-14 20:11:08] [SEVERE ] placing card 72 in slot 0
[2022-12-14 20:11:08] [SEVERE ] placing card 4 in slot 1
[2022-12-14 20:11:08] [SEVERE ] placing card 15 in slot 2
[2022-12-14 20:11:08] [SEVERE ] placing card 6 in slot 3
[2022-12-14 20:11:08] [SEVERE ] placing card 28 in slot 4
[2022-12-14 20:11:08] [SEVERE ] placing card 12 in slot 5
[2022-12-14 20:11:09] [SEVERE ] placing card 73 in slot 6
[2022-12-14 20:11:09] [SEVERE ] placing card 19 in slot 7
[2022-12-14 20:11:09] [SEVERE ] placing card 57 in slot 8
[2022-12-14 20:11:09] [SEVERE ] placing card 61 in slot 9
[2022-12-14 20:11:09] [SEVERE ] placing card 47 in slot 10
[2022-12-14 20:11:09] [SEVERE ] placing card 7 in slot 11
[2022-12-14 20:11:10] [SEVERE ] Key 80 was pressed by player 1
[2022-12-14 20:11:10] [INFO   ] Only 3 action in a time
[2022-12-14 20:11:10] [SEVERE ] Key 76 was pressed by player 1
[2022-12-14 20:11:10] [INFO   ] Only 3 action in a time
[2022-12-14 20:11:10] [SEVERE ] Key 76 was pressed by player 1
[2022-12-14 20:11:10] [INFO   ] Only 3 action in a time
[2022-12-14 20:11:10] [SEVERE ] Key 76 was pressed by player 1
[2022-12-14 20:11:10] [INFO   ] Only 3 action in a time
[2022-12-14 20:11:11] [SEVERE ] Key 80 was pressed by player 1
[2022-12-14 20:11:11] [INFO   ] Only 3 action in a time
[2022-12-14 20:11:11] [SEVERE ] Key 75 was pressed by player 1
[2022-12-14 20:11:11] [INFO   ] Only 3 action in a time
[2022-12-14 20:11:12] [SEVERE ] Key 77 was pressed by player 1
[2022-12-14 20:11:12] [INFO   ] Only 3 action in a time
[2022-12-14 20:11:12] [SEVERE ] Key 77 was pressed by player 1
[2022-12-14 20:11:12] [INFO   ] Only 3 action in a time
[2022-12-14 20:11:13] [SEVERE ] Key 65 was pressed by player 0
[2022-12-14 20:11:13] [SEVERE ] player 0 placing token on slot 4
[2022-12-14 20:11:13] [SEVERE ] Key 65 was pressed by player 0
[2022-12-14 20:11:13] [SEVERE ] removing player 0 token from slot 4
[2022-12-14 20:11:13] [SEVERE ] Key 83 was pressed by player 0
[2022-12-14 20:11:13] [SEVERE ] player 0 placing token on slot 5
[2022-12-14 20:11:14] [SEVERE ] Key 87 was pressed by player 0
[2022-12-14 20:11:14] [SEVERE ] player 0 placing token on slot 1
[2022-12-14 20:11:14] [SEVERE ] removing player 0 token from slot 5
[2022-12-14 20:11:14] [SEVERE ] removing player 0 token from slot 1
[2022-12-14 20:11:14] [SEVERE ] Key 65 was pressed by player 0
[2022-12-14 20:11:14] [SEVERE ] player 0 placing token on slot 4
[2022-12-14 20:11:14] [SEVERE ] removing card from slot 0
[2022-12-14 20:11:14] [SEVERE ] removing card from slot 1
[2022-12-14 20:11:14] [SEVERE ] removing card from slot 2
[2022-12-14 20:11:15] [SEVERE ] removing card from slot 3
[2022-12-14 20:11:15] [SEVERE ] removing card from slot 4
[2022-12-14 20:11:15] [SEVERE ] removing card from slot 5
[2022-12-14 20:11:15] [SEVERE ] removing card from slot 6
[2022-12-14 20:11:15] [SEVERE ] removing card from slot 7
[2022-12-14 20:11:15] [SEVERE ] removing card from slot 8
[2022-12-14 20:11:15] [SEVERE ] removing card from slot 9
[2022-12-14 20:11:15] [SEVERE ] removing card from slot 10
[2022-12-14 20:11:15] [SEVERE ] removing card from slot 11
[2022-12-14 20:11:16] [SEVERE ] placing card 65 in slot 0
[2022-12-14 20:11:16] [SEVERE ] placing card 19 in slot 1
[2022-12-14 20:11:16] [SEVERE ] placing card 66 in slot 2
[2022-12-14 20:11:16] [SEVERE ] placing card 57 in slot 3
[2022-12-14 20:11:16] [SEVERE ] placing card 63 in slot 4
[2022-12-14 20:11:16] [SEVERE ] placing card 49 in slot 5
[2022-12-14 20:11:16] [SEVERE ] placing card 28 in slot 6
[2022-12-14 20:11:16] [SEVERE ] placing card 4 in slot 7
[2022-12-14 20:11:16] [SEVERE ] placing card 22 in slot 8
[2022-12-14 20:11:17] [SEVERE ] placing card 59 in slot 9
[2022-12-14 20:11:17] [SEVERE ] placing card 73 in slot 10
[2022-12-14 20:11:17] [SEVERE ] placing card 5 in slot 11
[2022-12-14 20:11:18] [SEVERE ] Key 87 was pressed by player 0
[2022-12-14 20:11:18] [SEVERE ] player 0 placing token on slot 1
[2022-12-14 20:11:19] [SEVERE ] Key 68 was pressed by player 0
[2022-12-14 20:11:19] [SEVERE ] player 0 placing token on slot 6
[2022-12-14 20:11:19] [SEVERE ] setting player 0 freeze to 3000
[2022-12-14 20:11:20] [SEVERE ] setting player 0 freeze to 2043
[2022-12-14 20:11:20] [SEVERE ] setting player 0 freeze to 1083
[2022-12-14 20:11:21] [SEVERE ] setting player 0 freeze to 129
[2022-12-14 20:11:22] [SEVERE ] setting player 0 freeze to 0
[2022-12-14 20:11:22] [SEVERE ] removing player 0 token from slot 4
[2022-12-14 20:11:22] [SEVERE ] removing player 0 token from slot 1
[2022-12-14 20:11:22] [SEVERE ] removing player 0 token from slot 6
[2022-12-14 20:11:22] [SEVERE ] removing card from slot 0
[2022-12-14 20:11:23] [SEVERE ] removing card from slot 1
[2022-12-14 20:11:23] [SEVERE ] removing card from slot 2
[2022-12-14 20:11:23] [SEVERE ] removing card from slot 3
[2022-12-14 20:11:23] [SEVERE ] removing card from slot 4
[2022-12-14 20:11:23] [SEVERE ] removing card from slot 5
[2022-12-14 20:11:23] [SEVERE ] removing card from slot 6
[2022-12-14 20:11:23] [SEVERE ] removing card from slot 7
[2022-12-14 20:11:23] [SEVERE ] removing card from slot 8
[2022-12-14 20:11:23] [SEVERE ] removing card from slot 9
[2022-12-14 20:11:24] [SEVERE ] removing card from slot 10
[2022-12-14 20:11:24] [SEVERE ] removing card from slot 11
[2022-12-14 20:11:24] [SEVERE ] placing card 21 in slot 0
[2022-12-14 20:11:24] [SEVERE ] placing card 49 in slot 1
[2022-12-14 20:11:24] [SEVERE ] placing card 35 in slot 2
[2022-12-14 20:11:24] [SEVERE ] placing card 74 in slot 3
[2022-12-14 20:11:24] [SEVERE ] placing card 67 in slot 4
[2022-12-14 20:11:24] [SEVERE ] placing card 20 in slot 5
[2022-12-14 20:11:24] [SEVERE ] placing card 25 in slot 6
[2022-12-14 20:11:25] [SEVERE ] placing card 32 in slot 7
[2022-12-14 20:11:25] [SEVERE ] placing card 0 in slot 8
[2022-12-14 20:11:25] [SEVERE ] placing card 11 in slot 9
[2022-12-14 20:11:25] [SEVERE ] placing card 47 in slot 10
[2022-12-14 20:11:25] [SEVERE ] placing card 57 in slot 11
[2022-12-14 20:11:25] [SEVERE ] Key 76 was pressed by player 1
[2022-12-14 20:11:25] [INFO   ] Only 3 action in a time
[2022-12-14 20:11:26] [SEVERE ] Key 75 was pressed by player 1
[2022-12-14 20:11:26] [INFO   ] Only 3 action in a time
[2022-12-14 20:11:26] [SEVERE ] Key 73 was pressed by player 1
[2022-12-14 20:11:26] [INFO   ] Only 3 action in a time
[2022-12-14 20:11:27] [SEVERE ] Key 75 was pressed by player 1
[2022-12-14 20:11:27] [INFO   ] Only 3 action in a time
[2022-12-14 20:11:27] [SEVERE ] Key 75 was pressed by player 1
[2022-12-14 20:11:27] [INFO   ] Only 3 action in a time
[2022-12-14 20:11:28] [SEVERE ] Key 80 was pressed by player 1
[2022-12-14 20:11:28] [INFO   ] Only 3 action in a time
[2022-12-14 20:11:28] [SEVERE ] Key 80 was pressed by player 1
[2022-12-14 20:11:28] [INFO   ] Only 3 action in a time
[2022-12-14 20:11:28] [SEVERE ] Key 76 was pressed by player 1
[2022-12-14 20:11:28] [INFO   ] Only 3 action in a time
[2022-12-14 20:11:28] [SEVERE ] Key 77 was pressed by player 1
[2022-12-14 20:11:28] [INFO   ] Only 3 action in a time
[2022-12-14 20:11:28] [SEVERE ] Key 77 was pressed by player 1
[2022-12-14 20:11:28] [INFO   ] Only 3 action in a time
[2022-12-14 20:11:30] [SEVERE ] removing card from slot 0
[2022-12-14 20:11:30] [SEVERE ] removing card from slot 1
[2022-12-14 20:11:30] [SEVERE ] removing card from slot 2
[2022-12-14 20:11:30] [SEVERE ] removing card from slot 3
[2022-12-14 20:11:31] [SEVERE ] removing card from slot 4
[2022-12-14 20:11:31] [SEVERE ] removing card from slot 5
[2022-12-14 20:11:31] [SEVERE ] removing card from slot 6
