[2022-12-14 15:14:54] [INFO   ] cannot read configuration file config.properties trying from resources.
[2022-12-14 15:14:54] [INFO   ] configuration file was loaded from resources directory.
[2022-12-14 15:14:55] [INFO   ] Thread dealer starting.
[2022-12-14 15:14:55] [INFO   ] Thread 1starting.
[2022-12-14 15:14:55] [INFO   ] Thread 0starting.
[2022-12-14 15:14:55] [SEVERE ] placing card 40 in slot 0
[2022-12-14 15:14:55] [SEVERE ] placing card 6 in slot 1
[2022-12-14 15:14:55] [SEVERE ] placing card 68 in slot 2
[2022-12-14 15:14:55] [SEVERE ] placing card 69 in slot 3
[2022-12-14 15:14:55] [SEVERE ] placing card 19 in slot 4
[2022-12-14 15:14:55] [SEVERE ] placing card 65 in slot 5
[2022-12-14 15:14:55] [SEVERE ] placing card 49 in slot 6
[2022-12-14 15:14:55] [SEVERE ] placing card 42 in slot 7
[2022-12-14 15:14:56] [SEVERE ] placing card 7 in slot 8
[2022-12-14 15:14:56] [SEVERE ] placing card 73 in slot 9
[2022-12-14 15:14:56] [SEVERE ] placing card 74 in slot 10
[2022-12-14 15:14:56] [SEVERE ] placing card 33 in slot 11
[2022-12-14 15:15:01] [SEVERE ] Key 80 was pressed by player 1
[2022-12-14 15:15:01] [SEVERE ] player 1 placing token on slot 3
[2022-12-14 15:15:02] [SEVERE ] Key 79 was pressed by player 1
[2022-12-14 15:15:02] [SEVERE ] player 1 placing token on slot 2
[2022-12-14 15:15:02] [SEVERE ] Key 73 was pressed by player 1
[2022-12-14 15:15:02] [SEVERE ] player 1 placing token on slot 1
[2022-12-14 15:15:05] [SEVERE ] setting player 1 freeze to 3000
[2022-12-14 15:15:13] [SEVERE ] Key 80 was pressed by player 1
[2022-12-14 15:15:13] [SEVERE ] removing player 1 token from slot 3
[2022-12-14 15:15:13] [SEVERE ] Key 79 was pressed by player 1
[2022-12-14 15:15:13] [SEVERE ] removing player 1 token from slot 2
[2022-12-14 15:15:14] [SEVERE ] Key 73 was pressed by player 1
[2022-12-14 15:15:14] [SEVERE ] removing player 1 token from slot 1
