[2022-12-14 15:06:09] [INFO   ] cannot read configuration file config.properties trying from resources.
[2022-12-14 15:06:09] [INFO   ] configuration file was loaded from resources directory.
[2022-12-14 15:06:10] [INFO   ] Thread dealer starting.
[2022-12-14 15:06:10] [INFO   ] Thread 1starting.
[2022-12-14 15:06:10] [INFO   ] Thread 0starting.
[2022-12-14 15:06:10] [SEVERE ] placing card 5 in slot 0
[2022-12-14 15:06:10] [SEVERE ] placing card 11 in slot 1
[2022-12-14 15:06:10] [SEVERE ] placing card 65 in slot 2
[2022-12-14 15:06:10] [SEVERE ] placing card 33 in slot 3
[2022-12-14 15:06:11] [SEVERE ] placing card 60 in slot 4
[2022-12-14 15:06:11] [SEVERE ] placing card 17 in slot 5
[2022-12-14 15:06:11] [SEVERE ] placing card 8 in slot 6
[2022-12-14 15:06:11] [SEVERE ] placing card 57 in slot 7
[2022-12-14 15:06:11] [SEVERE ] placing card 69 in slot 8
[2022-12-14 15:06:11] [SEVERE ] placing card 22 in slot 9
[2022-12-14 15:06:11] [SEVERE ] placing card 72 in slot 10
[2022-12-14 15:06:11] [SEVERE ] placing card 28 in slot 11
[2022-12-14 15:06:13] [SEVERE ] Key 80 was pressed by player 1
[2022-12-14 15:06:13] [SEVERE ] player 1 placing token on slot 3
[2022-12-14 15:06:14] [SEVERE ] Key 76 was pressed by player 1
[2022-12-14 15:06:14] [SEVERE ] player 1 placing token on slot 6
[2022-12-14 15:06:14] [SEVERE ] Key 75 was pressed by player 1
[2022-12-14 15:06:14] [SEVERE ] player 1 placing token on slot 5
[2022-12-14 15:06:15] [SEVERE ] Key 75 was pressed by player 1
[2022-12-14 15:06:15] [SEVERE ] Key 75 was pressed by player 1
[2022-12-14 15:06:16] [SEVERE ] Key 80 was pressed by player 1
[2022-12-14 15:06:17] [SEVERE ] Key 75 was pressed by player 1
[2022-12-14 15:06:17] [INFO   ] Only 3 action in a time
[2022-12-14 15:06:17] [SEVERE ] Key 73 was pressed by player 1
[2022-12-14 15:06:17] [INFO   ] Only 3 action in a time
[2022-12-14 15:06:17] [SEVERE ] removing player 1 token from slot 5
[2022-12-14 15:06:17] [SEVERE ] player 1 placing token on slot 5
[2022-12-14 15:06:17] [SEVERE ] Key 75 was pressed by player 1
[2022-12-14 15:06:18] [SEVERE ] Key 74 was pressed by player 1
[2022-12-14 15:06:18] [SEVERE ] Key 74 was pressed by player 1
[2022-12-14 15:06:18] [INFO   ] Only 3 action in a time
[2022-12-14 15:06:20] [SEVERE ] Key 75 was pressed by player 1
[2022-12-14 15:06:20] [INFO   ] Only 3 action in a time
[2022-12-14 15:06:20] [SEVERE ] removing player 1 token from slot 3
[2022-12-14 15:06:20] [SEVERE ] removing player 1 token from slot 5
[2022-12-14 15:06:20] [SEVERE ] player 1 placing token on slot 4
[2022-12-14 15:06:21] [SEVERE ] Key 75 was pressed by player 1
[2022-12-14 15:06:21] [SEVERE ] player 1 placing token on slot 5
[2022-12-14 15:06:21] [SEVERE ] Key 74 was pressed by player 1
[2022-12-14 15:06:22] [SEVERE ] Key 74 was pressed by player 1
[2022-12-14 15:06:23] [SEVERE ] Key 74 was pressed by player 1
[2022-12-14 15:06:24] [SEVERE ] removing player 1 token from slot 4
[2022-12-14 15:06:24] [SEVERE ] player 1 placing token on slot 4
[2022-12-14 15:06:24] [SEVERE ] removing player 1 token from slot 4
[2022-12-14 15:06:24] [SEVERE ] Key 75 was pressed by player 1
[2022-12-14 15:06:24] [SEVERE ] removing player 1 token from slot 5
[2022-12-14 15:06:25] [SEVERE ] Key 76 was pressed by player 1
[2022-12-14 15:06:25] [SEVERE ] removing player 1 token from slot 6
[2022-12-14 15:06:28] [SEVERE ] Key 76 was pressed by player 1
[2022-12-14 15:06:28] [SEVERE ] player 1 placing token on slot 6
[2022-12-14 15:06:28] [SEVERE ] Key 75 was pressed by player 1
[2022-12-14 15:06:28] [SEVERE ] player 1 placing token on slot 5
[2022-12-14 15:06:29] [SEVERE ] Key 74 was pressed by player 1
[2022-12-14 15:06:29] [SEVERE ] player 1 placing token on slot 4
[2022-12-14 15:06:30] [SEVERE ] Key 76 was pressed by player 1
[2022-12-14 15:06:31] [SEVERE ] Key 75 was pressed by player 1
[2022-12-14 15:06:31] [SEVERE ] Key 74 was pressed by player 1
[2022-12-14 15:06:32] [SEVERE ] removing player 1 token from slot 6
[2022-12-14 15:06:32] [SEVERE ] removing player 1 token from slot 5
[2022-12-14 15:06:32] [SEVERE ] removing player 1 token from slot 4
[2022-12-14 15:06:38] [SEVERE ] Key 75 was pressed by player 1
[2022-12-14 15:06:38] [SEVERE ] player 1 placing token on slot 5
[2022-12-14 15:06:38] [SEVERE ] Key 74 was pressed by player 1
[2022-12-14 15:06:38] [SEVERE ] player 1 placing token on slot 4
[2022-12-14 15:06:39] [SEVERE ] Key 85 was pressed by player 1
[2022-12-14 15:06:39] [SEVERE ] player 1 placing token on slot 0
[2022-12-14 15:06:40] [SEVERE ] Key 77 was pressed by player 1
[2022-12-14 15:06:41] [SEVERE ] Key 44 was pressed by player 1
[2022-12-14 15:06:41] [SEVERE ] Key 77 was pressed by player 1
[2022-12-14 15:06:42] [SEVERE ] Key 44 was pressed by player 1
[2022-12-14 15:06:43] [SEVERE ] Key 85 was pressed by player 1
[2022-12-14 15:06:43] [SEVERE ] removing player 1 token from slot 0
[2022-12-14 15:06:44] [SEVERE ] Key 74 was pressed by player 1
[2022-12-14 15:06:44] [SEVERE ] removing player 1 token from slot 4
[2022-12-14 15:06:45] [SEVERE ] Key 75 was pressed by player 1
[2022-12-14 15:06:45] [SEVERE ] removing player 1 token from slot 5
[2022-12-14 15:06:46] [SEVERE ] Key 75 was pressed by player 1
[2022-12-14 15:06:46] [SEVERE ] player 1 placing token on slot 5
[2022-12-14 15:06:47] [SEVERE ] Key 74 was pressed by player 1
[2022-12-14 15:06:47] [SEVERE ] player 1 placing token on slot 4
[2022-12-14 15:06:47] [SEVERE ] Key 85 was pressed by player 1
[2022-12-14 15:06:47] [SEVERE ] player 1 placing token on slot 0
[2022-12-14 15:06:48] [SEVERE ] Key 75 was pressed by player 1
[2022-12-14 15:06:48] [SEVERE ] Key 74 was pressed by player 1
[2022-12-14 15:06:49] [SEVERE ] Key 85 was pressed by player 1
[2022-12-14 15:06:50] [SEVERE ] Key 85 was pressed by player 1
[2022-12-14 15:06:50] [INFO   ] Only 3 action in a time
[2022-12-14 15:06:50] [SEVERE ] removing player 1 token from slot 5
[2022-12-14 15:06:50] [SEVERE ] removing player 1 token from slot 4
[2022-12-14 15:06:50] [SEVERE ] removing player 1 token from slot 0
[2022-12-14 15:06:50] [SEVERE ] Key 79 was pressed by player 1
[2022-12-14 15:06:50] [SEVERE ] player 1 placing token on slot 2
[2022-12-14 15:06:52] [SEVERE ] Key 79 was pressed by player 1
[2022-12-14 15:06:52] [SEVERE ] removing player 1 token from slot 2
[2022-12-14 15:06:55] [SEVERE ] Key 85 was pressed by player 1
[2022-12-14 15:06:55] [SEVERE ] player 1 placing token on slot 0
[2022-12-14 15:06:55] [SEVERE ] Key 73 was pressed by player 1
[2022-12-14 15:06:55] [SEVERE ] player 1 placing token on slot 1
[2022-12-14 15:06:56] [SEVERE ] Key 79 was pressed by player 1
[2022-12-14 15:06:56] [SEVERE ] player 1 placing token on slot 2
[2022-12-14 15:06:57] [SEVERE ] Key 79 was pressed by player 1
[2022-12-14 15:06:57] [SEVERE ] Key 79 was pressed by player 1
[2022-12-14 15:06:58] [SEVERE ] Key 73 was pressed by player 1
[2022-12-14 15:06:58] [SEVERE ] Key 85 was pressed by player 1
[2022-12-14 15:06:58] [INFO   ] Only 3 action in a time
[2022-12-14 15:06:59] [SEVERE ] Key 85 was pressed by player 1
[2022-12-14 15:06:59] [INFO   ] Only 3 action in a time
[2022-12-14 15:06:59] [SEVERE ] removing player 1 token from slot 2
[2022-12-14 15:06:59] [SEVERE ] player 1 placing token on slot 2
[2022-12-14 15:07:01] [SEVERE ] Key 73 was pressed by player 1
[2022-12-14 15:07:01] [SEVERE ] Key 73 was pressed by player 1
[2022-12-14 15:07:02] [SEVERE ] Key 85 was pressed by player 1
[2022-12-14 15:07:02] [INFO   ] Only 3 action in a time
[2022-12-14 15:07:02] [SEVERE ] Key 85 was pressed by player 1
[2022-12-14 15:07:02] [INFO   ] Only 3 action in a time
[2022-12-14 15:07:02] [SEVERE ] removing player 1 token from slot 1
[2022-12-14 15:07:02] [SEVERE ] player 1 placing token on slot 1
[2022-12-14 15:07:02] [SEVERE ] removing player 1 token from slot 1
[2022-12-14 15:07:02] [SEVERE ] Key 73 was pressed by player 1
[2022-12-14 15:07:02] [SEVERE ] player 1 placing token on slot 1
[2022-12-14 15:07:03] [SEVERE ] Key 85 was pressed by player 1
[2022-12-14 15:07:03] [SEVERE ] removing player 1 token from slot 0
[2022-12-14 15:07:03] [SEVERE ] Key 73 was pressed by player 1
[2022-12-14 15:07:03] [SEVERE ] removing player 1 token from slot 1
[2022-12-14 15:07:03] [SEVERE ] Key 79 was pressed by player 1
[2022-12-14 15:07:03] [SEVERE ] removing player 1 token from slot 2
[2022-12-14 15:07:05] [SEVERE ] Key 80 was pressed by player 1
[2022-12-14 15:07:05] [SEVERE ] player 1 placing token on slot 3
[2022-12-14 15:07:06] [SEVERE ] Key 79 was pressed by player 1
[2022-12-14 15:07:06] [SEVERE ] player 1 placing token on slot 2
[2022-12-14 15:07:06] [SEVERE ] Key 73 was pressed by player 1
[2022-12-14 15:07:06] [SEVERE ] player 1 placing token on slot 1
[2022-12-14 15:07:06] [SEVERE ] Key 80 was pressed by player 1
[2022-12-14 15:07:09] [SEVERE ] removing player 1 token from slot 3
[2022-12-14 15:07:11] [SEVERE ] removing card from slot 0
[2022-12-14 15:07:12] [SEVERE ] removing card from slot 1
[2022-12-14 15:07:12] [SEVERE ] removing card from slot 2
[2022-12-14 15:07:12] [SEVERE ] removing card from slot 3
[2022-12-14 15:07:12] [SEVERE ] removing card from slot 4
[2022-12-14 15:07:12] [SEVERE ] removing card from slot 5
[2022-12-14 15:07:12] [SEVERE ] removing card from slot 6
[2022-12-14 15:07:12] [SEVERE ] removing card from slot 7
[2022-12-14 15:07:12] [SEVERE ] removing card from slot 8
[2022-12-14 15:07:12] [SEVERE ] removing card from slot 9
[2022-12-14 15:07:13] [SEVERE ] removing card from slot 10
[2022-12-14 15:07:13] [SEVERE ] removing card from slot 11
[2022-12-14 15:07:13] [SEVERE ] placing card 39 in slot 0
[2022-12-14 15:07:13] [SEVERE ] placing card 71 in slot 1
[2022-12-14 15:07:13] [SEVERE ] placing card 58 in slot 2
[2022-12-14 15:07:13] [SEVERE ] placing card 14 in slot 3
[2022-12-14 15:07:13] [SEVERE ] placing card 75 in slot 4
[2022-12-14 15:07:13] [SEVERE ] placing card 8 in slot 5
[2022-12-14 15:07:13] [SEVERE ] placing card 5 in slot 6
[2022-12-14 15:07:14] [SEVERE ] placing card 59 in slot 7
[2022-12-14 15:07:14] [SEVERE ] placing card 41 in slot 8
[2022-12-14 15:07:14] [SEVERE ] placing card 36 in slot 9
[2022-12-14 15:07:14] [SEVERE ] placing card 19 in slot 10
[2022-12-14 15:07:14] [SEVERE ] placing card 63 in slot 11
[2022-12-14 15:07:15] [SEVERE ] Key 73 was pressed by player 1
[2022-12-14 15:07:15] [SEVERE ] removing player 1 token from slot 1
[2022-12-14 15:07:16] [SEVERE ] Key 73 was pressed by player 1
[2022-12-14 15:07:16] [SEVERE ] player 1 placing token on slot 1
[2022-12-14 15:07:16] [SEVERE ] Key 73 was pressed by player 1
[2022-12-14 15:07:16] [SEVERE ] removing player 1 token from slot 1
[2022-12-14 15:07:17] [SEVERE ] Key 85 was pressed by player 1
[2022-12-14 15:07:17] [SEVERE ] player 1 placing token on slot 0
[2022-12-14 15:07:17] [SEVERE ] Key 85 was pressed by player 1
[2022-12-14 15:07:17] [SEVERE ] removing player 1 token from slot 0
[2022-12-14 15:07:18] [SEVERE ] Key 73 was pressed by player 1
[2022-12-14 15:07:18] [SEVERE ] player 1 placing token on slot 1
[2022-12-14 15:07:18] [SEVERE ] Key 79 was pressed by player 1
[2022-12-14 15:07:18] [SEVERE ] removing player 1 token from slot 2
[2022-12-14 15:07:19] [SEVERE ] Key 73 was pressed by player 1
[2022-12-14 15:07:19] [SEVERE ] removing player 1 token from slot 1
[2022-12-14 15:07:20] [SEVERE ] Key 80 was pressed by player 1
[2022-12-14 15:07:20] [SEVERE ] player 1 placing token on slot 3
[2022-12-14 15:07:20] [SEVERE ] Key 79 was pressed by player 1
[2022-12-14 15:07:20] [SEVERE ] player 1 placing token on slot 2
[2022-12-14 15:07:21] [SEVERE ] Key 73 was pressed by player 1
[2022-12-14 15:07:21] [SEVERE ] player 1 placing token on slot 1
[2022-12-14 15:07:22] [SEVERE ] Key 80 was pressed by player 1
[2022-12-14 15:07:24] [SEVERE ] removing player 1 token from slot 3
[2022-12-14 15:07:25] [SEVERE ] Key 73 was pressed by player 1
[2022-12-14 15:07:25] [SEVERE ] removing player 1 token from slot 1
[2022-12-14 15:07:26] [SEVERE ] Key 85 was pressed by player 1
[2022-12-14 15:07:26] [SEVERE ] player 1 placing token on slot 0
[2022-12-14 15:07:26] [SEVERE ] Key 79 was pressed by player 1
[2022-12-14 15:07:26] [SEVERE ] removing player 1 token from slot 2
