[2022-12-17 12:30:47] [INFO   ] cannot read configuration file config.properties trying from resources.
[2022-12-17 12:30:47] [INFO   ] configuration file was loaded from resources directory.
[2022-12-17 12:30:48] [INFO   ] Thread dealer starting.
[2022-12-17 12:30:48] [INFO   ] Thread 1starting.
[2022-12-17 12:30:48] [INFO   ] Thread 0starting.
[2022-12-17 12:30:48] [SEVERE ] placing card 24 in slot 0
[2022-12-17 12:30:48] [SEVERE ] placing card 44 in slot 1
[2022-12-17 12:30:48] [SEVERE ] placing card 12 in slot 2
[2022-12-17 12:30:48] [SEVERE ] placing card 2 in slot 3
[2022-12-17 12:30:48] [SEVERE ] placing card 14 in slot 4
[2022-12-17 12:30:48] [SEVERE ] placing card 43 in slot 5
[2022-12-17 12:30:49] [SEVERE ] placing card 59 in slot 6
[2022-12-17 12:30:49] [SEVERE ] placing card 3 in slot 7
[2022-12-17 12:30:49] [SEVERE ] placing card 0 in slot 8
[2022-12-17 12:30:49] [SEVERE ] placing card 25 in slot 9
[2022-12-17 12:30:49] [SEVERE ] placing card 6 in slot 10
[2022-12-17 12:30:49] [SEVERE ] placing card 40 in slot 11
[2022-12-17 12:30:55] [SEVERE ] Key 69 was pressed by player 0
[2022-12-17 12:30:55] [SEVERE ] player 0 placing token on slot 2
[2022-12-17 12:30:55] [SEVERE ] Key 82 was pressed by player 0
[2022-12-17 12:30:55] [SEVERE ] player 0 placing token on slot 3
[2022-12-17 12:30:57] [SEVERE ] Key 88 was pressed by player 0
[2022-12-17 12:30:57] [SEVERE ] player 0 placing token on slot 9
[2022-12-17 12:30:57] [SEVERE ] setting player 0 score to 1
[2022-12-17 12:30:58] [SEVERE ] setting player 0 freeze to 1000
[2022-12-17 12:30:59] [SEVERE ] setting player 0 freeze to 40
[2022-12-17 12:31:00] [SEVERE ] setting player 0 freeze to 0
[2022-12-17 12:31:00] [SEVERE ] removing player 0 token from slot 2
[2022-12-17 12:31:00] [SEVERE ] removing player 0 token from slot 3
[2022-12-17 12:31:00] [SEVERE ] removing player 0 token from slot 9
[2022-12-17 12:31:00] [SEVERE ] placing card 46 in slot 2
[2022-12-17 12:31:00] [SEVERE ] placing card 67 in slot 3
[2022-12-17 12:31:00] [SEVERE ] placing card 23 in slot 9
[2022-12-17 12:31:01] [SEVERE ] Key 69 was pressed by player 0
[2022-12-17 12:31:01] [SEVERE ] player 0 placing token on slot 2
[2022-12-17 12:31:01] [SEVERE ] Key 83 was pressed by player 0
[2022-12-17 12:31:01] [SEVERE ] player 0 placing token on slot 5
[2022-12-17 12:31:02] [SEVERE ] Key 88 was pressed by player 0
[2022-12-17 12:31:02] [SEVERE ] player 0 placing token on slot 9
[2022-12-17 12:31:02] [SEVERE ] setting player 0 freeze to 3000
[2022-12-17 12:31:03] [SEVERE ] setting player 0 freeze to 2043
[2022-12-17 12:31:03] [SEVERE ] setting player 0 freeze to 1089
[2022-12-17 12:31:04] [SEVERE ] setting player 0 freeze to 129
[2022-12-17 12:31:05] [SEVERE ] setting player 0 freeze to 0
