[2022-12-17 12:21:33] [INFO   ] cannot read configuration file config.properties trying from resources.
[2022-12-17 12:21:33] [INFO   ] configuration file was loaded from resources directory.
[2022-12-17 12:21:34] [INFO   ] Thread dealer starting.
[2022-12-17 12:21:34] [INFO   ] Thread 0starting.
[2022-12-17 12:21:34] [INFO   ] Thread 1starting.
[2022-12-17 12:21:34] [SEVERE ] placing card 54 in slot 0
[2022-12-17 12:21:34] [SEVERE ] placing card 61 in slot 1
[2022-12-17 12:21:34] [SEVERE ] placing card 60 in slot 2
[2022-12-17 12:21:34] [SEVERE ] placing card 5 in slot 3
[2022-12-17 12:21:34] [SEVERE ] placing card 14 in slot 4
[2022-12-17 12:21:34] [SEVERE ] placing card 26 in slot 5
[2022-12-17 12:21:35] [SEVERE ] placing card 78 in slot 6
[2022-12-17 12:21:35] [SEVERE ] placing card 42 in slot 7
[2022-12-17 12:21:35] [SEVERE ] placing card 44 in slot 8
[2022-12-17 12:21:35] [SEVERE ] placing card 80 in slot 9
[2022-12-17 12:21:35] [SEVERE ] placing card 46 in slot 10
[2022-12-17 12:21:35] [SEVERE ] placing card 21 in slot 11
[2022-12-17 12:21:41] [SEVERE ] Key 88 was pressed by player 0
[2022-12-17 12:21:41] [SEVERE ] player 0 placing token on slot 9
[2022-12-17 12:21:42] [SEVERE ] Key 67 was pressed by player 0
[2022-12-17 12:21:42] [SEVERE ] player 0 placing token on slot 10
[2022-12-17 12:21:42] [SEVERE ] Key 86 was pressed by player 0
[2022-12-17 12:21:42] [SEVERE ] player 0 placing token on slot 11
[2022-12-17 12:21:42] [SEVERE ] setting player 0 score to 1
[2022-12-17 12:21:43] [SEVERE ] setting player 0 freeze to 1000
[2022-12-17 12:21:44] [SEVERE ] setting player 0 freeze to 38
[2022-12-17 12:21:45] [SEVERE ] setting player 0 freeze to 0
[2022-12-17 12:21:45] [SEVERE ] removing player 0 token from slot 9
[2022-12-17 12:21:45] [SEVERE ] removing player 0 token from slot 10
[2022-12-17 12:21:45] [SEVERE ] removing player 0 token from slot 11
[2022-12-17 12:21:45] [SEVERE ] placing card 69 in slot 9
[2022-12-17 12:21:46] [SEVERE ] placing card 2 in slot 10
[2022-12-17 12:21:46] [SEVERE ] placing card 49 in slot 11
[2022-12-17 12:21:51] [SEVERE ] Key 69 was pressed by player 0
[2022-12-17 12:21:51] [SEVERE ] player 0 placing token on slot 2
[2022-12-17 12:21:52] [SEVERE ] Key 68 was pressed by player 0
[2022-12-17 12:21:52] [SEVERE ] player 0 placing token on slot 6
[2022-12-17 12:21:54] [SEVERE ] Key 88 was pressed by player 0
[2022-12-17 12:21:54] [SEVERE ] player 0 placing token on slot 9
[2022-12-17 12:21:54] [SEVERE ] setting player 0 score to 3
[2022-12-17 12:21:55] [SEVERE ] setting player 0 freeze to 1000
[2022-12-17 12:21:55] [SEVERE ] setting player 0 freeze to 40
[2022-12-17 12:21:56] [SEVERE ] setting player 0 freeze to 0
[2022-12-17 12:21:56] [SEVERE ] removing player 0 token from slot 2
[2022-12-17 12:21:56] [SEVERE ] removing player 0 token from slot 6
[2022-12-17 12:21:56] [SEVERE ] removing player 0 token from slot 9
[2022-12-17 12:21:57] [SEVERE ] placing card 56 in slot 2
[2022-12-17 12:21:57] [SEVERE ] placing card 9 in slot 6
[2022-12-17 12:21:57] [SEVERE ] placing card 57 in slot 9
