[2022-12-18 10:35:38] [INFO   ] cannot read configuration file config.properties trying from resources.
[2022-12-18 10:35:38] [INFO   ] configuration file was loaded from resources directory.
[2022-12-18 10:35:39] [INFO   ] Thread dealer starting.
[2022-12-18 10:35:39] [INFO   ] Thread 0starting.
[2022-12-18 10:35:39] [SEVERE ] placing card 9 in slot 0
[2022-12-18 10:35:39] [SEVERE ] placing card 76 in slot 1
[2022-12-18 10:35:39] [SEVERE ] placing card 53 in slot 2
[2022-12-18 10:35:39] [SEVERE ] placing card 54 in slot 3
[2022-12-18 10:35:39] [SEVERE ] placing card 43 in slot 4
[2022-12-18 10:35:40] [SEVERE ] placing card 4 in slot 5
[2022-12-18 10:35:40] [SEVERE ] placing card 14 in slot 6
[2022-12-18 10:35:40] [SEVERE ] placing card 45 in slot 7
[2022-12-18 10:35:40] [SEVERE ] placing card 8 in slot 8
[2022-12-18 10:35:40] [SEVERE ] placing card 13 in slot 9
[2022-12-18 10:35:40] [SEVERE ] placing card 27 in slot 10
[2022-12-18 10:35:40] [SEVERE ] placing card 23 in slot 11
[2022-12-18 10:35:41] [SEVERE ] Key 87 was pressed by player 0
[2022-12-18 10:35:41] [SEVERE ] player 0 placing token on slot 1
[2022-12-18 10:35:41] [SEVERE ] Key 69 was pressed by player 0
[2022-12-18 10:35:41] [SEVERE ] player 0 placing token on slot 2
[2022-12-18 10:35:41] [SEVERE ] Key 82 was pressed by player 0
[2022-12-18 10:35:41] [SEVERE ] player 0 placing token on slot 3
