[2022-12-17 17:26:00] [INFO   ] cannot read configuration file config.properties trying from resources.
[2022-12-17 17:26:00] [INFO   ] configuration file was loaded from resources directory.
[2022-12-17 17:26:01] [INFO   ] Thread dealer starting.
[2022-12-17 17:26:01] [INFO   ] Thread 1starting.
[2022-12-17 17:26:01] [INFO   ] Thread 0starting.
[2022-12-17 17:26:01] [SEVERE ] placing card 33 in slot 0
[2022-12-17 17:26:01] [SEVERE ] placing card 24 in slot 1
[2022-12-17 17:26:01] [SEVERE ] placing card 27 in slot 2
[2022-12-17 17:26:02] [SEVERE ] placing card 77 in slot 3
[2022-12-17 17:26:02] [SEVERE ] placing card 13 in slot 4
[2022-12-17 17:26:02] [SEVERE ] placing card 1 in slot 5
[2022-12-17 17:26:02] [SEVERE ] placing card 17 in slot 6
[2022-12-17 17:26:02] [SEVERE ] placing card 5 in slot 7
[2022-12-17 17:26:02] [SEVERE ] placing card 32 in slot 8
[2022-12-17 17:26:02] [SEVERE ] placing card 62 in slot 9
[2022-12-17 17:26:02] [SEVERE ] placing card 45 in slot 10
[2022-12-17 17:26:02] [SEVERE ] placing card 35 in slot 11
[2022-12-17 17:26:04] [SEVERE ] Key 69 was pressed by player 0
[2022-12-17 17:26:04] [SEVERE ] player 0 placing token on slot 2
[2022-12-17 17:26:04] [SEVERE ] Key 68 was pressed by player 0
[2022-12-17 17:26:04] [SEVERE ] player 0 placing token on slot 6
[2022-12-17 17:26:04] [SEVERE ] Key 70 was pressed by player 0
[2022-12-17 17:26:04] [SEVERE ] player 0 placing token on slot 7
[2022-12-17 17:26:04] [SEVERE ] setting player 0 freeze to 0
[2022-12-17 17:26:04] [INFO   ] Thread 0 terminated.
