[2022-12-17 12:31:15] [INFO   ] cannot read configuration file config.properties trying from resources.
[2022-12-17 12:31:15] [INFO   ] configuration file was loaded from resources directory.
[2022-12-17 12:31:16] [INFO   ] Thread dealer starting.
[2022-12-17 12:31:16] [INFO   ] Thread 0starting.
[2022-12-17 12:31:16] [INFO   ] Thread 1starting.
[2022-12-17 12:31:16] [SEVERE ] placing card 1 in slot 0
[2022-12-17 12:31:16] [SEVERE ] placing card 77 in slot 1
[2022-12-17 12:31:16] [SEVERE ] placing card 63 in slot 2
[2022-12-17 12:31:17] [SEVERE ] placing card 55 in slot 3
[2022-12-17 12:31:17] [SEVERE ] placing card 78 in slot 4
[2022-12-17 12:31:17] [SEVERE ] placing card 28 in slot 5
[2022-12-17 12:31:17] [SEVERE ] placing card 56 in slot 6
[2022-12-17 12:31:17] [SEVERE ] placing card 67 in slot 7
[2022-12-17 12:31:17] [SEVERE ] placing card 35 in slot 8
[2022-12-17 12:31:17] [SEVERE ] placing card 22 in slot 9
[2022-12-17 12:31:17] [SEVERE ] placing card 47 in slot 10
[2022-12-17 12:31:17] [SEVERE ] placing card 17 in slot 11
[2022-12-17 12:31:26] [SEVERE ] Key 81 was pressed by player 0
[2022-12-17 12:31:26] [SEVERE ] player 0 placing token on slot 0
[2022-12-17 12:31:28] [SEVERE ] Key 69 was pressed by player 0
[2022-12-17 12:31:28] [SEVERE ] player 0 placing token on slot 2
[2022-12-17 12:31:32] [SEVERE ] Key 79 was pressed by player 1
[2022-12-17 12:31:32] [SEVERE ] player 1 placing token on slot 2
[2022-12-17 12:31:39] [SEVERE ] Key 77 was pressed by player 1
[2022-12-17 12:31:39] [SEVERE ] player 1 placing token on slot 8
[2022-12-17 12:31:44] [SEVERE ] Key 67 was pressed by player 0
[2022-12-17 12:31:44] [SEVERE ] player 0 placing token on slot 10
[2022-12-17 12:31:44] [SEVERE ] setting player 0 score to 1
[2022-12-17 12:31:44] [SEVERE ] Key 44 was pressed by player 1
[2022-12-17 12:31:44] [SEVERE ] player 1 placing token on slot 9
[2022-12-17 12:31:44] [SEVERE ] setting player 0 freeze to 1000
[2022-12-17 12:31:45] [SEVERE ] setting player 0 freeze to 39
[2022-12-17 12:31:46] [SEVERE ] setting player 0 freeze to 0
[2022-12-17 12:31:46] [SEVERE ] removing player 0 token from slot 0
[2022-12-17 12:31:46] [SEVERE ] removing player 0 token from slot 2
[2022-12-17 12:31:46] [SEVERE ] removing player 0 token from slot 10
[2022-12-17 12:31:46] [SEVERE ] removing player 1 token from slot 2
[2022-12-17 12:31:46] [INFO   ] Thread main terminated.
