[2022-12-14 13:00:03] [INFO   ] cannot read configuration file config.properties trying from resources.
[2022-12-14 13:00:03] [INFO   ] configuration file was loaded from resources directory.
[2022-12-14 13:00:03] [INFO   ] Thread dealer starting.
[2022-12-14 13:00:03] [INFO   ] Thread 1starting.
[2022-12-14 13:00:03] [INFO   ] Thread 0starting.
[2022-12-14 13:00:03] [SEVERE ] placing card 67 in slot 0
[2022-12-14 13:00:03] [SEVERE ] placing card 70 in slot 1
[2022-12-14 13:00:04] [SEVERE ] placing card 80 in slot 2
[2022-12-14 13:00:04] [SEVERE ] placing card 21 in slot 3
[2022-12-14 13:00:04] [SEVERE ] placing card 0 in slot 4
[2022-12-14 13:00:04] [SEVERE ] placing card 39 in slot 5
[2022-12-14 13:00:04] [SEVERE ] placing card 30 in slot 6
[2022-12-14 13:00:04] [SEVERE ] placing card 58 in slot 7
[2022-12-14 13:00:04] [SEVERE ] placing card 60 in slot 8
[2022-12-14 13:00:04] [SEVERE ] placing card 5 in slot 9
[2022-12-14 13:00:04] [SEVERE ] placing card 14 in slot 10
[2022-12-14 13:00:05] [SEVERE ] placing card 43 in slot 11
[2022-12-14 13:00:19] [SEVERE ] Key 81 was pressed by player 0
[2022-12-14 13:00:19] [SEVERE ] player 0 placing token on slot 0
[2022-12-14 13:00:19] [SEVERE ] Key 87 was pressed by player 0
[2022-12-14 13:00:19] [SEVERE ] player 0 placing token on slot 1
[2022-12-14 13:00:19] [SEVERE ] Key 69 was pressed by player 0
[2022-12-14 13:00:19] [SEVERE ] player 0 placing token on slot 2
[2022-12-14 13:00:29] [SEVERE ] Key 81 was pressed by player 0
[2022-12-14 13:00:29] [SEVERE ] removing player 0 token from slot 0
[2022-12-14 13:00:29] [SEVERE ] Key 87 was pressed by player 0
[2022-12-14 13:00:29] [SEVERE ] removing player 0 token from slot 1
[2022-12-14 13:00:30] [SEVERE ] Key 69 was pressed by player 0
[2022-12-14 13:00:30] [SEVERE ] removing player 0 token from slot 2
[2022-12-14 13:00:31] [SEVERE ] Key 80 was pressed by player 1
[2022-12-14 13:00:31] [SEVERE ] player 1 placing token on slot 3
[2022-12-14 13:00:31] [SEVERE ] Key 79 was pressed by player 1
[2022-12-14 13:00:31] [SEVERE ] player 1 placing token on slot 2
[2022-12-14 13:00:32] [SEVERE ] Key 73 was pressed by player 1
[2022-12-14 13:00:32] [SEVERE ] player 1 placing token on slot 1
[2022-12-14 13:00:41] [SEVERE ] Key 80 was pressed by player 1
[2022-12-14 13:00:41] [SEVERE ] removing player 1 token from slot 3
[2022-12-14 13:00:42] [SEVERE ] Key 79 was pressed by player 1
[2022-12-14 13:00:42] [SEVERE ] removing player 1 token from slot 2
[2022-12-14 13:00:44] [SEVERE ] Key 85 was pressed by player 1
[2022-12-14 13:00:44] [SEVERE ] player 1 placing token on slot 0
[2022-12-14 13:00:44] [SEVERE ] Key 85 was pressed by player 1
[2022-12-14 13:00:44] [SEVERE ] removing player 1 token from slot 0
[2022-12-14 13:00:45] [SEVERE ] Key 73 was pressed by player 1
[2022-12-14 13:00:45] [SEVERE ] removing player 1 token from slot 1
[2022-12-14 13:01:05] [SEVERE ] removing card from slot 0
[2022-12-14 13:01:05] [SEVERE ] removing card from slot 1
[2022-12-14 13:01:05] [SEVERE ] removing card from slot 2
[2022-12-14 13:01:05] [SEVERE ] removing card from slot 3
[2022-12-14 13:01:05] [SEVERE ] removing card from slot 4
[2022-12-14 13:01:05] [SEVERE ] removing card from slot 5
[2022-12-14 13:01:05] [SEVERE ] removing card from slot 6
[2022-12-14 13:01:06] [SEVERE ] removing card from slot 7
[2022-12-14 13:01:06] [SEVERE ] removing card from slot 8
[2022-12-14 13:01:06] [SEVERE ] removing card from slot 9
[2022-12-14 13:01:06] [SEVERE ] removing card from slot 10
[2022-12-14 13:01:06] [SEVERE ] removing card from slot 11
[2022-12-14 13:01:06] [SEVERE ] placing card 39 in slot 0
[2022-12-14 13:01:06] [SEVERE ] placing card 4 in slot 1
[2022-12-14 13:01:06] [SEVERE ] placing card 37 in slot 2
[2022-12-14 13:01:06] [SEVERE ] placing card 26 in slot 3
[2022-12-14 13:01:06] [SEVERE ] placing card 9 in slot 4
[2022-12-14 13:01:07] [SEVERE ] placing card 20 in slot 5
[2022-12-14 13:01:07] [SEVERE ] placing card 72 in slot 6
[2022-12-14 13:01:07] [SEVERE ] placing card 45 in slot 7
[2022-12-14 13:01:07] [SEVERE ] placing card 18 in slot 8
[2022-12-14 13:01:07] [SEVERE ] placing card 61 in slot 9
[2022-12-14 13:01:07] [SEVERE ] placing card 53 in slot 10
[2022-12-14 13:01:07] [SEVERE ] placing card 40 in slot 11
[2022-12-14 13:01:31] [SEVERE ] Key 90 was pressed by player 0
[2022-12-14 13:01:31] [SEVERE ] player 0 placing token on slot 8
[2022-12-14 13:01:33] [SEVERE ] Key 70 was pressed by player 0
[2022-12-14 13:01:33] [SEVERE ] player 0 placing token on slot 7
[2022-12-14 13:01:34] [SEVERE ] Key 68 was pressed by player 0
[2022-12-14 13:01:34] [SEVERE ] player 0 placing token on slot 6
[2022-12-14 13:01:34] [SEVERE ] setting player 0 score to 1
[2022-12-14 13:01:36] [SEVERE ] placing card 0 in slot 6
[2022-12-14 13:01:36] [SEVERE ] placing card 47 in slot 7
[2022-12-14 13:01:36] [SEVERE ] placing card 36 in slot 8
