[2022-12-13 16:12:21] [INFO   ] cannot read configuration file config.properties trying from resources.
[2022-12-13 16:12:21] [INFO   ] configuration file was loaded from resources directory.
[2022-12-13 16:12:22] [INFO   ] Thread dealer starting.
[2022-12-13 16:12:22] [INFO   ] Thread 1starting.
[2022-12-13 16:12:22] [INFO   ] Thread 0starting.
[2022-12-13 16:12:22] [SEVERE ] placing card 27 in slot 0
[2022-12-13 16:12:22] [SEVERE ] placing card 58 in slot 1
[2022-12-13 16:12:22] [SEVERE ] placing card 22 in slot 2
[2022-12-13 16:12:22] [SEVERE ] placing card 77 in slot 3
[2022-12-13 16:12:22] [SEVERE ] placing card 60 in slot 4
[2022-12-13 16:12:22] [SEVERE ] placing card 21 in slot 5
[2022-12-13 16:12:22] [SEVERE ] placing card 20 in slot 6
[2022-12-13 16:12:23] [SEVERE ] placing card 18 in slot 7
[2022-12-13 16:12:23] [SEVERE ] placing card 47 in slot 8
[2022-12-13 16:12:23] [SEVERE ] placing card 34 in slot 9
[2022-12-13 16:12:23] [SEVERE ] placing card 71 in slot 10
[2022-12-13 16:12:23] [SEVERE ] placing card 33 in slot 11
[2022-12-13 16:12:24] [SEVERE ] Key 80 was pressed by player 1
[2022-12-13 16:12:24] [SEVERE ] player 1 placing token on slot 3
[2022-12-13 16:12:24] [SEVERE ] Key 79 was pressed by player 1
[2022-12-13 16:12:24] [SEVERE ] player 1 placing token on slot 2
[2022-12-13 16:12:25] [SEVERE ] Key 73 was pressed by player 1
[2022-12-13 16:12:25] [SEVERE ] player 1 placing token on slot 1
[2022-12-13 16:12:25] [INFO   ] Thread main terminated.
