[2022-12-14 15:30:55] [INFO   ] cannot read configuration file config.properties trying from resources.
[2022-12-14 15:30:55] [INFO   ] configuration file was loaded from resources directory.
[2022-12-14 15:30:55] [INFO   ] Thread dealer starting.
[2022-12-14 15:30:55] [INFO   ] Thread 1starting.
[2022-12-14 15:30:55] [INFO   ] Thread 0starting.
[2022-12-14 15:30:55] [SEVERE ] placing card 80 in slot 0
[2022-12-14 15:30:55] [SEVERE ] placing card 64 in slot 1
[2022-12-14 15:30:56] [SEVERE ] placing card 58 in slot 2
[2022-12-14 15:30:56] [SEVERE ] placing card 12 in slot 3
[2022-12-14 15:30:56] [SEVERE ] placing card 56 in slot 4
[2022-12-14 15:30:56] [SEVERE ] placing card 43 in slot 5
[2022-12-14 15:30:56] [SEVERE ] placing card 41 in slot 6
[2022-12-14 15:30:56] [SEVERE ] placing card 3 in slot 7
[2022-12-14 15:30:56] [SEVERE ] placing card 60 in slot 8
[2022-12-14 15:30:56] [SEVERE ] placing card 8 in slot 9
[2022-12-14 15:30:56] [SEVERE ] placing card 55 in slot 10
[2022-12-14 15:30:56] [SEVERE ] placing card 11 in slot 11
[2022-12-14 15:30:57] [SEVERE ] Key 80 was pressed by player 1
[2022-12-14 15:30:57] [SEVERE ] player 1 placing token on slot 3
[2022-12-14 15:30:57] [SEVERE ] Key 79 was pressed by player 1
[2022-12-14 15:30:57] [SEVERE ] player 1 placing token on slot 2
[2022-12-14 15:30:58] [SEVERE ] Key 73 was pressed by player 1
[2022-12-14 15:30:58] [SEVERE ] player 1 placing token on slot 1
[2022-12-14 15:31:01] [SEVERE ] setting player 1 freeze to 3000
