[2022-12-14 15:20:53] [INFO   ] cannot read configuration file config.properties trying from resources.
[2022-12-14 15:20:53] [INFO   ] configuration file was loaded from resources directory.
[2022-12-14 15:20:54] [INFO   ] Thread dealer starting.
[2022-12-14 15:20:54] [INFO   ] Thread 1starting.
[2022-12-14 15:20:54] [INFO   ] Thread 0starting.
[2022-12-14 15:20:54] [SEVERE ] placing card 50 in slot 0
[2022-12-14 15:20:54] [SEVERE ] placing card 60 in slot 1
[2022-12-14 15:20:54] [SEVERE ] placing card 57 in slot 2
[2022-12-14 15:20:54] [SEVERE ] placing card 51 in slot 3
[2022-12-14 15:20:54] [SEVERE ] placing card 6 in slot 4
[2022-12-14 15:20:55] [SEVERE ] placing card 37 in slot 5
[2022-12-14 15:20:55] [SEVERE ] placing card 3 in slot 6
[2022-12-14 15:20:55] [SEVERE ] placing card 23 in slot 7
[2022-12-14 15:20:55] [SEVERE ] placing card 38 in slot 8
[2022-12-14 15:20:55] [SEVERE ] placing card 13 in slot 9
[2022-12-14 15:20:55] [SEVERE ] placing card 49 in slot 10
[2022-12-14 15:20:55] [SEVERE ] placing card 34 in slot 11
[2022-12-14 15:20:56] [SEVERE ] Key 80 was pressed by player 1
[2022-12-14 15:20:56] [SEVERE ] player 1 placing token on slot 3
[2022-12-14 15:20:56] [SEVERE ] Key 79 was pressed by player 1
[2022-12-14 15:20:56] [SEVERE ] player 1 placing token on slot 2
[2022-12-14 15:20:57] [SEVERE ] Key 73 was pressed by player 1
[2022-12-14 15:20:57] [SEVERE ] player 1 placing token on slot 1
[2022-12-14 15:21:00] [SEVERE ] setting player 1 freeze to 3000
[2022-12-14 15:21:07] [SEVERE ] Key 80 was pressed by player 1
[2022-12-14 15:21:07] [SEVERE ] removing player 1 token from slot 3
[2022-12-14 15:21:08] [SEVERE ] Key 79 was pressed by player 1
[2022-12-14 15:21:08] [SEVERE ] removing player 1 token from slot 2
[2022-12-14 15:21:08] [SEVERE ] Key 73 was pressed by player 1
[2022-12-14 15:21:08] [SEVERE ] removing player 1 token from slot 1
