[2022-12-17 15:32:54] [INFO   ] cannot read configuration file config.properties trying from resources.
[2022-12-17 15:32:54] [INFO   ] configuration file was loaded from resources directory.
[2022-12-17 15:32:55] [INFO   ] Thread dealer starting.
[2022-12-17 15:32:55] [INFO   ] Thread 0starting.
[2022-12-17 15:32:55] [INFO   ] Thread 1starting.
[2022-12-17 15:32:55] [SEVERE ] placing card 65 in slot 0
[2022-12-17 15:32:55] [SEVERE ] placing card 20 in slot 1
[2022-12-17 15:32:55] [SEVERE ] placing card 10 in slot 2
[2022-12-17 15:32:55] [SEVERE ] placing card 27 in slot 3
[2022-12-17 15:32:56] [SEVERE ] placing card 76 in slot 4
[2022-12-17 15:32:56] [SEVERE ] placing card 47 in slot 5
[2022-12-17 15:32:56] [SEVERE ] placing card 55 in slot 6
[2022-12-17 15:32:56] [SEVERE ] placing card 34 in slot 7
[2022-12-17 15:32:56] [SEVERE ] placing card 56 in slot 8
[2022-12-17 15:32:56] [SEVERE ] placing card 31 in slot 9
[2022-12-17 15:32:56] [SEVERE ] placing card 26 in slot 10
[2022-12-17 15:32:56] [SEVERE ] placing card 18 in slot 11
[2022-12-17 15:32:58] [SEVERE ] Key 81 was pressed by player 0
[2022-12-17 15:32:58] [SEVERE ] player 0 placing token on slot 0
[2022-12-17 15:32:58] [SEVERE ] Key 87 was pressed by player 0
[2022-12-17 15:32:58] [SEVERE ] player 0 placing token on slot 1
[2022-12-17 15:32:58] [SEVERE ] Key 69 was pressed by player 0
[2022-12-17 15:32:58] [SEVERE ] player 0 placing token on slot 2
[2022-12-17 15:32:58] [SEVERE ] setting player 0 freeze to 3000
[2022-12-17 15:32:59] [SEVERE ] setting player 0 freeze to 2042
[2022-12-17 15:33:00] [SEVERE ] setting player 0 freeze to 1079
[2022-12-17 15:33:01] [SEVERE ] setting player 0 freeze to 128
[2022-12-17 15:33:02] [SEVERE ] setting player 0 freeze to 0
[2022-12-17 15:33:03] [SEVERE ] Key 81 was pressed by player 0
[2022-12-17 15:33:03] [SEVERE ] removing player 0 token from slot 0
[2022-12-17 15:33:03] [SEVERE ] Key 87 was pressed by player 0
[2022-12-17 15:33:03] [SEVERE ] removing player 0 token from slot 1
[2022-12-17 15:33:03] [SEVERE ] Key 69 was pressed by player 0
[2022-12-17 15:33:03] [SEVERE ] removing player 0 token from slot 2
[2022-12-17 15:33:27] [SEVERE ] Key 86 was pressed by player 0
[2022-12-17 15:33:27] [SEVERE ] player 0 placing token on slot 11
[2022-12-17 15:33:28] [SEVERE ] Key 86 was pressed by player 0
[2022-12-17 15:33:28] [SEVERE ] removing player 0 token from slot 11
[2022-12-17 15:33:28] [SEVERE ] Key 67 was pressed by player 0
[2022-12-17 15:33:28] [SEVERE ] player 0 placing token on slot 10
[2022-12-17 15:33:29] [SEVERE ] Key 88 was pressed by player 0
[2022-12-17 15:33:29] [SEVERE ] player 0 placing token on slot 9
[2022-12-17 15:33:30] [SEVERE ] Key 81 was pressed by player 0
[2022-12-17 15:33:30] [SEVERE ] player 0 placing token on slot 0
[2022-12-17 15:33:30] [SEVERE ] setting player 0 freeze to 3000
[2022-12-17 15:33:31] [SEVERE ] setting player 0 freeze to 2040
[2022-12-17 15:33:32] [SEVERE ] setting player 0 freeze to 1086
[2022-12-17 15:33:33] [SEVERE ] setting player 0 freeze to 125
[2022-12-17 15:33:34] [SEVERE ] setting player 0 freeze to 0
[2022-12-17 15:33:36] [SEVERE ] Key 67 was pressed by player 0
[2022-12-17 15:33:36] [SEVERE ] removing player 0 token from slot 10
[2022-12-17 15:33:36] [SEVERE ] Key 88 was pressed by player 0
[2022-12-17 15:33:36] [SEVERE ] removing player 0 token from slot 9
[2022-12-17 15:33:38] [SEVERE ] Key 81 was pressed by player 0
[2022-12-17 15:33:38] [SEVERE ] removing player 0 token from slot 0
