[2022-12-14 19:00:11] [INFO   ] cannot read configuration file config.properties trying from resources.
[2022-12-14 19:00:11] [INFO   ] configuration file was loaded from resources directory.
[2022-12-14 19:00:11] [INFO   ] Thread dealer starting.
[2022-12-14 19:00:11] [INFO   ] Thread 1starting.
[2022-12-14 19:00:11] [INFO   ] Thread 0starting.
[2022-12-14 19:00:12] [SEVERE ] placing card 7 in slot 0
[2022-12-14 19:00:12] [SEVERE ] placing card 18 in slot 1
[2022-12-14 19:00:12] [SEVERE ] placing card 53 in slot 2
[2022-12-14 19:00:12] [SEVERE ] placing card 79 in slot 3
[2022-12-14 19:00:12] [SEVERE ] placing card 15 in slot 4
[2022-12-14 19:00:12] [SEVERE ] placing card 65 in slot 5
[2022-12-14 19:00:12] [SEVERE ] placing card 32 in slot 6
[2022-12-14 19:00:12] [SEVERE ] placing card 39 in slot 7
[2022-12-14 19:00:12] [SEVERE ] placing card 62 in slot 8
[2022-12-14 19:00:13] [SEVERE ] placing card 74 in slot 9
[2022-12-14 19:00:13] [SEVERE ] placing card 67 in slot 10
[2022-12-14 19:00:13] [SEVERE ] placing card 19 in slot 11
[2022-12-14 19:00:28] [SEVERE ] Key 81 was pressed by player 0
[2022-12-14 19:00:28] [SEVERE ] player 0 placing token on slot 0
[2022-12-14 19:00:33] [SEVERE ] Key 70 was pressed by player 0
[2022-12-14 19:00:33] [SEVERE ] player 0 placing token on slot 7
[2022-12-14 19:00:48] [SEVERE ] Key 59 was pressed by player 1
[2022-12-14 19:00:48] [SEVERE ] player 1 placing token on slot 7
[2022-12-14 19:00:55] [SEVERE ] Key 77 was pressed by player 1
[2022-12-14 19:00:55] [SEVERE ] player 1 placing token on slot 8
[2022-12-14 19:01:13] [SEVERE ] removing card from slot 0
[2022-12-14 19:01:13] [SEVERE ] removing card from slot 1
[2022-12-14 19:01:13] [SEVERE ] removing card from slot 2
[2022-12-14 19:01:13] [SEVERE ] removing card from slot 3
[2022-12-14 19:01:13] [SEVERE ] removing card from slot 4
[2022-12-14 19:01:13] [SEVERE ] removing card from slot 5
[2022-12-14 19:01:14] [SEVERE ] removing card from slot 6
[2022-12-14 19:01:14] [SEVERE ] removing card from slot 7
[2022-12-14 19:01:14] [SEVERE ] removing card from slot 8
[2022-12-14 19:01:14] [SEVERE ] removing card from slot 9
[2022-12-14 19:01:14] [SEVERE ] removing card from slot 10
[2022-12-14 19:01:14] [SEVERE ] removing card from slot 11
[2022-12-14 19:01:14] [SEVERE ] placing card 13 in slot 0
[2022-12-14 19:01:14] [SEVERE ] placing card 75 in slot 1
[2022-12-14 19:01:14] [SEVERE ] placing card 17 in slot 2
[2022-12-14 19:01:15] [SEVERE ] placing card 46 in slot 3
[2022-12-14 19:01:15] [SEVERE ] placing card 26 in slot 4
[2022-12-14 19:01:15] [SEVERE ] placing card 67 in slot 5
[2022-12-14 19:01:15] [SEVERE ] placing card 78 in slot 6
[2022-12-14 19:01:15] [SEVERE ] placing card 69 in slot 7
[2022-12-14 19:01:15] [SEVERE ] placing card 10 in slot 8
[2022-12-14 19:01:15] [SEVERE ] placing card 59 in slot 9
[2022-12-14 19:01:15] [SEVERE ] placing card 72 in slot 10
[2022-12-14 19:01:15] [SEVERE ] placing card 52 in slot 11
