[2022-12-18 10:04:00] [INFO   ] cannot read configuration file config.properties trying from resources.
[2022-12-18 10:04:00] [INFO   ] configuration file was loaded from resources directory.
[2022-12-18 10:04:01] [INFO   ] Thread dealer starting.
[2022-12-18 10:04:01] [INFO   ] Thread 0starting.
[2022-12-18 10:04:01] [INFO   ] Thread 1starting.
[2022-12-18 10:04:01] [INFO   ] Thread computer-0 starting.
[2022-12-18 10:04:07] [SEVERE ] placing card 52 in slot 0
[2022-12-18 10:04:07] [INFO   ] Thread computer-1 starting.
[2022-12-18 10:04:16] [INFO   ] Thread computer-1 terminated.
[2022-12-18 10:04:16] [INFO   ] Thread computer-0 terminated.
[2022-12-18 10:04:17] [SEVERE ] placing card 17 in slot 1
[2022-12-18 10:04:17] [SEVERE ] placing card 42 in slot 2
[2022-12-18 10:04:17] [SEVERE ] placing card 77 in slot 3
[2022-12-18 10:04:17] [SEVERE ] placing card 14 in slot 4
[2022-12-18 10:04:17] [SEVERE ] placing card 60 in slot 5
[2022-12-18 10:04:17] [SEVERE ] placing card 8 in slot 6
[2022-12-18 10:04:17] [SEVERE ] placing card 78 in slot 7
[2022-12-18 10:04:17] [SEVERE ] placing card 53 in slot 8
[2022-12-18 10:04:18] [SEVERE ] placing card 74 in slot 9
[2022-12-18 10:04:18] [SEVERE ] placing card 49 in slot 10
[2022-12-18 10:04:18] [SEVERE ] placing card 38 in slot 11
