[2022-12-17 15:17:52] [INFO   ] cannot read configuration file config.properties trying from resources.
[2022-12-17 15:17:52] [INFO   ] configuration file was loaded from resources directory.
[2022-12-17 15:17:52] [INFO   ] Thread dealer starting.
[2022-12-17 15:17:52] [INFO   ] Thread 0starting.
[2022-12-17 15:17:52] [INFO   ] Thread computer-0 starting.
[2022-12-17 15:17:52] [SEVERE ] player 0 placing token on slot 10
[2022-12-17 15:17:53] [SEVERE ] placing card 25 in slot 0
[2022-12-17 15:17:53] [SEVERE ] player 0 placing token on slot 4
[2022-12-17 15:17:53] [SEVERE ] placing card 28 in slot 1
[2022-12-17 15:17:53] [SEVERE ] player 0 placing token on slot 3
[2022-12-17 15:17:53] [SEVERE ] placing card 79 in slot 2
[2022-12-17 15:17:53] [SEVERE ] placing card 24 in slot 3
[2022-12-17 15:17:53] [SEVERE ] placing card 56 in slot 4
[2022-12-17 15:17:53] [SEVERE ] placing card 53 in slot 5
[2022-12-17 15:17:53] [SEVERE ] placing card 49 in slot 6
[2022-12-17 15:17:53] [SEVERE ] placing card 11 in slot 7
[2022-12-17 15:17:53] [SEVERE ] placing card 68 in slot 8
[2022-12-17 15:17:53] [SEVERE ] placing card 52 in slot 9
[2022-12-17 15:17:54] [SEVERE ] placing card 66 in slot 10
[2022-12-17 15:17:54] [SEVERE ] placing card 72 in slot 11
[2022-12-17 15:17:54] [SEVERE ] setting player 0 freeze to 3000
[2022-12-17 15:17:55] [SEVERE ] setting player 0 freeze to 2047
