[2022-12-17 16:23:12] [INFO   ] cannot read configuration file config.properties trying from resources.
[2022-12-17 16:23:12] [INFO   ] configuration file was loaded from resources directory.
[2022-12-17 16:23:13] [INFO   ] Thread dealer starting.
[2022-12-17 16:23:13] [INFO   ] Thread 0starting.
[2022-12-17 16:23:13] [SEVERE ] placing card 54 in slot 0
[2022-12-17 16:23:13] [SEVERE ] placing card 32 in slot 1
[2022-12-17 16:23:13] [SEVERE ] placing card 23 in slot 2
[2022-12-17 16:23:13] [SEVERE ] placing card 46 in slot 3
[2022-12-17 16:23:13] [SEVERE ] placing card 60 in slot 4
[2022-12-17 16:23:13] [SEVERE ] placing card 42 in slot 5
[2022-12-17 16:23:13] [SEVERE ] placing card 47 in slot 6
[2022-12-17 16:23:13] [SEVERE ] placing card 4 in slot 7
[2022-12-17 16:23:14] [SEVERE ] placing card 26 in slot 8
[2022-12-17 16:23:14] [SEVERE ] placing card 27 in slot 9
[2022-12-17 16:23:14] [SEVERE ] placing card 7 in slot 10
[2022-12-17 16:23:14] [SEVERE ] placing card 5 in slot 11
[2022-12-17 16:23:17] [SEVERE ] Key 68 was pressed by player 0
[2022-12-17 16:23:17] [SEVERE ] player 0 placing token on slot 6
[2022-12-17 16:23:17] [SEVERE ] Key 69 was pressed by player 0
[2022-12-17 16:23:17] [SEVERE ] player 0 placing token on slot 2
[2022-12-17 16:23:18] [SEVERE ] Key 83 was pressed by player 0
[2022-12-17 16:23:18] [SEVERE ] player 0 placing token on slot 5
[2022-12-17 16:23:18] [SEVERE ] setting player 0 freeze to 3000
[2022-12-17 16:23:19] [SEVERE ] setting player 0 freeze to 2043
[2022-12-17 16:23:19] [SEVERE ] Key 68 was pressed by player 0
[2022-12-17 16:23:20] [SEVERE ] setting player 0 freeze to 1086
[2022-12-17 16:23:21] [SEVERE ] setting player 0 freeze to 134
[2022-12-17 16:23:22] [SEVERE ] setting player 0 freeze to 0
[2022-12-17 16:23:22] [SEVERE ] Key 68 was pressed by player 0
[2022-12-17 16:23:22] [SEVERE ] removing player 0 token from slot 6
[2022-12-17 16:23:22] [SEVERE ] Key 69 was pressed by player 0
[2022-12-17 16:23:22] [SEVERE ] removing player 0 token from slot 2
[2022-12-17 16:23:23] [SEVERE ] Key 83 was pressed by player 0
[2022-12-17 16:23:23] [SEVERE ] removing player 0 token from slot 5
[2022-12-17 16:23:23] [SEVERE ] Key 83 was pressed by player 0
[2022-12-17 16:23:23] [SEVERE ] player 0 placing token on slot 5
[2022-12-17 16:23:24] [SEVERE ] Key 87 was pressed by player 0
[2022-12-17 16:23:24] [SEVERE ] player 0 placing token on slot 1
[2022-12-17 16:23:24] [SEVERE ] Key 65 was pressed by player 0
[2022-12-17 16:23:24] [SEVERE ] player 0 placing token on slot 4
[2022-12-17 16:23:24] [SEVERE ] setting player 0 freeze to 3000
[2022-12-17 16:23:25] [SEVERE ] setting player 0 freeze to 2046
[2022-12-17 16:23:26] [SEVERE ] setting player 0 freeze to 1089
[2022-12-17 16:23:27] [SEVERE ] setting player 0 freeze to 124
