[2022-12-14 13:06:12] [INFO   ] cannot read configuration file config.properties trying from resources.
[2022-12-14 13:06:12] [INFO   ] configuration file was loaded from resources directory.
[2022-12-14 13:06:12] [INFO   ] Thread dealer starting.
[2022-12-14 13:06:12] [INFO   ] Thread 1starting.
[2022-12-14 13:06:12] [INFO   ] Thread 0starting.
[2022-12-14 13:06:13] [SEVERE ] placing card 73 in slot 0
[2022-12-14 13:06:13] [SEVERE ] placing card 31 in slot 1
[2022-12-14 13:06:13] [SEVERE ] placing card 35 in slot 2
[2022-12-14 13:06:13] [SEVERE ] placing card 44 in slot 3
[2022-12-14 13:06:13] [SEVERE ] placing card 57 in slot 4
[2022-12-14 13:06:13] [SEVERE ] placing card 68 in slot 5
[2022-12-14 13:06:13] [SEVERE ] placing card 63 in slot 6
[2022-12-14 13:06:13] [SEVERE ] placing card 72 in slot 7
[2022-12-14 13:06:13] [SEVERE ] placing card 69 in slot 8
[2022-12-14 13:06:14] [SEVERE ] placing card 71 in slot 9
[2022-12-14 13:06:14] [SEVERE ] placing card 12 in slot 10
[2022-12-14 13:06:14] [SEVERE ] placing card 60 in slot 11
[2022-12-14 13:06:32] [SEVERE ] Key 88 was pressed by player 0
[2022-12-14 13:06:32] [SEVERE ] player 0 placing token on slot 9
[2022-12-14 13:06:33] [SEVERE ] Key 88 was pressed by player 0
[2022-12-14 13:06:33] [SEVERE ] removing player 0 token from slot 9
[2022-12-14 13:06:33] [SEVERE ] Key 90 was pressed by player 0
[2022-12-14 13:06:33] [SEVERE ] player 0 placing token on slot 8
[2022-12-14 13:06:35] [SEVERE ] Key 83 was pressed by player 0
[2022-12-14 13:06:35] [SEVERE ] player 0 placing token on slot 5
[2022-12-14 13:06:35] [SEVERE ] Key 83 was pressed by player 0
[2022-12-14 13:06:35] [SEVERE ] removing player 0 token from slot 5
[2022-12-14 13:06:36] [SEVERE ] Key 65 was pressed by player 0
[2022-12-14 13:06:36] [SEVERE ] player 0 placing token on slot 4
[2022-12-14 13:06:38] [SEVERE ] Key 70 was pressed by player 0
[2022-12-14 13:06:38] [SEVERE ] player 0 placing token on slot 7
[2022-12-14 13:06:38] [SEVERE ] removing player 0 token from slot 8
[2022-12-14 13:06:38] [SEVERE ] removing player 0 token from slot 4
[2022-12-14 13:06:38] [SEVERE ] removing player 0 token from slot 7
[2022-12-14 13:06:38] [SEVERE ] setting player 0 score to 1
[2022-12-14 13:06:39] [SEVERE ] placing card 74 in slot 4
[2022-12-14 13:06:39] [SEVERE ] placing card 47 in slot 7
[2022-12-14 13:06:39] [SEVERE ] placing card 49 in slot 8
[2022-12-14 13:06:48] [SEVERE ] Key 68 was pressed by player 0
[2022-12-14 13:06:48] [SEVERE ] player 0 placing token on slot 6
[2022-12-14 13:06:48] [SEVERE ] Key 83 was pressed by player 0
[2022-12-14 13:06:48] [SEVERE ] player 0 placing token on slot 5
[2022-12-14 13:06:49] [SEVERE ] Key 65 was pressed by player 0
[2022-12-14 13:06:49] [SEVERE ] player 0 placing token on slot 4
[2022-12-14 13:06:54] [SEVERE ] Key 70 was pressed by player 0
[2022-12-14 13:06:54] [SEVERE ] Key 68 was pressed by player 0
[2022-12-14 13:06:54] [SEVERE ] removing player 0 token from slot 6
[2022-12-14 13:06:55] [SEVERE ] Key 68 was pressed by player 0
[2022-12-14 13:06:55] [SEVERE ] player 0 placing token on slot 6
[2022-12-14 13:06:55] [SEVERE ] Key 68 was pressed by player 0
[2022-12-14 13:06:55] [SEVERE ] removing player 0 token from slot 6
[2022-12-14 13:06:56] [SEVERE ] Key 68 was pressed by player 0
[2022-12-14 13:06:56] [SEVERE ] player 0 placing token on slot 6
[2022-12-14 13:06:57] [SEVERE ] Key 68 was pressed by player 0
[2022-12-14 13:06:57] [SEVERE ] removing player 0 token from slot 6
[2022-12-14 13:06:58] [SEVERE ] Key 68 was pressed by player 0
[2022-12-14 13:06:58] [SEVERE ] player 0 placing token on slot 6
[2022-12-14 13:06:58] [SEVERE ] Key 68 was pressed by player 0
[2022-12-14 13:06:58] [SEVERE ] removing player 0 token from slot 6
[2022-12-14 13:06:58] [SEVERE ] Key 68 was pressed by player 0
[2022-12-14 13:06:58] [SEVERE ] player 0 placing token on slot 6
[2022-12-14 13:06:59] [SEVERE ] Key 68 was pressed by player 0
[2022-12-14 13:06:59] [SEVERE ] removing player 0 token from slot 6
[2022-12-14 13:06:59] [SEVERE ] Key 68 was pressed by player 0
[2022-12-14 13:06:59] [SEVERE ] player 0 placing token on slot 6
[2022-12-14 13:06:59] [SEVERE ] Key 68 was pressed by player 0
[2022-12-14 13:06:59] [SEVERE ] removing player 0 token from slot 6
[2022-12-14 13:06:59] [SEVERE ] Key 68 was pressed by player 0
[2022-12-14 13:06:59] [SEVERE ] player 0 placing token on slot 6
[2022-12-14 13:07:00] [SEVERE ] Key 68 was pressed by player 0
[2022-12-14 13:07:00] [SEVERE ] removing player 0 token from slot 6
[2022-12-14 13:07:00] [SEVERE ] Key 68 was pressed by player 0
[2022-12-14 13:07:00] [SEVERE ] player 0 placing token on slot 6
[2022-12-14 13:07:01] [SEVERE ] Key 83 was pressed by player 0
[2022-12-14 13:07:01] [SEVERE ] removing player 0 token from slot 5
[2022-12-14 13:07:02] [SEVERE ] Key 83 was pressed by player 0
[2022-12-14 13:07:02] [SEVERE ] player 0 placing token on slot 5
[2022-12-14 13:07:02] [SEVERE ] Key 65 was pressed by player 0
[2022-12-14 13:07:02] [SEVERE ] removing player 0 token from slot 4
[2022-12-14 13:07:03] [SEVERE ] Key 68 was pressed by player 0
[2022-12-14 13:07:03] [SEVERE ] removing player 0 token from slot 6
[2022-12-14 13:07:03] [SEVERE ] Key 70 was pressed by player 0
[2022-12-14 13:07:03] [SEVERE ] player 0 placing token on slot 7
[2022-12-14 13:07:03] [SEVERE ] Key 68 was pressed by player 0
[2022-12-14 13:07:03] [SEVERE ] player 0 placing token on slot 6
[2022-12-14 13:07:04] [SEVERE ] Key 70 was pressed by player 0
[2022-12-14 13:07:04] [SEVERE ] Key 68 was pressed by player 0
[2022-12-14 13:07:04] [SEVERE ] Key 70 was pressed by player 0
[2022-12-14 13:07:04] [SEVERE ] Key 68 was pressed by player 0
[2022-12-14 13:07:04] [SEVERE ] Key 70 was pressed by player 0
[2022-12-14 13:07:04] [SEVERE ] Key 68 was pressed by player 0
[2022-12-14 13:07:04] [SEVERE ] Key 70 was pressed by player 0
[2022-12-14 13:07:06] [SEVERE ] removing player 0 token from slot 7
[2022-12-14 13:07:06] [SEVERE ] removing player 0 token from slot 6
[2022-12-14 13:07:06] [SEVERE ] player 0 placing token on slot 7
[2022-12-14 13:07:14] [SEVERE ] removing card from slot 0
[2022-12-14 13:07:14] [SEVERE ] removing card from slot 1
[2022-12-14 13:07:14] [SEVERE ] removing card from slot 2
[2022-12-14 13:07:14] [SEVERE ] removing card from slot 3
[2022-12-14 13:07:14] [SEVERE ] removing card from slot 4
[2022-12-14 13:07:14] [SEVERE ] removing card from slot 5
[2022-12-14 13:07:15] [SEVERE ] removing card from slot 6
[2022-12-14 13:07:15] [SEVERE ] removing card from slot 7
[2022-12-14 13:07:15] [SEVERE ] removing card from slot 8
[2022-12-14 13:07:15] [SEVERE ] removing card from slot 9
[2022-12-14 13:07:15] [SEVERE ] removing card from slot 10
[2022-12-14 13:07:15] [SEVERE ] removing card from slot 11
[2022-12-14 13:07:15] [SEVERE ] placing card 52 in slot 0
[2022-12-14 13:07:15] [SEVERE ] placing card 6 in slot 1
[2022-12-14 13:07:15] [SEVERE ] placing card 24 in slot 2
[2022-12-14 13:07:16] [SEVERE ] placing card 30 in slot 3
[2022-12-14 13:07:16] [SEVERE ] placing card 12 in slot 4
[2022-12-14 13:07:16] [SEVERE ] placing card 56 in slot 5
[2022-12-14 13:07:16] [SEVERE ] placing card 51 in slot 6
[2022-12-14 13:07:16] [SEVERE ] placing card 53 in slot 7
[2022-12-14 13:07:16] [SEVERE ] placing card 38 in slot 8
[2022-12-14 13:07:16] [SEVERE ] placing card 64 in slot 9
[2022-12-14 13:07:16] [SEVERE ] placing card 19 in slot 10
[2022-12-14 13:07:16] [SEVERE ] placing card 28 in slot 11
[2022-12-14 13:08:17] [SEVERE ] removing card from slot 0
[2022-12-14 13:08:17] [SEVERE ] removing card from slot 1
[2022-12-14 13:08:17] [SEVERE ] removing card from slot 2
[2022-12-14 13:08:17] [SEVERE ] removing card from slot 3
[2022-12-14 13:08:17] [SEVERE ] removing card from slot 4
[2022-12-14 13:08:17] [SEVERE ] removing card from slot 5
[2022-12-14 13:08:17] [SEVERE ] removing card from slot 6
[2022-12-14 13:08:17] [SEVERE ] removing card from slot 7
[2022-12-14 13:08:17] [SEVERE ] removing card from slot 8
[2022-12-14 13:08:18] [SEVERE ] removing card from slot 9
[2022-12-14 13:08:18] [SEVERE ] removing card from slot 10
[2022-12-14 13:08:18] [SEVERE ] removing card from slot 11
[2022-12-14 13:08:18] [SEVERE ] placing card 80 in slot 0
[2022-12-14 13:08:18] [SEVERE ] placing card 68 in slot 1
[2022-12-14 13:08:18] [SEVERE ] placing card 52 in slot 2
[2022-12-14 13:08:18] [SEVERE ] placing card 70 in slot 3
[2022-12-14 13:08:18] [SEVERE ] placing card 71 in slot 4
[2022-12-14 13:08:18] [SEVERE ] placing card 1 in slot 5
[2022-12-14 13:08:19] [SEVERE ] placing card 10 in slot 6
[2022-12-14 13:08:19] [SEVERE ] placing card 77 in slot 7
[2022-12-14 13:08:19] [SEVERE ] placing card 19 in slot 8
[2022-12-14 13:08:19] [SEVERE ] placing card 41 in slot 9
[2022-12-14 13:08:19] [SEVERE ] placing card 64 in slot 10
[2022-12-14 13:08:19] [SEVERE ] placing card 33 in slot 11
