[2022-12-17 14:54:21] [INFO   ] cannot read configuration file config.properties trying from resources.
[2022-12-17 14:54:21] [INFO   ] configuration file was loaded from resources directory.
[2022-12-17 14:54:22] [INFO   ] Thread dealer starting.
[2022-12-17 14:54:22] [INFO   ] Thread 1starting.
[2022-12-17 14:54:22] [INFO   ] Thread 0starting.
[2022-12-17 14:54:22] [INFO   ] Thread 2starting.
[2022-12-17 14:54:32] [INFO   ] Thread computer-2 starting.
[2022-12-17 14:54:32] [SEVERE ] player 2 placing token on slot 1
[2022-12-17 14:54:32] [SEVERE ] placing card 27 in slot 0
[2022-12-17 14:54:32] [SEVERE ] placing card 14 in slot 1
[2022-12-17 14:54:32] [SEVERE ] placing card 10 in slot 2
[2022-12-17 14:54:32] [SEVERE ] placing card 6 in slot 3
[2022-12-17 14:54:32] [SEVERE ] placing card 13 in slot 4
[2022-12-17 14:54:32] [SEVERE ] placing card 66 in slot 5
[2022-12-17 14:54:32] [SEVERE ] placing card 20 in slot 6
[2022-12-17 14:54:33] [SEVERE ] placing card 76 in slot 7
[2022-12-17 14:54:33] [SEVERE ] placing card 71 in slot 8
[2022-12-17 14:54:33] [SEVERE ] placing card 47 in slot 9
[2022-12-17 14:54:33] [SEVERE ] placing card 16 in slot 10
[2022-12-17 14:54:33] [SEVERE ] placing card 2 in slot 11
