[2022-12-14 19:31:02] [INFO   ] cannot read configuration file config.properties trying from resources.
[2022-12-14 19:31:02] [INFO   ] configuration file was loaded from resources directory.
[2022-12-14 19:31:02] [INFO   ] Thread dealer starting.
[2022-12-14 19:31:02] [INFO   ] Thread 0starting.
[2022-12-14 19:31:02] [INFO   ] Thread 1starting.
[2022-12-14 19:31:02] [SEVERE ] placing card 64 in slot 0
[2022-12-14 19:31:03] [SEVERE ] placing card 68 in slot 1
[2022-12-14 19:31:03] [SEVERE ] placing card 29 in slot 2
[2022-12-14 19:31:03] [SEVERE ] placing card 20 in slot 3
[2022-12-14 19:31:03] [SEVERE ] placing card 40 in slot 4
[2022-12-14 19:31:03] [SEVERE ] placing card 9 in slot 5
[2022-12-14 19:31:03] [SEVERE ] placing card 50 in slot 6
[2022-12-14 19:31:03] [SEVERE ] placing card 59 in slot 7
[2022-12-14 19:31:03] [SEVERE ] placing card 5 in slot 8
[2022-12-14 19:31:03] [SEVERE ] placing card 79 in slot 9
[2022-12-14 19:31:04] [SEVERE ] placing card 62 in slot 10
[2022-12-14 19:31:04] [SEVERE ] placing card 2 in slot 11
[2022-12-14 19:31:13] [SEVERE ] Key 79 was pressed by player 1
[2022-12-14 19:31:13] [SEVERE ] player 1 placing token on slot 2
[2022-12-14 19:31:14] [SEVERE ] Key 77 was pressed by player 1
[2022-12-14 19:31:14] [SEVERE ] player 1 placing token on slot 8
[2022-12-14 19:31:15] [SEVERE ] Key 46 was pressed by player 1
[2022-12-14 19:31:15] [SEVERE ] player 1 placing token on slot 10
[2022-12-14 19:31:15] [INFO   ] Thread main terminated.
