[2022-12-18 11:11:58] [INFO   ] cannot read configuration file config.properties trying from resources.
[2022-12-18 11:11:58] [INFO   ] configuration file was loaded from resources directory.
[2022-12-18 11:11:59] [INFO   ] Thread dealer starting.
[2022-12-18 11:11:59] [INFO   ] Thread 1starting.
[2022-12-18 11:11:59] [INFO   ] Thread 0starting.
[2022-12-18 11:11:59] [INFO   ] Thread computer-1 starting.
[2022-12-18 11:11:59] [SEVERE ] placing card 11 in slot 0
[2022-12-18 11:11:59] [SEVERE ] placing card 12 in slot 1
[2022-12-18 11:11:59] [SEVERE ] placing card 43 in slot 2
[2022-12-18 11:11:59] [SEVERE ] placing card 70 in slot 3
[2022-12-18 11:11:59] [SEVERE ] placing card 58 in slot 4
[2022-12-18 11:11:59] [SEVERE ] placing card 22 in slot 5
[2022-12-18 11:12:00] [SEVERE ] placing card 67 in slot 6
[2022-12-18 11:12:00] [SEVERE ] placing card 34 in slot 7
[2022-12-18 11:12:00] [SEVERE ] placing card 38 in slot 8
[2022-12-18 11:12:00] [SEVERE ] placing card 41 in slot 9
[2022-12-18 11:12:00] [SEVERE ] placing card 63 in slot 10
[2022-12-18 11:12:00] [SEVERE ] placing card 55 in slot 11
[2022-12-18 11:12:00] [SEVERE ] player 1 placing token on slot 8
[2022-12-18 11:12:00] [SEVERE ] player 1 placing token on slot 2
[2022-12-18 11:12:00] [SEVERE ] player 1 placing token on slot 0
[2022-12-18 11:12:00] [SEVERE ] setting player 1 freeze to 3000
[2022-12-18 11:12:01] [SEVERE ] setting player 1 freeze to 2039
[2022-12-18 11:12:02] [SEVERE ] setting player 1 freeze to 1074
[2022-12-18 11:12:02] [SEVERE ] Exit button pressed
[2022-12-18 11:12:03] [SEVERE ] removing player 1 token from slot 8
[2022-12-18 11:12:03] [SEVERE ] removing player 1 token from slot 2
[2022-12-18 11:12:03] [SEVERE ] removing player 1 token from slot 0
[2022-12-18 11:12:03] [SEVERE ] removing card from slot 0
[2022-12-18 11:12:03] [SEVERE ] removing card from slot 1
[2022-12-18 11:12:03] [SEVERE ] removing card from slot 2
[2022-12-18 11:12:03] [SEVERE ] removing card from slot 3
[2022-12-18 11:12:03] [SEVERE ] removing card from slot 4
[2022-12-18 11:12:03] [SEVERE ] removing card from slot 5
[2022-12-18 11:12:03] [SEVERE ] setting player 1 freeze to 108
[2022-12-18 11:12:03] [SEVERE ] removing card from slot 6
[2022-12-18 11:12:03] [SEVERE ] removing card from slot 7
[2022-12-18 11:12:03] [SEVERE ] removing card from slot 8
[2022-12-18 11:12:04] [SEVERE ] removing card from slot 9
[2022-12-18 11:12:04] [SEVERE ] removing card from slot 10
[2022-12-18 11:12:04] [SEVERE ] removing card from slot 11
[2022-12-18 11:12:04] [SEVERE ] announcing winners: [0, 1]
[2022-12-18 11:12:04] [INFO   ] Thread dealer terminated.
[2022-12-18 11:12:04] [INFO   ] Thread main terminated.
