[2022-12-18 10:14:10] [INFO   ] cannot read configuration file config.properties trying from resources.
[2022-12-18 10:14:10] [INFO   ] configuration file was loaded from resources directory.
[2022-12-18 10:14:11] [INFO   ] Thread dealer starting.
[2022-12-18 10:14:11] [INFO   ] Thread 2starting.
[2022-12-18 10:14:11] [INFO   ] Thread 0starting.
[2022-12-18 10:14:11] [INFO   ] Thread 1starting.
[2022-12-18 10:14:11] [INFO   ] Thread computer-2 starting.
[2022-12-18 10:14:11] [INFO   ] Thread computer-1 starting.
[2022-12-18 10:14:11] [SEVERE ] placing card 68 in slot 0
[2022-12-18 10:14:11] [SEVERE ] placing card 39 in slot 1
[2022-12-18 10:14:11] [SEVERE ] placing card 30 in slot 2
[2022-12-18 10:14:11] [SEVERE ] placing card 4 in slot 3
[2022-12-18 10:14:11] [SEVERE ] placing card 12 in slot 4
[2022-12-18 10:14:11] [SEVERE ] placing card 78 in slot 5
[2022-12-18 10:14:11] [SEVERE ] placing card 69 in slot 6
[2022-12-18 10:14:11] [SEVERE ] placing card 33 in slot 7
[2022-12-18 10:14:12] [SEVERE ] placing card 58 in slot 8
[2022-12-18 10:14:12] [SEVERE ] placing card 32 in slot 9
[2022-12-18 10:14:12] [SEVERE ] placing card 11 in slot 10
[2022-12-18 10:14:12] [SEVERE ] placing card 62 in slot 11
[2022-12-18 10:14:12] [SEVERE ] player 2 placing token on slot 0
[2022-12-18 10:14:12] [SEVERE ] player 1 placing token on slot 6
[2022-12-18 10:14:12] [SEVERE ] player 2 placing token on slot 5
[2022-12-18 10:14:12] [SEVERE ] player 1 placing token on slot 9
[2022-12-18 10:14:13] [SEVERE ] player 2 placing token on slot 9
[2022-12-18 10:14:13] [SEVERE ] player 1 placing token on slot 2
[2022-12-18 10:14:13] [SEVERE ] setting player 2 freeze to 3000
[2022-12-18 10:14:13] [SEVERE ] setting player 1 freeze to 3000
[2022-12-18 10:14:14] [SEVERE ] setting player 2 freeze to 2043
[2022-12-18 10:14:14] [SEVERE ] setting player 1 freeze to 2043
[2022-12-18 10:14:14] [SEVERE ] setting player 1 freeze to 1090
[2022-12-18 10:14:14] [SEVERE ] setting player 2 freeze to 1090
[2022-12-18 10:14:15] [SEVERE ] setting player 1 freeze to 133
[2022-12-18 10:14:15] [SEVERE ] setting player 2 freeze to 133
[2022-12-18 10:14:16] [SEVERE ] setting player 1 freeze to 0
[2022-12-18 10:14:16] [SEVERE ] setting player 2 freeze to 0
[2022-12-18 10:14:16] [SEVERE ] removing player 2 token from slot 5
[2022-12-18 10:14:17] [SEVERE ] player 2 placing token on slot 2
[2022-12-18 10:14:17] [SEVERE ] removing player 2 token from slot 0
[2022-12-18 10:14:17] [SEVERE ] player 2 placing token on slot 10
[2022-12-18 10:14:17] [SEVERE ] removing player 2 token from slot 9
[2022-12-18 10:14:18] [SEVERE ] player 2 placing token on slot 9
[2022-12-18 10:14:18] [SEVERE ] setting player 2 freeze to 3000
[2022-12-18 10:14:18] [SEVERE ] removing player 1 token from slot 6
[2022-12-18 10:14:18] [SEVERE ] player 1 placing token on slot 1
[2022-12-18 10:14:19] [SEVERE ] setting player 2 freeze to 2035
[2022-12-18 10:14:19] [SEVERE ] removing player 1 token from slot 9
[2022-12-18 10:14:19] [SEVERE ] player 1 placing token on slot 8
[2022-12-18 10:14:20] [SEVERE ] setting player 2 freeze to 1082
[2022-12-18 10:14:20] [SEVERE ] setting player 2 freeze to 130
[2022-12-18 10:14:21] [SEVERE ] removing player 1 token from slot 2
[2022-12-18 10:14:21] [SEVERE ] player 1 placing token on slot 10
[2022-12-18 10:14:21] [SEVERE ] setting player 1 freeze to 3000
[2022-12-18 10:14:21] [SEVERE ] setting player 2 freeze to 0
[2022-12-18 10:14:22] [SEVERE ] setting player 1 freeze to 2050
[2022-12-18 10:14:22] [SEVERE ] removing player 2 token from slot 2
[2022-12-18 10:14:22] [SEVERE ] removing player 2 token from slot 9
[2022-12-18 10:14:23] [SEVERE ] player 2 placing token on slot 3
[2022-12-18 10:14:23] [SEVERE ] setting player 1 freeze to 1086
[2022-12-18 10:14:23] [SEVERE ] player 2 placing token on slot 1
[2022-12-18 10:14:23] [SEVERE ] setting player 2 freeze to 3000
[2022-12-18 10:14:24] [SEVERE ] setting player 1 freeze to 135
[2022-12-18 10:14:24] [SEVERE ] Key 83 was pressed by player 0
[2022-12-18 10:14:24] [SEVERE ] player 0 placing token on slot 5
[2022-12-18 10:14:24] [SEVERE ] setting player 2 freeze to 2049
[2022-12-18 10:14:24] [SEVERE ] Key 69 was pressed by player 0
[2022-12-18 10:14:24] [SEVERE ] player 0 placing token on slot 2
[2022-12-18 10:14:25] [SEVERE ] setting player 1 freeze to 0
[2022-12-18 10:14:25] [SEVERE ] setting player 2 freeze to 1094
[2022-12-18 10:14:25] [SEVERE ] removing player 1 token from slot 10
[2022-12-18 10:14:26] [SEVERE ] player 1 placing token on slot 5
[2022-12-18 10:14:26] [SEVERE ] setting player 1 freeze to 3000
[2022-12-18 10:14:26] [SEVERE ] Key 65 was pressed by player 0
[2022-12-18 10:14:26] [SEVERE ] player 0 placing token on slot 4
[2022-12-18 10:14:26] [SEVERE ] setting player 0 freeze to 3000
[2022-12-18 10:14:26] [SEVERE ] setting player 2 freeze to 130
[2022-12-18 10:14:27] [SEVERE ] setting player 1 freeze to 2041
[2022-12-18 10:14:27] [SEVERE ] setting player 0 freeze to 2042
[2022-12-18 10:14:27] [SEVERE ] setting player 2 freeze to 0
[2022-12-18 10:14:27] [SEVERE ] removing player 2 token from slot 1
[2022-12-18 10:14:27] [SEVERE ] player 2 placing token on slot 5
[2022-12-18 10:14:27] [SEVERE ] setting player 2 freeze to 3000
[2022-12-18 10:14:27] [SEVERE ] setting player 1 freeze to 1078
[2022-12-18 10:14:28] [SEVERE ] setting player 0 freeze to 1082
[2022-12-18 10:14:28] [SEVERE ] setting player 2 freeze to 2041
[2022-12-18 10:14:28] [SEVERE ] Key 90 was pressed by player 0
[2022-12-18 10:14:28] [SEVERE ] Key 83 was pressed by player 0
[2022-12-18 10:14:28] [SEVERE ] setting player 1 freeze to 121
[2022-12-18 10:14:29] [SEVERE ] setting player 0 freeze to 124
[2022-12-18 10:14:29] [SEVERE ] setting player 2 freeze to 1079
[2022-12-18 10:14:29] [SEVERE ] Key 83 was pressed by player 0
[2022-12-18 10:14:29] [SEVERE ] setting player 1 freeze to 0
[2022-12-18 10:14:29] [SEVERE ] setting player 0 freeze to 0
[2022-12-18 10:14:29] [SEVERE ] removing player 0 token from slot 5
[2022-12-18 10:14:29] [SEVERE ] player 0 placing token on slot 5
[2022-12-18 10:14:30] [SEVERE ] removing player 1 token from slot 8
[2022-12-18 10:14:30] [SEVERE ] setting player 2 freeze to 116
[2022-12-18 10:14:30] [SEVERE ] player 1 placing token on slot 10
[2022-12-18 10:14:30] [SEVERE ] Key 83 was pressed by player 0
[2022-12-18 10:14:30] [SEVERE ] removing player 0 token from slot 5
[2022-12-18 10:14:30] [SEVERE ] removing player 1 token from slot 1
[2022-12-18 10:14:31] [SEVERE ] player 1 placing token on slot 0
[2022-12-18 10:14:31] [SEVERE ] setting player 2 freeze to 0
[2022-12-18 10:14:31] [SEVERE ] removing player 2 token from slot 10
[2022-12-18 10:14:31] [SEVERE ] removing player 1 token from slot 10
[2022-12-18 10:14:31] [SEVERE ] removing player 2 token from slot 3
[2022-12-18 10:14:31] [SEVERE ] player 1 placing token on slot 2
[2022-12-18 10:14:31] [SEVERE ] removing player 2 token from slot 5
[2022-12-18 10:14:31] [SEVERE ] Key 65 was pressed by player 0
[2022-12-18 10:14:31] [SEVERE ] removing player 0 token from slot 4
[2022-12-18 10:14:31] [SEVERE ] player 2 placing token on slot 7
[2022-12-18 10:14:32] [SEVERE ] player 2 placing token on slot 0
[2022-12-18 10:14:32] [SEVERE ] player 2 placing token on slot 9
[2022-12-18 10:14:32] [SEVERE ] setting player 2 freeze to 3000
[2022-12-18 10:14:32] [SEVERE ] Key 69 was pressed by player 0
[2022-12-18 10:14:32] [SEVERE ] removing player 0 token from slot 2
[2022-12-18 10:14:33] [SEVERE ] Key 68 was pressed by player 0
[2022-12-18 10:14:33] [SEVERE ] player 0 placing token on slot 6
[2022-12-18 10:14:33] [SEVERE ] setting player 2 freeze to 2047
[2022-12-18 10:14:33] [SEVERE ] removing player 1 token from slot 5
[2022-12-18 10:14:33] [SEVERE ] Key 87 was pressed by player 0
[2022-12-18 10:14:33] [SEVERE ] player 0 placing token on slot 1
[2022-12-18 10:14:33] [SEVERE ] player 1 placing token on slot 7
[2022-12-18 10:14:33] [SEVERE ] setting player 1 freeze to 3000
[2022-12-18 10:14:34] [SEVERE ] setting player 2 freeze to 1087
[2022-12-18 10:14:34] [SEVERE ] Key 88 was pressed by player 0
[2022-12-18 10:14:34] [SEVERE ] player 0 placing token on slot 9
[2022-12-18 10:14:34] [SEVERE ] setting player 0 freeze to 3000
[2022-12-18 10:14:34] [SEVERE ] setting player 1 freeze to 2037
[2022-12-18 10:14:35] [SEVERE ] setting player 2 freeze to 128
[2022-12-18 10:14:35] [SEVERE ] setting player 0 freeze to 2047
[2022-12-18 10:14:35] [SEVERE ] setting player 1 freeze to 1079
[2022-12-18 10:14:36] [SEVERE ] setting player 2 freeze to 0
[2022-12-18 10:14:36] [SEVERE ] setting player 0 freeze to 1088
[2022-12-18 10:14:36] [SEVERE ] setting player 1 freeze to 120
[2022-12-18 10:14:37] [SEVERE ] setting player 0 freeze to 122
[2022-12-18 10:14:37] [SEVERE ] removing player 2 token from slot 9
