[2022-12-14 18:37:24] [INFO   ] cannot read configuration file config.properties trying from resources.
[2022-12-14 18:37:24] [INFO   ] configuration file was loaded from resources directory.
[2022-12-14 18:37:24] [INFO   ] Thread dealer starting.
[2022-12-14 18:37:24] [INFO   ] Thread 0starting.
[2022-12-14 18:37:24] [INFO   ] Thread 1starting.
[2022-12-14 18:37:24] [SEVERE ] placing card 46 in slot 0
[2022-12-14 18:37:24] [SEVERE ] placing card 40 in slot 1
[2022-12-14 18:37:24] [SEVERE ] placing card 65 in slot 2
[2022-12-14 18:37:25] [SEVERE ] placing card 42 in slot 3
[2022-12-14 18:37:25] [SEVERE ] placing card 73 in slot 4
[2022-12-14 18:37:25] [SEVERE ] placing card 57 in slot 5
[2022-12-14 18:37:25] [SEVERE ] placing card 15 in slot 6
[2022-12-14 18:37:25] [SEVERE ] placing card 66 in slot 7
[2022-12-14 18:37:25] [SEVERE ] placing card 52 in slot 8
[2022-12-14 18:37:25] [SEVERE ] placing card 41 in slot 9
[2022-12-14 18:37:25] [SEVERE ] placing card 63 in slot 10
[2022-12-14 18:37:25] [SEVERE ] placing card 74 in slot 11
[2022-12-14 18:37:26] [SEVERE ] removing card from slot 0
[2022-12-14 18:37:26] [SEVERE ] removing card from slot 1
[2022-12-14 18:37:26] [SEVERE ] removing card from slot 2
[2022-12-14 18:37:26] [SEVERE ] removing card from slot 3
[2022-12-14 18:37:27] [SEVERE ] removing card from slot 4
[2022-12-14 18:37:27] [SEVERE ] removing card from slot 5
[2022-12-14 18:37:27] [SEVERE ] removing card from slot 6
[2022-12-14 18:37:27] [SEVERE ] removing card from slot 7
[2022-12-14 18:37:27] [SEVERE ] removing card from slot 8
[2022-12-14 18:37:27] [SEVERE ] removing card from slot 9
[2022-12-14 18:37:27] [SEVERE ] removing card from slot 10
[2022-12-14 18:37:27] [SEVERE ] removing card from slot 11
[2022-12-14 18:37:27] [SEVERE ] placing card 56 in slot 0
[2022-12-14 18:37:28] [SEVERE ] placing card 32 in slot 1
[2022-12-14 18:37:28] [SEVERE ] placing card 49 in slot 2
[2022-12-14 18:37:28] [SEVERE ] placing card 22 in slot 3
[2022-12-14 18:37:28] [SEVERE ] placing card 78 in slot 4
[2022-12-14 18:37:28] [SEVERE ] placing card 11 in slot 5
[2022-12-14 18:37:28] [SEVERE ] placing card 66 in slot 6
[2022-12-14 18:37:28] [SEVERE ] placing card 55 in slot 7
[2022-12-14 18:37:28] [SEVERE ] placing card 45 in slot 8
[2022-12-14 18:37:28] [SEVERE ] placing card 30 in slot 9
[2022-12-14 18:37:29] [SEVERE ] placing card 72 in slot 10
[2022-12-14 18:37:29] [SEVERE ] placing card 15 in slot 11
[2022-12-14 18:37:29] [SEVERE ] removing card from slot 0
[2022-12-14 18:37:29] [SEVERE ] removing card from slot 1
[2022-12-14 18:37:29] [SEVERE ] removing card from slot 2
[2022-12-14 18:37:30] [SEVERE ] removing card from slot 3
[2022-12-14 18:37:30] [SEVERE ] removing card from slot 4
[2022-12-14 18:37:30] [SEVERE ] removing card from slot 5
[2022-12-14 18:37:30] [SEVERE ] removing card from slot 6
[2022-12-14 18:37:30] [SEVERE ] removing card from slot 7
[2022-12-14 18:37:30] [SEVERE ] removing card from slot 8
[2022-12-14 18:37:30] [SEVERE ] removing card from slot 9
[2022-12-14 18:37:30] [SEVERE ] removing card from slot 10
[2022-12-14 18:37:30] [SEVERE ] removing card from slot 11
[2022-12-14 18:37:31] [SEVERE ] placing card 55 in slot 0
[2022-12-14 18:37:31] [SEVERE ] placing card 26 in slot 1
[2022-12-14 18:37:31] [SEVERE ] placing card 17 in slot 2
[2022-12-14 18:37:31] [SEVERE ] placing card 32 in slot 3
[2022-12-14 18:37:31] [SEVERE ] placing card 52 in slot 4
[2022-12-14 18:37:31] [SEVERE ] placing card 22 in slot 5
[2022-12-14 18:37:31] [SEVERE ] placing card 38 in slot 6
[2022-12-14 18:37:31] [SEVERE ] placing card 76 in slot 7
[2022-12-14 18:37:31] [SEVERE ] placing card 54 in slot 8
[2022-12-14 18:37:32] [SEVERE ] placing card 56 in slot 9
[2022-12-14 18:37:32] [SEVERE ] placing card 41 in slot 10
[2022-12-14 18:37:32] [SEVERE ] placing card 24 in slot 11
[2022-12-14 18:37:32] [SEVERE ] removing card from slot 0
[2022-12-14 18:37:33] [SEVERE ] removing card from slot 1
[2022-12-14 18:37:33] [SEVERE ] removing card from slot 2
[2022-12-14 18:37:33] [SEVERE ] removing card from slot 3
[2022-12-14 18:37:33] [SEVERE ] removing card from slot 4
[2022-12-14 18:37:33] [SEVERE ] removing card from slot 5
[2022-12-14 18:37:33] [SEVERE ] removing card from slot 6
