[2022-12-17 17:53:05] [INFO   ] cannot read configuration file config.properties trying from resources.
[2022-12-17 17:53:05] [INFO   ] configuration file was loaded from resources directory.
[2022-12-17 17:53:06] [INFO   ] Thread dealer starting.
[2022-12-17 17:53:06] [INFO   ] Thread 1starting.
[2022-12-17 17:53:06] [INFO   ] Thread 0starting.
[2022-12-17 17:53:06] [SEVERE ] placing card 6 in slot 0
[2022-12-17 17:53:06] [SEVERE ] placing card 76 in slot 1
[2022-12-17 17:53:06] [SEVERE ] placing card 77 in slot 2
[2022-12-17 17:53:06] [SEVERE ] placing card 69 in slot 3
[2022-12-17 17:53:06] [SEVERE ] placing card 32 in slot 4
[2022-12-17 17:53:06] [SEVERE ] placing card 1 in slot 5
[2022-12-17 17:53:06] [SEVERE ] placing card 44 in slot 6
[2022-12-17 17:53:07] [SEVERE ] placing card 59 in slot 7
[2022-12-17 17:53:07] [SEVERE ] placing card 43 in slot 8
[2022-12-17 17:53:07] [SEVERE ] placing card 54 in slot 9
[2022-12-17 17:53:07] [SEVERE ] placing card 2 in slot 10
[2022-12-17 17:53:07] [SEVERE ] placing card 68 in slot 11
[2022-12-17 17:53:26] [SEVERE ] Key 87 was pressed by player 0
[2022-12-17 17:53:26] [SEVERE ] player 0 placing token on slot 1
[2022-12-17 17:53:27] [SEVERE ] Key 83 was pressed by player 0
[2022-12-17 17:53:27] [SEVERE ] player 0 placing token on slot 5
[2022-12-17 17:53:29] [SEVERE ] Key 90 was pressed by player 0
[2022-12-17 17:53:29] [SEVERE ] player 0 placing token on slot 8
[2022-12-17 17:53:29] [SEVERE ] setting player 0 score to 1
[2022-12-17 17:53:30] [SEVERE ] setting player 0 freeze to 1000
[2022-12-17 17:53:31] [SEVERE ] setting player 0 freeze to 35
[2022-12-17 17:53:32] [SEVERE ] setting player 0 freeze to 0
[2022-12-17 17:53:32] [SEVERE ] removing player 0 token from slot 1
[2022-12-17 17:53:32] [SEVERE ] removing player 0 token from slot 5
[2022-12-17 17:53:32] [SEVERE ] removing player 0 token from slot 8
[2022-12-17 17:53:32] [SEVERE ] placing card 49 in slot 1
[2022-12-17 17:53:32] [SEVERE ] placing card 0 in slot 5
[2022-12-17 17:53:32] [SEVERE ] placing card 40 in slot 8
[2022-12-17 17:53:37] [SEVERE ] Key 69 was pressed by player 0
[2022-12-17 17:53:37] [SEVERE ] player 0 placing token on slot 2
[2022-12-17 17:53:39] [SEVERE ] Key 68 was pressed by player 0
[2022-12-17 17:53:39] [SEVERE ] player 0 placing token on slot 6
[2022-12-17 17:53:40] [SEVERE ] Key 67 was pressed by player 0
[2022-12-17 17:53:40] [SEVERE ] player 0 placing token on slot 10
[2022-12-17 17:53:40] [SEVERE ] setting player 0 score to 2
[2022-12-17 17:53:41] [SEVERE ] setting player 0 freeze to 1000
[2022-12-17 17:53:42] [SEVERE ] setting player 0 freeze to 42
[2022-12-17 17:53:43] [SEVERE ] setting player 0 freeze to 0
[2022-12-17 17:53:43] [SEVERE ] removing player 0 token from slot 2
[2022-12-17 17:53:43] [SEVERE ] removing player 0 token from slot 6
[2022-12-17 17:53:43] [SEVERE ] removing player 0 token from slot 10
[2022-12-17 17:53:43] [SEVERE ] placing card 16 in slot 2
[2022-12-17 17:53:43] [SEVERE ] placing card 14 in slot 6
[2022-12-17 17:53:43] [SEVERE ] placing card 50 in slot 10
[2022-12-17 17:53:48] [SEVERE ] Key 69 was pressed by player 0
[2022-12-17 17:53:48] [SEVERE ] player 0 placing token on slot 2
[2022-12-17 17:53:49] [SEVERE ] Key 88 was pressed by player 0
[2022-12-17 17:53:49] [SEVERE ] player 0 placing token on slot 9
[2022-12-17 17:53:51] [SEVERE ] Key 67 was pressed by player 0
[2022-12-17 17:53:51] [SEVERE ] player 0 placing token on slot 10
[2022-12-17 17:53:51] [SEVERE ] setting player 0 score to 3
[2022-12-17 17:53:52] [SEVERE ] setting player 0 freeze to 1000
[2022-12-17 17:53:53] [SEVERE ] setting player 0 freeze to 37
[2022-12-17 17:53:54] [SEVERE ] setting player 0 freeze to 0
[2022-12-17 17:53:54] [SEVERE ] removing player 0 token from slot 2
[2022-12-17 17:53:54] [SEVERE ] removing player 0 token from slot 9
[2022-12-17 17:53:54] [SEVERE ] removing player 0 token from slot 10
[2022-12-17 17:53:54] [SEVERE ] placing card 78 in slot 2
[2022-12-17 17:53:54] [SEVERE ] placing card 70 in slot 9
[2022-12-17 17:53:54] [SEVERE ] placing card 51 in slot 10
[2022-12-17 17:53:57] [SEVERE ] Key 81 was pressed by player 0
[2022-12-17 17:53:57] [SEVERE ] player 0 placing token on slot 0
[2022-12-17 17:53:58] [SEVERE ] Key 82 was pressed by player 0
[2022-12-17 17:53:58] [SEVERE ] player 0 placing token on slot 3
[2022-12-17 17:53:59] [SEVERE ] Key 67 was pressed by player 0
[2022-12-17 17:53:59] [SEVERE ] player 0 placing token on slot 10
[2022-12-17 17:53:59] [SEVERE ] setting player 0 score to 4
[2022-12-17 17:54:00] [SEVERE ] setting player 0 freeze to 1000
[2022-12-17 17:54:01] [SEVERE ] setting player 0 freeze to 36
[2022-12-17 17:54:02] [SEVERE ] setting player 0 freeze to 0
[2022-12-17 17:54:02] [SEVERE ] removing player 0 token from slot 0
[2022-12-17 17:54:02] [SEVERE ] removing player 0 token from slot 3
[2022-12-17 17:54:02] [SEVERE ] removing player 0 token from slot 10
[2022-12-17 17:54:02] [SEVERE ] placing card 42 in slot 0
[2022-12-17 17:54:02] [SEVERE ] placing card 62 in slot 3
[2022-12-17 17:54:02] [SEVERE ] placing card 22 in slot 10
[2022-12-17 17:54:06] [SEVERE ] Key 69 was pressed by player 0
[2022-12-17 17:54:06] [SEVERE ] player 0 placing token on slot 2
[2022-12-17 17:54:07] [SEVERE ] Key 82 was pressed by player 0
[2022-12-17 17:54:07] [SEVERE ] player 0 placing token on slot 3
[2022-12-17 17:54:08] [SEVERE ] Key 88 was pressed by player 0
[2022-12-17 17:54:08] [SEVERE ] player 0 placing token on slot 9
[2022-12-17 17:54:08] [SEVERE ] setting player 0 score to 5
[2022-12-17 17:54:09] [SEVERE ] setting player 0 freeze to 1000
[2022-12-17 17:54:10] [SEVERE ] setting player 0 freeze to 36
[2022-12-17 17:54:11] [SEVERE ] setting player 0 freeze to 0
[2022-12-17 17:54:11] [SEVERE ] removing player 0 token from slot 2
[2022-12-17 17:54:11] [SEVERE ] removing player 0 token from slot 3
[2022-12-17 17:54:11] [SEVERE ] removing player 0 token from slot 9
[2022-12-17 17:54:11] [SEVERE ] placing card 35 in slot 2
[2022-12-17 17:54:12] [SEVERE ] placing card 17 in slot 3
[2022-12-17 17:54:12] [SEVERE ] placing card 41 in slot 9
[2022-12-17 17:54:16] [SEVERE ] Key 68 was pressed by player 0
[2022-12-17 17:54:16] [SEVERE ] player 0 placing token on slot 6
[2022-12-17 17:54:18] [SEVERE ] Key 88 was pressed by player 0
[2022-12-17 17:54:18] [SEVERE ] player 0 placing token on slot 9
[2022-12-17 17:54:19] [SEVERE ] Key 86 was pressed by player 0
[2022-12-17 17:54:19] [SEVERE ] player 0 placing token on slot 11
[2022-12-17 17:54:19] [SEVERE ] setting player 0 score to 6
[2022-12-17 17:54:20] [SEVERE ] setting player 0 freeze to 1000
[2022-12-17 17:54:21] [SEVERE ] setting player 0 freeze to 39
[2022-12-17 17:54:22] [SEVERE ] setting player 0 freeze to 0
[2022-12-17 17:54:22] [SEVERE ] removing player 0 token from slot 6
[2022-12-17 17:54:22] [SEVERE ] removing player 0 token from slot 9
[2022-12-17 17:54:22] [SEVERE ] removing player 0 token from slot 11
[2022-12-17 17:54:22] [SEVERE ] placing card 19 in slot 6
[2022-12-17 17:54:22] [SEVERE ] placing card 4 in slot 9
[2022-12-17 17:54:22] [SEVERE ] placing card 71 in slot 11
[2022-12-17 17:54:27] [SEVERE ] Key 81 was pressed by player 0
[2022-12-17 17:54:27] [SEVERE ] player 0 placing token on slot 0
[2022-12-17 17:54:28] [SEVERE ] Key 68 was pressed by player 0
[2022-12-17 17:54:28] [SEVERE ] player 0 placing token on slot 6
[2022-12-17 17:54:29] [SEVERE ] Key 70 was pressed by player 0
[2022-12-17 17:54:29] [SEVERE ] player 0 placing token on slot 7
[2022-12-17 17:54:29] [SEVERE ] setting player 0 score to 7
[2022-12-17 17:54:30] [SEVERE ] setting player 0 freeze to 1000
[2022-12-17 17:54:31] [SEVERE ] setting player 0 freeze to 45
[2022-12-17 17:54:32] [SEVERE ] setting player 0 freeze to 0
[2022-12-17 17:54:32] [SEVERE ] removing player 0 token from slot 0
[2022-12-17 17:54:32] [SEVERE ] removing player 0 token from slot 6
[2022-12-17 17:54:32] [SEVERE ] removing player 0 token from slot 7
[2022-12-17 17:54:32] [SEVERE ] placing card 18 in slot 0
[2022-12-17 17:54:32] [SEVERE ] placing card 21 in slot 6
[2022-12-17 17:54:32] [SEVERE ] placing card 31 in slot 7
[2022-12-17 17:54:37] [SEVERE ] Key 81 was pressed by player 0
[2022-12-17 17:54:37] [SEVERE ] player 0 placing token on slot 0
[2022-12-17 17:54:39] [SEVERE ] Key 70 was pressed by player 0
[2022-12-17 17:54:39] [SEVERE ] player 0 placing token on slot 7
[2022-12-17 17:54:40] [SEVERE ] Key 86 was pressed by player 0
[2022-12-17 17:54:40] [SEVERE ] player 0 placing token on slot 11
[2022-12-17 17:54:40] [SEVERE ] setting player 0 score to 8
[2022-12-17 17:54:41] [SEVERE ] setting player 0 freeze to 1000
[2022-12-17 17:54:42] [SEVERE ] setting player 0 freeze to 35
[2022-12-17 17:54:43] [SEVERE ] setting player 0 freeze to 0
[2022-12-17 17:54:43] [SEVERE ] removing player 0 token from slot 0
[2022-12-17 17:54:43] [SEVERE ] removing player 0 token from slot 7
[2022-12-17 17:54:43] [SEVERE ] removing player 0 token from slot 11
[2022-12-17 17:54:43] [SEVERE ] placing card 57 in slot 0
[2022-12-17 17:54:43] [SEVERE ] placing card 45 in slot 7
[2022-12-17 17:54:44] [SEVERE ] placing card 10 in slot 11
[2022-12-17 17:54:48] [SEVERE ] Key 81 was pressed by player 0
[2022-12-17 17:54:48] [SEVERE ] player 0 placing token on slot 0
[2022-12-17 17:54:49] [SEVERE ] Key 65 was pressed by player 0
[2022-12-17 17:54:49] [SEVERE ] player 0 placing token on slot 4
[2022-12-17 17:54:51] [SEVERE ] Key 88 was pressed by player 0
[2022-12-17 17:54:51] [SEVERE ] player 0 placing token on slot 9
[2022-12-17 17:54:51] [SEVERE ] setting player 0 score to 9
[2022-12-17 17:54:52] [SEVERE ] setting player 0 freeze to 1000
[2022-12-17 17:54:53] [SEVERE ] setting player 0 freeze to 35
[2022-12-17 17:54:54] [SEVERE ] setting player 0 freeze to 0
[2022-12-17 17:54:54] [SEVERE ] removing player 0 token from slot 0
[2022-12-17 17:54:54] [SEVERE ] removing player 0 token from slot 4
[2022-12-17 17:54:54] [SEVERE ] removing player 0 token from slot 9
[2022-12-17 17:54:54] [SEVERE ] placing card 64 in slot 0
[2022-12-17 17:54:55] [SEVERE ] placing card 39 in slot 4
[2022-12-17 17:54:55] [SEVERE ] placing card 37 in slot 9
[2022-12-17 17:54:57] [SEVERE ] Key 81 was pressed by player 0
[2022-12-17 17:54:57] [SEVERE ] player 0 placing token on slot 0
[2022-12-17 17:54:58] [SEVERE ] Key 82 was pressed by player 0
[2022-12-17 17:54:58] [SEVERE ] player 0 placing token on slot 3
[2022-12-17 17:54:59] [SEVERE ] Key 65 was pressed by player 0
[2022-12-17 17:54:59] [SEVERE ] player 0 placing token on slot 4
[2022-12-17 17:54:59] [SEVERE ] setting player 0 score to 10
[2022-12-17 17:55:00] [SEVERE ] setting player 0 freeze to 1000
[2022-12-17 17:55:01] [SEVERE ] setting player 0 freeze to 48
[2022-12-17 17:55:02] [SEVERE ] setting player 0 freeze to 0
[2022-12-17 17:55:02] [SEVERE ] removing player 0 token from slot 0
[2022-12-17 17:55:02] [SEVERE ] removing player 0 token from slot 3
[2022-12-17 17:55:02] [SEVERE ] removing player 0 token from slot 4
[2022-12-17 17:55:02] [SEVERE ] placing card 12 in slot 0
[2022-12-17 17:55:02] [SEVERE ] placing card 48 in slot 3
[2022-12-17 17:55:02] [SEVERE ] placing card 58 in slot 4
[2022-12-17 17:55:07] [SEVERE ] Key 69 was pressed by player 0
[2022-12-17 17:55:07] [SEVERE ] player 0 placing token on slot 2
[2022-12-17 17:55:08] [SEVERE ] Key 65 was pressed by player 0
[2022-12-17 17:55:08] [SEVERE ] player 0 placing token on slot 4
[2022-12-17 17:55:08] [SEVERE ] Key 83 was pressed by player 0
[2022-12-17 17:55:08] [SEVERE ] player 0 placing token on slot 5
[2022-12-17 17:55:08] [SEVERE ] setting player 0 score to 11
[2022-12-17 17:55:09] [SEVERE ] setting player 0 freeze to 1000
[2022-12-17 17:55:10] [SEVERE ] setting player 0 freeze to 34
[2022-12-17 17:55:11] [SEVERE ] setting player 0 freeze to 0
[2022-12-17 17:55:11] [SEVERE ] removing player 0 token from slot 2
[2022-12-17 17:55:11] [SEVERE ] removing player 0 token from slot 4
[2022-12-17 17:55:11] [SEVERE ] removing player 0 token from slot 5
[2022-12-17 17:55:11] [SEVERE ] placing card 24 in slot 2
[2022-12-17 17:55:11] [SEVERE ] placing card 26 in slot 4
[2022-12-17 17:55:12] [SEVERE ] placing card 8 in slot 5
[2022-12-17 17:55:17] [SEVERE ] Key 83 was pressed by player 0
[2022-12-17 17:55:17] [SEVERE ] player 0 placing token on slot 5
[2022-12-17 17:55:17] [SEVERE ] Key 68 was pressed by player 0
[2022-12-17 17:55:17] [SEVERE ] player 0 placing token on slot 6
[2022-12-17 17:55:18] [SEVERE ] Key 86 was pressed by player 0
[2022-12-17 17:55:18] [SEVERE ] player 0 placing token on slot 11
[2022-12-17 17:55:18] [SEVERE ] setting player 0 score to 12
[2022-12-17 17:55:19] [SEVERE ] setting player 0 freeze to 1000
[2022-12-17 17:55:20] [SEVERE ] setting player 0 freeze to 39
[2022-12-17 17:55:21] [SEVERE ] setting player 0 freeze to 0
[2022-12-17 17:55:21] [SEVERE ] removing player 0 token from slot 5
[2022-12-17 17:55:21] [SEVERE ] removing player 0 token from slot 6
[2022-12-17 17:55:21] [SEVERE ] removing player 0 token from slot 11
[2022-12-17 17:55:21] [SEVERE ] placing card 80 in slot 5
[2022-12-17 17:55:21] [SEVERE ] placing card 74 in slot 6
[2022-12-17 17:55:21] [SEVERE ] placing card 79 in slot 11
[2022-12-17 17:55:26] [SEVERE ] Key 87 was pressed by player 0
[2022-12-17 17:55:26] [SEVERE ] player 0 placing token on slot 1
[2022-12-17 17:55:27] [SEVERE ] Key 69 was pressed by player 0
[2022-12-17 17:55:27] [SEVERE ] player 0 placing token on slot 2
[2022-12-17 17:55:28] [SEVERE ] Key 68 was pressed by player 0
[2022-12-17 17:55:28] [SEVERE ] player 0 placing token on slot 6
[2022-12-17 17:55:28] [SEVERE ] setting player 0 score to 13
[2022-12-17 17:55:29] [SEVERE ] setting player 0 freeze to 1000
[2022-12-17 17:55:30] [SEVERE ] setting player 0 freeze to 38
[2022-12-17 17:55:31] [SEVERE ] setting player 0 freeze to 0
[2022-12-17 17:55:31] [SEVERE ] removing player 0 token from slot 1
[2022-12-17 17:55:31] [SEVERE ] removing player 0 token from slot 2
[2022-12-17 17:55:31] [SEVERE ] removing player 0 token from slot 6
[2022-12-17 17:55:31] [SEVERE ] placing card 47 in slot 1
[2022-12-17 17:55:32] [SEVERE ] placing card 33 in slot 2
[2022-12-17 17:55:32] [SEVERE ] placing card 30 in slot 6
[2022-12-17 17:55:38] [SEVERE ] Key 87 was pressed by player 0
[2022-12-17 17:55:38] [SEVERE ] player 0 placing token on slot 1
[2022-12-17 17:55:38] [SEVERE ] Key 69 was pressed by player 0
[2022-12-17 17:55:38] [SEVERE ] player 0 placing token on slot 2
[2022-12-17 17:55:39] [SEVERE ] Key 90 was pressed by player 0
[2022-12-17 17:55:39] [SEVERE ] player 0 placing token on slot 8
[2022-12-17 17:55:39] [SEVERE ] setting player 0 score to 14
[2022-12-17 17:55:40] [SEVERE ] setting player 0 freeze to 1000
[2022-12-17 17:55:41] [SEVERE ] setting player 0 freeze to 48
[2022-12-17 17:55:42] [SEVERE ] setting player 0 freeze to 0
[2022-12-17 17:55:42] [SEVERE ] removing player 0 token from slot 1
[2022-12-17 17:55:42] [SEVERE ] removing player 0 token from slot 2
[2022-12-17 17:55:42] [SEVERE ] removing player 0 token from slot 8
[2022-12-17 17:55:42] [SEVERE ] placing card 20 in slot 1
[2022-12-17 17:55:42] [SEVERE ] placing card 38 in slot 2
[2022-12-17 17:55:42] [SEVERE ] placing card 27 in slot 8
