[2022-12-14 16:41:35] [INFO   ] cannot read configuration file config.properties trying from resources.
[2022-12-14 16:41:35] [INFO   ] configuration file was loaded from resources directory.
[2022-12-14 16:41:35] [INFO   ] Thread dealer starting.
[2022-12-14 16:41:35] [INFO   ] Thread 1starting.
[2022-12-14 16:41:35] [INFO   ] Thread 0starting.
[2022-12-14 16:41:35] [SEVERE ] placing card 78 in slot 0
[2022-12-14 16:41:35] [SEVERE ] placing card 54 in slot 1
[2022-12-14 16:41:35] [SEVERE ] placing card 33 in slot 2
[2022-12-14 16:41:36] [SEVERE ] placing card 3 in slot 3
[2022-12-14 16:41:36] [SEVERE ] placing card 61 in slot 4
[2022-12-14 16:41:36] [SEVERE ] placing card 11 in slot 5
[2022-12-14 16:41:36] [SEVERE ] placing card 80 in slot 6
[2022-12-14 16:41:36] [SEVERE ] placing card 44 in slot 7
[2022-12-14 16:41:36] [SEVERE ] placing card 65 in slot 8
[2022-12-14 16:41:36] [SEVERE ] placing card 62 in slot 9
[2022-12-14 16:41:36] [SEVERE ] placing card 63 in slot 10
[2022-12-14 16:41:36] [SEVERE ] placing card 72 in slot 11
[2022-12-14 16:41:37] [SEVERE ] Key 80 was pressed by player 1
[2022-12-14 16:41:37] [SEVERE ] player 1 placing token on slot 3
[2022-12-14 16:41:38] [SEVERE ] Key 76 was pressed by player 1
[2022-12-14 16:41:38] [SEVERE ] player 1 placing token on slot 6
[2022-12-14 16:41:39] [SEVERE ] Key 59 was pressed by player 1
[2022-12-14 16:41:39] [SEVERE ] player 1 placing token on slot 7
[2022-12-14 16:41:39] [SEVERE ] setting player 1 freeze to 3000
