[2022-12-17 16:06:37] [INFO   ] cannot read configuration file config.properties trying from resources.
[2022-12-17 16:06:37] [INFO   ] configuration file was loaded from resources directory.
[2022-12-17 16:06:37] [INFO   ] Thread dealer starting.
[2022-12-17 16:06:37] [INFO   ] Thread 0starting.
[2022-12-17 16:06:37] [INFO   ] Thread computer-0 starting.
[2022-12-17 16:06:37] [SEVERE ] placing card 44 in slot 0
[2022-12-17 16:06:37] [SEVERE ] player 0 placing token on slot 1
[2022-12-17 16:06:37] [SEVERE ] placing card 16 in slot 1
[2022-12-17 16:06:38] [SEVERE ] placing card 59 in slot 2
[2022-12-17 16:06:38] [SEVERE ] placing card 17 in slot 3
[2022-12-17 16:06:38] [SEVERE ] removing player 0 token from slot 1
[2022-12-17 16:06:38] [SEVERE ] placing card 72 in slot 4
[2022-12-17 16:06:38] [SEVERE ] player 0 placing token on slot 3
[2022-12-17 16:06:38] [SEVERE ] placing card 31 in slot 5
[2022-12-17 16:06:38] [SEVERE ] placing card 54 in slot 6
[2022-12-17 16:06:38] [SEVERE ] placing card 8 in slot 7
[2022-12-17 16:06:38] [SEVERE ] removing player 0 token from slot 3
[2022-12-17 16:06:38] [SEVERE ] placing card 69 in slot 8
[2022-12-17 16:06:38] [SEVERE ] placing card 61 in slot 9
[2022-12-17 16:06:38] [SEVERE ] player 0 placing token on slot 5
[2022-12-17 16:06:38] [SEVERE ] removing player 0 token from slot 5
[2022-12-17 16:06:38] [SEVERE ] placing card 0 in slot 10
[2022-12-17 16:06:39] [SEVERE ] placing card 77 in slot 11
[2022-12-17 16:06:39] [SEVERE ] player 0 placing token on slot 9
[2022-12-17 16:06:39] [SEVERE ] removing player 0 token from slot 9
[2022-12-17 16:06:39] [SEVERE ] player 0 placing token on slot 3
[2022-12-17 16:06:39] [SEVERE ] removing player 0 token from slot 3
[2022-12-17 16:06:40] [SEVERE ] player 0 placing token on slot 5
[2022-12-17 16:06:40] [SEVERE ] removing player 0 token from slot 5
[2022-12-17 16:06:40] [SEVERE ] player 0 placing token on slot 2
[2022-12-17 16:06:40] [SEVERE ] removing player 0 token from slot 2
[2022-12-17 16:06:40] [SEVERE ] player 0 placing token on slot 5
[2022-12-17 16:06:40] [SEVERE ] removing player 0 token from slot 5
[2022-12-17 16:06:41] [SEVERE ] player 0 placing token on slot 2
[2022-12-17 16:06:41] [SEVERE ] removing player 0 token from slot 2
[2022-12-17 16:06:41] [SEVERE ] player 0 placing token on slot 2
[2022-12-17 16:06:43] [SEVERE ] removing player 0 token from slot 2
[2022-12-17 16:06:43] [SEVERE ] player 0 placing token on slot 2
[2022-12-17 16:06:44] [SEVERE ] removing player 0 token from slot 2
[2022-12-17 16:06:44] [SEVERE ] player 0 placing token on slot 6
[2022-12-17 16:06:47] [SEVERE ] removing player 0 token from slot 6
[2022-12-17 16:06:47] [SEVERE ] player 0 placing token on slot 7
[2022-12-17 16:06:48] [SEVERE ] removing player 0 token from slot 7
[2022-12-17 16:06:48] [SEVERE ] player 0 placing token on slot 5
[2022-12-17 16:06:48] [SEVERE ] removing player 0 token from slot 5
[2022-12-17 16:06:48] [SEVERE ] player 0 placing token on slot 3
[2022-12-17 16:06:49] [SEVERE ] removing player 0 token from slot 3
[2022-12-17 16:06:49] [SEVERE ] player 0 placing token on slot 0
[2022-12-17 16:06:50] [SEVERE ] removing player 0 token from slot 0
[2022-12-17 16:06:50] [SEVERE ] player 0 placing token on slot 9
[2022-12-17 16:06:53] [SEVERE ] removing player 0 token from slot 9
[2022-12-17 16:06:53] [SEVERE ] player 0 placing token on slot 5
[2022-12-17 16:06:57] [SEVERE ] removing player 0 token from slot 5
[2022-12-17 16:06:57] [SEVERE ] player 0 placing token on slot 1
[2022-12-17 16:06:58] [SEVERE ] removing player 0 token from slot 1
[2022-12-17 16:06:58] [SEVERE ] player 0 placing token on slot 9
[2022-12-17 16:07:02] [SEVERE ] removing player 0 token from slot 9
[2022-12-17 16:07:02] [SEVERE ] player 0 placing token on slot 3
[2022-12-17 16:07:03] [SEVERE ] removing player 0 token from slot 3
