[2022-12-17 21:48:50] [INFO   ] cannot read configuration file config.properties trying from resources.
[2022-12-17 21:48:50] [INFO   ] configuration file was loaded from resources directory.
[2022-12-17 21:48:50] [INFO   ] Thread dealer starting.
[2022-12-17 21:48:50] [INFO   ] Thread 0starting.
[2022-12-17 21:48:50] [INFO   ] Thread 1starting.
[2022-12-17 21:48:51] [SEVERE ] placing card 76 in slot 0
[2022-12-17 21:48:51] [SEVERE ] placing card 14 in slot 1
[2022-12-17 21:48:51] [SEVERE ] placing card 40 in slot 2
[2022-12-17 21:48:51] [SEVERE ] placing card 17 in slot 3
[2022-12-17 21:48:51] [SEVERE ] placing card 78 in slot 4
[2022-12-17 21:48:51] [SEVERE ] placing card 44 in slot 5
[2022-12-17 21:48:51] [SEVERE ] placing card 56 in slot 6
[2022-12-17 21:48:51] [SEVERE ] placing card 26 in slot 7
[2022-12-17 21:48:51] [SEVERE ] placing card 48 in slot 8
[2022-12-17 21:48:52] [SEVERE ] placing card 61 in slot 9
[2022-12-17 21:48:52] [SEVERE ] placing card 33 in slot 10
[2022-12-17 21:48:52] [SEVERE ] placing card 38 in slot 11
[2022-12-17 21:48:52] [SEVERE ] Key 83 was pressed by player 0
[2022-12-17 21:48:52] [SEVERE ] player 0 placing token on slot 5
[2022-12-17 21:48:53] [SEVERE ] Key 74 was pressed by player 1
[2022-12-17 21:48:53] [SEVERE ] player 1 placing token on slot 4
[2022-12-17 21:48:53] [SEVERE ] Key 87 was pressed by player 0
[2022-12-17 21:48:53] [SEVERE ] player 0 placing token on slot 1
[2022-12-17 21:48:54] [SEVERE ] Key 83 was pressed by player 0
[2022-12-17 21:48:54] [SEVERE ] removing player 0 token from slot 5
[2022-12-17 21:48:55] [SEVERE ] Key 68 was pressed by player 0
[2022-12-17 21:48:55] [SEVERE ] player 0 placing token on slot 6
[2022-12-17 21:48:55] [SEVERE ] Key 69 was pressed by player 0
[2022-12-17 21:48:55] [SEVERE ] player 0 placing token on slot 2
[2022-12-17 21:48:55] [SEVERE ] setting player 0 freeze to 3000
[2022-12-17 21:48:56] [SEVERE ] setting player 0 freeze to 2034
[2022-12-17 21:48:57] [SEVERE ] Key 68 was pressed by player 0
[2022-12-17 21:48:57] [SEVERE ] setting player 0 freeze to 1072
[2022-12-17 21:48:58] [SEVERE ] Key 69 was pressed by player 0
[2022-12-17 21:48:58] [SEVERE ] setting player 0 freeze to 109
[2022-12-17 21:48:59] [SEVERE ] setting player 0 freeze to 0
[2022-12-17 21:48:59] [SEVERE ] removing player 0 token from slot 6
[2022-12-17 21:48:59] [SEVERE ] removing player 0 token from slot 2
[2022-12-17 21:49:01] [SEVERE ] Key 68 was pressed by player 0
[2022-12-17 21:49:01] [SEVERE ] player 0 placing token on slot 6
[2022-12-17 21:49:01] [SEVERE ] Key 87 was pressed by player 0
[2022-12-17 21:49:01] [SEVERE ] removing player 0 token from slot 1
[2022-12-17 21:49:02] [SEVERE ] Key 68 was pressed by player 0
[2022-12-17 21:49:02] [SEVERE ] removing player 0 token from slot 6
[2022-12-17 21:49:02] [SEVERE ] Key 68 was pressed by player 0
[2022-12-17 21:49:02] [SEVERE ] player 0 placing token on slot 6
[2022-12-17 21:49:02] [SEVERE ] Key 87 was pressed by player 0
[2022-12-17 21:49:02] [SEVERE ] player 0 placing token on slot 1
[2022-12-17 21:49:03] [SEVERE ] Key 82 was pressed by player 0
[2022-12-17 21:49:03] [SEVERE ] player 0 placing token on slot 3
[2022-12-17 21:49:03] [SEVERE ] setting player 0 freeze to 3000
[2022-12-17 21:49:04] [SEVERE ] setting player 0 freeze to 2037
[2022-12-17 21:49:05] [SEVERE ] setting player 0 freeze to 1076
[2022-12-17 21:49:06] [SEVERE ] setting player 0 freeze to 115
[2022-12-17 21:49:07] [SEVERE ] setting player 0 freeze to 0
