[2022-12-14 19:46:04] [INFO   ] cannot read configuration file config.properties trying from resources.
[2022-12-14 19:46:04] [INFO   ] configuration file was loaded from resources directory.
[2022-12-14 19:46:05] [INFO   ] Thread dealer starting.
[2022-12-14 19:46:05] [INFO   ] Thread 1starting.
[2022-12-14 19:46:05] [INFO   ] Thread 0starting.
[2022-12-14 19:46:05] [SEVERE ] placing card 19 in slot 0
[2022-12-14 19:46:05] [SEVERE ] placing card 50 in slot 1
[2022-12-14 19:46:05] [SEVERE ] placing card 62 in slot 2
[2022-12-14 19:46:05] [SEVERE ] placing card 42 in slot 3
[2022-12-14 19:46:05] [SEVERE ] placing card 39 in slot 4
[2022-12-14 19:46:06] [SEVERE ] placing card 77 in slot 5
[2022-12-14 19:46:06] [SEVERE ] placing card 15 in slot 6
[2022-12-14 19:46:06] [SEVERE ] placing card 6 in slot 7
[2022-12-14 19:46:06] [SEVERE ] placing card 59 in slot 8
[2022-12-14 19:46:06] [SEVERE ] placing card 24 in slot 9
[2022-12-14 19:46:06] [SEVERE ] placing card 10 in slot 10
[2022-12-14 19:46:06] [SEVERE ] placing card 0 in slot 11
[2022-12-14 19:46:21] [SEVERE ] Key 81 was pressed by player 0
[2022-12-14 19:46:21] [SEVERE ] player 0 placing token on slot 0
[2022-12-14 19:46:22] [SEVERE ] Key 85 was pressed by player 1
[2022-12-14 19:46:22] [SEVERE ] player 1 placing token on slot 0
[2022-12-14 19:46:23] [SEVERE ] Key 79 was pressed by player 1
[2022-12-14 19:46:23] [SEVERE ] player 1 placing token on slot 2
[2022-12-14 19:46:24] [SEVERE ] Key 82 was pressed by player 0
[2022-12-14 19:46:24] [SEVERE ] player 0 placing token on slot 3
[2022-12-14 19:46:28] [SEVERE ] Key 74 was pressed by player 1
[2022-12-14 19:46:28] [SEVERE ] player 1 placing token on slot 4
[2022-12-14 19:46:28] [SEVERE ] removing player 0 token from slot 0
[2022-12-14 19:46:28] [SEVERE ] removing player 1 token from slot 0
[2022-12-14 19:46:28] [SEVERE ] removing player 1 token from slot 2
[2022-12-14 19:46:28] [SEVERE ] removing player 1 token from slot 4
[2022-12-14 19:46:28] [SEVERE ] setting player 1 score to 1
[2022-12-14 19:46:28] [SEVERE ] Key 90 was pressed by player 0
[2022-12-14 19:46:28] [SEVERE ] player 0 placing token on slot 8
[2022-12-14 19:46:29] [SEVERE ] setting player 1 freeze to 1000
[2022-12-14 19:46:30] [SEVERE ] setting player 1 freeze to 40
[2022-12-14 19:46:31] [SEVERE ] setting player 1 freeze to 0
[2022-12-14 19:46:31] [SEVERE ] placing card 3 in slot 0
[2022-12-14 19:46:31] [SEVERE ] placing card 35 in slot 2
[2022-12-14 19:46:31] [SEVERE ] placing card 75 in slot 4
