[2022-12-17 21:20:41] [INFO   ] cannot read configuration file config.properties trying from resources.
[2022-12-17 21:20:41] [INFO   ] configuration file was loaded from resources directory.
[2022-12-17 21:20:42] [INFO   ] Thread dealer starting.
[2022-12-17 21:20:42] [INFO   ] Thread 1starting.
[2022-12-17 21:20:42] [INFO   ] Thread 0starting.
[2022-12-17 21:20:42] [SEVERE ] placing card 73 in slot 0
[2022-12-17 21:20:42] [SEVERE ] placing card 70 in slot 1
[2022-12-17 21:20:42] [SEVERE ] placing card 34 in slot 2
[2022-12-17 21:20:42] [SEVERE ] placing card 77 in slot 3
[2022-12-17 21:20:42] [SEVERE ] placing card 40 in slot 4
[2022-12-17 21:20:42] [SEVERE ] placing card 48 in slot 5
[2022-12-17 21:20:43] [SEVERE ] placing card 35 in slot 6
[2022-12-17 21:20:43] [SEVERE ] placing card 44 in slot 7
[2022-12-17 21:20:43] [SEVERE ] placing card 10 in slot 8
[2022-12-17 21:20:43] [SEVERE ] placing card 74 in slot 9
[2022-12-17 21:20:43] [SEVERE ] placing card 3 in slot 10
[2022-12-17 21:20:43] [SEVERE ] placing card 54 in slot 11
[2022-12-17 21:20:44] [SEVERE ] Key 81 was pressed by player 0
[2022-12-17 21:20:44] [SEVERE ] player 0 placing token on slot 0
[2022-12-17 21:20:44] [SEVERE ] Key 87 was pressed by player 0
[2022-12-17 21:20:44] [SEVERE ] player 0 placing token on slot 1
[2022-12-17 21:20:45] [SEVERE ] Key 69 was pressed by player 0
[2022-12-17 21:20:45] [SEVERE ] player 0 placing token on slot 2
[2022-12-17 21:20:45] [SEVERE ] setting player 0 freeze to 3000
[2022-12-17 21:20:46] [SEVERE ] setting player 0 freeze to 2035
[2022-12-17 21:20:46] [SEVERE ] setting player 0 freeze to 1078
[2022-12-17 21:20:47] [SEVERE ] setting player 0 freeze to 125
[2022-12-17 21:20:48] [SEVERE ] setting player 0 freeze to 0
[2022-12-17 21:20:48] [INFO   ] Thread main terminated.
