[2022-12-13 15:16:25] [INFO   ] cannot read configuration file config.properties trying from resources.
[2022-12-13 15:16:25] [INFO   ] configuration file was loaded from resources directory.
[2022-12-13 15:16:26] [INFO   ] Thread dealer starting.
[2022-12-13 15:16:26] [SEVERE ] placing card 12 in slot 0
[2022-12-13 15:16:26] [SEVERE ] placing card 40 in slot 1
[2022-12-13 15:16:26] [SEVERE ] placing card 7 in slot 2
[2022-12-13 15:16:26] [SEVERE ] placing card 3 in slot 3
[2022-12-13 15:16:26] [SEVERE ] placing card 20 in slot 4
[2022-12-13 15:16:26] [SEVERE ] placing card 62 in slot 5
[2022-12-13 15:16:27] [SEVERE ] placing card 47 in slot 6
[2022-12-13 15:16:27] [SEVERE ] placing card 68 in slot 7
[2022-12-13 15:16:27] [SEVERE ] placing card 79 in slot 8
[2022-12-13 15:16:27] [SEVERE ] placing card 25 in slot 9
[2022-12-13 15:16:27] [SEVERE ] placing card 38 in slot 10
[2022-12-13 15:16:27] [SEVERE ] placing card 60 in slot 11
[2022-12-13 15:16:30] [SEVERE ] Key 80 was pressed by player 1
[2022-12-13 15:16:36] [SEVERE ] Key 73 was pressed by player 1
[2022-12-13 15:16:38] [SEVERE ] Key 81 was pressed by player 0
[2022-12-13 15:16:39] [SEVERE ] Key 65 was pressed by player 0
[2022-12-13 15:16:39] [SEVERE ] Key 90 was pressed by player 0
[2022-12-13 15:16:40] [SEVERE ] Key 90 was pressed by player 0
[2022-12-13 15:16:40] [SEVERE ] Key 44 was pressed by player 1
