[2022-12-17 11:32:54] [INFO   ] cannot read configuration file config.properties trying from resources.
[2022-12-17 11:32:54] [INFO   ] configuration file was loaded from resources directory.
[2022-12-17 11:32:55] [INFO   ] Thread dealer starting.
[2022-12-17 11:32:55] [INFO   ] Thread 1starting.
[2022-12-17 11:32:55] [INFO   ] Thread 0starting.
[2022-12-17 11:32:55] [SEVERE ] placing card 3 in slot 0
[2022-12-17 11:32:55] [SEVERE ] placing card 28 in slot 1
[2022-12-17 11:32:55] [SEVERE ] placing card 78 in slot 2
[2022-12-17 11:32:55] [SEVERE ] placing card 38 in slot 3
[2022-12-17 11:32:55] [SEVERE ] placing card 50 in slot 4
[2022-12-17 11:32:55] [SEVERE ] placing card 51 in slot 5
[2022-12-17 11:32:56] [SEVERE ] placing card 39 in slot 6
[2022-12-17 11:32:56] [SEVERE ] placing card 79 in slot 7
[2022-12-17 11:32:56] [SEVERE ] placing card 76 in slot 8
[2022-12-17 11:32:56] [SEVERE ] placing card 19 in slot 9
[2022-12-17 11:32:56] [SEVERE ] placing card 35 in slot 10
[2022-12-17 11:32:56] [SEVERE ] placing card 10 in slot 11
[2022-12-17 11:33:02] [SEVERE ] Key 80 was pressed by player 1
[2022-12-17 11:33:02] [SEVERE ] player 1 placing token on slot 3
[2022-12-17 11:33:06] [SEVERE ] Key 74 was pressed by player 1
[2022-12-17 11:33:06] [SEVERE ] player 1 placing token on slot 4
[2022-12-17 11:33:08] [SEVERE ] Key 46 was pressed by player 1
[2022-12-17 11:33:08] [SEVERE ] player 1 placing token on slot 10
[2022-12-17 11:33:08] [SEVERE ] setting player 1 score to 1
[2022-12-17 11:33:09] [SEVERE ] setting player 1 freeze to 1000
[2022-12-17 11:33:10] [SEVERE ] setting player 1 freeze to 42
[2022-12-17 11:33:11] [SEVERE ] setting player 1 freeze to 0
[2022-12-17 11:33:11] [SEVERE ] removing player 1 token from slot 3
[2022-12-17 11:33:11] [SEVERE ] removing player 1 token from slot 4
[2022-12-17 11:33:11] [SEVERE ] removing player 1 token from slot 10
[2022-12-17 11:33:11] [INFO   ] Thread main terminated.
