[2022-12-14 16:48:25] [INFO   ] cannot read configuration file config.properties trying from resources.
[2022-12-14 16:48:25] [INFO   ] configuration file was loaded from resources directory.
[2022-12-14 16:48:25] [INFO   ] Thread dealer starting.
[2022-12-14 16:48:25] [INFO   ] Thread 1starting.
[2022-12-14 16:48:25] [INFO   ] Thread 0starting.
[2022-12-14 16:48:26] [SEVERE ] placing card 10 in slot 0
[2022-12-14 16:48:26] [SEVERE ] placing card 78 in slot 1
[2022-12-14 16:48:26] [SEVERE ] placing card 1 in slot 2
[2022-12-14 16:48:26] [SEVERE ] placing card 46 in slot 3
[2022-12-14 16:48:26] [SEVERE ] placing card 49 in slot 4
[2022-12-14 16:48:26] [SEVERE ] placing card 70 in slot 5
[2022-12-14 16:48:26] [SEVERE ] placing card 25 in slot 6
[2022-12-14 16:48:26] [SEVERE ] placing card 19 in slot 7
[2022-12-14 16:48:26] [SEVERE ] placing card 61 in slot 8
[2022-12-14 16:48:27] [SEVERE ] placing card 50 in slot 9
[2022-12-14 16:48:27] [SEVERE ] placing card 17 in slot 10
[2022-12-14 16:48:27] [SEVERE ] placing card 24 in slot 11
[2022-12-14 16:48:27] [SEVERE ] Key 80 was pressed by player 1
[2022-12-14 16:48:27] [SEVERE ] player 1 placing token on slot 3
[2022-12-14 16:48:28] [SEVERE ] Key 79 was pressed by player 1
[2022-12-14 16:48:28] [SEVERE ] player 1 placing token on slot 2
[2022-12-14 16:48:29] [SEVERE ] Key 73 was pressed by player 1
[2022-12-14 16:48:29] [SEVERE ] player 1 placing token on slot 1
[2022-12-14 16:48:29] [SEVERE ] setting player 1 freeze to 3000
[2022-12-14 16:48:30] [SEVERE ] setting player 1 freeze to 2040
[2022-12-14 16:48:31] [SEVERE ] setting player 1 freeze to 1086
[2022-12-14 16:48:31] [SEVERE ] setting player 1 freeze to 129
[2022-12-14 16:48:32] [SEVERE ] setting player 1 freeze to 0
[2022-12-14 16:48:35] [SEVERE ] Key 80 was pressed by player 1
[2022-12-14 16:48:35] [SEVERE ] removing player 1 token from slot 3
[2022-12-14 16:48:35] [SEVERE ] Key 79 was pressed by player 1
[2022-12-14 16:48:35] [SEVERE ] removing player 1 token from slot 2
[2022-12-14 16:48:36] [SEVERE ] Key 73 was pressed by player 1
[2022-12-14 16:48:36] [SEVERE ] removing player 1 token from slot 1
[2022-12-14 16:48:53] [SEVERE ] Key 87 was pressed by player 0
[2022-12-14 16:48:53] [SEVERE ] player 0 placing token on slot 1
[2022-12-14 16:48:53] [SEVERE ] Key 87 was pressed by player 0
[2022-12-14 16:48:53] [SEVERE ] removing player 0 token from slot 1
[2022-12-14 16:48:54] [SEVERE ] Key 81 was pressed by player 0
[2022-12-14 16:48:54] [SEVERE ] player 0 placing token on slot 0
[2022-12-14 16:48:54] [SEVERE ] Key 65 was pressed by player 0
[2022-12-14 16:48:54] [SEVERE ] player 0 placing token on slot 4
[2022-12-14 16:48:55] [SEVERE ] Key 90 was pressed by player 0
[2022-12-14 16:48:55] [SEVERE ] player 0 placing token on slot 8
[2022-12-14 16:48:55] [SEVERE ] removing player 0 token from slot 0
[2022-12-14 16:48:55] [SEVERE ] removing player 0 token from slot 4
[2022-12-14 16:48:55] [SEVERE ] removing player 0 token from slot 8
[2022-12-14 16:48:55] [SEVERE ] setting player 0 score to 1
[2022-12-14 16:48:56] [SEVERE ] setting player 0 freeze to 1000
[2022-12-14 16:48:57] [SEVERE ] setting player 0 freeze to 40
[2022-12-14 16:48:58] [SEVERE ] setting player 0 freeze to 0
[2022-12-14 16:48:58] [SEVERE ] placing card 48 in slot 0
[2022-12-14 16:48:59] [SEVERE ] placing card 40 in slot 4
[2022-12-14 16:48:59] [SEVERE ] placing card 8 in slot 8
