[2022-12-17 21:49:11] [INFO   ] cannot read configuration file config.properties trying from resources.
[2022-12-17 21:49:11] [INFO   ] configuration file was loaded from resources directory.
[2022-12-17 21:49:12] [INFO   ] Thread dealer starting.
[2022-12-17 21:49:12] [INFO   ] Thread 1starting.
[2022-12-17 21:49:12] [INFO   ] Thread 0starting.
[2022-12-17 21:49:12] [SEVERE ] placing card 15 in slot 0
[2022-12-17 21:49:12] [SEVERE ] placing card 14 in slot 1
[2022-12-17 21:49:12] [SEVERE ] placing card 12 in slot 2
[2022-12-17 21:49:12] [SEVERE ] placing card 64 in slot 3
[2022-12-17 21:49:12] [SEVERE ] placing card 78 in slot 4
[2022-12-17 21:49:13] [SEVERE ] placing card 62 in slot 5
[2022-12-17 21:49:13] [SEVERE ] placing card 57 in slot 6
[2022-12-17 21:49:13] [SEVERE ] placing card 38 in slot 7
[2022-12-17 21:49:13] [SEVERE ] placing card 4 in slot 8
[2022-12-17 21:49:13] [SEVERE ] placing card 61 in slot 9
[2022-12-17 21:49:13] [SEVERE ] placing card 63 in slot 10
[2022-12-17 21:49:13] [SEVERE ] placing card 23 in slot 11
[2022-12-17 21:49:14] [SEVERE ] Key 87 was pressed by player 0
[2022-12-17 21:49:14] [SEVERE ] player 0 placing token on slot 1
[2022-12-17 21:49:14] [SEVERE ] Key 83 was pressed by player 0
[2022-12-17 21:49:14] [SEVERE ] player 0 placing token on slot 5
[2022-12-17 21:49:14] [SEVERE ] Key 68 was pressed by player 0
[2022-12-17 21:49:14] [SEVERE ] player 0 placing token on slot 6
[2022-12-17 21:49:14] [SEVERE ] setting player 0 freeze to 3000
[2022-12-17 21:49:15] [SEVERE ] setting player 0 freeze to 2047
[2022-12-17 21:49:16] [SEVERE ] setting player 0 freeze to 1093
[2022-12-17 21:49:16] [SEVERE ] Key 68 was pressed by player 0
[2022-12-17 21:49:17] [SEVERE ] Key 83 was pressed by player 0
[2022-12-17 21:49:17] [SEVERE ] Key 87 was pressed by player 0
[2022-12-17 21:49:17] [SEVERE ] setting player 0 freeze to 129
[2022-12-17 21:49:18] [SEVERE ] setting player 0 freeze to 0
[2022-12-17 21:49:18] [SEVERE ] removing player 0 token from slot 6
[2022-12-17 21:49:18] [SEVERE ] removing player 0 token from slot 5
[2022-12-17 21:49:18] [SEVERE ] removing player 0 token from slot 1
[2022-12-17 21:49:19] [SEVERE ] Key 87 was pressed by player 0
[2022-12-17 21:49:19] [SEVERE ] player 0 placing token on slot 1
[2022-12-17 21:49:19] [SEVERE ] Key 83 was pressed by player 0
[2022-12-17 21:49:19] [SEVERE ] player 0 placing token on slot 5
[2022-12-17 21:49:19] [SEVERE ] Key 68 was pressed by player 0
[2022-12-17 21:49:19] [SEVERE ] player 0 placing token on slot 6
[2022-12-17 21:49:19] [SEVERE ] setting player 0 freeze to 3000
[2022-12-17 21:49:20] [SEVERE ] Key 87 was pressed by player 0
[2022-12-17 21:49:20] [SEVERE ] setting player 0 freeze to 2037
[2022-12-17 21:49:21] [SEVERE ] Key 83 was pressed by player 0
[2022-12-17 21:49:21] [SEVERE ] setting player 0 freeze to 1072
[2022-12-17 21:49:21] [SEVERE ] Key 81 was pressed by player 0
[2022-12-17 21:49:22] [SEVERE ] setting player 0 freeze to 120
[2022-12-17 21:49:23] [SEVERE ] Key 83 was pressed by player 0
[2022-12-17 21:49:23] [INFO   ] Only 3 actions at a time
[2022-12-17 21:49:23] [SEVERE ] setting player 0 freeze to 0
[2022-12-17 21:49:23] [SEVERE ] removing player 0 token from slot 1
[2022-12-17 21:49:23] [SEVERE ] removing player 0 token from slot 5
[2022-12-17 21:49:23] [SEVERE ] player 0 placing token on slot 0
[2022-12-17 21:49:24] [SEVERE ] Key 83 was pressed by player 0
[2022-12-17 21:49:24] [SEVERE ] player 0 placing token on slot 5
[2022-12-17 21:49:25] [SEVERE ] Key 81 was pressed by player 0
[2022-12-17 21:49:25] [SEVERE ] removing player 0 token from slot 0
[2022-12-17 21:49:26] [SEVERE ] Key 81 was pressed by player 0
[2022-12-17 21:49:26] [SEVERE ] player 0 placing token on slot 0
[2022-12-17 21:49:26] [SEVERE ] Key 68 was pressed by player 0
[2022-12-17 21:49:26] [SEVERE ] removing player 0 token from slot 6
[2022-12-17 21:49:27] [SEVERE ] Key 68 was pressed by player 0
[2022-12-17 21:49:27] [SEVERE ] player 0 placing token on slot 6
[2022-12-17 21:49:27] [SEVERE ] setting player 0 freeze to 3000
[2022-12-17 21:49:28] [SEVERE ] setting player 0 freeze to 2038
[2022-12-17 21:49:29] [SEVERE ] setting player 0 freeze to 1087
[2022-12-17 21:49:30] [SEVERE ] setting player 0 freeze to 135
[2022-12-17 21:49:31] [SEVERE ] setting player 0 freeze to 0
[2022-12-17 21:49:34] [SEVERE ] Key 68 was pressed by player 0
[2022-12-17 21:49:34] [SEVERE ] removing player 0 token from slot 6
[2022-12-17 21:49:34] [SEVERE ] Key 83 was pressed by player 0
[2022-12-17 21:49:34] [SEVERE ] removing player 0 token from slot 5
[2022-12-17 21:49:36] [SEVERE ] Key 81 was pressed by player 0
[2022-12-17 21:49:36] [SEVERE ] removing player 0 token from slot 0
[2022-12-17 21:49:36] [SEVERE ] Key 87 was pressed by player 0
[2022-12-17 21:49:36] [SEVERE ] player 0 placing token on slot 1
[2022-12-17 21:49:36] [SEVERE ] Key 81 was pressed by player 0
[2022-12-17 21:49:36] [SEVERE ] player 0 placing token on slot 0
[2022-12-17 21:49:37] [SEVERE ] Key 65 was pressed by player 0
[2022-12-17 21:49:37] [SEVERE ] player 0 placing token on slot 4
[2022-12-17 21:49:37] [SEVERE ] setting player 0 freeze to 3000
[2022-12-17 21:49:38] [SEVERE ] setting player 0 freeze to 2044
[2022-12-17 21:49:39] [SEVERE ] setting player 0 freeze to 1083
[2022-12-17 21:49:40] [SEVERE ] setting player 0 freeze to 118
