[2022-12-17 12:24:06] [INFO   ] cannot read configuration file config.properties trying from resources.
[2022-12-17 12:24:06] [INFO   ] configuration file was loaded from resources directory.
[2022-12-17 12:24:07] [INFO   ] Thread dealer starting.
[2022-12-17 12:24:07] [INFO   ] Thread 1starting.
[2022-12-17 12:24:07] [INFO   ] Thread 0starting.
[2022-12-17 12:24:07] [SEVERE ] placing card 44 in slot 0
[2022-12-17 12:24:07] [SEVERE ] placing card 76 in slot 1
[2022-12-17 12:24:07] [SEVERE ] placing card 74 in slot 2
[2022-12-17 12:24:07] [SEVERE ] placing card 15 in slot 3
[2022-12-17 12:24:07] [SEVERE ] placing card 1 in slot 4
[2022-12-17 12:24:07] [SEVERE ] placing card 62 in slot 5
[2022-12-17 12:24:07] [SEVERE ] placing card 52 in slot 6
[2022-12-17 12:24:08] [SEVERE ] placing card 56 in slot 7
[2022-12-17 12:24:08] [SEVERE ] placing card 11 in slot 8
[2022-12-17 12:24:08] [SEVERE ] placing card 80 in slot 9
[2022-12-17 12:24:08] [SEVERE ] placing card 43 in slot 10
[2022-12-17 12:24:08] [SEVERE ] placing card 39 in slot 11
[2022-12-17 12:24:18] [SEVERE ] Key 73 was pressed by player 1
[2022-12-17 12:24:18] [SEVERE ] player 1 placing token on slot 1
[2022-12-17 12:24:19] [SEVERE ] Key 74 was pressed by player 1
[2022-12-17 12:24:19] [SEVERE ] player 1 placing token on slot 4
[2022-12-17 12:24:26] [SEVERE ] Key 65 was pressed by player 0
[2022-12-17 12:24:26] [SEVERE ] player 0 placing token on slot 4
[2022-12-17 12:24:28] [SEVERE ] Key 88 was pressed by player 0
[2022-12-17 12:24:28] [SEVERE ] player 0 placing token on slot 9
[2022-12-17 12:24:38] [SEVERE ] Key 86 was pressed by player 0
[2022-12-17 12:24:38] [SEVERE ] player 0 placing token on slot 11
[2022-12-17 12:24:38] [SEVERE ] setting player 0 score to 1
[2022-12-17 12:24:38] [SEVERE ] Key 46 was pressed by player 1
[2022-12-17 12:24:38] [SEVERE ] player 1 placing token on slot 10
[2022-12-17 12:24:38] [SEVERE ] setting player 0 freeze to 1000
[2022-12-17 12:24:39] [SEVERE ] setting player 0 freeze to 44
[2022-12-17 12:24:40] [SEVERE ] setting player 0 freeze to 0
[2022-12-17 12:24:40] [SEVERE ] removing player 0 token from slot 4
[2022-12-17 12:24:40] [SEVERE ] removing player 0 token from slot 9
[2022-12-17 12:24:40] [SEVERE ] removing player 0 token from slot 11
[2022-12-17 12:24:40] [SEVERE ] removing player 1 token from slot 4
[2022-12-17 12:24:40] [SEVERE ] placing card 17 in slot 4
[2022-12-17 12:24:40] [SEVERE ] placing card 19 in slot 9
[2022-12-17 12:24:40] [SEVERE ] placing card 0 in slot 11
[2022-12-17 12:24:40] [SEVERE ] Key 46 was pressed by player 1
[2022-12-17 12:24:41] [SEVERE ] Key 44 was pressed by player 1
[2022-12-17 12:24:41] [SEVERE ] Key 76 was pressed by player 1
[2022-12-17 12:24:43] [SEVERE ] Key 74 was pressed by player 1
[2022-12-17 12:24:43] [INFO   ] Only 3 action in a time
[2022-12-17 12:24:43] [SEVERE ] Key 74 was pressed by player 1
[2022-12-17 12:24:43] [INFO   ] Only 3 action in a time
