[2022-12-17 16:09:00] [INFO   ] cannot read configuration file config.properties trying from resources.
[2022-12-17 16:09:00] [INFO   ] configuration file was loaded from resources directory.
[2022-12-17 16:09:01] [INFO   ] Thread dealer starting.
[2022-12-17 16:09:01] [INFO   ] Thread 0starting.
[2022-12-17 16:09:01] [INFO   ] Thread 1starting.
[2022-12-17 16:09:01] [INFO   ] Thread computer-1 starting.
[2022-12-17 16:09:01] [SEVERE ] placing card 23 in slot 0
[2022-12-17 16:09:01] [SEVERE ] player 1 placing token on slot 4
[2022-12-17 16:09:01] [SEVERE ] placing card 35 in slot 1
[2022-12-17 16:09:01] [SEVERE ] player 1 placing token on slot 10
[2022-12-17 16:09:01] [SEVERE ] placing card 18 in slot 2
[2022-12-17 16:09:01] [SEVERE ] removing player 1 token from slot 10
[2022-12-17 16:09:01] [SEVERE ] placing card 30 in slot 3
[2022-12-17 16:09:01] [SEVERE ] player 1 placing token on slot 1
[2022-12-17 16:09:01] [SEVERE ] placing card 20 in slot 4
[2022-12-17 16:09:01] [SEVERE ] removing player 1 token from slot 4
[2022-12-17 16:09:01] [SEVERE ] placing card 73 in slot 5
[2022-12-17 16:09:01] [SEVERE ] player 1 placing token on slot 5
[2022-12-17 16:09:01] [SEVERE ] placing card 64 in slot 6
[2022-12-17 16:09:01] [SEVERE ] removing player 1 token from slot 1
[2022-12-17 16:09:01] [SEVERE ] placing card 47 in slot 7
[2022-12-17 16:09:01] [SEVERE ] player 1 placing token on slot 2
[2022-12-17 16:09:01] [SEVERE ] placing card 4 in slot 8
[2022-12-17 16:09:01] [SEVERE ] player 1 placing token on slot 6
[2022-12-17 16:09:01] [SEVERE ] placing card 17 in slot 9
[2022-12-17 16:09:02] [SEVERE ] placing card 44 in slot 10
[2022-12-17 16:09:02] [SEVERE ] placing card 27 in slot 11
[2022-12-17 16:09:02] [SEVERE ] setting player 1 freeze to 3000
[2022-12-17 16:09:03] [SEVERE ] setting player 1 freeze to 2038
[2022-12-17 16:09:04] [SEVERE ] setting player 1 freeze to 1080
[2022-12-17 16:09:05] [SEVERE ] setting player 1 freeze to 120
[2022-12-17 16:09:05] [SEVERE ] Key 65 was pressed by player 0
[2022-12-17 16:09:05] [SEVERE ] player 0 placing token on slot 4
[2022-12-17 16:09:06] [SEVERE ] Key 83 was pressed by player 0
[2022-12-17 16:09:06] [SEVERE ] player 0 placing token on slot 5
[2022-12-17 16:09:06] [SEVERE ] setting player 1 freeze to 0
[2022-12-17 16:09:06] [SEVERE ] removing player 1 token from slot 6
[2022-12-17 16:09:06] [SEVERE ] player 1 placing token on slot 1
[2022-12-17 16:09:06] [SEVERE ] setting player 1 freeze to 3000
[2022-12-17 16:09:06] [SEVERE ] Key 69 was pressed by player 0
[2022-12-17 16:09:06] [SEVERE ] player 0 placing token on slot 2
[2022-12-17 16:09:06] [SEVERE ] setting player 1 freeze to 2544
[2022-12-17 16:09:07] [SEVERE ] setting player 1 freeze to 1583
[2022-12-17 16:09:08] [SEVERE ] setting player 1 freeze to 628
[2022-12-17 16:09:09] [SEVERE ] setting player 1 freeze to 0
[2022-12-17 16:09:09] [SEVERE ] setting player 0 freeze to 3000
[2022-12-17 16:09:09] [SEVERE ] removing player 1 token from slot 2
[2022-12-17 16:09:10] [SEVERE ] player 1 placing token on slot 8
[2022-12-17 16:09:10] [SEVERE ] removing player 1 token from slot 1
[2022-12-17 16:09:10] [SEVERE ] player 1 placing token on slot 3
[2022-12-17 16:09:10] [SEVERE ] setting player 0 freeze to 2467
[2022-12-17 16:09:10] [INFO   ] Only 3 actions at a time
[2022-12-17 16:09:10] [INFO   ] Only 3 actions at a time
[2022-12-17 16:09:10] [INFO   ] Only 3 actions at a time
[2022-12-17 16:09:10] [INFO   ] Only 3 actions at a time
[2022-12-17 16:09:11] [INFO   ] Only 3 actions at a time
[2022-12-17 16:09:11] [INFO   ] Only 3 actions at a time
[2022-12-17 16:09:11] [SEVERE ] setting player 0 freeze to 1507
[2022-12-17 16:09:11] [INFO   ] Only 3 actions at a time
[2022-12-17 16:09:11] [INFO   ] Only 3 actions at a time
[2022-12-17 16:09:11] [INFO   ] Only 3 actions at a time
[2022-12-17 16:09:11] [INFO   ] Only 3 actions at a time
[2022-12-17 16:09:11] [INFO   ] Only 3 actions at a time
[2022-12-17 16:09:11] [INFO   ] Only 3 actions at a time
[2022-12-17 16:09:11] [INFO   ] Only 3 actions at a time
[2022-12-17 16:09:12] [INFO   ] Only 3 actions at a time
[2022-12-17 16:09:12] [SEVERE ] setting player 0 freeze to 548
[2022-12-17 16:09:12] [INFO   ] Only 3 actions at a time
[2022-12-17 16:09:12] [INFO   ] Only 3 actions at a time
[2022-12-17 16:09:12] [INFO   ] Only 3 actions at a time
[2022-12-17 16:09:12] [INFO   ] Only 3 actions at a time
[2022-12-17 16:09:12] [INFO   ] Only 3 actions at a time
[2022-12-17 16:09:12] [INFO   ] Only 3 actions at a time
[2022-12-17 16:09:12] [INFO   ] Only 3 actions at a time
[2022-12-17 16:09:12] [INFO   ] Only 3 actions at a time
[2022-12-17 16:09:13] [INFO   ] Only 3 actions at a time
[2022-12-17 16:09:13] [SEVERE ] setting player 0 freeze to 0
[2022-12-17 16:09:13] [SEVERE ] setting player 1 freeze to 3000
[2022-12-17 16:09:14] [SEVERE ] setting player 1 freeze to 2049
[2022-12-17 16:09:15] [SEVERE ] setting player 1 freeze to 1086
[2022-12-17 16:09:16] [SEVERE ] setting player 1 freeze to 123
[2022-12-17 16:09:17] [SEVERE ] setting player 1 freeze to 0
[2022-12-17 16:09:17] [SEVERE ] removing player 1 token from slot 8
[2022-12-17 16:09:17] [SEVERE ] player 1 placing token on slot 0
[2022-12-17 16:09:17] [SEVERE ] removing player 1 token from slot 0
[2022-12-17 16:09:17] [SEVERE ] removing player 1 token from slot 3
[2022-12-17 16:09:17] [SEVERE ] player 1 placing token on slot 8
[2022-12-17 16:09:18] [SEVERE ] player 1 placing token on slot 4
[2022-12-17 16:09:18] [SEVERE ] setting player 1 freeze to 3000
[2022-12-17 16:09:18] [SEVERE ] setting player 1 freeze to 2049
[2022-12-17 16:09:19] [SEVERE ] setting player 1 freeze to 1094
[2022-12-17 16:09:20] [SEVERE ] setting player 1 freeze to 131
[2022-12-17 16:09:21] [SEVERE ] setting player 1 freeze to 0
[2022-12-17 16:09:22] [SEVERE ] removing player 1 token from slot 8
[2022-12-17 16:09:22] [SEVERE ] player 1 placing token on slot 6
[2022-12-17 16:09:22] [SEVERE ] removing player 1 token from slot 4
[2022-12-17 16:09:22] [SEVERE ] player 1 placing token on slot 9
[2022-12-17 16:09:22] [SEVERE ] setting player 1 freeze to 3000
[2022-12-17 16:09:23] [SEVERE ] setting player 1 freeze to 2038
[2022-12-17 16:09:24] [SEVERE ] setting player 1 freeze to 1084
[2022-12-17 16:09:25] [SEVERE ] setting player 1 freeze to 121
[2022-12-17 16:09:26] [SEVERE ] setting player 1 freeze to 0
[2022-12-17 16:09:26] [SEVERE ] removing player 1 token from slot 5
[2022-12-17 16:09:26] [SEVERE ] player 1 placing token on slot 7
[2022-12-17 16:09:26] [SEVERE ] removing player 1 token from slot 7
[2022-12-17 16:09:26] [SEVERE ] player 1 placing token on slot 2
[2022-12-17 16:09:26] [SEVERE ] removing player 1 token from slot 6
[2022-12-17 16:09:27] [SEVERE ] player 1 placing token on slot 8
[2022-12-17 16:09:27] [SEVERE ] removing player 1 token from slot 9
[2022-12-17 16:09:27] [SEVERE ] player 1 placing token on slot 4
[2022-12-17 16:09:27] [SEVERE ] setting player 1 freeze to 3000
[2022-12-17 16:09:28] [SEVERE ] setting player 1 freeze to 2040
[2022-12-17 16:09:29] [SEVERE ] setting player 1 freeze to 1077
[2022-12-17 16:09:30] [SEVERE ] setting player 1 freeze to 125
[2022-12-17 16:09:31] [SEVERE ] setting player 1 freeze to 0
[2022-12-17 16:09:31] [SEVERE ] removing player 1 token from slot 4
[2022-12-17 16:09:31] [SEVERE ] player 1 placing token on slot 1
[2022-12-17 16:09:31] [SEVERE ] setting player 1 freeze to 3000
[2022-12-17 16:09:32] [SEVERE ] setting player 1 freeze to 2038
[2022-12-17 16:09:33] [SEVERE ] setting player 1 freeze to 1073
[2022-12-17 16:09:34] [SEVERE ] setting player 1 freeze to 115
[2022-12-17 16:09:35] [SEVERE ] setting player 1 freeze to 0
[2022-12-17 16:09:35] [SEVERE ] removing player 1 token from slot 8
[2022-12-17 16:09:35] [SEVERE ] removing player 1 token from slot 1
[2022-12-17 16:09:35] [SEVERE ] player 1 placing token on slot 4
[2022-12-17 16:09:35] [SEVERE ] player 1 placing token on slot 6
[2022-12-17 16:09:35] [SEVERE ] setting player 1 freeze to 3000
[2022-12-17 16:09:36] [SEVERE ] setting player 1 freeze to 2040
[2022-12-17 16:09:37] [SEVERE ] setting player 1 freeze to 1075
[2022-12-17 16:09:38] [SEVERE ] setting player 1 freeze to 111
[2022-12-17 16:09:39] [SEVERE ] setting player 1 freeze to 0
[2022-12-17 16:09:39] [SEVERE ] removing player 1 token from slot 4
[2022-12-17 16:09:39] [SEVERE ] player 1 placing token on slot 7
[2022-12-17 16:09:40] [SEVERE ] removing player 1 token from slot 6
[2022-12-17 16:09:40] [SEVERE ] player 1 placing token on slot 10
[2022-12-17 16:09:40] [SEVERE ] setting player 1 freeze to 3000
[2022-12-17 16:09:41] [SEVERE ] setting player 1 freeze to 2035
[2022-12-17 16:09:42] [SEVERE ] setting player 1 freeze to 1083
[2022-12-17 16:09:43] [SEVERE ] setting player 1 freeze to 121
[2022-12-17 16:09:44] [SEVERE ] setting player 1 freeze to 0
[2022-12-17 16:09:44] [SEVERE ] removing player 1 token from slot 7
[2022-12-17 16:09:44] [SEVERE ] player 1 placing token on slot 0
[2022-12-17 16:09:45] [SEVERE ] removing player 1 token from slot 0
[2022-12-17 16:09:45] [SEVERE ] player 1 placing token on slot 6
[2022-12-17 16:09:45] [SEVERE ] removing player 1 token from slot 6
[2022-12-17 16:09:45] [SEVERE ] player 1 placing token on slot 9
[2022-12-17 16:09:46] [SEVERE ] removing player 1 token from slot 9
[2022-12-17 16:09:46] [SEVERE ] player 1 placing token on slot 6
[2022-12-17 16:09:46] [SEVERE ] removing player 1 token from slot 10
[2022-12-17 16:09:46] [SEVERE ] player 1 placing token on slot 7
[2022-12-17 16:09:46] [SEVERE ] setting player 1 freeze to 3000
[2022-12-17 16:09:47] [SEVERE ] setting player 1 freeze to 2036
[2022-12-17 16:09:48] [SEVERE ] setting player 1 freeze to 1073
[2022-12-17 16:09:49] [SEVERE ] setting player 1 freeze to 122
[2022-12-17 16:09:50] [SEVERE ] setting player 1 freeze to 0
[2022-12-17 16:09:51] [SEVERE ] removing player 1 token from slot 7
[2022-12-17 16:09:51] [SEVERE ] player 1 placing token on slot 8
[2022-12-17 16:09:51] [SEVERE ] setting player 1 freeze to 3000
[2022-12-17 16:09:52] [SEVERE ] setting player 1 freeze to 2041
[2022-12-17 16:09:53] [SEVERE ] setting player 1 freeze to 1075
[2022-12-17 16:09:54] [SEVERE ] setting player 1 freeze to 122
[2022-12-17 16:09:55] [SEVERE ] setting player 1 freeze to 0
[2022-12-17 16:09:55] [SEVERE ] removing player 1 token from slot 2
[2022-12-17 16:09:55] [SEVERE ] player 1 placing token on slot 7
[2022-12-17 16:09:56] [SEVERE ] removing player 1 token from slot 8
[2022-12-17 16:09:56] [SEVERE ] player 1 placing token on slot 1
[2022-12-17 16:09:56] [SEVERE ] setting player 1 freeze to 3000
[2022-12-17 16:09:57] [SEVERE ] setting player 1 freeze to 2036
[2022-12-17 16:09:58] [SEVERE ] setting player 1 freeze to 1083
[2022-12-17 16:09:59] [SEVERE ] setting player 1 freeze to 121
[2022-12-17 16:10:00] [SEVERE ] setting player 1 freeze to 0
[2022-12-17 16:10:00] [SEVERE ] removing player 1 token from slot 7
[2022-12-17 16:10:00] [SEVERE ] player 1 placing token on slot 2
[2022-12-17 16:10:00] [SEVERE ] removing player 1 token from slot 2
[2022-12-17 16:10:00] [SEVERE ] player 1 placing token on slot 0
[2022-12-17 16:10:01] [SEVERE ] removing player 1 token from slot 6
[2022-12-17 16:10:01] [SEVERE ] removing player 1 token from slot 1
[2022-12-17 16:10:02] [SEVERE ] player 1 placing token on slot 7
[2022-12-17 16:10:02] [SEVERE ] player 1 placing token on slot 3
[2022-12-17 16:10:02] [SEVERE ] setting player 1 freeze to 3000
[2022-12-17 16:10:03] [SEVERE ] setting player 1 freeze to 2036
[2022-12-17 16:10:04] [SEVERE ] setting player 1 freeze to 1086
[2022-12-17 16:10:05] [SEVERE ] setting player 1 freeze to 121
[2022-12-17 16:10:05] [SEVERE ] setting player 1 freeze to 0
[2022-12-17 16:10:05] [SEVERE ] removing player 0 token from slot 4
[2022-12-17 16:10:05] [SEVERE ] removing player 0 token from slot 5
[2022-12-17 16:10:05] [SEVERE ] removing player 1 token from slot 3
[2022-12-17 16:10:05] [SEVERE ] removing player 0 token from slot 2
[2022-12-17 16:10:05] [SEVERE ] removing player 1 token from slot 0
[2022-12-17 16:10:05] [SEVERE ] removing player 1 token from slot 7
[2022-12-17 16:10:06] [SEVERE ] removing card from slot 0
[2022-12-17 16:10:06] [SEVERE ] player 1 placing token on slot 4
[2022-12-17 16:10:06] [SEVERE ] player 1 placing token on slot 2
[2022-12-17 16:10:06] [SEVERE ] removing card from slot 1
[2022-12-17 16:10:06] [SEVERE ] removing card from slot 2
[2022-12-17 16:10:06] [SEVERE ] player 1 placing token on slot 9
[2022-12-17 16:10:06] [SEVERE ] removing card from slot 3
[2022-12-17 16:10:06] [SEVERE ] removing card from slot 4
[2022-12-17 16:10:06] [SEVERE ] removing card from slot 5
[2022-12-17 16:10:06] [SEVERE ] removing card from slot 6
[2022-12-17 16:10:06] [SEVERE ] removing card from slot 7
[2022-12-17 16:10:06] [INFO   ] Only 3 actions at a time
[2022-12-17 16:10:06] [INFO   ] Only 3 actions at a time
[2022-12-17 16:10:06] [SEVERE ] removing card from slot 8
[2022-12-17 16:10:06] [INFO   ] Only 3 actions at a time
[2022-12-17 16:10:06] [SEVERE ] removing card from slot 9
[2022-12-17 16:10:07] [INFO   ] Only 3 actions at a time
[2022-12-17 16:10:07] [SEVERE ] removing card from slot 10
[2022-12-17 16:10:07] [INFO   ] Only 3 actions at a time
[2022-12-17 16:10:07] [SEVERE ] removing card from slot 11
[2022-12-17 16:10:07] [INFO   ] Only 3 actions at a time
[2022-12-17 16:10:07] [SEVERE ] placing card 33 in slot 0
[2022-12-17 16:10:07] [INFO   ] Only 3 actions at a time
[2022-12-17 16:10:07] [SEVERE ] placing card 54 in slot 1
[2022-12-17 16:10:07] [INFO   ] Only 3 actions at a time
[2022-12-17 16:10:07] [SEVERE ] placing card 45 in slot 2
[2022-12-17 16:10:07] [INFO   ] Only 3 actions at a time
[2022-12-17 16:10:07] [SEVERE ] placing card 79 in slot 3
[2022-12-17 16:10:07] [INFO   ] Only 3 actions at a time
[2022-12-17 16:10:07] [SEVERE ] placing card 40 in slot 4
[2022-12-17 16:10:07] [SEVERE ] placing card 77 in slot 5
[2022-12-17 16:10:07] [INFO   ] Only 3 actions at a time
[2022-12-17 16:10:07] [INFO   ] Only 3 actions at a time
[2022-12-17 16:10:07] [SEVERE ] placing card 10 in slot 6
[2022-12-17 16:10:08] [INFO   ] Only 3 actions at a time
[2022-12-17 16:10:08] [SEVERE ] placing card 72 in slot 7
[2022-12-17 16:10:08] [INFO   ] Only 3 actions at a time
[2022-12-17 16:10:08] [SEVERE ] placing card 41 in slot 8
[2022-12-17 16:10:08] [INFO   ] Only 3 actions at a time
[2022-12-17 16:10:08] [SEVERE ] placing card 31 in slot 9
[2022-12-17 16:10:08] [INFO   ] Only 3 actions at a time
[2022-12-17 16:10:08] [SEVERE ] placing card 70 in slot 10
[2022-12-17 16:10:08] [SEVERE ] placing card 76 in slot 11
[2022-12-17 16:10:08] [INFO   ] Only 3 actions at a time
[2022-12-17 16:10:08] [INFO   ] Only 3 actions at a time
[2022-12-17 16:10:08] [SEVERE ] setting player 1 freeze to 3000
[2022-12-17 16:10:09] [SEVERE ] setting player 1 freeze to 2034
[2022-12-17 16:10:10] [SEVERE ] setting player 1 freeze to 1072
[2022-12-17 16:10:11] [SEVERE ] setting player 1 freeze to 116
[2022-12-17 16:10:12] [SEVERE ] setting player 1 freeze to 0
