[2022-12-13 16:11:52] [INFO   ] cannot read configuration file config.properties trying from resources.
[2022-12-13 16:11:52] [INFO   ] configuration file was loaded from resources directory.
[2022-12-13 16:11:53] [INFO   ] Thread dealer starting.
[2022-12-13 16:11:53] [INFO   ] Thread 1starting.
[2022-12-13 16:11:53] [INFO   ] Thread 0starting.
[2022-12-13 16:11:53] [SEVERE ] placing card 3 in slot 0
[2022-12-13 16:11:53] [SEVERE ] placing card 68 in slot 1
[2022-12-13 16:11:53] [SEVERE ] placing card 44 in slot 2
[2022-12-13 16:11:54] [SEVERE ] placing card 77 in slot 3
[2022-12-13 16:11:54] [SEVERE ] placing card 47 in slot 4
[2022-12-13 16:11:54] [SEVERE ] placing card 7 in slot 5
[2022-12-13 16:11:54] [SEVERE ] placing card 21 in slot 6
[2022-12-13 16:11:54] [SEVERE ] placing card 65 in slot 7
[2022-12-13 16:11:54] [SEVERE ] placing card 1 in slot 8
[2022-12-13 16:11:54] [SEVERE ] placing card 6 in slot 9
[2022-12-13 16:11:54] [SEVERE ] placing card 61 in slot 10
[2022-12-13 16:11:54] [SEVERE ] placing card 10 in slot 11
[2022-12-13 16:11:58] [SEVERE ] Key 80 was pressed by player 1
[2022-12-13 16:11:58] [SEVERE ] player 1 placing token on slot 3
[2022-12-13 16:11:59] [SEVERE ] Key 79 was pressed by player 1
[2022-12-13 16:11:59] [SEVERE ] player 1 placing token on slot 2
[2022-12-13 16:11:59] [SEVERE ] Key 73 was pressed by player 1
[2022-12-13 16:11:59] [SEVERE ] player 1 placing token on slot 1
[2022-12-13 16:11:59] [INFO   ] Thread main terminated.
