[2022-12-13 19:35:56] [INFO   ] cannot read configuration file config.properties trying from resources.
[2022-12-13 19:35:56] [INFO   ] configuration file was loaded from resources directory.
[2022-12-13 19:35:56] [INFO   ] Thread dealer starting.
[2022-12-13 19:35:56] [INFO   ] Thread 1starting.
[2022-12-13 19:35:56] [INFO   ] Thread 0starting.
[2022-12-13 19:35:56] [SEVERE ] placing card 12 in slot 0
[2022-12-13 19:35:56] [SEVERE ] placing card 14 in slot 1
[2022-12-13 19:35:57] [SEVERE ] placing card 41 in slot 2
[2022-12-13 19:35:57] [SEVERE ] placing card 17 in slot 3
[2022-12-13 19:35:57] [SEVERE ] placing card 70 in slot 4
[2022-12-13 19:35:57] [SEVERE ] placing card 68 in slot 5
[2022-12-13 19:35:57] [SEVERE ] placing card 80 in slot 6
[2022-12-13 19:35:57] [SEVERE ] placing card 26 in slot 7
[2022-12-13 19:35:57] [SEVERE ] placing card 71 in slot 8
[2022-12-13 19:35:57] [SEVERE ] placing card 9 in slot 9
[2022-12-13 19:35:57] [SEVERE ] placing card 74 in slot 10
[2022-12-13 19:35:58] [SEVERE ] placing card 4 in slot 11
[2022-12-13 19:35:59] [SEVERE ] Key 81 was pressed by player 0
[2022-12-13 19:35:59] [SEVERE ] player 0 placing token on slot 0
[2022-12-13 19:36:00] [SEVERE ] Key 87 was pressed by player 0
[2022-12-13 19:36:00] [SEVERE ] player 0 placing token on slot 1
[2022-12-13 19:36:00] [SEVERE ] Key 69 was pressed by player 0
[2022-12-13 19:36:00] [SEVERE ] player 0 placing token on slot 2
