[2022-12-13 11:16:48] [INFO   ] cannot read configuration file config.properties trying from resources.
[2022-12-13 11:16:48] [INFO   ] configuration file was loaded from resources directory.
[2022-12-13 11:16:49] [INFO   ] Thread dealer starting.
[2022-12-13 11:16:49] [SEVERE ] placing card 63 in slot 0
[2022-12-13 11:16:49] [SEVERE ] placing card 38 in slot 1
[2022-12-13 11:16:49] [SEVERE ] placing card 19 in slot 2
[2022-12-13 11:16:49] [SEVERE ] placing card 33 in slot 3
[2022-12-13 11:16:49] [SEVERE ] placing card 14 in slot 4
[2022-12-13 11:16:49] [SEVERE ] placing card 15 in slot 5
[2022-12-13 11:16:49] [SEVERE ] placing card 29 in slot 6
[2022-12-13 11:16:49] [SEVERE ] placing card 39 in slot 7
[2022-12-13 11:16:50] [SEVERE ] placing card 10 in slot 8
[2022-12-13 11:16:50] [SEVERE ] placing card 30 in slot 9
[2022-12-13 11:16:50] [SEVERE ] placing card 20 in slot 10
[2022-12-13 11:16:50] [SEVERE ] placing card 4 in slot 11
[2022-12-13 11:16:52] [SEVERE ] Key 88 was pressed by player 0
[2022-12-13 11:16:52] [SEVERE ] player 0 placing token on slot 9
[2022-12-13 11:16:52] [SEVERE ] player 0 placing token on slot 9
[2022-12-13 11:16:52] [SEVERE ] player 0 placing token on slot 9
[2022-12-13 11:16:55] [SEVERE ] Key 88 was pressed by player 0
[2022-12-13 11:16:55] [SEVERE ] removing player 0 token from slot 9
[2022-12-13 11:16:58] [SEVERE ] Key 79 was pressed by player 1
[2022-12-13 11:16:58] [SEVERE ] player 1 placing token on slot 2
[2022-12-13 11:16:58] [SEVERE ] player 1 placing token on slot 2
[2022-12-13 11:16:58] [SEVERE ] player 1 placing token on slot 2
[2022-12-13 11:17:01] [SEVERE ] Key 76 was pressed by player 1
[2022-12-13 11:17:04] [SEVERE ] Key 85 was pressed by player 1
[2022-12-13 11:17:04] [SEVERE ] Key 75 was pressed by player 1
[2022-12-13 11:17:04] [SEVERE ] Key 47 was pressed by player 1
[2022-12-13 11:17:04] [SEVERE ] Key 46 was pressed by player 1
[2022-12-13 11:17:05] [SEVERE ] Key 77 was pressed by player 1
[2022-12-13 11:17:05] [SEVERE ] Key 44 was pressed by player 1
[2022-12-13 11:17:05] [SEVERE ] Key 80 was pressed by player 1
[2022-12-13 11:17:06] [SEVERE ] Key 80 was pressed by player 1
[2022-12-13 11:17:08] [SEVERE ] Key 76 was pressed by player 1
[2022-12-13 11:17:09] [SEVERE ] Key 73 was pressed by player 1
[2022-12-13 11:17:09] [SEVERE ] Key 77 was pressed by player 1
[2022-12-13 11:17:10] [SEVERE ] Key 82 was pressed by player 0
[2022-12-13 11:17:10] [SEVERE ] player 0 placing token on slot 3
[2022-12-13 11:17:10] [SEVERE ] Key 69 was pressed by player 0
[2022-12-13 11:17:15] [SEVERE ] Key 77 was pressed by player 1
[2022-12-13 11:17:16] [SEVERE ] Key 86 was pressed by player 0
[2022-12-13 11:17:16] [SEVERE ] Key 67 was pressed by player 0
[2022-12-13 11:17:16] [SEVERE ] Key 88 was pressed by player 0
[2022-12-13 11:17:16] [SEVERE ] removing player 0 token from slot 9
[2022-12-13 11:17:17] [SEVERE ] Key 90 was pressed by player 0
[2022-12-13 11:17:17] [SEVERE ] player 0 placing token on slot 8
[2022-12-13 11:17:17] [SEVERE ] Key 65 was pressed by player 0
[2022-12-13 11:17:18] [SEVERE ] Key 81 was pressed by player 0
[2022-12-13 11:17:19] [SEVERE ] Key 87 was pressed by player 0
[2022-12-13 11:17:19] [SEVERE ] Key 69 was pressed by player 0
[2022-12-13 11:17:19] [SEVERE ] Key 82 was pressed by player 0
[2022-12-13 11:17:19] [SEVERE ] removing player 0 token from slot 3
[2022-12-13 11:17:19] [SEVERE ] Key 68 was pressed by player 0
[2022-12-13 11:17:19] [SEVERE ] player 0 placing token on slot 6
[2022-12-13 11:17:20] [SEVERE ] Key 83 was pressed by player 0
[2022-12-13 11:17:21] [SEVERE ] Key 70 was pressed by player 0
[2022-12-13 11:17:21] [SEVERE ] Key 67 was pressed by player 0
[2022-12-13 11:17:21] [SEVERE ] Key 88 was pressed by player 0
[2022-12-13 11:17:21] [SEVERE ] removing player 0 token from slot 9
[2022-12-13 11:17:22] [SEVERE ] Key 88 was pressed by player 0
[2022-12-13 11:17:22] [SEVERE ] player 0 placing token on slot 9
[2022-12-13 11:17:24] [SEVERE ] Key 70 was pressed by player 0
[2022-12-13 11:17:26] [SEVERE ] Key 86 was pressed by player 0
[2022-12-13 11:17:27] [SEVERE ] Key 70 was pressed by player 0
[2022-12-13 11:17:27] [SEVERE ] Key 70 was pressed by player 0
[2022-12-13 11:17:27] [SEVERE ] Key 68 was pressed by player 0
[2022-12-13 11:17:27] [SEVERE ] removing player 0 token from slot 6
[2022-12-13 11:17:28] [SEVERE ] Key 68 was pressed by player 0
[2022-12-13 11:17:28] [SEVERE ] player 0 placing token on slot 6
[2022-12-13 11:17:28] [SEVERE ] Key 65 was pressed by player 0
[2022-12-13 11:17:28] [SEVERE ] Key 83 was pressed by player 0
[2022-12-13 11:17:29] [SEVERE ] Key 68 was pressed by player 0
[2022-12-13 11:17:29] [SEVERE ] removing player 0 token from slot 6
[2022-12-13 11:17:29] [SEVERE ] Key 83 was pressed by player 0
[2022-12-13 11:17:29] [SEVERE ] player 0 placing token on slot 5
[2022-12-13 11:17:30] [SEVERE ] Key 83 was pressed by player 0
[2022-12-13 11:17:30] [SEVERE ] removing player 0 token from slot 5
