[2022-12-13 15:07:32] [INFO   ] cannot read configuration file config.properties trying from resources.
[2022-12-13 15:07:32] [INFO   ] configuration file was loaded from resources directory.
[2022-12-13 15:07:32] [INFO   ] Thread dealer starting.
[2022-12-13 15:07:33] [SEVERE ] placing card 60 in slot 0
[2022-12-13 15:07:33] [SEVERE ] placing card 69 in slot 1
[2022-12-13 15:07:33] [SEVERE ] placing card 12 in slot 2
[2022-12-13 15:07:33] [SEVERE ] placing card 40 in slot 3
[2022-12-13 15:07:33] [SEVERE ] placing card 75 in slot 4
[2022-12-13 15:07:33] [SEVERE ] placing card 10 in slot 5
[2022-12-13 15:07:33] [SEVERE ] placing card 46 in slot 6
[2022-12-13 15:07:33] [SEVERE ] placing card 15 in slot 7
[2022-12-13 15:07:33] [SEVERE ] placing card 28 in slot 8
[2022-12-13 15:07:34] [SEVERE ] placing card 73 in slot 9
[2022-12-13 15:07:34] [SEVERE ] placing card 38 in slot 10
[2022-12-13 15:07:34] [SEVERE ] placing card 18 in slot 11
[2022-12-13 15:07:35] [SEVERE ] Key 80 was pressed by player 1
[2022-12-13 15:07:36] [SEVERE ] Key 80 was pressed by player 1
[2022-12-13 15:07:36] [SEVERE ] Key 79 was pressed by player 1
[2022-12-13 15:07:36] [SEVERE ] Key 79 was pressed by player 1
[2022-12-13 15:07:38] [SEVERE ] Key 69 was pressed by player 0
[2022-12-13 15:07:39] [SEVERE ] Key 87 was pressed by player 0
[2022-12-13 15:07:39] [SEVERE ] Key 68 was pressed by player 0
[2022-12-13 15:07:39] [SEVERE ] Key 83 was pressed by player 0
[2022-12-13 15:07:39] [SEVERE ] Key 83 was pressed by player 0
[2022-12-13 15:07:40] [SEVERE ] Key 67 was pressed by player 0
[2022-12-13 15:07:40] [SEVERE ] Key 88 was pressed by player 0
[2022-12-13 15:07:40] [SEVERE ] Key 88 was pressed by player 0
