[2022-12-18 10:02:45] [INFO   ] cannot read configuration file config.properties trying from resources.
[2022-12-18 10:02:45] [INFO   ] configuration file was loaded from resources directory.
[2022-12-18 10:02:45] [INFO   ] Thread dealer starting.
[2022-12-18 10:02:45] [INFO   ] Thread 0starting.
[2022-12-18 10:02:45] [INFO   ] Thread 1starting.
[2022-12-18 10:02:45] [INFO   ] Thread computer-0 starting.
[2022-12-18 10:02:45] [INFO   ] Thread computer-1 starting.
[2022-12-18 10:02:45] [INFO   ] Thread computer-0 terminated.
[2022-12-18 10:02:45] [INFO   ] Thread computer-1 terminated.
[2022-12-18 10:02:46] [SEVERE ] placing card 47 in slot 0
[2022-12-18 10:02:46] [SEVERE ] placing card 27 in slot 1
[2022-12-18 10:02:46] [SEVERE ] placing card 4 in slot 2
[2022-12-18 10:02:46] [SEVERE ] placing card 78 in slot 3
[2022-12-18 10:02:46] [SEVERE ] placing card 53 in slot 4
[2022-12-18 10:02:46] [SEVERE ] placing card 45 in slot 5
[2022-12-18 10:02:46] [SEVERE ] placing card 76 in slot 6
[2022-12-18 10:02:46] [SEVERE ] placing card 43 in slot 7
[2022-12-18 10:02:46] [SEVERE ] placing card 40 in slot 8
[2022-12-18 10:02:47] [SEVERE ] placing card 9 in slot 9
[2022-12-18 10:02:47] [SEVERE ] placing card 2 in slot 10
[2022-12-18 10:02:47] [SEVERE ] placing card 79 in slot 11
