[2022-12-14 18:04:20] [INFO   ] cannot read configuration file config.properties trying from resources.
[2022-12-14 18:04:20] [INFO   ] configuration file was loaded from resources directory.
[2022-12-14 18:04:21] [INFO   ] Thread dealer starting.
[2022-12-14 18:04:21] [INFO   ] Thread 1starting.
[2022-12-14 18:04:21] [INFO   ] Thread 0starting.
[2022-12-14 18:04:21] [SEVERE ] placing card 51 in slot 0
[2022-12-14 18:04:21] [SEVERE ] placing card 54 in slot 1
[2022-12-14 18:04:21] [SEVERE ] placing card 12 in slot 2
[2022-12-14 18:04:21] [SEVERE ] placing card 74 in slot 3
[2022-12-14 18:04:21] [SEVERE ] placing card 57 in slot 4
[2022-12-14 18:04:22] [SEVERE ] placing card 63 in slot 5
[2022-12-14 18:04:22] [SEVERE ] placing card 4 in slot 6
[2022-12-14 18:04:22] [SEVERE ] placing card 17 in slot 7
[2022-12-14 18:04:22] [SEVERE ] placing card 36 in slot 8
[2022-12-14 18:04:22] [SEVERE ] placing card 24 in slot 9
[2022-12-14 18:04:22] [SEVERE ] placing card 59 in slot 10
[2022-12-14 18:04:22] [SEVERE ] placing card 6 in slot 11
[2022-12-14 18:04:24] [SEVERE ] Key 81 was pressed by player 0
[2022-12-14 18:04:24] [SEVERE ] player 0 placing token on slot 0
[2022-12-14 18:04:25] [SEVERE ] Key 87 was pressed by player 0
[2022-12-14 18:04:25] [SEVERE ] player 0 placing token on slot 1
[2022-12-14 18:04:25] [SEVERE ] Key 69 was pressed by player 0
[2022-12-14 18:04:25] [SEVERE ] player 0 placing token on slot 2
[2022-12-14 18:04:25] [SEVERE ] removing player 0 token from slot 0
[2022-12-14 18:04:25] [SEVERE ] removing player 0 token from slot 1
[2022-12-14 18:04:25] [SEVERE ] removing player 0 token from slot 2
[2022-12-14 18:04:25] [SEVERE ] setting player 0 score to 1
[2022-12-14 18:04:26] [SEVERE ] setting player 0 freeze to 1000
[2022-12-14 18:04:27] [SEVERE ] setting player 0 freeze to 37
[2022-12-14 18:04:28] [SEVERE ] setting player 0 freeze to 0
[2022-12-14 18:04:28] [SEVERE ] placing card 47 in slot 0
[2022-12-14 18:04:28] [SEVERE ] placing card 32 in slot 1
[2022-12-14 18:04:28] [SEVERE ] placing card 41 in slot 2
[2022-12-14 18:05:05] [SEVERE ] Key 67 was pressed by player 0
[2022-12-14 18:05:05] [SEVERE ] player 0 placing token on slot 10
[2022-12-14 18:05:05] [SEVERE ] Key 67 was pressed by player 0
[2022-12-14 18:05:05] [SEVERE ] removing player 0 token from slot 10
[2022-12-14 18:05:06] [SEVERE ] Key 88 was pressed by player 0
[2022-12-14 18:05:06] [SEVERE ] player 0 placing token on slot 9
[2022-12-14 18:05:08] [SEVERE ] Key 44 was pressed by player 1
[2022-12-14 18:05:08] [SEVERE ] player 1 placing token on slot 9
[2022-12-14 18:05:08] [SEVERE ] Key 90 was pressed by player 0
[2022-12-14 18:05:08] [SEVERE ] player 0 placing token on slot 8
[2022-12-14 18:05:09] [SEVERE ] Key 77 was pressed by player 1
[2022-12-14 18:05:09] [SEVERE ] player 1 placing token on slot 8
[2022-12-14 18:05:13] [SEVERE ] Key 65 was pressed by player 0
[2022-12-14 18:05:13] [SEVERE ] player 0 placing token on slot 4
[2022-12-14 18:05:13] [SEVERE ] removing player 0 token from slot 9
[2022-12-14 18:05:13] [SEVERE ] removing player 0 token from slot 8
[2022-12-14 18:05:13] [SEVERE ] removing player 0 token from slot 4
[2022-12-14 18:05:13] [SEVERE ] removing player 1 token from slot 9
[2022-12-14 18:05:13] [SEVERE ] removing player 1 token from slot 8
[2022-12-14 18:05:13] [SEVERE ] setting player 0 score to 3
[2022-12-14 18:05:14] [SEVERE ] Key 75 was pressed by player 1
[2022-12-14 18:05:14] [SEVERE ] player 1 placing token on slot 5
[2022-12-14 18:05:14] [SEVERE ] setting player 0 freeze to 1000
[2022-12-14 18:05:15] [SEVERE ] setting player 0 freeze to 45
[2022-12-14 18:05:16] [SEVERE ] setting player 0 freeze to 0
[2022-12-14 18:05:16] [SEVERE ] placing card 7 in slot 4
[2022-12-14 18:05:16] [SEVERE ] placing card 23 in slot 8
[2022-12-14 18:05:17] [SEVERE ] placing card 69 in slot 9
[2022-12-14 18:05:18] [SEVERE ] Key 77 was pressed by player 1
[2022-12-14 18:05:18] [SEVERE ] player 1 placing token on slot 8
[2022-12-14 18:05:18] [SEVERE ] Key 77 was pressed by player 1
[2022-12-14 18:05:18] [SEVERE ] removing player 1 token from slot 8
[2022-12-14 18:05:18] [SEVERE ] Key 75 was pressed by player 1
[2022-12-14 18:05:18] [SEVERE ] removing player 1 token from slot 5
[2022-12-14 18:05:31] [SEVERE ] Key 90 was pressed by player 0
[2022-12-14 18:05:31] [SEVERE ] player 0 placing token on slot 8
[2022-12-14 18:05:32] [SEVERE ] Key 77 was pressed by player 1
[2022-12-14 18:05:32] [SEVERE ] player 1 placing token on slot 8
[2022-12-14 18:05:33] [SEVERE ] Key 83 was pressed by player 0
[2022-12-14 18:05:33] [SEVERE ] player 0 placing token on slot 5
[2022-12-14 18:05:33] [SEVERE ] Key 83 was pressed by player 0
[2022-12-14 18:05:33] [SEVERE ] removing player 0 token from slot 5
[2022-12-14 18:05:33] [SEVERE ] Key 79 was pressed by player 1
[2022-12-14 18:05:33] [SEVERE ] player 1 placing token on slot 2
[2022-12-14 18:05:34] [SEVERE ] Key 68 was pressed by player 0
[2022-12-14 18:05:34] [SEVERE ] player 0 placing token on slot 6
[2022-12-14 18:05:35] [SEVERE ] Key 68 was pressed by player 0
[2022-12-14 18:05:35] [SEVERE ] removing player 0 token from slot 6
[2022-12-14 18:05:36] [SEVERE ] Key 69 was pressed by player 0
[2022-12-14 18:05:36] [SEVERE ] player 0 placing token on slot 2
[2022-12-14 18:05:42] [SEVERE ] Key 46 was pressed by player 1
[2022-12-14 18:05:42] [SEVERE ] player 1 placing token on slot 10
[2022-12-14 18:05:42] [SEVERE ] removing player 0 token from slot 8
[2022-12-14 18:05:42] [SEVERE ] removing player 0 token from slot 2
[2022-12-14 18:05:42] [SEVERE ] removing player 1 token from slot 8
[2022-12-14 18:05:42] [SEVERE ] removing player 1 token from slot 2
[2022-12-14 18:05:42] [SEVERE ] removing player 1 token from slot 10
[2022-12-14 18:05:42] [SEVERE ] setting player 1 score to 1
[2022-12-14 18:05:42] [SEVERE ] Key 67 was pressed by player 0
[2022-12-14 18:05:42] [SEVERE ] player 0 placing token on slot 10
[2022-12-14 18:05:43] [SEVERE ] setting player 1 freeze to 1000
[2022-12-14 18:05:44] [SEVERE ] setting player 1 freeze to 39
[2022-12-14 18:05:45] [SEVERE ] setting player 1 freeze to 0
[2022-12-14 18:05:45] [SEVERE ] placing card 76 in slot 2
[2022-12-14 18:05:45] [SEVERE ] placing card 58 in slot 8
[2022-12-14 18:05:45] [SEVERE ] placing card 35 in slot 10
