[2022-12-17 21:43:09] [INFO   ] cannot read configuration file config.properties trying from resources.
[2022-12-17 21:43:09] [INFO   ] configuration file was loaded from resources directory.
[2022-12-17 21:43:10] [INFO   ] Thread dealer starting.
[2022-12-17 21:43:10] [INFO   ] Thread 0starting.
[2022-12-17 21:43:10] [INFO   ] Thread 1starting.
[2022-12-17 21:43:10] [SEVERE ] placing card 80 in slot 0
[2022-12-17 21:43:10] [SEVERE ] placing card 47 in slot 1
[2022-12-17 21:43:10] [SEVERE ] placing card 51 in slot 2
[2022-12-17 21:43:10] [SEVERE ] placing card 68 in slot 3
[2022-12-17 21:43:10] [SEVERE ] placing card 23 in slot 4
[2022-12-17 21:43:11] [SEVERE ] placing card 13 in slot 5
[2022-12-17 21:43:11] [SEVERE ] placing card 64 in slot 6
[2022-12-17 21:43:11] [SEVERE ] placing card 32 in slot 7
[2022-12-17 21:43:11] [SEVERE ] placing card 79 in slot 8
[2022-12-17 21:43:11] [SEVERE ] placing card 44 in slot 9
[2022-12-17 21:43:11] [SEVERE ] placing card 43 in slot 10
[2022-12-17 21:43:11] [SEVERE ] placing card 57 in slot 11
[2022-12-17 21:43:14] [SEVERE ] Key 87 was pressed by player 0
[2022-12-17 21:43:14] [SEVERE ] player 0 placing token on slot 1
[2022-12-17 21:43:14] [SEVERE ] Key 69 was pressed by player 0
[2022-12-17 21:43:14] [SEVERE ] player 0 placing token on slot 2
[2022-12-17 21:43:14] [SEVERE ] Key 68 was pressed by player 0
[2022-12-17 21:43:14] [SEVERE ] player 0 placing token on slot 6
[2022-12-17 21:43:14] [SEVERE ] setting player 0 freeze to 3000
[2022-12-17 21:43:15] [SEVERE ] setting player 0 freeze to 2048
[2022-12-17 21:43:16] [SEVERE ] setting player 0 freeze to 1083
[2022-12-17 21:43:17] [SEVERE ] setting player 0 freeze to 125
[2022-12-17 21:43:18] [SEVERE ] setting player 0 freeze to 0
[2022-12-17 21:43:20] [SEVERE ] Key 68 was pressed by player 0
[2022-12-17 21:43:20] [SEVERE ] removing player 0 token from slot 6
[2022-12-17 21:43:20] [SEVERE ] Key 69 was pressed by player 0
[2022-12-17 21:43:20] [SEVERE ] removing player 0 token from slot 2
[2022-12-17 21:43:20] [SEVERE ] Key 87 was pressed by player 0
[2022-12-17 21:43:20] [SEVERE ] removing player 0 token from slot 1
[2022-12-17 21:43:21] [SEVERE ] Key 87 was pressed by player 0
[2022-12-17 21:43:21] [SEVERE ] player 0 placing token on slot 1
[2022-12-17 21:43:21] [SEVERE ] Key 83 was pressed by player 0
[2022-12-17 21:43:21] [SEVERE ] player 0 placing token on slot 5
[2022-12-17 21:43:22] [SEVERE ] Key 82 was pressed by player 0
[2022-12-17 21:43:22] [SEVERE ] player 0 placing token on slot 3
[2022-12-17 21:43:22] [SEVERE ] setting player 0 freeze to 3000
[2022-12-17 21:43:23] [SEVERE ] setting player 0 freeze to 2044
[2022-12-17 21:43:24] [SEVERE ] setting player 0 freeze to 1078
[2022-12-17 21:43:25] [SEVERE ] setting player 0 freeze to 123
[2022-12-17 21:43:26] [SEVERE ] setting player 0 freeze to 0
[2022-12-17 21:43:27] [SEVERE ] Key 83 was pressed by player 0
[2022-12-17 21:43:27] [SEVERE ] removing player 0 token from slot 5
[2022-12-17 21:43:28] [SEVERE ] Key 69 was pressed by player 0
[2022-12-17 21:43:28] [SEVERE ] player 0 placing token on slot 2
[2022-12-17 21:43:31] [SEVERE ] Key 69 was pressed by player 0
[2022-12-17 21:43:31] [SEVERE ] removing player 0 token from slot 2
[2022-12-17 21:43:31] [SEVERE ] Key 87 was pressed by player 0
[2022-12-17 21:43:31] [SEVERE ] removing player 0 token from slot 1
[2022-12-17 21:43:32] [SEVERE ] Key 69 was pressed by player 0
[2022-12-17 21:43:32] [SEVERE ] player 0 placing token on slot 2
[2022-12-17 21:43:32] [SEVERE ] Key 82 was pressed by player 0
[2022-12-17 21:43:32] [SEVERE ] removing player 0 token from slot 3
[2022-12-17 21:43:33] [SEVERE ] Key 69 was pressed by player 0
[2022-12-17 21:43:33] [SEVERE ] removing player 0 token from slot 2
[2022-12-17 21:43:33] [SEVERE ] Key 87 was pressed by player 0
[2022-12-17 21:43:33] [SEVERE ] player 0 placing token on slot 1
[2022-12-17 21:43:33] [SEVERE ] Key 69 was pressed by player 0
[2022-12-17 21:43:33] [SEVERE ] player 0 placing token on slot 2
[2022-12-17 21:43:34] [SEVERE ] Key 82 was pressed by player 0
[2022-12-17 21:43:34] [SEVERE ] player 0 placing token on slot 3
[2022-12-17 21:43:34] [SEVERE ] setting player 0 freeze to 3000
[2022-12-17 21:43:35] [SEVERE ] setting player 0 freeze to 2039
[2022-12-17 21:43:36] [SEVERE ] setting player 0 freeze to 1080
[2022-12-17 21:43:37] [SEVERE ] setting player 0 freeze to 130
[2022-12-17 21:43:38] [SEVERE ] setting player 0 freeze to 0
[2022-12-17 21:43:38] [SEVERE ] Key 82 was pressed by player 0
[2022-12-17 21:43:38] [SEVERE ] removing player 0 token from slot 3
[2022-12-17 21:43:39] [SEVERE ] Key 82 was pressed by player 0
[2022-12-17 21:43:39] [SEVERE ] player 0 placing token on slot 3
[2022-12-17 21:43:39] [SEVERE ] setting player 0 freeze to 3000
[2022-12-17 21:43:40] [SEVERE ] setting player 0 freeze to 2035
[2022-12-17 21:43:41] [SEVERE ] setting player 0 freeze to 1075
[2022-12-17 21:43:42] [SEVERE ] setting player 0 freeze to 122
[2022-12-17 21:43:43] [SEVERE ] setting player 0 freeze to 0
[2022-12-17 21:43:44] [SEVERE ] Key 69 was pressed by player 0
[2022-12-17 21:43:44] [SEVERE ] removing player 0 token from slot 2
[2022-12-17 21:43:45] [SEVERE ] Key 81 was pressed by player 0
[2022-12-17 21:43:45] [SEVERE ] player 0 placing token on slot 0
[2022-12-17 21:43:48] [SEVERE ] Key 81 was pressed by player 0
[2022-12-17 21:43:48] [SEVERE ] removing player 0 token from slot 0
[2022-12-17 21:43:49] [SEVERE ] Key 81 was pressed by player 0
[2022-12-17 21:43:49] [SEVERE ] player 0 placing token on slot 0
[2022-12-17 21:43:50] [SEVERE ] Key 81 was pressed by player 0
[2022-12-17 21:43:50] [SEVERE ] removing player 0 token from slot 0
[2022-12-17 21:43:50] [SEVERE ] Key 81 was pressed by player 0
[2022-12-17 21:43:50] [SEVERE ] player 0 placing token on slot 0
[2022-12-17 21:43:51] [SEVERE ] Key 69 was pressed by player 0
[2022-12-17 21:43:52] [SEVERE ] Key 69 was pressed by player 0
[2022-12-17 21:43:52] [SEVERE ] Key 69 was pressed by player 0
[2022-12-17 21:43:53] [SEVERE ] Key 69 was pressed by player 0
[2022-12-17 21:43:53] [SEVERE ] Key 87 was pressed by player 0
[2022-12-17 21:43:53] [SEVERE ] removing player 0 token from slot 1
[2022-12-17 21:43:54] [SEVERE ] Key 87 was pressed by player 0
[2022-12-17 21:43:54] [SEVERE ] player 0 placing token on slot 1
[2022-12-17 21:43:55] [SEVERE ] Key 87 was pressed by player 0
[2022-12-17 21:43:55] [SEVERE ] removing player 0 token from slot 1
[2022-12-17 21:43:56] [SEVERE ] Key 87 was pressed by player 0
[2022-12-17 21:43:56] [SEVERE ] player 0 placing token on slot 1
[2022-12-17 21:43:56] [SEVERE ] Key 69 was pressed by player 0
[2022-12-17 21:43:57] [SEVERE ] Key 87 was pressed by player 0
[2022-12-17 21:43:57] [SEVERE ] removing player 0 token from slot 1
[2022-12-17 21:43:58] [SEVERE ] Key 82 was pressed by player 0
[2022-12-17 21:43:58] [SEVERE ] removing player 0 token from slot 3
[2022-12-17 21:43:59] [SEVERE ] Key 69 was pressed by player 0
[2022-12-17 21:43:59] [SEVERE ] player 0 placing token on slot 2
[2022-12-17 21:43:59] [SEVERE ] Key 87 was pressed by player 0
[2022-12-17 21:43:59] [SEVERE ] player 0 placing token on slot 1
[2022-12-17 21:43:59] [SEVERE ] setting player 0 freeze to 3000
[2022-12-17 21:44:00] [SEVERE ] setting player 0 freeze to 2050
[2022-12-17 21:44:01] [SEVERE ] setting player 0 freeze to 1098
[2022-12-17 21:44:02] [SEVERE ] setting player 0 freeze to 135
[2022-12-17 21:44:03] [SEVERE ] setting player 0 freeze to 0
