[2022-12-14 13:03:22] [INFO   ] cannot read configuration file config.properties trying from resources.
[2022-12-14 13:03:22] [INFO   ] configuration file was loaded from resources directory.
[2022-12-14 13:03:23] [INFO   ] Thread dealer starting.
[2022-12-14 13:03:23] [INFO   ] Thread 0starting.
[2022-12-14 13:03:23] [INFO   ] Thread 1starting.
[2022-12-14 13:03:23] [SEVERE ] placing card 38 in slot 0
[2022-12-14 13:03:23] [SEVERE ] placing card 43 in slot 1
[2022-12-14 13:03:23] [SEVERE ] placing card 69 in slot 2
[2022-12-14 13:03:23] [SEVERE ] placing card 17 in slot 3
[2022-12-14 13:03:23] [SEVERE ] placing card 53 in slot 4
[2022-12-14 13:03:23] [SEVERE ] placing card 49 in slot 5
[2022-12-14 13:03:24] [SEVERE ] placing card 35 in slot 6
[2022-12-14 13:03:24] [SEVERE ] placing card 36 in slot 7
[2022-12-14 13:03:24] [SEVERE ] placing card 70 in slot 8
[2022-12-14 13:03:24] [SEVERE ] placing card 80 in slot 9
[2022-12-14 13:03:24] [SEVERE ] placing card 42 in slot 10
[2022-12-14 13:03:24] [SEVERE ] placing card 32 in slot 11
[2022-12-14 13:03:34] [SEVERE ] Key 82 was pressed by player 0
[2022-12-14 13:03:34] [SEVERE ] player 0 placing token on slot 3
[2022-12-14 13:03:35] [SEVERE ] Key 69 was pressed by player 0
[2022-12-14 13:03:35] [SEVERE ] player 0 placing token on slot 2
[2022-12-14 13:03:35] [SEVERE ] Key 87 was pressed by player 0
[2022-12-14 13:03:35] [SEVERE ] player 0 placing token on slot 1
[2022-12-14 13:03:35] [SEVERE ] removing player 0 token from slot -1
[2022-12-14 13:03:35] [INFO   ] Thread main terminated.
