[2022-12-17 12:28:18] [INFO   ] cannot read configuration file config.properties trying from resources.
[2022-12-17 12:28:18] [INFO   ] configuration file was loaded from resources directory.
[2022-12-17 12:28:18] [INFO   ] Thread dealer starting.
[2022-12-17 12:28:18] [INFO   ] Thread 0starting.
[2022-12-17 12:28:18] [INFO   ] Thread 1starting.
[2022-12-17 12:28:18] [SEVERE ] placing card 43 in slot 0
[2022-12-17 12:28:18] [SEVERE ] placing card 58 in slot 1
[2022-12-17 12:28:19] [SEVERE ] placing card 45 in slot 2
[2022-12-17 12:28:19] [SEVERE ] placing card 55 in slot 3
[2022-12-17 12:28:19] [SEVERE ] placing card 21 in slot 4
[2022-12-17 12:28:19] [SEVERE ] placing card 40 in slot 5
[2022-12-17 12:28:19] [SEVERE ] placing card 37 in slot 6
[2022-12-17 12:28:19] [SEVERE ] placing card 2 in slot 7
[2022-12-17 12:28:19] [SEVERE ] placing card 32 in slot 8
[2022-12-17 12:28:19] [SEVERE ] placing card 20 in slot 9
[2022-12-17 12:28:19] [SEVERE ] placing card 49 in slot 10
[2022-12-17 12:28:20] [SEVERE ] placing card 35 in slot 11
[2022-12-17 12:28:24] [SEVERE ] Key 81 was pressed by player 0
[2022-12-17 12:28:24] [SEVERE ] player 0 placing token on slot 0
[2022-12-17 12:28:26] [SEVERE ] Key 69 was pressed by player 0
[2022-12-17 12:28:26] [SEVERE ] player 0 placing token on slot 2
[2022-12-17 12:28:28] [SEVERE ] Key 90 was pressed by player 0
[2022-12-17 12:28:28] [SEVERE ] player 0 placing token on slot 8
[2022-12-17 12:28:28] [SEVERE ] setting player 0 score to 1
[2022-12-17 12:28:29] [SEVERE ] setting player 0 freeze to 1000
[2022-12-17 12:28:30] [SEVERE ] setting player 0 freeze to 41
[2022-12-17 12:28:31] [SEVERE ] setting player 0 freeze to 0
[2022-12-17 12:28:31] [SEVERE ] removing player 0 token from slot 0
[2022-12-17 12:28:31] [SEVERE ] removing player 0 token from slot 2
[2022-12-17 12:28:31] [SEVERE ] removing player 0 token from slot 8
[2022-12-17 12:28:31] [SEVERE ] placing card 50 in slot 0
[2022-12-17 12:28:31] [SEVERE ] placing card 74 in slot 2
[2022-12-17 12:28:31] [SEVERE ] placing card 78 in slot 8
[2022-12-17 12:28:40] [SEVERE ] Key 90 was pressed by player 0
[2022-12-17 12:28:40] [SEVERE ] Key 88 was pressed by player 0
[2022-12-17 12:28:44] [SEVERE ] Key 90 was pressed by player 0
[2022-12-17 12:28:44] [SEVERE ] Key 88 was pressed by player 0
[2022-12-17 12:28:44] [INFO   ] Only 3 action in a time
[2022-12-17 12:28:45] [SEVERE ] Key 90 was pressed by player 0
[2022-12-17 12:28:45] [INFO   ] Only 3 action in a time
[2022-12-17 12:28:45] [SEVERE ] Key 88 was pressed by player 0
[2022-12-17 12:28:45] [INFO   ] Only 3 action in a time
[2022-12-17 12:28:46] [SEVERE ] Key 76 was pressed by player 1
[2022-12-17 12:28:46] [SEVERE ] player 1 placing token on slot 6
[2022-12-17 12:28:46] [SEVERE ] Key 75 was pressed by player 1
[2022-12-17 12:28:46] [SEVERE ] player 1 placing token on slot 5
