[2022-12-13 19:28:23] [INFO   ] cannot read configuration file config.properties trying from resources.
[2022-12-13 19:28:23] [INFO   ] configuration file was loaded from resources directory.
[2022-12-13 19:28:24] [INFO   ] Thread dealer starting.
[2022-12-13 19:28:24] [INFO   ] Thread 0starting.
[2022-12-13 19:28:24] [INFO   ] Thread 1starting.
[2022-12-13 19:28:24] [SEVERE ] placing card 1 in slot 0
[2022-12-13 19:28:24] [SEVERE ] placing card 55 in slot 1
[2022-12-13 19:28:24] [SEVERE ] placing card 68 in slot 2
[2022-12-13 19:28:24] [SEVERE ] placing card 40 in slot 3
[2022-12-13 19:28:24] [SEVERE ] placing card 58 in slot 4
[2022-12-13 19:28:25] [SEVERE ] placing card 39 in slot 5
[2022-12-13 19:28:25] [SEVERE ] placing card 30 in slot 6
[2022-12-13 19:28:25] [SEVERE ] placing card 27 in slot 7
[2022-12-13 19:28:25] [SEVERE ] placing card 51 in slot 8
[2022-12-13 19:28:25] [SEVERE ] placing card 70 in slot 9
[2022-12-13 19:28:25] [SEVERE ] placing card 16 in slot 10
[2022-12-13 19:28:25] [SEVERE ] placing card 73 in slot 11
[2022-12-13 19:28:26] [SEVERE ] Key 81 was pressed by player 0
[2022-12-13 19:28:26] [SEVERE ] player 0 placing token on slot 0
[2022-12-13 19:28:26] [SEVERE ] Key 87 was pressed by player 0
[2022-12-13 19:28:26] [SEVERE ] player 0 placing token on slot 1
[2022-12-13 19:28:27] [SEVERE ] Key 69 was pressed by player 0
[2022-12-13 19:28:27] [SEVERE ] player 0 placing token on slot 2
