[2022-12-14 19:55:51] [INFO   ] cannot read configuration file config.properties trying from resources.
[2022-12-14 19:55:51] [INFO   ] configuration file was loaded from resources directory.
[2022-12-14 19:55:51] [INFO   ] Thread dealer starting.
[2022-12-14 19:55:51] [INFO   ] Thread 1starting.
[2022-12-14 19:55:51] [INFO   ] Thread 0starting.
[2022-12-14 19:55:52] [SEVERE ] placing card 14 in slot 0
[2022-12-14 19:55:52] [SEVERE ] placing card 3 in slot 1
[2022-12-14 19:55:52] [SEVERE ] placing card 16 in slot 2
[2022-12-14 19:55:52] [SEVERE ] placing card 22 in slot 3
[2022-12-14 19:55:52] [SEVERE ] placing card 51 in slot 4
[2022-12-14 19:55:52] [SEVERE ] placing card 59 in slot 5
[2022-12-14 19:55:52] [SEVERE ] placing card 46 in slot 6
[2022-12-14 19:55:52] [SEVERE ] placing card 18 in slot 7
[2022-12-14 19:55:52] [SEVERE ] placing card 63 in slot 8
[2022-12-14 19:55:53] [SEVERE ] placing card 65 in slot 9
[2022-12-14 19:55:53] [SEVERE ] placing card 58 in slot 10
[2022-12-14 19:55:53] [SEVERE ] placing card 13 in slot 11
[2022-12-14 19:56:02] [SEVERE ] Key 87 was pressed by player 0
[2022-12-14 19:56:02] [SEVERE ] player 0 placing token on slot 1
[2022-12-14 19:56:03] [SEVERE ] Key 82 was pressed by player 0
[2022-12-14 19:56:03] [SEVERE ] player 0 placing token on slot 3
[2022-12-14 19:56:08] [SEVERE ] Key 70 was pressed by player 0
[2022-12-14 19:56:08] [SEVERE ] player 0 placing token on slot 7
[2022-12-14 19:56:08] [SEVERE ] setting player 0 freeze to 3000
[2022-12-14 19:56:08] [SEVERE ] setting player 0 freeze to 2044
[2022-12-14 19:56:09] [SEVERE ] setting player 0 freeze to 1089
[2022-12-14 19:56:10] [SEVERE ] setting player 0 freeze to 136
[2022-12-14 19:56:11] [SEVERE ] setting player 0 freeze to 0
