[2022-12-18 10:02:29] [INFO   ] cannot read configuration file config.properties trying from resources.
[2022-12-18 10:02:29] [INFO   ] configuration file was loaded from resources directory.
[2022-12-18 10:02:30] [INFO   ] Thread dealer starting.
[2022-12-18 10:02:30] [INFO   ] Thread 0starting.
[2022-12-18 10:02:30] [INFO   ] Thread 1starting.
[2022-12-18 10:02:30] [INFO   ] Thread computer-0 starting.
[2022-12-18 10:02:30] [INFO   ] Thread computer-1 starting.
[2022-12-18 10:02:30] [INFO   ] Thread computer-1 terminated.
[2022-12-18 10:02:30] [INFO   ] Thread computer-0 terminated.
[2022-12-18 10:02:30] [SEVERE ] placing card 1 in slot 0
[2022-12-18 10:02:30] [SEVERE ] placing card 17 in slot 1
[2022-12-18 10:02:30] [SEVERE ] placing card 23 in slot 2
[2022-12-18 10:02:30] [SEVERE ] placing card 66 in slot 3
[2022-12-18 10:02:30] [SEVERE ] placing card 77 in slot 4
[2022-12-18 10:02:30] [SEVERE ] placing card 62 in slot 5
[2022-12-18 10:02:30] [SEVERE ] placing card 51 in slot 6
[2022-12-18 10:02:30] [SEVERE ] placing card 50 in slot 7
[2022-12-18 10:02:31] [SEVERE ] placing card 70 in slot 8
[2022-12-18 10:02:31] [SEVERE ] placing card 61 in slot 9
[2022-12-18 10:02:31] [SEVERE ] placing card 73 in slot 10
[2022-12-18 10:02:31] [SEVERE ] placing card 35 in slot 11
