[2022-12-17 21:41:50] [INFO   ] cannot read configuration file config.properties trying from resources.
[2022-12-17 21:41:50] [INFO   ] configuration file was loaded from resources directory.
[2022-12-17 21:41:50] [INFO   ] Thread dealer starting.
[2022-12-17 21:41:50] [INFO   ] Thread 1starting.
[2022-12-17 21:41:50] [INFO   ] Thread 0starting.
[2022-12-17 21:41:50] [SEVERE ] placing card 52 in slot 0
[2022-12-17 21:41:51] [SEVERE ] placing card 22 in slot 1
[2022-12-17 21:41:51] [SEVERE ] placing card 19 in slot 2
[2022-12-17 21:41:51] [SEVERE ] placing card 24 in slot 3
[2022-12-17 21:41:51] [SEVERE ] placing card 13 in slot 4
[2022-12-17 21:41:51] [SEVERE ] placing card 39 in slot 5
[2022-12-17 21:41:51] [SEVERE ] placing card 26 in slot 6
[2022-12-17 21:41:51] [SEVERE ] placing card 3 in slot 7
[2022-12-17 21:41:51] [SEVERE ] placing card 68 in slot 8
[2022-12-17 21:41:51] [SEVERE ] placing card 73 in slot 9
[2022-12-17 21:41:52] [SEVERE ] placing card 74 in slot 10
[2022-12-17 21:41:52] [SEVERE ] placing card 1 in slot 11
[2022-12-17 21:41:52] [SEVERE ] Key 81 was pressed by player 0
[2022-12-17 21:41:52] [SEVERE ] player 0 placing token on slot 0
[2022-12-17 21:41:52] [SEVERE ] Key 87 was pressed by player 0
[2022-12-17 21:41:52] [SEVERE ] player 0 placing token on slot 1
[2022-12-17 21:41:52] [SEVERE ] Key 69 was pressed by player 0
[2022-12-17 21:41:52] [SEVERE ] player 0 placing token on slot 2
[2022-12-17 21:41:52] [SEVERE ] setting player 0 freeze to 3000
[2022-12-17 21:41:53] [SEVERE ] setting player 0 freeze to 2037
[2022-12-17 21:41:54] [SEVERE ] setting player 0 freeze to 1084
[2022-12-17 21:41:55] [SEVERE ] setting player 0 freeze to 134
[2022-12-17 21:41:56] [SEVERE ] setting player 0 freeze to 0
[2022-12-17 21:41:58] [SEVERE ] Key 81 was pressed by player 0
[2022-12-17 21:41:58] [SEVERE ] removing player 0 token from slot 0
[2022-12-17 21:41:58] [SEVERE ] Key 87 was pressed by player 0
[2022-12-17 21:41:58] [SEVERE ] removing player 0 token from slot 1
[2022-12-17 21:41:58] [SEVERE ] Key 69 was pressed by player 0
[2022-12-17 21:41:58] [SEVERE ] removing player 0 token from slot 2
[2022-12-17 21:41:58] [SEVERE ] Key 82 was pressed by player 0
[2022-12-17 21:41:58] [SEVERE ] player 0 placing token on slot 3
[2022-12-17 21:41:59] [SEVERE ] Key 87 was pressed by player 0
[2022-12-17 21:41:59] [SEVERE ] player 0 placing token on slot 1
[2022-12-17 21:42:00] [SEVERE ] Key 88 was pressed by player 0
[2022-12-17 21:42:00] [SEVERE ] player 0 placing token on slot 9
[2022-12-17 21:42:00] [SEVERE ] setting player 0 freeze to 3000
[2022-12-17 21:42:01] [SEVERE ] setting player 0 freeze to 2049
[2022-12-17 21:42:01] [SEVERE ] setting player 0 freeze to 1098
[2022-12-17 21:42:02] [SEVERE ] setting player 0 freeze to 133
[2022-12-17 21:42:03] [SEVERE ] setting player 0 freeze to 0
[2022-12-17 21:42:05] [SEVERE ] Key 88 was pressed by player 0
[2022-12-17 21:42:05] [SEVERE ] removing player 0 token from slot 9
[2022-12-17 21:42:05] [SEVERE ] Key 87 was pressed by player 0
[2022-12-17 21:42:05] [SEVERE ] removing player 0 token from slot 1
[2022-12-17 21:42:06] [SEVERE ] Key 82 was pressed by player 0
[2022-12-17 21:42:06] [SEVERE ] removing player 0 token from slot 3
[2022-12-17 21:42:07] [SEVERE ] Key 65 was pressed by player 0
[2022-12-17 21:42:07] [SEVERE ] player 0 placing token on slot 4
[2022-12-17 21:42:07] [SEVERE ] Key 83 was pressed by player 0
[2022-12-17 21:42:07] [SEVERE ] player 0 placing token on slot 5
[2022-12-17 21:42:08] [SEVERE ] Key 70 was pressed by player 0
[2022-12-17 21:42:08] [SEVERE ] player 0 placing token on slot 7
[2022-12-17 21:42:08] [SEVERE ] setting player 0 freeze to 3000
[2022-12-17 21:42:09] [SEVERE ] setting player 0 freeze to 2035
[2022-12-17 21:42:09] [SEVERE ] setting player 0 freeze to 1082
[2022-12-17 21:42:10] [SEVERE ] setting player 0 freeze to 118
[2022-12-17 21:42:11] [SEVERE ] setting player 0 freeze to 0
[2022-12-17 21:42:13] [SEVERE ] Key 65 was pressed by player 0
[2022-12-17 21:42:13] [SEVERE ] removing player 0 token from slot 4
[2022-12-17 21:42:13] [SEVERE ] Key 83 was pressed by player 0
[2022-12-17 21:42:13] [SEVERE ] removing player 0 token from slot 5
[2022-12-17 21:42:14] [SEVERE ] Key 70 was pressed by player 0
[2022-12-17 21:42:14] [SEVERE ] removing player 0 token from slot 7
[2022-12-17 21:42:15] [SEVERE ] Key 83 was pressed by player 0
[2022-12-17 21:42:15] [SEVERE ] player 0 placing token on slot 5
[2022-12-17 21:42:16] [SEVERE ] Key 69 was pressed by player 0
[2022-12-17 21:42:16] [SEVERE ] player 0 placing token on slot 2
[2022-12-17 21:42:16] [SEVERE ] Key 68 was pressed by player 0
[2022-12-17 21:42:16] [SEVERE ] player 0 placing token on slot 6
[2022-12-17 21:42:16] [SEVERE ] setting player 0 freeze to 3000
[2022-12-17 21:42:17] [SEVERE ] setting player 0 freeze to 2036
[2022-12-17 21:42:18] [SEVERE ] setting player 0 freeze to 1072
[2022-12-17 21:42:19] [SEVERE ] setting player 0 freeze to 117
[2022-12-17 21:42:20] [SEVERE ] setting player 0 freeze to 0
