[2022-12-18 09:59:00] [INFO   ] cannot read configuration file config.properties trying from resources.
[2022-12-18 09:59:00] [INFO   ] configuration file was loaded from resources directory.
[2022-12-18 09:59:01] [INFO   ] Thread dealer starting.
[2022-12-18 09:59:01] [INFO   ] Thread 1starting.
[2022-12-18 09:59:01] [INFO   ] Thread 0starting.
[2022-12-18 09:59:01] [INFO   ] Thread computer-1 starting.
[2022-12-18 09:59:01] [INFO   ] Thread computer-1 terminated.
[2022-12-18 09:59:01] [INFO   ] Thread computer-0 starting.
[2022-12-18 09:59:01] [INFO   ] Thread computer-0 terminated.
[2022-12-18 09:59:01] [SEVERE ] placing card 62 in slot 0
[2022-12-18 09:59:01] [SEVERE ] placing card 65 in slot 1
[2022-12-18 09:59:01] [SEVERE ] placing card 74 in slot 2
[2022-12-18 09:59:01] [SEVERE ] placing card 28 in slot 3
[2022-12-18 09:59:01] [SEVERE ] placing card 50 in slot 4
[2022-12-18 09:59:01] [SEVERE ] placing card 68 in slot 5
[2022-12-18 09:59:01] [SEVERE ] placing card 40 in slot 6
[2022-12-18 09:59:01] [SEVERE ] placing card 73 in slot 7
[2022-12-18 09:59:02] [SEVERE ] placing card 55 in slot 8
[2022-12-18 09:59:02] [SEVERE ] placing card 52 in slot 9
[2022-12-18 09:59:02] [SEVERE ] placing card 2 in slot 10
[2022-12-18 09:59:02] [SEVERE ] placing card 53 in slot 11
