[2022-12-17 11:59:56] [INFO   ] cannot read configuration file config.properties trying from resources.
[2022-12-17 11:59:56] [INFO   ] configuration file was loaded from resources directory.
[2022-12-17 11:59:57] [INFO   ] Thread dealer starting.
[2022-12-17 11:59:57] [INFO   ] Thread 1starting.
[2022-12-17 11:59:57] [INFO   ] Thread 0starting.
[2022-12-17 11:59:57] [SEVERE ] placing card 28 in slot 0
[2022-12-17 11:59:57] [SEVERE ] placing card 47 in slot 1
[2022-12-17 11:59:57] [SEVERE ] placing card 46 in slot 2
[2022-12-17 11:59:57] [SEVERE ] placing card 69 in slot 3
[2022-12-17 11:59:57] [SEVERE ] placing card 72 in slot 4
[2022-12-17 11:59:57] [SEVERE ] placing card 22 in slot 5
[2022-12-17 11:59:57] [SEVERE ] placing card 15 in slot 6
[2022-12-17 11:59:57] [SEVERE ] placing card 4 in slot 7
[2022-12-17 11:59:58] [SEVERE ] placing card 55 in slot 8
[2022-12-17 11:59:58] [SEVERE ] placing card 36 in slot 9
[2022-12-17 11:59:58] [SEVERE ] placing card 73 in slot 10
[2022-12-17 11:59:58] [SEVERE ] placing card 61 in slot 11
[2022-12-17 12:00:02] [SEVERE ] Key 73 was pressed by player 1
[2022-12-17 12:00:02] [SEVERE ] player 1 placing token on slot 1
[2022-12-17 12:00:03] [SEVERE ] Key 80 was pressed by player 1
[2022-12-17 12:00:03] [SEVERE ] player 1 placing token on slot 3
[2022-12-17 12:00:06] [SEVERE ] Key 59 was pressed by player 1
[2022-12-17 12:00:06] [SEVERE ] player 1 placing token on slot 7
[2022-12-17 12:00:06] [SEVERE ] setting player 1 score to 1
[2022-12-17 12:00:07] [SEVERE ] setting player 1 freeze to 1000
[2022-12-17 12:00:08] [SEVERE ] setting player 1 freeze to 41
[2022-12-17 12:00:09] [SEVERE ] setting player 1 freeze to 0
[2022-12-17 12:00:09] [SEVERE ] removing player 1 token from slot 1
[2022-12-17 12:00:09] [SEVERE ] removing player 1 token from slot 3
[2022-12-17 12:00:09] [SEVERE ] removing player 1 token from slot 7
[2022-12-17 12:00:09] [SEVERE ] placing card 76 in slot 1
[2022-12-17 12:00:09] [SEVERE ] placing card 48 in slot 3
[2022-12-17 12:00:09] [SEVERE ] placing card 63 in slot 7
[2022-12-17 12:00:13] [SEVERE ] Key 85 was pressed by player 1
[2022-12-17 12:00:13] [SEVERE ] player 1 placing token on slot 0
[2022-12-17 12:00:15] [SEVERE ] Key 73 was pressed by player 1
[2022-12-17 12:00:15] [SEVERE ] player 1 placing token on slot 1
[2022-12-17 12:00:17] [SEVERE ] Key 44 was pressed by player 1
[2022-12-17 12:00:17] [SEVERE ] player 1 placing token on slot 9
[2022-12-17 12:00:17] [SEVERE ] setting player 1 freeze to 3000
[2022-12-17 12:00:18] [SEVERE ] setting player 1 freeze to 2039
[2022-12-17 12:00:19] [SEVERE ] setting player 1 freeze to 1081
[2022-12-17 12:00:20] [SEVERE ] setting player 1 freeze to 124
[2022-12-17 12:00:21] [SEVERE ] setting player 1 freeze to 0
[2022-12-17 12:00:23] [SEVERE ] Key 85 was pressed by player 1
[2022-12-17 12:00:23] [SEVERE ] removing player 1 token from slot 0
[2022-12-17 12:00:25] [SEVERE ] Key 59 was pressed by player 1
[2022-12-17 12:00:25] [SEVERE ] player 1 placing token on slot 7
[2022-12-17 12:00:27] [SEVERE ] Key 47 was pressed by player 1
[2022-12-17 12:00:32] [SEVERE ] Key 46 was pressed by player 1
[2022-12-17 12:00:32] [SEVERE ] Key 47 was pressed by player 1
[2022-12-17 12:00:35] [SEVERE ] Key 46 was pressed by player 1
[2022-12-17 12:00:35] [SEVERE ] Key 44 was pressed by player 1
[2022-12-17 12:00:35] [SEVERE ] removing player 1 token from slot 9
[2022-12-17 12:00:39] [SEVERE ] Key 47 was pressed by player 1
[2022-12-17 12:00:39] [SEVERE ] player 1 placing token on slot 11
[2022-12-17 12:00:39] [SEVERE ] setting player 1 freeze to 3000
[2022-12-17 12:00:40] [SEVERE ] setting player 1 freeze to 2037
[2022-12-17 12:00:41] [SEVERE ] setting player 1 freeze to 1085
[2022-12-17 12:00:42] [SEVERE ] setting player 1 freeze to 126
[2022-12-17 12:00:43] [SEVERE ] setting player 1 freeze to 0
