[2022-12-14 18:24:59] [INFO   ] cannot read configuration file config.properties trying from resources.
[2022-12-14 18:24:59] [INFO   ] configuration file was loaded from resources directory.
[2022-12-14 18:25:00] [INFO   ] Thread dealer starting.
[2022-12-14 18:25:00] [INFO   ] Thread 0starting.
[2022-12-14 18:25:00] [INFO   ] Thread 1starting.
[2022-12-14 18:25:00] [SEVERE ] placing card 61 in slot 0
[2022-12-14 18:25:00] [SEVERE ] placing card 64 in slot 1
[2022-12-14 18:25:00] [SEVERE ] placing card 21 in slot 2
[2022-12-14 18:25:00] [SEVERE ] placing card 13 in slot 3
[2022-12-14 18:25:00] [SEVERE ] placing card 59 in slot 4
[2022-12-14 18:25:01] [SEVERE ] placing card 70 in slot 5
[2022-12-14 18:25:01] [SEVERE ] placing card 15 in slot 6
[2022-12-14 18:25:01] [SEVERE ] placing card 58 in slot 7
[2022-12-14 18:25:01] [SEVERE ] placing card 32 in slot 8
[2022-12-14 18:25:01] [SEVERE ] placing card 34 in slot 9
[2022-12-14 18:25:01] [SEVERE ] placing card 75 in slot 10
[2022-12-14 18:25:01] [SEVERE ] placing card 16 in slot 11
[2022-12-14 18:25:03] [SEVERE ] Key 80 was pressed by player 1
[2022-12-14 18:25:03] [SEVERE ] player 1 placing token on slot 3
[2022-12-14 18:25:04] [SEVERE ] Key 79 was pressed by player 1
[2022-12-14 18:25:04] [SEVERE ] player 1 placing token on slot 2
[2022-12-14 18:25:04] [SEVERE ] Key 74 was pressed by player 1
[2022-12-14 18:25:04] [SEVERE ] player 1 placing token on slot 4
[2022-12-14 18:25:04] [SEVERE ] setting player 1 freeze to 3000
[2022-12-14 18:25:05] [SEVERE ] setting player 1 freeze to 2036
[2022-12-14 18:25:06] [SEVERE ] Key 85 was pressed by player 1
[2022-12-14 18:25:06] [SEVERE ] setting player 1 freeze to 1083
[2022-12-14 18:25:07] [SEVERE ] setting player 1 freeze to 132
[2022-12-14 18:25:07] [SEVERE ] Key 69 was pressed by player 0
[2022-12-14 18:25:07] [SEVERE ] player 0 placing token on slot 2
[2022-12-14 18:25:08] [SEVERE ] Key 67 was pressed by player 0
[2022-12-14 18:25:08] [SEVERE ] player 0 placing token on slot 10
[2022-12-14 18:25:08] [SEVERE ] setting player 1 freeze to 0
[2022-12-14 18:25:08] [SEVERE ] Key 87 was pressed by player 0
[2022-12-14 18:25:08] [SEVERE ] player 0 placing token on slot 1
[2022-12-14 18:25:08] [SEVERE ] setting player 0 freeze to 3000
[2022-12-14 18:25:09] [SEVERE ] setting player 0 freeze to 2043
[2022-12-14 18:25:10] [SEVERE ] setting player 0 freeze to 1079
[2022-12-14 18:25:11] [SEVERE ] setting player 0 freeze to 115
[2022-12-14 18:25:12] [SEVERE ] setting player 0 freeze to 0
[2022-12-14 18:25:13] [SEVERE ] Key 68 was pressed by player 0
[2022-12-14 18:25:15] [SEVERE ] Key 69 was pressed by player 0
[2022-12-14 18:25:15] [SEVERE ] removing player 0 token from slot 2
[2022-12-14 18:25:16] [SEVERE ] Key 87 was pressed by player 0
[2022-12-14 18:25:16] [SEVERE ] removing player 0 token from slot 1
[2022-12-14 18:25:17] [SEVERE ] Key 83 was pressed by player 0
[2022-12-14 18:25:17] [SEVERE ] player 0 placing token on slot 5
[2022-12-14 18:25:18] [SEVERE ] Key 68 was pressed by player 0
[2022-12-14 18:25:18] [SEVERE ] player 0 placing token on slot 6
[2022-12-14 18:25:18] [SEVERE ] setting player 0 freeze to 3000
[2022-12-14 18:25:19] [SEVERE ] Key 70 was pressed by player 0
[2022-12-14 18:25:19] [SEVERE ] setting player 0 freeze to 2033
[2022-12-14 18:25:20] [SEVERE ] setting player 0 freeze to 1074
[2022-12-14 18:25:21] [SEVERE ] setting player 0 freeze to 112
[2022-12-14 18:25:22] [SEVERE ] setting player 0 freeze to 0
[2022-12-14 18:26:23] [SEVERE ] removing player 0 token from slot 5
[2022-12-14 18:26:52] [SEVERE ] removing player 0 token from slot 10
[2022-12-14 18:26:56] [SEVERE ] removing player 0 token from slot 6
[2022-12-14 18:27:06] [SEVERE ] removing player 1 token from slot 3
[2022-12-14 18:27:06] [SEVERE ] removing player 1 token from slot 2
[2022-12-14 18:27:06] [SEVERE ] removing player 1 token from slot 4
