[2022-12-14 19:29:44] [INFO   ] cannot read configuration file config.properties trying from resources.
[2022-12-14 19:29:44] [INFO   ] configuration file was loaded from resources directory.
[2022-12-14 19:29:45] [INFO   ] Thread dealer starting.
[2022-12-14 19:29:45] [INFO   ] Thread 0starting.
[2022-12-14 19:29:45] [INFO   ] Thread 1starting.
[2022-12-14 19:29:45] [SEVERE ] placing card 28 in slot 0
[2022-12-14 19:29:45] [SEVERE ] placing card 34 in slot 1
[2022-12-14 19:29:45] [SEVERE ] placing card 27 in slot 2
[2022-12-14 19:29:45] [SEVERE ] placing card 64 in slot 3
[2022-12-14 19:29:45] [SEVERE ] placing card 6 in slot 4
[2022-12-14 19:29:46] [SEVERE ] placing card 24 in slot 5
[2022-12-14 19:29:46] [SEVERE ] placing card 0 in slot 6
[2022-12-14 19:29:46] [SEVERE ] placing card 23 in slot 7
[2022-12-14 19:29:46] [SEVERE ] placing card 58 in slot 8
[2022-12-14 19:29:46] [SEVERE ] placing card 72 in slot 9
[2022-12-14 19:29:46] [SEVERE ] placing card 20 in slot 10
[2022-12-14 19:29:46] [SEVERE ] placing card 74 in slot 11
[2022-12-14 19:30:08] [SEVERE ] Key 79 was pressed by player 1
[2022-12-14 19:30:08] [SEVERE ] player 1 placing token on slot 2
[2022-12-14 19:30:08] [SEVERE ] Key 80 was pressed by player 1
[2022-12-14 19:30:08] [SEVERE ] player 1 placing token on slot 3
[2022-12-14 19:30:09] [SEVERE ] Key 46 was pressed by player 1
[2022-12-14 19:30:09] [SEVERE ] player 1 placing token on slot 10
[2022-12-14 19:30:09] [INFO   ] Thread main terminated.
