[2022-12-18 10:10:03] [INFO   ] cannot read configuration file config.properties trying from resources.
[2022-12-18 10:10:03] [INFO   ] configuration file was loaded from resources directory.
[2022-12-18 10:10:04] [INFO   ] Thread dealer starting.
[2022-12-18 10:10:04] [INFO   ] Thread 2starting.
[2022-12-18 10:10:04] [INFO   ] Thread 0starting.
[2022-12-18 10:10:04] [INFO   ] Thread 1starting.
[2022-12-18 10:10:04] [INFO   ] Thread computer-2 starting.
[2022-12-18 10:10:04] [INFO   ] Thread computer-1 starting.
[2022-12-18 10:10:04] [SEVERE ] placing card 59 in slot 0
[2022-12-18 10:10:04] [SEVERE ] placing card 22 in slot 1
[2022-12-18 10:10:04] [SEVERE ] placing card 53 in slot 2
[2022-12-18 10:10:04] [SEVERE ] placing card 36 in slot 3
[2022-12-18 10:10:05] [SEVERE ] placing card 45 in slot 4
[2022-12-18 10:10:05] [SEVERE ] placing card 26 in slot 5
[2022-12-18 10:10:05] [SEVERE ] placing card 34 in slot 6
[2022-12-18 10:10:05] [SEVERE ] placing card 54 in slot 7
[2022-12-18 10:10:05] [SEVERE ] placing card 63 in slot 8
[2022-12-18 10:10:05] [SEVERE ] placing card 65 in slot 9
[2022-12-18 10:10:05] [SEVERE ] placing card 2 in slot 10
[2022-12-18 10:10:05] [SEVERE ] placing card 48 in slot 11
[2022-12-18 10:10:06] [SEVERE ] player 2 placing token on slot 3
[2022-12-18 10:10:06] [SEVERE ] player 1 placing token on slot 1
[2022-12-18 10:10:06] [SEVERE ] player 1 placing token on slot 3
[2022-12-18 10:10:06] [SEVERE ] player 2 placing token on slot 7
[2022-12-18 10:10:06] [SEVERE ] player 1 placing token on slot 7
[2022-12-18 10:10:06] [SEVERE ] player 2 placing token on slot 5
[2022-12-18 10:10:06] [SEVERE ] setting player 1 freeze to 3000
[2022-12-18 10:10:06] [SEVERE ] setting player 2 freeze to 3000
[2022-12-18 10:10:07] [SEVERE ] setting player 2 freeze to 2036
[2022-12-18 10:10:07] [SEVERE ] setting player 1 freeze to 2035
[2022-12-18 10:10:08] [SEVERE ] setting player 2 freeze to 1077
[2022-12-18 10:10:08] [SEVERE ] setting player 1 freeze to 1076
[2022-12-18 10:10:09] [SEVERE ] setting player 1 freeze to 121
[2022-12-18 10:10:09] [SEVERE ] setting player 2 freeze to 122
[2022-12-18 10:10:10] [SEVERE ] setting player 1 freeze to 0
[2022-12-18 10:10:10] [SEVERE ] setting player 2 freeze to 0
[2022-12-18 10:10:10] [SEVERE ] removing player 1 token from slot 7
[2022-12-18 10:10:10] [SEVERE ] player 1 placing token on slot 9
[2022-12-18 10:10:10] [SEVERE ] setting player 1 freeze to 3000
[2022-12-18 10:10:11] [SEVERE ] removing player 2 token from slot 5
[2022-12-18 10:10:11] [SEVERE ] player 2 placing token on slot 0
[2022-12-18 10:10:11] [SEVERE ] setting player 2 freeze to 3000
[2022-12-18 10:10:11] [SEVERE ] setting player 1 freeze to 2040
[2022-12-18 10:10:12] [SEVERE ] setting player 2 freeze to 2037
[2022-12-18 10:10:12] [SEVERE ] setting player 1 freeze to 1087
[2022-12-18 10:10:13] [SEVERE ] setting player 2 freeze to 1085
[2022-12-18 10:10:13] [SEVERE ] setting player 1 freeze to 136
[2022-12-18 10:10:14] [SEVERE ] setting player 2 freeze to 134
[2022-12-18 10:10:14] [SEVERE ] setting player 1 freeze to 0
[2022-12-18 10:10:14] [SEVERE ] removing player 1 token from slot 1
[2022-12-18 10:10:14] [SEVERE ] player 1 placing token on slot 0
[2022-12-18 10:10:15] [SEVERE ] setting player 2 freeze to 0
[2022-12-18 10:10:15] [SEVERE ] removing player 2 token from slot 3
[2022-12-18 10:10:15] [SEVERE ] player 2 placing token on slot 10
[2022-12-18 10:10:15] [SEVERE ] removing player 1 token from slot 9
[2022-12-18 10:10:15] [SEVERE ] player 1 placing token on slot 2
[2022-12-18 10:10:15] [SEVERE ] removing player 2 token from slot 10
[2022-12-18 10:10:15] [SEVERE ] setting player 1 freeze to 3000
[2022-12-18 10:10:16] [SEVERE ] removing player 2 token from slot 7
[2022-12-18 10:10:16] [SEVERE ] player 2 placing token on slot 5
[2022-12-18 10:10:16] [SEVERE ] player 2 placing token on slot 2
[2022-12-18 10:10:16] [SEVERE ] setting player 1 freeze to 2039
[2022-12-18 10:10:17] [SEVERE ] setting player 1 freeze to 1074
[2022-12-18 10:10:18] [SEVERE ] removing player 2 token from slot 5
[2022-12-18 10:10:18] [SEVERE ] setting player 1 freeze to 113
[2022-12-18 10:10:19] [SEVERE ] removing player 2 token from slot 2
[2022-12-18 10:10:19] [SEVERE ] player 2 placing token on slot 3
[2022-12-18 10:10:19] [SEVERE ] player 2 placing token on slot 1
