[2022-12-17 14:31:00] [INFO   ] cannot read configuration file config.properties trying from resources.
[2022-12-17 14:31:00] [INFO   ] configuration file was loaded from resources directory.
[2022-12-17 14:31:01] [INFO   ] Thread dealer starting.
[2022-12-17 14:31:01] [INFO   ] Thread 1starting.
[2022-12-17 14:31:01] [INFO   ] Thread 0starting.
[2022-12-17 14:31:01] [SEVERE ] placing card 66 in slot 0
[2022-12-17 14:31:01] [SEVERE ] placing card 3 in slot 1
[2022-12-17 14:31:01] [SEVERE ] placing card 53 in slot 2
[2022-12-17 14:31:01] [SEVERE ] placing card 39 in slot 3
[2022-12-17 14:31:01] [SEVERE ] placing card 17 in slot 4
[2022-12-17 14:31:01] [SEVERE ] placing card 69 in slot 5
[2022-12-17 14:31:02] [SEVERE ] placing card 70 in slot 6
[2022-12-17 14:31:02] [SEVERE ] placing card 38 in slot 7
[2022-12-17 14:31:02] [SEVERE ] placing card 79 in slot 8
[2022-12-17 14:31:02] [SEVERE ] placing card 71 in slot 9
[2022-12-17 14:31:02] [SEVERE ] placing card 11 in slot 10
[2022-12-17 14:31:02] [SEVERE ] placing card 68 in slot 11
[2022-12-17 14:31:06] [SEVERE ] Key 83 was pressed by player 0
[2022-12-17 14:31:06] [SEVERE ] player 0 placing token on slot 5
[2022-12-17 14:31:06] [SEVERE ] Key 69 was pressed by player 0
[2022-12-17 14:31:06] [SEVERE ] player 0 placing token on slot 2
[2022-12-17 14:31:07] [SEVERE ] Key 68 was pressed by player 0
[2022-12-17 14:31:07] [SEVERE ] player 0 placing token on slot 6
[2022-12-17 14:31:07] [SEVERE ] setting player 0 freeze to 3000
[2022-12-17 14:31:08] [SEVERE ] setting player 0 freeze to 2038
[2022-12-17 14:31:09] [SEVERE ] setting player 0 freeze to 1071
[2022-12-17 14:31:09] [SEVERE ] setting player 0 freeze to 109
[2022-12-17 14:31:10] [SEVERE ] Key 88 was pressed by player 0
[2022-12-17 14:31:10] [SEVERE ] setting player 0 freeze to 0
[2022-12-17 14:31:11] [SEVERE ] Key 68 was pressed by player 0
[2022-12-17 14:31:11] [SEVERE ] removing player 0 token from slot 6
[2022-12-17 14:31:12] [SEVERE ] Key 69 was pressed by player 0
[2022-12-17 14:31:12] [SEVERE ] removing player 0 token from slot 2
[2022-12-17 14:31:12] [SEVERE ] Key 83 was pressed by player 0
[2022-12-17 14:31:12] [SEVERE ] removing player 0 token from slot 5
[2022-12-17 14:31:14] [SEVERE ] Key 79 was pressed by player 1
[2022-12-17 14:31:14] [SEVERE ] player 1 placing token on slot 2
[2022-12-17 14:31:14] [SEVERE ] Key 75 was pressed by player 1
[2022-12-17 14:31:14] [SEVERE ] player 1 placing token on slot 5
[2022-12-17 14:31:15] [SEVERE ] Key 74 was pressed by player 1
[2022-12-17 14:31:15] [SEVERE ] player 1 placing token on slot 4
[2022-12-17 14:31:15] [SEVERE ] setting player 1 freeze to 3000
[2022-12-17 14:31:16] [SEVERE ] setting player 1 freeze to 2049
[2022-12-17 14:31:17] [SEVERE ] setting player 1 freeze to 1096
