[2022-12-14 15:00:16] [INFO   ] cannot read configuration file config.properties trying from resources.
[2022-12-14 15:00:16] [INFO   ] configuration file was loaded from resources directory.
[2022-12-14 15:00:16] [INFO   ] Thread dealer starting.
[2022-12-14 15:00:16] [INFO   ] Thread 1starting.
[2022-12-14 15:00:16] [INFO   ] Thread 0starting.
[2022-12-14 15:00:16] [SEVERE ] placing card 9 in slot 0
[2022-12-14 15:00:16] [SEVERE ] placing card 66 in slot 1
[2022-12-14 15:00:17] [SEVERE ] placing card 76 in slot 2
[2022-12-14 15:00:17] [SEVERE ] placing card 65 in slot 3
[2022-12-14 15:00:17] [SEVERE ] placing card 1 in slot 4
[2022-12-14 15:00:17] [SEVERE ] placing card 59 in slot 5
[2022-12-14 15:00:17] [SEVERE ] placing card 21 in slot 6
[2022-12-14 15:00:17] [SEVERE ] placing card 39 in slot 7
[2022-12-14 15:00:17] [SEVERE ] placing card 27 in slot 8
[2022-12-14 15:00:17] [SEVERE ] placing card 28 in slot 9
[2022-12-14 15:00:17] [SEVERE ] placing card 6 in slot 10
[2022-12-14 15:00:18] [SEVERE ] placing card 54 in slot 11
[2022-12-14 15:00:44] [SEVERE ] Key 69 was pressed by player 0
[2022-12-14 15:00:44] [SEVERE ] player 0 placing token on slot 2
[2022-12-14 15:00:45] [SEVERE ] Key 87 was pressed by player 0
[2022-12-14 15:00:45] [SEVERE ] player 0 placing token on slot 1
[2022-12-14 15:00:46] [SEVERE ] Key 83 was pressed by player 0
[2022-12-14 15:00:46] [SEVERE ] player 0 placing token on slot 5
[2022-12-14 15:00:46] [SEVERE ] removing player 0 token from slot 2
[2022-12-14 15:00:46] [SEVERE ] removing player 0 token from slot 1
[2022-12-14 15:00:46] [SEVERE ] removing player 0 token from slot 5
[2022-12-14 15:00:46] [SEVERE ] setting player 0 score to 1
[2022-12-14 15:00:47] [SEVERE ] placing card 43 in slot 1
[2022-12-14 15:00:47] [SEVERE ] placing card 78 in slot 2
[2022-12-14 15:00:47] [SEVERE ] placing card 4 in slot 5
[2022-12-14 15:01:15] [SEVERE ] Key 70 was pressed by player 0
[2022-12-14 15:01:15] [SEVERE ] player 0 placing token on slot 7
[2022-12-14 15:01:16] [SEVERE ] Key 70 was pressed by player 0
[2022-12-14 15:01:16] [SEVERE ] removing player 0 token from slot 7
[2022-12-14 15:01:16] [SEVERE ] Key 68 was pressed by player 0
[2022-12-14 15:01:16] [SEVERE ] player 0 placing token on slot 6
[2022-12-14 15:01:18] [SEVERE ] removing card from slot 0
[2022-12-14 15:01:18] [SEVERE ] removing card from slot 1
[2022-12-14 15:01:18] [SEVERE ] removing card from slot 2
[2022-12-14 15:01:18] [SEVERE ] removing card from slot 3
[2022-12-14 15:01:18] [SEVERE ] removing card from slot 4
[2022-12-14 15:01:18] [SEVERE ] removing card from slot 5
[2022-12-14 15:01:18] [SEVERE ] removing card from slot 6
[2022-12-14 15:01:18] [SEVERE ] removing card from slot 7
[2022-12-14 15:01:19] [SEVERE ] removing card from slot 8
[2022-12-14 15:01:19] [SEVERE ] removing card from slot 9
[2022-12-14 15:01:19] [SEVERE ] removing card from slot 10
[2022-12-14 15:01:19] [SEVERE ] removing card from slot 11
[2022-12-14 15:01:19] [SEVERE ] placing card 27 in slot 0
[2022-12-14 15:01:19] [SEVERE ] placing card 47 in slot 1
[2022-12-14 15:01:19] [SEVERE ] placing card 71 in slot 2
[2022-12-14 15:01:19] [SEVERE ] placing card 30 in slot 3
[2022-12-14 15:01:19] [SEVERE ] placing card 35 in slot 4
[2022-12-14 15:01:20] [SEVERE ] placing card 55 in slot 5
[2022-12-14 15:01:20] [SEVERE ] placing card 78 in slot 6
[2022-12-14 15:01:20] [SEVERE ] placing card 33 in slot 7
[2022-12-14 15:01:20] [SEVERE ] placing card 2 in slot 8
[2022-12-14 15:01:20] [SEVERE ] placing card 79 in slot 9
[2022-12-14 15:01:20] [SEVERE ] placing card 23 in slot 10
[2022-12-14 15:01:20] [SEVERE ] placing card 14 in slot 11
[2022-12-14 15:01:21] [SEVERE ] Key 68 was pressed by player 0
[2022-12-14 15:01:21] [SEVERE ] removing player 0 token from slot 6
[2022-12-14 15:02:20] [SEVERE ] removing card from slot 0
[2022-12-14 15:02:21] [SEVERE ] removing card from slot 1
[2022-12-14 15:02:21] [SEVERE ] removing card from slot 2
[2022-12-14 15:02:21] [SEVERE ] removing card from slot 3
[2022-12-14 15:02:21] [SEVERE ] removing card from slot 4
[2022-12-14 15:02:21] [SEVERE ] removing card from slot 5
[2022-12-14 15:02:21] [SEVERE ] removing card from slot 6
[2022-12-14 15:02:21] [SEVERE ] removing card from slot 7
[2022-12-14 15:02:21] [SEVERE ] removing card from slot 8
[2022-12-14 15:02:21] [SEVERE ] removing card from slot 9
[2022-12-14 15:02:21] [SEVERE ] removing card from slot 10
[2022-12-14 15:02:22] [SEVERE ] removing card from slot 11
[2022-12-14 15:02:22] [SEVERE ] placing card 17 in slot 0
[2022-12-14 15:02:22] [SEVERE ] placing card 44 in slot 1
[2022-12-14 15:02:22] [SEVERE ] placing card 49 in slot 2
[2022-12-14 15:02:22] [SEVERE ] placing card 16 in slot 3
[2022-12-14 15:02:22] [SEVERE ] placing card 78 in slot 4
[2022-12-14 15:02:22] [SEVERE ] placing card 19 in slot 5
[2022-12-14 15:02:22] [SEVERE ] placing card 39 in slot 6
[2022-12-14 15:02:22] [SEVERE ] placing card 6 in slot 7
[2022-12-14 15:02:23] [SEVERE ] placing card 28 in slot 8
[2022-12-14 15:02:23] [SEVERE ] placing card 64 in slot 9
[2022-12-14 15:02:23] [SEVERE ] placing card 40 in slot 10
[2022-12-14 15:02:23] [SEVERE ] placing card 77 in slot 11
[2022-12-14 15:02:34] [SEVERE ] Key 87 was pressed by player 0
[2022-12-14 15:02:34] [SEVERE ] player 0 placing token on slot 1
[2022-12-14 15:02:35] [SEVERE ] Key 87 was pressed by player 0
[2022-12-14 15:02:35] [SEVERE ] removing player 0 token from slot 1
[2022-12-14 15:02:35] [SEVERE ] Key 81 was pressed by player 0
[2022-12-14 15:02:35] [SEVERE ] player 0 placing token on slot 0
[2022-12-14 15:02:36] [SEVERE ] Key 65 was pressed by player 0
[2022-12-14 15:02:36] [SEVERE ] player 0 placing token on slot 4
[2022-12-14 15:02:38] [SEVERE ] Key 90 was pressed by player 0
[2022-12-14 15:02:38] [SEVERE ] player 0 placing token on slot 8
[2022-12-14 15:02:47] [SEVERE ] Key 90 was pressed by player 0
[2022-12-14 15:02:47] [SEVERE ] removing player 0 token from slot 8
[2022-12-14 15:02:47] [SEVERE ] Key 65 was pressed by player 0
[2022-12-14 15:02:47] [SEVERE ] removing player 0 token from slot 4
[2022-12-14 15:02:48] [SEVERE ] Key 81 was pressed by player 0
[2022-12-14 15:02:48] [SEVERE ] removing player 0 token from slot 0
[2022-12-14 15:03:02] [SEVERE ] Key 85 was pressed by player 1
[2022-12-14 15:03:02] [SEVERE ] player 1 placing token on slot 0
[2022-12-14 15:03:02] [SEVERE ] Key 82 was pressed by player 0
[2022-12-14 15:03:02] [SEVERE ] player 0 placing token on slot 3
[2022-12-14 15:03:03] [SEVERE ] Key 69 was pressed by player 0
[2022-12-14 15:03:03] [SEVERE ] player 0 placing token on slot 2
[2022-12-14 15:03:03] [SEVERE ] Key 69 was pressed by player 0
[2022-12-14 15:03:03] [SEVERE ] removing player 0 token from slot 2
[2022-12-14 15:03:04] [SEVERE ] Key 87 was pressed by player 0
[2022-12-14 15:03:04] [SEVERE ] player 0 placing token on slot 1
[2022-12-14 15:03:05] [SEVERE ] Key 87 was pressed by player 0
[2022-12-14 15:03:05] [SEVERE ] removing player 0 token from slot 1
[2022-12-14 15:03:06] [SEVERE ] Key 81 was pressed by player 0
[2022-12-14 15:03:06] [SEVERE ] player 0 placing token on slot 0
[2022-12-14 15:03:06] [SEVERE ] Key 81 was pressed by player 0
[2022-12-14 15:03:06] [SEVERE ] removing player 0 token from slot 0
[2022-12-14 15:03:07] [SEVERE ] Key 81 was pressed by player 0
[2022-12-14 15:03:07] [SEVERE ] player 0 placing token on slot 0
[2022-12-14 15:03:07] [SEVERE ] Key 81 was pressed by player 0
[2022-12-14 15:03:07] [SEVERE ] removing player 0 token from slot 0
[2022-12-14 15:03:09] [SEVERE ] Key 85 was pressed by player 1
[2022-12-14 15:03:09] [SEVERE ] removing player 1 token from slot 0
[2022-12-14 15:03:12] [SEVERE ] Key 70 was pressed by player 0
[2022-12-14 15:03:12] [SEVERE ] player 0 placing token on slot 7
[2022-12-14 15:03:12] [SEVERE ] Key 70 was pressed by player 0
[2022-12-14 15:03:12] [SEVERE ] removing player 0 token from slot 7
[2022-12-14 15:03:13] [SEVERE ] Key 68 was pressed by player 0
[2022-12-14 15:03:13] [SEVERE ] player 0 placing token on slot 6
[2022-12-14 15:03:14] [SEVERE ] Key 68 was pressed by player 0
[2022-12-14 15:03:14] [SEVERE ] removing player 0 token from slot 6
[2022-12-14 15:03:15] [SEVERE ] Key 67 was pressed by player 0
[2022-12-14 15:03:15] [SEVERE ] player 0 placing token on slot 10
[2022-12-14 15:03:15] [SEVERE ] Key 88 was pressed by player 0
[2022-12-14 15:03:15] [SEVERE ] player 0 placing token on slot 9
[2022-12-14 15:03:15] [SEVERE ] removing player 0 token from slot 3
[2022-12-14 15:03:15] [SEVERE ] removing player 0 token from slot 10
[2022-12-14 15:03:15] [SEVERE ] removing player 0 token from slot 9
[2022-12-14 15:03:15] [SEVERE ] setting player 0 score to 3
[2022-12-14 15:03:17] [SEVERE ] placing card 67 in slot 3
[2022-12-14 15:03:17] [SEVERE ] placing card 36 in slot 9
[2022-12-14 15:03:17] [SEVERE ] placing card 21 in slot 10
[2022-12-14 15:03:23] [SEVERE ] removing card from slot 0
[2022-12-14 15:03:23] [SEVERE ] removing card from slot 1
[2022-12-14 15:03:23] [SEVERE ] removing card from slot 2
[2022-12-14 15:03:23] [SEVERE ] removing card from slot 3
[2022-12-14 15:03:24] [SEVERE ] removing card from slot 4
[2022-12-14 15:03:24] [SEVERE ] removing card from slot 5
[2022-12-14 15:03:24] [SEVERE ] removing card from slot 6
[2022-12-14 15:03:24] [SEVERE ] removing card from slot 7
[2022-12-14 15:03:24] [SEVERE ] removing card from slot 8
[2022-12-14 15:03:24] [SEVERE ] removing card from slot 9
[2022-12-14 15:03:24] [SEVERE ] removing card from slot 10
[2022-12-14 15:03:24] [SEVERE ] removing card from slot 11
[2022-12-14 15:03:24] [SEVERE ] placing card 32 in slot 0
[2022-12-14 15:03:24] [SEVERE ] placing card 39 in slot 1
[2022-12-14 15:03:25] [SEVERE ] placing card 20 in slot 2
[2022-12-14 15:03:25] [SEVERE ] placing card 5 in slot 3
[2022-12-14 15:03:25] [SEVERE ] placing card 4 in slot 4
[2022-12-14 15:03:25] [SEVERE ] placing card 45 in slot 5
[2022-12-14 15:03:25] [SEVERE ] placing card 79 in slot 6
[2022-12-14 15:03:25] [SEVERE ] placing card 13 in slot 7
[2022-12-14 15:03:25] [SEVERE ] placing card 29 in slot 8
[2022-12-14 15:03:25] [SEVERE ] placing card 36 in slot 9
[2022-12-14 15:03:25] [SEVERE ] placing card 11 in slot 10
[2022-12-14 15:03:26] [SEVERE ] placing card 27 in slot 11
[2022-12-14 15:03:56] [SEVERE ] Key 83 was pressed by player 0
[2022-12-14 15:03:56] [SEVERE ] player 0 placing token on slot 5
[2022-12-14 15:03:57] [SEVERE ] Key 88 was pressed by player 0
[2022-12-14 15:03:57] [SEVERE ] player 0 placing token on slot 9
[2022-12-14 15:03:59] [SEVERE ] Key 86 was pressed by player 0
[2022-12-14 15:03:59] [SEVERE ] player 0 placing token on slot 11
[2022-12-14 15:03:59] [SEVERE ] removing player 0 token from slot 5
[2022-12-14 15:03:59] [SEVERE ] removing player 0 token from slot 9
[2022-12-14 15:03:59] [SEVERE ] removing player 0 token from slot 11
[2022-12-14 15:03:59] [SEVERE ] setting player 0 score to 5
[2022-12-14 15:04:00] [SEVERE ] placing card 62 in slot 5
[2022-12-14 15:04:00] [SEVERE ] placing card 41 in slot 9
[2022-12-14 15:04:00] [SEVERE ] placing card 21 in slot 11
[2022-12-14 15:04:19] [SEVERE ] Key 79 was pressed by player 1
[2022-12-14 15:04:19] [SEVERE ] player 1 placing token on slot 2
[2022-12-14 15:04:19] [SEVERE ] Key 79 was pressed by player 1
[2022-12-14 15:04:19] [SEVERE ] removing player 1 token from slot 2
[2022-12-14 15:04:20] [SEVERE ] Key 80 was pressed by player 1
[2022-12-14 15:04:20] [SEVERE ] player 1 placing token on slot 3
[2022-12-14 15:04:20] [SEVERE ] Key 59 was pressed by player 1
[2022-12-14 15:04:20] [SEVERE ] player 1 placing token on slot 7
[2022-12-14 15:04:22] [SEVERE ] Key 46 was pressed by player 1
[2022-12-14 15:04:22] [SEVERE ] player 1 placing token on slot 10
[2022-12-14 15:04:22] [SEVERE ] Key 46 was pressed by player 1
[2022-12-14 15:04:24] [SEVERE ] Key 46 was pressed by player 1
[2022-12-14 15:04:25] [SEVERE ] removing player 1 token from slot 10
[2022-12-14 15:04:25] [SEVERE ] player 1 placing token on slot 10
[2022-12-14 15:04:26] [SEVERE ] Key 44 was pressed by player 1
[2022-12-14 15:04:26] [SEVERE ] Key 44 was pressed by player 1
[2022-12-14 15:04:26] [SEVERE ] Key 44 was pressed by player 1
[2022-12-14 15:04:26] [SEVERE ] Key 44 was pressed by player 1
[2022-12-14 15:04:26] [INFO   ] Only 3 action in a time
[2022-12-14 15:04:27] [SEVERE ] Key 44 was pressed by player 1
[2022-12-14 15:04:27] [INFO   ] Only 3 action in a time
[2022-12-14 15:04:27] [SEVERE ] Key 44 was pressed by player 1
[2022-12-14 15:04:27] [INFO   ] Only 3 action in a time
[2022-12-14 15:04:27] [SEVERE ] Key 44 was pressed by player 1
[2022-12-14 15:04:27] [INFO   ] Only 3 action in a time
[2022-12-14 15:04:27] [SEVERE ] Key 44 was pressed by player 1
[2022-12-14 15:04:27] [INFO   ] Only 3 action in a time
[2022-12-14 15:04:28] [SEVERE ] removing card from slot 0
[2022-12-14 15:04:28] [SEVERE ] removing card from slot 1
[2022-12-14 15:04:28] [SEVERE ] removing card from slot 2
[2022-12-14 15:04:28] [SEVERE ] removing card from slot 3
[2022-12-14 15:04:28] [SEVERE ] removing card from slot 4
[2022-12-14 15:04:28] [SEVERE ] removing card from slot 5
[2022-12-14 15:04:28] [SEVERE ] removing card from slot 6
[2022-12-14 15:04:29] [SEVERE ] removing card from slot 7
[2022-12-14 15:04:29] [SEVERE ] removing card from slot 8
[2022-12-14 15:04:29] [SEVERE ] removing card from slot 9
[2022-12-14 15:04:29] [SEVERE ] removing card from slot 10
[2022-12-14 15:04:29] [SEVERE ] removing card from slot 11
[2022-12-14 15:04:29] [SEVERE ] placing card 75 in slot 0
[2022-12-14 15:04:29] [SEVERE ] placing card 52 in slot 1
[2022-12-14 15:04:29] [SEVERE ] placing card 46 in slot 2
[2022-12-14 15:04:29] [SEVERE ] placing card 14 in slot 3
[2022-12-14 15:04:29] [SEVERE ] placing card 65 in slot 4
[2022-12-14 15:04:30] [SEVERE ] placing card 63 in slot 5
[2022-12-14 15:04:30] [SEVERE ] placing card 25 in slot 6
[2022-12-14 15:04:30] [SEVERE ] placing card 61 in slot 7
[2022-12-14 15:04:30] [SEVERE ] placing card 2 in slot 8
[2022-12-14 15:04:30] [SEVERE ] placing card 18 in slot 9
[2022-12-14 15:04:30] [SEVERE ] placing card 21 in slot 10
[2022-12-14 15:04:30] [SEVERE ] placing card 71 in slot 11
[2022-12-14 15:04:33] [SEVERE ] Key 80 was pressed by player 1
[2022-12-14 15:04:33] [SEVERE ] removing player 1 token from slot 3
[2022-12-14 15:04:33] [SEVERE ] Key 76 was pressed by player 1
[2022-12-14 15:04:33] [SEVERE ] player 1 placing token on slot 6
[2022-12-14 15:04:34] [SEVERE ] Key 76 was pressed by player 1
[2022-12-14 15:04:34] [SEVERE ] removing player 1 token from slot 6
[2022-12-14 15:04:35] [SEVERE ] Key 59 was pressed by player 1
[2022-12-14 15:04:35] [SEVERE ] removing player 1 token from slot 7
[2022-12-14 15:04:36] [SEVERE ] Key 77 was pressed by player 1
[2022-12-14 15:04:36] [SEVERE ] player 1 placing token on slot 8
[2022-12-14 15:04:37] [SEVERE ] Key 77 was pressed by player 1
[2022-12-14 15:04:37] [SEVERE ] removing player 1 token from slot 8
[2022-12-14 15:04:40] [SEVERE ] Key 77 was pressed by player 1
[2022-12-14 15:04:40] [SEVERE ] player 1 placing token on slot 8
[2022-12-14 15:04:41] [SEVERE ] Key 44 was pressed by player 1
[2022-12-14 15:04:41] [SEVERE ] player 1 placing token on slot 9
[2022-12-14 15:04:41] [SEVERE ] Key 44 was pressed by player 1
[2022-12-14 15:04:41] [SEVERE ] removing player 1 token from slot 9
[2022-12-14 15:04:42] [SEVERE ] Key 46 was pressed by player 1
[2022-12-14 15:04:42] [SEVERE ] removing player 1 token from slot 10
[2022-12-14 15:04:45] [SEVERE ] Key 77 was pressed by player 1
[2022-12-14 15:04:45] [SEVERE ] removing player 1 token from slot 8
[2022-12-14 15:05:03] [SEVERE ] Key 81 was pressed by player 0
[2022-12-14 15:05:03] [SEVERE ] player 0 placing token on slot 0
[2022-12-14 15:05:04] [SEVERE ] Key 65 was pressed by player 0
[2022-12-14 15:05:04] [SEVERE ] player 0 placing token on slot 4
[2022-12-14 15:05:06] [SEVERE ] Key 70 was pressed by player 0
[2022-12-14 15:05:06] [SEVERE ] player 0 placing token on slot 7
[2022-12-14 15:05:06] [SEVERE ] removing player 0 token from slot 0
[2022-12-14 15:05:06] [SEVERE ] removing player 0 token from slot 4
[2022-12-14 15:05:06] [SEVERE ] removing player 0 token from slot 7
[2022-12-14 15:05:06] [SEVERE ] setting player 0 score to 7
[2022-12-14 15:05:07] [SEVERE ] placing card 8 in slot 0
[2022-12-14 15:05:07] [SEVERE ] placing card 29 in slot 4
[2022-12-14 15:05:07] [SEVERE ] placing card 43 in slot 7
