[2022-12-14 19:44:37] [INFO   ] cannot read configuration file config.properties trying from resources.
[2022-12-14 19:44:37] [INFO   ] configuration file was loaded from resources directory.
[2022-12-14 19:44:37] [INFO   ] Thread dealer starting.
[2022-12-14 19:44:37] [INFO   ] Thread 0starting.
[2022-12-14 19:44:37] [INFO   ] Thread 1starting.
[2022-12-14 19:44:37] [SEVERE ] placing card 73 in slot 0
[2022-12-14 19:44:38] [SEVERE ] placing card 53 in slot 1
[2022-12-14 19:44:38] [SEVERE ] placing card 1 in slot 2
[2022-12-14 19:44:38] [SEVERE ] placing card 6 in slot 3
[2022-12-14 19:44:38] [SEVERE ] placing card 3 in slot 4
[2022-12-14 19:44:38] [SEVERE ] placing card 22 in slot 5
[2022-12-14 19:44:38] [SEVERE ] placing card 19 in slot 6
[2022-12-14 19:44:38] [SEVERE ] placing card 52 in slot 7
[2022-12-14 19:44:38] [SEVERE ] placing card 77 in slot 8
[2022-12-14 19:44:38] [SEVERE ] placing card 78 in slot 9
[2022-12-14 19:44:39] [SEVERE ] placing card 25 in slot 10
[2022-12-14 19:44:39] [SEVERE ] placing card 37 in slot 11
[2022-12-14 19:44:52] [SEVERE ] Key 81 was pressed by player 0
[2022-12-14 19:44:52] [SEVERE ] player 0 placing token on slot 0
[2022-12-14 19:44:52] [SEVERE ] Key 80 was pressed by player 1
[2022-12-14 19:44:52] [SEVERE ] player 1 placing token on slot 3
[2022-12-14 19:44:54] [SEVERE ] Key 90 was pressed by player 0
[2022-12-14 19:44:54] [SEVERE ] player 0 placing token on slot 8
[2022-12-14 19:44:55] [SEVERE ] Key 77 was pressed by player 1
[2022-12-14 19:44:55] [SEVERE ] player 1 placing token on slot 8
[2022-12-14 19:44:58] [SEVERE ] Key 47 was pressed by player 1
[2022-12-14 19:44:58] [SEVERE ] player 1 placing token on slot 11
[2022-12-14 19:44:58] [SEVERE ] removing player 0 token from slot 8
[2022-12-14 19:44:58] [SEVERE ] removing player 1 token from slot 3
[2022-12-14 19:44:58] [SEVERE ] removing player 1 token from slot 8
[2022-12-14 19:44:58] [SEVERE ] removing player 1 token from slot 11
[2022-12-14 19:44:58] [SEVERE ] setting player 1 score to 1
[2022-12-14 19:44:58] [SEVERE ] Key 88 was pressed by player 0
[2022-12-14 19:44:58] [SEVERE ] player 0 placing token on slot 9
[2022-12-14 19:44:59] [SEVERE ] setting player 1 freeze to 1000
[2022-12-14 19:45:00] [SEVERE ] setting player 1 freeze to 35
[2022-12-14 19:45:01] [SEVERE ] setting player 1 freeze to 0
[2022-12-14 19:45:01] [SEVERE ] placing card 51 in slot 3
[2022-12-14 19:45:01] [SEVERE ] placing card 69 in slot 8
[2022-12-14 19:45:02] [SEVERE ] placing card 39 in slot 11
