[2022-12-13 19:35:17] [INFO   ] cannot read configuration file config.properties trying from resources.
[2022-12-13 19:35:17] [INFO   ] configuration file was loaded from resources directory.
[2022-12-13 19:35:18] [INFO   ] Thread dealer starting.
[2022-12-13 19:35:18] [INFO   ] Thread 0starting.
[2022-12-13 19:35:18] [INFO   ] Thread 1starting.
[2022-12-13 19:35:18] [SEVERE ] placing card 17 in slot 0
[2022-12-13 19:35:18] [SEVERE ] placing card 44 in slot 1
[2022-12-13 19:35:18] [SEVERE ] placing card 57 in slot 2
[2022-12-13 19:35:18] [SEVERE ] placing card 24 in slot 3
[2022-12-13 19:35:18] [SEVERE ] placing card 18 in slot 4
[2022-12-13 19:35:18] [SEVERE ] placing card 29 in slot 5
[2022-12-13 19:35:19] [SEVERE ] placing card 49 in slot 6
[2022-12-13 19:35:19] [SEVERE ] placing card 21 in slot 7
[2022-12-13 19:35:19] [SEVERE ] placing card 59 in slot 8
[2022-12-13 19:35:19] [SEVERE ] placing card 71 in slot 9
[2022-12-13 19:35:19] [SEVERE ] placing card 36 in slot 10
[2022-12-13 19:35:19] [SEVERE ] placing card 2 in slot 11
[2022-12-13 19:35:21] [SEVERE ] Key 81 was pressed by player 0
[2022-12-13 19:35:21] [SEVERE ] player 0 placing token on slot 0
[2022-12-13 19:35:21] [SEVERE ] Key 87 was pressed by player 0
[2022-12-13 19:35:21] [SEVERE ] player 0 placing token on slot 1
[2022-12-13 19:35:21] [SEVERE ] Key 69 was pressed by player 0
[2022-12-13 19:35:21] [SEVERE ] player 0 placing token on slot 2
