[2022-12-17 12:25:53] [INFO   ] cannot read configuration file config.properties trying from resources.
[2022-12-17 12:25:54] [INFO   ] configuration file was loaded from resources directory.
[2022-12-17 12:25:54] [INFO   ] Thread dealer starting.
[2022-12-17 12:25:54] [INFO   ] Thread 0starting.
[2022-12-17 12:25:54] [INFO   ] Thread 1starting.
[2022-12-17 12:25:54] [SEVERE ] placing card 42 in slot 0
[2022-12-17 12:25:54] [SEVERE ] placing card 61 in slot 1
[2022-12-17 12:25:54] [SEVERE ] placing card 70 in slot 2
[2022-12-17 12:25:55] [SEVERE ] placing card 9 in slot 3
[2022-12-17 12:25:55] [SEVERE ] placing card 72 in slot 4
[2022-12-17 12:25:55] [SEVERE ] placing card 29 in slot 5
[2022-12-17 12:25:55] [SEVERE ] placing card 22 in slot 6
[2022-12-17 12:25:55] [SEVERE ] placing card 12 in slot 7
[2022-12-17 12:25:55] [SEVERE ] placing card 38 in slot 8
[2022-12-17 12:25:55] [SEVERE ] placing card 76 in slot 9
[2022-12-17 12:25:55] [SEVERE ] placing card 60 in slot 10
[2022-12-17 12:25:55] [SEVERE ] placing card 48 in slot 11
[2022-12-17 12:26:05] [SEVERE ] Key 68 was pressed by player 0
[2022-12-17 12:26:05] [SEVERE ] player 0 placing token on slot 6
[2022-12-17 12:26:07] [SEVERE ] Key 90 was pressed by player 0
[2022-12-17 12:26:07] [SEVERE ] player 0 placing token on slot 8
[2022-12-17 12:26:14] [SEVERE ] Key 79 was pressed by player 1
[2022-12-17 12:26:14] [SEVERE ] player 1 placing token on slot 2
[2022-12-17 12:26:16] [SEVERE ] Key 77 was pressed by player 1
[2022-12-17 12:26:16] [SEVERE ] player 1 placing token on slot 8
[2022-12-17 12:26:28] [SEVERE ] Key 67 was pressed by player 0
[2022-12-17 12:26:28] [SEVERE ] player 0 placing token on slot 10
[2022-12-17 12:26:28] [SEVERE ] setting player 0 score to 1
[2022-12-17 12:26:28] [SEVERE ] Key 59 was pressed by player 1
[2022-12-17 12:26:28] [SEVERE ] player 1 placing token on slot 7
[2022-12-17 12:26:28] [SEVERE ] setting player 0 freeze to 1000
[2022-12-17 12:26:29] [SEVERE ] setting player 0 freeze to 46
[2022-12-17 12:26:30] [SEVERE ] setting player 0 freeze to 0
[2022-12-17 12:26:30] [SEVERE ] removing player 0 token from slot 6
[2022-12-17 12:26:30] [SEVERE ] removing player 0 token from slot 8
[2022-12-17 12:26:30] [SEVERE ] removing player 0 token from slot 10
[2022-12-17 12:26:30] [SEVERE ] removing player 1 token from slot 8
[2022-12-17 12:26:30] [INFO   ] Thread main terminated.
