[2022-12-14 16:43:38] [INFO   ] cannot read configuration file config.properties trying from resources.
[2022-12-14 16:43:38] [INFO   ] configuration file was loaded from resources directory.
[2022-12-14 16:43:39] [INFO   ] Thread dealer starting.
[2022-12-14 16:43:39] [INFO   ] Thread 0starting.
[2022-12-14 16:43:39] [INFO   ] Thread 1starting.
[2022-12-14 16:43:39] [SEVERE ] placing card 27 in slot 0
[2022-12-14 16:43:39] [SEVERE ] placing card 65 in slot 1
[2022-12-14 16:43:39] [SEVERE ] placing card 10 in slot 2
[2022-12-14 16:43:39] [SEVERE ] placing card 71 in slot 3
[2022-12-14 16:43:39] [SEVERE ] placing card 58 in slot 4
[2022-12-14 16:43:39] [SEVERE ] placing card 37 in slot 5
[2022-12-14 16:43:40] [SEVERE ] placing card 56 in slot 6
[2022-12-14 16:43:40] [SEVERE ] placing card 77 in slot 7
[2022-12-14 16:43:40] [SEVERE ] placing card 11 in slot 8
[2022-12-14 16:43:40] [SEVERE ] placing card 8 in slot 9
[2022-12-14 16:43:40] [SEVERE ] placing card 14 in slot 10
[2022-12-14 16:43:40] [SEVERE ] placing card 36 in slot 11
[2022-12-14 16:43:44] [SEVERE ] Key 80 was pressed by player 1
[2022-12-14 16:43:44] [SEVERE ] player 1 placing token on slot 3
[2022-12-14 16:43:44] [SEVERE ] Key 76 was pressed by player 1
[2022-12-14 16:43:44] [SEVERE ] player 1 placing token on slot 6
[2022-12-14 16:43:45] [SEVERE ] Key 44 was pressed by player 1
[2022-12-14 16:43:45] [SEVERE ] player 1 placing token on slot 9
[2022-12-14 16:43:45] [SEVERE ] setting player 1 freeze to 3000
[2022-12-14 16:43:46] [SEVERE ] setting player 1 freeze to 2035
[2022-12-14 16:43:47] [SEVERE ] setting player 1 freeze to 1077
[2022-12-14 16:43:48] [SEVERE ] setting player 1 freeze to 117
[2022-12-14 16:43:49] [SEVERE ] setting player 1 freeze to 0
