[2022-12-17 12:19:23] [INFO   ] cannot read configuration file config.properties trying from resources.
[2022-12-17 12:19:23] [INFO   ] configuration file was loaded from resources directory.
[2022-12-17 12:19:24] [INFO   ] Thread dealer starting.
[2022-12-17 12:19:24] [INFO   ] Thread 1starting.
[2022-12-17 12:19:24] [INFO   ] Thread 0starting.
[2022-12-17 12:19:24] [SEVERE ] placing card 11 in slot 0
[2022-12-17 12:19:25] [SEVERE ] placing card 51 in slot 1
[2022-12-17 12:19:25] [SEVERE ] placing card 64 in slot 2
[2022-12-17 12:19:25] [SEVERE ] placing card 29 in slot 3
[2022-12-17 12:19:25] [SEVERE ] placing card 56 in slot 4
[2022-12-17 12:19:25] [SEVERE ] placing card 65 in slot 5
[2022-12-17 12:19:25] [SEVERE ] placing card 13 in slot 6
[2022-12-17 12:19:25] [SEVERE ] placing card 32 in slot 7
[2022-12-17 12:19:25] [SEVERE ] placing card 12 in slot 8
[2022-12-17 12:19:25] [SEVERE ] placing card 68 in slot 9
[2022-12-17 12:19:26] [SEVERE ] placing card 55 in slot 10
[2022-12-17 12:19:26] [SEVERE ] placing card 4 in slot 11
[2022-12-17 12:19:31] [SEVERE ] Key 87 was pressed by player 0
[2022-12-17 12:19:31] [SEVERE ] player 0 placing token on slot 1
[2022-12-17 12:19:32] [SEVERE ] Key 65 was pressed by player 0
[2022-12-17 12:19:32] [SEVERE ] player 0 placing token on slot 4
[2022-12-17 12:19:33] [SEVERE ] Key 68 was pressed by player 0
[2022-12-17 12:19:33] [SEVERE ] player 0 placing token on slot 6
[2022-12-17 12:19:33] [SEVERE ] setting player 0 score to 1
[2022-12-17 12:19:34] [SEVERE ] setting player 0 freeze to 1000
[2022-12-17 12:19:35] [SEVERE ] setting player 0 freeze to 37
[2022-12-17 12:19:36] [SEVERE ] setting player 0 freeze to 0
[2022-12-17 12:19:36] [SEVERE ] removing player 0 token from slot 1
[2022-12-17 12:19:36] [SEVERE ] removing player 0 token from slot 4
[2022-12-17 12:19:36] [SEVERE ] removing player 0 token from slot 6
[2022-12-17 12:19:36] [SEVERE ] placing card 79 in slot 1
[2022-12-17 12:19:37] [SEVERE ] placing card 17 in slot 4
[2022-12-17 12:19:37] [SEVERE ] placing card 54 in slot 6
[2022-12-17 12:19:40] [SEVERE ] Key 87 was pressed by player 0
[2022-12-17 12:19:40] [SEVERE ] player 0 placing token on slot 1
[2022-12-17 12:19:42] [SEVERE ] Key 68 was pressed by player 0
[2022-12-17 12:19:42] [SEVERE ] player 0 placing token on slot 6
[2022-12-17 12:19:44] [SEVERE ] Key 88 was pressed by player 0
[2022-12-17 12:19:44] [SEVERE ] player 0 placing token on slot 9
[2022-12-17 12:19:44] [SEVERE ] setting player 0 score to 3
[2022-12-17 12:19:46] [SEVERE ] setting player 0 freeze to 1000
[2022-12-17 12:19:46] [SEVERE ] setting player 0 freeze to 37
[2022-12-17 12:19:47] [SEVERE ] setting player 0 freeze to 0
[2022-12-17 12:19:47] [SEVERE ] removing player 0 token from slot 1
[2022-12-17 12:19:47] [SEVERE ] removing player 0 token from slot 6
[2022-12-17 12:19:47] [SEVERE ] removing player 0 token from slot 9
[2022-12-17 12:19:48] [SEVERE ] placing card 21 in slot 1
[2022-12-17 12:19:48] [SEVERE ] placing card 18 in slot 6
[2022-12-17 12:19:48] [SEVERE ] placing card 1 in slot 9
