[2022-12-17 21:39:32] [INFO   ] cannot read configuration file config.properties trying from resources.
[2022-12-17 21:39:33] [INFO   ] configuration file was loaded from resources directory.
[2022-12-17 21:39:33] [INFO   ] Thread dealer starting.
[2022-12-17 21:39:33] [INFO   ] Thread 1starting.
[2022-12-17 21:39:33] [INFO   ] Thread 0starting.
[2022-12-17 21:39:33] [SEVERE ] placing card 78 in slot 0
[2022-12-17 21:39:33] [SEVERE ] placing card 27 in slot 1
[2022-12-17 21:39:33] [SEVERE ] placing card 39 in slot 2
[2022-12-17 21:39:34] [SEVERE ] placing card 79 in slot 3
[2022-12-17 21:39:34] [SEVERE ] placing card 65 in slot 4
[2022-12-17 21:39:34] [SEVERE ] placing card 73 in slot 5
[2022-12-17 21:39:34] [SEVERE ] placing card 51 in slot 6
[2022-12-17 21:39:34] [SEVERE ] placing card 25 in slot 7
[2022-12-17 21:39:34] [SEVERE ] placing card 49 in slot 8
[2022-12-17 21:39:34] [SEVERE ] placing card 66 in slot 9
[2022-12-17 21:39:34] [SEVERE ] placing card 26 in slot 10
[2022-12-17 21:39:34] [SEVERE ] placing card 32 in slot 11
[2022-12-17 21:39:35] [SEVERE ] Key 81 was pressed by player 0
[2022-12-17 21:39:35] [SEVERE ] player 0 placing token on slot 0
[2022-12-17 21:39:35] [SEVERE ] Key 87 was pressed by player 0
[2022-12-17 21:39:35] [SEVERE ] player 0 placing token on slot 1
[2022-12-17 21:39:35] [SEVERE ] Key 69 was pressed by player 0
[2022-12-17 21:39:35] [SEVERE ] player 0 placing token on slot 2
[2022-12-17 21:39:36] [SEVERE ] Key 69 was pressed by player 0
[2022-12-17 21:39:36] [SEVERE ] removing player 0 token from slot 2
[2022-12-17 21:39:37] [SEVERE ] Key 69 was pressed by player 0
[2022-12-17 21:39:37] [SEVERE ] player 0 placing token on slot 2
[2022-12-17 21:39:37] [SEVERE ] setting player 0 freeze to 3000
[2022-12-17 21:39:38] [SEVERE ] setting player 0 freeze to 2047
[2022-12-17 21:39:39] [SEVERE ] setting player 0 freeze to 1094
[2022-12-17 21:39:40] [SEVERE ] setting player 0 freeze to 129
[2022-12-17 21:39:41] [SEVERE ] setting player 0 freeze to 0
